1341044514.281651	[put]
1341044514.481793	[TX]
1341044514.602219	[RX]
1341044519.409790	[RETRANSMIT_data]
1341044519.609915	[TX]
1341044519.734015	[RX]
1341044520.097215	[TX]
1341044520.565749	[RX]
1341044520.841466	[TX]
1341044520.950992	[RX]
1341044525.769436	[RETRANSMIT_data]
1341044525.969598	[TX]
1341044526.076314	[RX]
1341044526.841444	[TX]
1341044526.953452	[RX]
1341044530.769373	[RETRANSMIT_data]
1341044530.969569	[TX]
1341044531.085837	[RX]
1341044531.969565	[TX]
1341044532.083579	[RX]
1341044534.897549	[RETRANSMIT_data]
1341044535.097727	[TX]
1341044535.208963	[RX]
1341044536.098212	[TX]
1341044536.204652	[RX]
1341044536.400350	[TRANSMISSION COMPLETE: Closing in 10 seconds]
1341044536.400664	[exit]
1341044611.569240	[put]
1341044611.769537	[TX]
1341044611.888264	[RX]
1341044617.697524	[RETRANSMIT_data]
1341044617.897682	[TX]
1341044618.015661	[RX]
1341044622.825598	[RETRANSMIT_data]
1341044623.025736	[TX]
1341044623.139938	[RX]
1341044627.953864	[RETRANSMIT_data]
1341044628.154022	[TX]
1341044628.281513	[RX]
1341044633.081989	[RETRANSMIT_data]
1341044633.282172	[TX]
1341044633.407709	[RX]
1341044637.210076	[RETRANSMIT_data]
1341044637.410250	[TX]
1341044637.530170	[RX]
1341044640.338174	[RETRANSMIT_data]
1341044640.538353	[TX]
1341044640.666651	[RX]
1341044641.025869	[TX]
1341044641.502062	[RX]
1341044641.769901	[TX]
1341044641.887236	[RX]
1341044642.069083	[TRANSMISSION COMPLETE: Closing in 10 seconds]
1341044642.069366	[exit]
1341044678.952690	[put]
1341044679.152860	[TX]
1341044679.278853	[RX]
1341044679.642054	[TX]
1341044680.119415	[RX]
1341044680.386096	[TX]
1341044680.497149	[RX]
1341044680.685404	[TRANSMISSION COMPLETE: Closing in 10 seconds]
1341044680.685731	[exit]
1341044691.416733	[put]
1341044691.616872	[TX]
1341044691.736498	[RX]
1341044692.106442	[TX]
1341044692.582358	[RX]
1341044692.850610	[TX]
1341044692.963269	[RX]
1341044693.152829	[TRANSMISSION COMPLETE: Closing in 10 seconds]
1341044693.153205	[exit]
1341044701.328788	[put]
1341044701.528935	[TX]
1341044701.648005	[RX]
1341044702.018713	[TX]
1341044702.503536	[RX]
1341044702.762819	[TX]
1341044702.876164	[RX]
1341044703.065126	[TRANSMISSION COMPLETE: Closing in 10 seconds]
1341044703.065434	[exit]
1341044706.208920	[put]
1341044706.409199	[TX]
1341044706.531182	[RX]
1341044706.898143	[TX]
1341044707.373781	[RX]
1341044707.642205	[TX]
1341044707.748453	[RX]
1341044707.941385	[TRANSMISSION COMPLETE: Closing in 10 seconds]
1341044707.941693	[exit]
1341044713.256559	[put]
1341044713.456835	[TX]
1341044713.576472	[RX]
1341044713.946328	[TX]
1341044714.420663	[RX]
1341044714.690637	[TX]
1341044714.797709	[RX]
1341044714.993628	[TRANSMISSION COMPLETE: Closing in 10 seconds]
1341044714.993854	[exit]
1341044730.568739	[put]
1341044730.769017	[TX]
1341044730.890258	[RX]
1341044731.259253	[TX]
1341044731.741405	[RX]
1341044732.002149	[TX]
1341044732.479710	[RX]
1341044732.746174	[TX]
1341044733.217141	[RX]
1341044733.490325	[TX]
1341044733.961098	[RX]
1341044734.234299	[TX]
1341044734.709846	[RX]
1341044734.978498	[TX]
1341044735.463036	[RX]
1341044735.722435	[TX]
1341044736.192016	[RX]
1341044736.466521	[TX]
1341044736.940324	[RX]
1341044737.210595	[TX]
1341044737.685737	[RX]
1341044737.954840	[TX]
1341044738.432405	[RX]
1341044738.698893	[TX]
1341044739.182366	[RX]
1341044739.442966	[TX]
1341044739.922224	[RX]
1341044740.187125	[TX]
1341044740.666800	[RX]
1341044740.931072	[TX]
1341044741.409056	[RX]
1341044741.674219	[TX]
1341044742.154642	[RX]
1341044742.418177	[TX]
1341044742.894524	[RX]
1341044743.162461	[TX]
1341044743.282874	[RX]
1341044743.461559	[TRANSMISSION COMPLETE: Closing in 10 seconds]
1341044743.461754	[exit]
1341044761.439728	[put]
1341044761.639907	[TX]
1341044761.759973	[RX]
1341044762.127009	[TX]
1341044762.602260	[RX]
1341044762.871166	[TX]
1341044763.353798	[RX]
1341044763.615276	[TX]
1341044764.091269	[RX]
1341044764.358381	[TX]
1341044764.832695	[RX]
1341044765.102518	[TX]
1341044765.584807	[RX]
1341044765.846622	[TX]
1341044766.330048	[RX]
1341044766.590801	[TX]
1341044767.071789	[RX]
1341044767.335007	[TX]
1341044767.806414	[RX]
1341044768.079277	[TX]
1341044768.555542	[RX]
1341044768.822359	[TX]
1341044769.295383	[RX]
1341044769.566378	[TX]
1341044770.043380	[RX]
1341044770.310502	[TX]
1341044770.781322	[RX]
1341044771.054779	[TX]
1341044771.529568	[RX]
1341044771.798941	[TX]
1341044772.275009	[RX]
1341044772.543190	[TX]
1341044773.020203	[RX]
1341044773.286311	[TX]
1341044773.769001	[RX]
1341044774.030456	[TX]
1341044774.148296	[RX]
1341044774.329654	[TRANSMISSION COMPLETE: Closing in 10 seconds]
1341044774.329914	[exit]
1341044785.295805	[put]
1341044785.495999	[TX]
1341044785.622852	[RX]
1341044785.982856	[TX]
1341044786.463159	[RX]
1341044786.726773	[TX]
1341044787.199720	[RX]
1341044787.471029	[TX]
1341044787.942213	[RX]
1341044788.215181	[TX]
1341044788.691629	[RX]
1341044788.959387	[TX]
1341044789.434966	[RX]
1341044789.702510	[TX]
1341044790.180744	[RX]
1341044790.446751	[TX]
1341044790.924114	[RX]
1341044791.190867	[TX]
1341044791.669114	[RX]
1341044791.934937	[TX]
1341044792.419074	[RX]
1341044792.679256	[TX]
1341044793.150604	[RX]
1341044793.423355	[TX]
1341044793.897353	[RX]
1341044794.166432	[TX]
1341044794.637340	[RX]
1341044794.910689	[TX]
1341044795.384085	[RX]
1341044795.654850	[TX]
1341044796.129153	[RX]
1341044796.398739	[TX]
1341044796.874758	[RX]
1341044797.143055	[TX]
1341044797.623861	[RX]
1341044797.887075	[TX]
1341044797.993323	[RX]
1341044798.189350	[TRANSMISSION COMPLETE: Closing in 10 seconds]
1341044798.189607	[exit]
1341044806.934870	[put]
1341044807.135151	[TX]
1341044807.257630	[RX]
1341044807.622703	[TX]
1341044808.096781	[RX]
1341044808.366706	[TX]
1341044808.835610	[RX]
1341044809.110985	[TX]
1341044809.588745	[RX]
1341044809.855063	[TX]
1341044810.333554	[RX]
1341044810.599338	[TX]
1341044811.083471	[RX]
1341044811.343445	[TX]
1341044811.819594	[RX]
1341044812.086559	[TX]
1341044812.559973	[RX]
1341044812.830802	[TX]
1341044813.301261	[RX]
1341044813.574974	[TX]
1341044814.055779	[RX]
1341044814.318969	[TX]
1341044814.797890	[RX]
1341044815.063240	[TX]
1341044815.539007	[RX]
1341044815.807403	[TX]
1341044816.279802	[RX]
1341044816.550454	[TX]
1341044817.028176	[RX]
1341044817.294755	[TX]
1341044817.772838	[RX]
1341044818.038973	[TX]
1341044818.507880	[RX]
1341044818.783062	[TX]
1341044819.259347	[RX]
1341044819.527123	[TX]
1341044819.637046	[RX]
1341044819.826235	[TRANSMISSION COMPLETE: Closing in 10 seconds]
1341044819.826484	[exit]
1341044828.334918	[put]
1341044828.535247	[TX]
1341044828.662384	[RX]
1341044829.023330	[TX]
1341044829.494963	[RX]
1341044829.767562	[TX]
1341044830.245581	[RX]
1341044830.510695	[TX]
1341044830.984573	[RX]
1341044831.254930	[TX]
1341044831.730960	[RX]
1341044831.999069	[TX]
1341044832.474947	[RX]
1341044832.743070	[TX]
1341044833.218565	[RX]
1341044833.487352	[TX]
1341044833.963675	[RX]
1341044834.230671	[TX]
1341044834.699787	[RX]
1341044834.974909	[TX]
1341044835.449163	[RX]
1341044835.719002	[TX]
1341044836.197620	[RX]
1341044836.463252	[TX]
1341044836.938339	[RX]
1341044837.207516	[TX]
1341044837.685865	[RX]
1341044837.951472	[TX]
1341044838.429539	[RX]
1341044838.695559	[TX]
1341044839.170123	[RX]
1341044839.439541	[TX]
1341044839.913933	[RX]
1341044840.182889	[TX]
1341044840.659264	[RX]
1341044840.927177	[TX]
1341044841.044104	[RX]
1341044841.230247	[TRANSMISSION COMPLETE: Closing in 10 seconds]
1341044841.230518	[exit]
1341044850.559120	[put]
1341044850.759406	[TX]
1341044850.886600	[RX]
1341044851.247418	[TX]
1341044851.730054	[RX]
1341044851.991559	[TX]
1341044852.472294	[RX]
1341044852.735686	[TX]
1341044853.217915	[RX]
1341044853.478756	[TX]
1341044853.948376	[RX]
1341044854.222870	[TX]
1341044854.698032	[RX]
1341044854.967038	[TX]
1341044855.441853	[RX]
1341044855.711352	[TX]
1341044856.187684	[RX]
1341044856.455372	[TX]
1341044856.937641	[RX]
1341044857.199374	[TX]
1341044857.683381	[RX]
1341044857.943540	[TX]
1341044858.421256	[RX]
1341044858.687695	[TX]
1341044859.166565	[RX]
1341044859.431706	[TX]
1341044859.909731	[RX]
1341044860.175015	[TX]
1341044860.652695	[RX]
1341044860.919115	[TX]
1341044861.395663	[RX]
1341044861.663160	[TX]
1341044862.136944	[RX]
1341044862.407107	[TX]
1341044862.882675	[RX]
1341044863.151298	[TX]
1341044863.261210	[RX]
1341044863.450575	[TRANSMISSION COMPLETE: Closing in 10 seconds]
1341044863.450898	[exit]
1341045103.934666	[put]
1341045104.335025	[TX]
1341045104.475353	[RX]
1341045105.294480	[TX]
1341045106.225717	[RX]
1341045106.765962	[TX]
1341045106.881271	[RX]
1341045107.347341	[TRANSMISSION COMPLETE: Closing in 10 seconds]
1341045107.347805	[exit]
1341045121.966387	[put]
1341045122.366727	[TX]
1341045122.500018	[RX]
1341045123.326438	[TX]
1341045124.288770	[RX]
1341045124.798717	[TX]
1341045124.928577	[RX]
1341045125.383830	[TRANSMISSION COMPLETE: Closing in 10 seconds]
1341045125.384218	[exit]
1341045132.654358	[put]
1341045133.054757	[TX]
1341045133.199953	[RX]
1341045134.014774	[TX]
1341045134.964621	[RX]
1341045135.486100	[TX]
1341045135.601912	[RX]
1341045136.067386	[TRANSMISSION COMPLETE: Closing in 10 seconds]
1341045136.067838	[exit]
1341045141.421514	[put]
1341045141.821900	[TX]
1341045141.955625	[RX]
1341045142.778641	[TX]
1341045143.741192	[RX]
1341045144.249960	[TX]
1341045144.362052	[RX]
1341045144.831450	[TRANSMISSION COMPLETE: Closing in 10 seconds]
1341045144.831899	[exit]
1341045149.653983	[put]
1341045150.054335	[TX]
1341045150.192821	[RX]
1341045151.014110	[TX]
1341045151.963024	[RX]
1341045152.482465	[TX]
1341045152.600456	[RX]
1341045153.063776	[TRANSMISSION COMPLETE: Closing in 10 seconds]
1341045153.064256	[exit]
1341045165.389619	[put]
1341045165.789925	[TX]
1341045165.934816	[RX]
1341045166.752501	[TX]
1341045167.704387	[RX]
1341045168.222693	[TX]
1341045169.183504	[RX]
1341045169.693919	[TX]
1341045170.630882	[RX]
1341045171.161950	[TX]
1341045172.100916	[RX]
1341045172.634203	[TX]
1341045173.574925	[RX]
1341045174.106459	[TX]
1341045175.053304	[RX]
1341045175.578494	[TX]
1341045176.510905	[RX]
1341045177.049908	[TX]
1341045177.984772	[RX]
1341045178.518074	[TX]
1341045179.466059	[RX]
1341045179.990405	[TX]
1341045180.932709	[RX]
1341045181.462463	[TX]
1341045182.401400	[RX]
1341045182.930633	[TX]
1341045183.872827	[RX]
1341045184.402755	[TX]
1341045185.349446	[RX]
1341045185.874171	[TX]
1341045186.830213	[RX]
1341045187.342202	[TX]
1341045188.275901	[RX]
1341045188.814379	[TX]
1341045189.758778	[RX]
1341045190.286751	[TX]
1341045190.392740	[RX]
1341045190.868099	[TRANSMISSION COMPLETE: Closing in 10 seconds]
1341045190.868695	[exit]
1341045197.773740	[put]
1341045198.174026	[TX]
1341045198.313037	[RX]
1341045199.130465	[TX]
1341045200.068652	[RX]
1341045200.602573	[TX]
1341045201.545829	[RX]
1341045202.075009	[TX]
1341045203.036243	[RX]
1341045203.546380	[TX]
1341045204.480887	[RX]
1341045205.018691	[TX]
1341045205.970125	[RX]
1341045206.490942	[TX]
1341045207.440262	[RX]
1341045207.962292	[TX]
1341045208.906088	[RX]
1341045209.434776	[TX]
1341045210.379949	[RX]
1341045210.906254	[TX]
1341045211.870067	[RX]
1341045212.374787	[TX]
1341045213.319565	[RX]
1341045213.846949	[TX]
1341045214.801801	[RX]
1341045215.318517	[TX]
1341045216.280508	[RX]
1341045216.790629	[TX]
1341045217.728630	[RX]
1341045218.258246	[TX]
1341045219.195388	[RX]
1341045219.730496	[TX]
1341045220.676855	[RX]
1341045221.202849	[TX]
1341045222.158961	[RX]
1341045222.674345	[TX]
1341045222.792786	[RX]
1341045223.256980	[TRANSMISSION COMPLETE: Closing in 10 seconds]
1341045223.257462	[exit]
1341045231.173514	[put]
1341045231.573811	[TX]
1341045231.718982	[RX]
1341045232.530873	[TX]
1341045233.474611	[RX]
1341045234.003073	[TX]
1341045234.935231	[RX]
1341045235.474492	[TX]
1341045236.418757	[RX]
1341045236.947009	[TX]
1341045237.896851	[RX]
1341045238.419134	[TX]
1341045239.352077	[RX]
1341045239.890307	[TX]
1341045240.838191	[RX]
1341045241.358987	[TX]
1341045242.308440	[RX]
1341045242.830223	[TX]
1341045243.779212	[RX]
1341045244.299002	[TX]
1341045245.248729	[RX]
1341045245.771235	[TX]
1341045246.709676	[RX]
1341045247.242636	[TX]
1341045248.197365	[RX]
1341045248.710901	[TX]
1341045249.669727	[RX]
1341045250.182410	[TX]
1341045251.128253	[RX]
1341045251.650860	[TX]
1341045252.583310	[RX]
1341045253.123242	[TX]
1341045254.086303	[RX]
1341045254.594328	[TX]
1341045255.547802	[RX]
1341045256.067054	[TX]
1341045256.180431	[RX]
1341045256.648383	[TRANSMISSION COMPLETE: Closing in 10 seconds]
1341045256.648967	[exit]
1341045262.044183	[put]
1341045262.444490	[TX]
1341045262.590681	[RX]
1341045263.402538	[TX]
1341045264.362445	[RX]
1341045264.874670	[TX]
1341045265.821020	[RX]
1341045266.342960	[TX]
1341045267.276875	[RX]
1341045267.814360	[TX]
1341045268.760486	[RX]
1341045269.282986	[TX]
1341045270.232374	[RX]
1341045270.755273	[TX]
1341045271.699965	[RX]
1341045272.226894	[TX]
1341045272.644498	[RX]
1341045276.954863	[RETRANSMIT_data]
1341045277.355053	[TX]
1341045278.306582	[RX]
1341045281.354844	[TX]
1341045282.288283	[RX]
1341045282.823122	[TX]
1341045283.768004	[RX]
1341045284.294722	[TX]
1341045285.249169	[RX]
1341045285.767046	[TX]
1341045286.705602	[RX]
1341045287.239439	[TX]
1341045288.188180	[RX]
1341045288.710553	[TX]
1341045289.660845	[RX]
1341045290.178992	[TX]
1341045291.127776	[RX]
1341045291.651188	[TX]
1341045292.602040	[RX]
1341045293.123405	[TX]
1341045294.072202	[RX]
1341045294.594883	[TX]
1341045295.544442	[RX]
1341045296.067294	[TX]
1341045296.173655	[RX]
1341045296.652595	[TRANSMISSION COMPLETE: Closing in 10 seconds]
1341045296.653003	[exit]
1341045303.512806	[put]
1341045303.912950	[TX]
1341045304.056901	[RX]
1341045304.871569	[TX]
1341045305.807353	[RX]
1341045306.342885	[TX]
1341045307.290713	[RX]
1341045307.811229	[TX]
1341045308.748052	[RX]
1341045309.282739	[TX]
1341045310.223408	[RX]
1341045310.750861	[TX]
1341045311.696013	[RX]
1341045312.219493	[TX]
1341045313.164159	[RX]
1341045313.691033	[TX]
1341045314.633384	[RX]
1341045315.163450	[TX]
1341045316.112308	[RX]
1341045316.635537	[TX]
1341045317.596550	[RX]
1341045318.106901	[TX]
1341045319.055354	[RX]
1341045319.579172	[TX]
1341045320.528295	[RX]
1341045321.051482	[TX]
1341045321.983961	[RX]
1341045322.522875	[TX]
1341045323.464198	[RX]
1341045323.995235	[TX]
1341045324.934966	[RX]
1341045325.467559	[TX]
1341045326.412819	[RX]
1341045326.938565	[TX]
1341045327.878606	[RX]
1341045328.406973	[TX]
1341045328.524488	[RX]
1341045328.989300	[TRANSMISSION COMPLETE: Closing in 10 seconds]
1341045328.989618	[exit]
1341045348.692494	[put]
1341045349.092799	[TX]
1341045349.235088	[RX]
1341045350.051155	[TX]
1341045350.990152	[RX]
1341045351.523307	[TX]
1341045352.462050	[RX]
1341045352.995716	[TX]
1341045353.934737	[RX]
1341045354.467118	[TX]
1341045355.404486	[RX]
1341045355.939449	[TX]
1341045356.878625	[RX]
1341045357.411728	[TX]
1341045358.347094	[RX]
1341045358.880091	[TX]
1341045359.818596	[RX]
1341045360.351362	[TX]
1341045361.302999	[RX]
1341045361.819852	[TX]
1341045362.764537	[RX]
1341045363.291054	[TX]
1341045364.239439	[RX]
1341045364.759473	[TX]
1341045365.706332	[RX]
1341045366.231027	[TX]
1341045367.186001	[RX]
1341045367.702518	[TX]
1341045368.637061	[RX]
1341045369.171952	[TX]
1341045370.114008	[RX]
1341045370.643193	[TX]
1341045371.587523	[RX]
1341045372.115352	[TX]
1341045373.065246	[RX]
1341045373.583670	[TX]
1341045373.705213	[RX]
1341045374.165009	[TRANSMISSION COMPLETE: Closing in 10 seconds]
1341045374.165491	[exit]
1341054261.413528	[put]
1341054261.835836	[TX]
1341054261.969091	[RX]
1341054262.793168	[TX]
1341054263.726935	[RX]
1341054264.264709	[TX]
1341054264.395670	[RX]
1341054264.846402	[TRANSMISSION COMPLETE: Closing in 10 seconds]
1341054264.846729	[exit]
1341054282.275870	[put]
1341054282.676196	[TX]
1341054282.810533	[RX]
1341054286.404174	[RETRANSMIT_data]
1341054286.804351	[TX]
1341054286.942128	[RX]
1341054287.761140	[TX]
1341054288.708616	[RX]
1341054289.232656	[TX]
1341054289.363513	[RX]
1341054289.814374	[TRANSMISSION COMPLETE: Closing in 10 seconds]
1341054289.814863	[exit]
1341054302.555633	[put]
1341054302.955944	[TX]
1341054303.089647	[RX]
1341054303.913300	[TX]
1341054304.876628	[RX]
1341054308.641301	[RETRANSMIT_data]
1341054309.041494	[TX]
1341054309.993671	[RX]
1341054310.512873	[TX]
1341054310.618962	[RX]
1341054311.095302	[TRANSMISSION COMPLETE: Closing in 10 seconds]
1341054311.095731	[exit]
1341054321.345235	[put]
1341054321.745602	[TX]
1341054321.889001	[RX]
1341054322.705118	[TX]
1341054323.655645	[RX]
1341054324.177576	[TX]
1341054324.283614	[RX]
1341054324.759021	[TRANSMISSION COMPLETE: Closing in 10 seconds]
1341054324.759650	[exit]
1341054340.763318	[put]
1341054341.163662	[TX]
1341054341.306681	[RX]
1341054342.121425	[TX]
1341054343.053611	[RX]
1341054343.593035	[TX]
1341054343.723366	[RX]
1341054344.174539	[TRANSMISSION COMPLETE: Closing in 10 seconds]
1341054344.174990	[exit]
1341054352.299294	[put]
1341054352.699615	[TX]
1341054352.844845	[RX]
1341054353.657826	[TX]
1341054354.619702	[RX]
1341054357.385831	[RETRANSMIT_data]
1341054357.786026	[TX]
1341054358.730858	[RX]
1341054360.513947	[RETRANSMIT_data]
1341054360.914114	[TX]
1341054361.870652	[RX]
1341054362.385273	[TX]
1341054362.499109	[RX]
1341054362.966789	[TRANSMISSION COMPLETE: Closing in 10 seconds]
1341054362.967232	[exit]
1341054384.826681	[put]
1341054385.226952	[TX]
1341054385.366390	[RX]
1341054386.185900	[TX]
1341054387.122853	[RX]
1341054389.913911	[RETRANSMIT_data]
1341054390.314135	[TX]
1341054391.277534	[RX]
1341054394.042012	[RETRANSMIT_data]
1341054394.442237	[TX]
1341054395.388784	[RX]
1341054395.913668	[TX]
1341054396.019770	[RX]
1341054398.641708	[RETRANSMIT_data]
1341054399.041876	[TX]
1341054399.155757	[RX]
1341054399.623446	[TRANSMISSION COMPLETE: Closing in 10 seconds]
1341054399.623862	[exit]
1341054410.178648	[put]
1341054410.578990	[TX]
1341054410.730673	[RX]
1341054411.537933	[TX]
1341054412.472288	[RX]
1341054416.265976	[RETRANSMIT_data]
1341054416.666173	[TX]
1341054417.619140	[RX]
1341054421.394087	[RETRANSMIT_data]
1341054421.794271	[TX]
1341054422.742654	[RX]
1341054423.266054	[TX]
1341054423.372190	[RX]
1341054423.847715	[TRANSMISSION COMPLETE: Closing in 10 seconds]
1341054423.848191	[exit]
1341054429.106641	[put]
1341054429.506894	[TX]
1341054429.649801	[RX]
1341054430.466329	[TX]
1341054431.426015	[RX]
1341054435.194297	[RETRANSMIT_data]
1341054435.594477	[TX]
1341054436.526520	[RX]
1341054440.322415	[RETRANSMIT_data]
1341054440.722614	[TX]
1341054441.662232	[RX]
1341054443.450511	[RETRANSMIT_data]
1341054443.850678	[TX]
1341054444.792933	[RX]
1341054446.578653	[RETRANSMIT_data]
1341054446.978837	[TX]
1341054447.922233	[RX]
1341054451.706757	[RETRANSMIT_data]
1341054452.106906	[TX]
1341054453.051138	[RX]
1341054455.834853	[RETRANSMIT_data]
1341054456.235020	[TX]
1341054457.198486	[RX]
1341054460.962926	[RETRANSMIT_data]
1341054461.363121	[TX]
1341054462.322452	[RX]
1341054465.091059	[RETRANSMIT_data]
1341054465.491249	[TX]
1341054466.440083	[RX]
1341054468.219192	[RETRANSMIT_data]
1341054468.619381	[TX]
1341054469.577676	[RX]
1341054471.347612	[exit]
1341054490.737909	[put]
1341054491.138261	[TX]
1341054491.279065	[RX]
1341054494.866209	[RETRANSMIT_data]
1341054495.266361	[TX]
1341054495.388315	[RX]
1341054496.225817	[TX]
1341054497.162970	[RX]
1341054500.953800	[RETRANSMIT_data]
1341054501.353961	[TX]
1341054502.317802	[RX]
1341054504.081901	[RETRANSMIT_data]
1341054504.482092	[TX]
1341054505.444012	[RX]
1341054508.209984	[RETRANSMIT_data]
1341054508.610178	[TX]
1341054509.572659	[RX]
1341054511.338124	[RETRANSMIT_data]
1341054511.738335	[TX]
1341054512.675865	[RX]
1341054515.466259	[RETRANSMIT_data]
1341054515.866466	[TX]
1341054516.820708	[RX]
1341054520.594365	[RETRANSMIT_data]
1341054520.994575	[TX]
1341054521.936198	[RX]
1341054523.722535	[RETRANSMIT_data]
1341054524.122749	[TX]
1341054525.079027	[RX]
1341054526.850632	[RETRANSMIT_data]
1341054527.250829	[TX]
1341054528.202877	[RX]
1341054529.978718	[RETRANSMIT_data]
1341054530.378867	[TX]
1341054531.311394	[RX]
1341054535.107125	[exit]
1341054543.009963	[put]
1341054543.410309	[TX]
1341054543.554889	[RX]
1341054548.138280	[RETRANSMIT_data]
1341054548.538464	[TX]
1341054548.668463	[RX]
1341054553.266375	[RETRANSMIT_data]
1341054553.666571	[TX]
1341054553.816790	[RX]
1341054554.626625	[TX]
1341054555.588481	[RX]
1341054557.354615	[RETRANSMIT_data]
1341054557.754803	[TX]
1341054558.700058	[RX]
1341054562.482742	[RETRANSMIT_data]
1341054562.882942	[TX]
1341054563.817067	[RX]
1341054566.610835	[RETRANSMIT_data]
1341054567.011064	[TX]
1341054567.969517	[RX]
1341054571.738926	[RETRANSMIT_data]
1341054572.139114	[TX]
1341054573.084413	[RX]
1341054575.867011	[RETRANSMIT_data]
1341054576.267191	[TX]
1341054577.211408	[RX]
1341054580.995138	[RETRANSMIT_data]
1341054581.395303	[TX]
1341054582.341270	[RX]
1341054585.123218	[RETRANSMIT_data]
1341054585.523420	[TX]
1341054586.475868	[RX]
1341054589.251335	[RETRANSMIT_data]
1341054589.651497	[TX]
1341054590.614961	[RX]
1341054592.379504	[RETRANSMIT_data]
1341054592.779682	[TX]
1341054593.729673	[RX]
1341054597.508002	[exit]
1341054614.969725	[put]
1341054615.370046	[TX]
1341054615.512469	[RX]
1341054621.098060	[RETRANSMIT_data]
1341054621.498213	[TX]
1341054621.639514	[RX]
1341054622.458985	[TX]
1341054623.417062	[RX]
1341054625.186948	[RETRANSMIT_data]
1341054625.587137	[TX]
1341054626.518935	[RX]
1341054630.315015	[RETRANSMIT_data]
1341054630.715134	[TX]
1341054631.675302	[RX]
1341054633.443155	[RETRANSMIT_data]
1341054633.843332	[TX]
1341054634.786768	[RX]
1341054637.571300	[RETRANSMIT_data]
1341054637.971511	[TX]
1341054638.911093	[RX]
1341054642.699400	[RETRANSMIT_data]
1341054643.099559	[TX]
1341054644.049933	[RX]
1341054647.827509	[RETRANSMIT_data]
1341054648.227712	[TX]
1341054649.177269	[RX]
1341054652.955625	[RETRANSMIT_data]
1341054653.355816	[TX]
1341054654.300518	[RX]
1341054656.083650	[RETRANSMIT_data]
1341054656.483778	[TX]
1341054657.439993	[RX]
1341054661.211749	[RETRANSMIT_data]
1341054661.611935	[TX]
1341054662.564704	[RX]
1341054665.340110	[exit]
1341054705.496565	[put]
1341054705.896845	[TX]
1341054706.040534	[RX]
1341054706.854719	[TX]
1341054707.800519	[RX]
1341054710.582739	[RETRANSMIT_data]
1341054710.982914	[TX]
1341054711.932707	[RX]
1341054715.710842	[RETRANSMIT_data]
1341054716.111038	[TX]
1341054717.042207	[RX]
1341054717.581807	[TX]
1341054717.696697	[RX]
1341054718.163564	[TRANSMISSION COMPLETE: Closing in 10 seconds]
1341054718.164195	[exit]
1341054727.272268	[put]
1341054727.672768	[TX]
1341054727.821893	[RX]
1341054728.631015	[TX]
1341054729.584061	[RX]
1341054730.098468	[TX]
1341054730.208344	[RX]
1341054730.681228	[TRANSMISSION COMPLETE: Closing in 10 seconds]
1341054730.681647	[exit]
1341054736.240064	[put]
1341054736.640333	[TX]
1341054736.773544	[RX]
1341054737.599825	[TX]
1341054738.546165	[RX]
1341054739.070304	[TX]
1341054739.201074	[RX]
1341054739.653054	[TRANSMISSION COMPLETE: Closing in 10 seconds]
1341054739.653589	[exit]
1341054762.848240	[put]
1341054763.248508	[TX]
1341054763.392623	[RX]
1341054764.207432	[TX]
1341054765.145130	[RX]
1341054767.935356	[RETRANSMIT_data]
1341054768.335514	[TX]
1341054769.276221	[RX]
1341054769.802017	[TX]
1341054769.923077	[RX]
1341054770.384640	[TRANSMISSION COMPLETE: Closing in 10 seconds]
1341054770.385024	[exit]
1341054775.903923	[put]
1341054776.304212	[TX]
1341054776.447943	[RX]
1341054777.263203	[TX]
1341054778.197176	[RX]
1341054778.734545	[TX]
1341054778.854008	[RX]
1341054781.462596	[RETRANSMIT_data]
1341054781.862770	[TX]
1341054781.977633	[RX]
1341054782.444463	[TRANSMISSION COMPLETE: Closing in 10 seconds]
1341054782.444976	[exit]
1341054788.352157	[put]
1341054788.752466	[TX]
1341054788.891515	[RX]
1341054789.711678	[TX]
1341054790.657166	[RX]
1341054791.182162	[TX]
1341054791.288303	[RX]
1341054791.764799	[TRANSMISSION COMPLETE: Closing in 10 seconds]
1341054791.765235	[exit]
1341054797.319771	[put]
1341054797.720106	[TX]
1341054797.865674	[RX]
1341054798.679988	[TX]
1341054799.624146	[RX]
1341054800.150602	[TX]
1341054800.268740	[RX]
1341054800.733365	[TRANSMISSION COMPLETE: Closing in 10 seconds]
1341054800.733806	[exit]
1341054808.743273	[put]
1341054809.143627	[TX]
1341054809.294298	[RX]
1341054810.099554	[TX]
1341054811.050578	[RX]
1341054811.566936	[TX]
1341054811.679906	[RX]
1341054812.149703	[TRANSMISSION COMPLETE: Closing in 10 seconds]
1341054812.150094	[exit]
1341054820.504208	[put]
1341054820.904513	[TX]
1341054821.055772	[RX]
1341054821.863867	[TX]
1341054822.810253	[RX]
1341054823.334265	[TX]
1341054823.454348	[RX]
1341054823.918022	[TRANSMISSION COMPLETE: Closing in 10 seconds]
1341054823.918580	[exit]
1341054831.367385	[put]
1341054831.767673	[TX]
1341054831.911744	[RX]
1341054832.723691	[TX]
1341054833.676124	[RX]
1341054834.194902	[TX]
1341054834.311842	[RX]
1341054834.777717	[TRANSMISSION COMPLETE: Closing in 10 seconds]
1341054834.778060	[exit]
1341054839.703057	[put]
1341054840.103367	[TX]
1341054840.229649	[RX]
1341054841.059265	[TX]
1341054842.021716	[RX]
1341054843.787234	[RETRANSMIT_data]
1341054844.187422	[TX]
1341054845.134759	[RX]
1341054846.915335	[RETRANSMIT_data]
1341054847.315510	[TX]
1341054848.259312	[RX]
1341054848.786973	[TX]
1341054848.898619	[RX]
1341054849.368548	[TRANSMISSION COMPLETE: Closing in 10 seconds]
1341054849.369089	[exit]
1341054856.487320	[put]
1341054856.887578	[TX]
1341054857.020232	[RX]
1341054857.847791	[TX]
1341054858.791355	[RX]
1341054859.315384	[TX]
1341054859.429230	[RX]
1341054859.896677	[TRANSMISSION COMPLETE: Closing in 10 seconds]
1341054859.897139	[exit]
1341054866.312085	[put]
1341054866.712364	[TX]
1341054866.849022	[RX]
1341054867.672160	[TX]
1341054868.636058	[RX]
1341054869.142524	[TX]
1341054869.273434	[RX]
1341054869.724172	[TRANSMISSION COMPLETE: Closing in 10 seconds]
1341054869.724587	[exit]
1341054875.367514	[put]
1341054875.767792	[TX]
1341054875.911854	[RX]
1341054876.727632	[TX]
1341054877.687356	[RX]
1341054878.194984	[TX]
1341054878.303146	[RX]
1341054878.777798	[TRANSMISSION COMPLETE: Closing in 10 seconds]
1341054878.778186	[exit]
1341054888.927742	[put]
1341054889.328029	[TX]
1341054889.472718	[RX]
1341054890.287866	[TX]
1341054891.234247	[RX]
1341054894.015823	[RETRANSMIT_data]
1341054894.416007	[TX]
1341054895.360479	[RX]
1341054898.143958	[RETRANSMIT_data]
1341054898.544139	[TX]
1341054899.485844	[RX]
1341054900.011294	[TX]
1341054900.137926	[RX]
1341054900.593916	[TRANSMISSION COMPLETE: Closing in 10 seconds]
1341054900.594233	[exit]
1341054908.127089	[put]
1341054908.527343	[TX]
1341054908.662085	[RX]
1341054909.483900	[TX]
1341054910.442594	[RX]
1341054910.951438	[TX]
1341054911.062750	[RX]
1341054911.533124	[TRANSMISSION COMPLETE: Closing in 10 seconds]
1341054911.533539	[exit]
1341054918.062768	[put]
1341054918.463081	[TX]
1341054918.600852	[RX]
1341054919.420683	[TX]
1341054920.353433	[RX]
1341054920.891165	[TX]
1341054921.005172	[RX]
1341054925.619198	[RETRANSMIT_data]
1341054926.019378	[TX]
1341054926.126139	[RX]
1341054926.892068	[TX]
1341054926.998117	[RX]
1341054931.620047	[RETRANSMIT_data]
1341054932.020213	[TX]
1341054932.133583	[RX]
1341054936.748153	[RETRANSMIT_data]
1341054937.148332	[TX]
1341054937.262243	[RX]
1341054939.876320	[RETRANSMIT_data]
1341054940.276494	[TX]
1341054940.395430	[RX]
1341054945.004419	[RETRANSMIT_data]
1341054945.404577	[TX]
1341054945.533297	[RX]
1341054950.132570	[RETRANSMIT_data]
1341054950.532746	[TX]
1341054950.662086	[RX]
1341054954.260669	[RETRANSMIT_data]
1341054954.660837	[TX]
1341054954.770956	[RX]
1341054958.388796	[RETRANSMIT_data]
1341054958.789022	[TX]
1341054958.904407	[RX]
1341054963.516922	[RETRANSMIT_data]
1341054963.917130	[TX]
1341054964.034492	[RX]
1341054966.645055	[RETRANSMIT_data]
1341054967.045264	[TX]
1341054967.151345	[RX]
1341054969.773509	[exit]
1341054980.919361	[put]
1341054981.319615	[TX]
1341054981.454800	[RX]
1341054987.047610	[RETRANSMIT_data]
1341054987.447759	[TX]
1341054987.586725	[RX]
1341054988.404628	[TX]
1341054989.346964	[RX]
1341054991.132579	[RETRANSMIT_data]
1341054991.532779	[TX]
1341054992.493192	[RX]
1341054994.260691	[RETRANSMIT_data]
1341054994.660852	[TX]
1341054995.599908	[RX]
1341054999.388977	[RETRANSMIT_data]
1341054999.789195	[TX]
1341055000.741136	[RX]
1341055003.517094	[RETRANSMIT_data]
1341055003.917261	[TX]
1341055004.869695	[RX]
1341055006.645187	[RETRANSMIT_data]
1341055007.045348	[TX]
1341055008.003988	[RX]
1341055011.773298	[RETRANSMIT_data]
1341055012.173498	[TX]
1341055013.114678	[RX]
1341055016.901439	[RETRANSMIT_data]
1341055017.301632	[TX]
1341055018.264152	[RX]
1341055022.029548	[RETRANSMIT_data]
1341055022.429704	[TX]
1341055023.370847	[RX]
1341055027.157675	[RETRANSMIT_data]
1341055027.557868	[TX]
1341055028.507633	[RX]
1341055032.286079	[exit]
1341055045.294171	[put]
1341055045.694426	[TX]
1341055045.836439	[RX]
1341055046.652801	[TX]
1341055048.041318	[RX]
1341055049.380799	[RETRANSMIT_data]
1341055049.781002	[TX]
1341055050.740184	[RX]
1341055052.508909	[RETRANSMIT_data]
1341055052.909083	[TX]
1341055053.847909	[RX]
1341055056.636936	[RETRANSMIT_data]
1341055057.037097	[TX]
1341055058.001018	[RX]
1341055060.765036	[RETRANSMIT_data]
1341055061.165232	[TX]
1341055062.117249	[RX]
1341055063.893170	[RETRANSMIT_data]
1341055064.293357	[TX]
1341055065.244337	[RX]
1341055069.021259	[RETRANSMIT_data]
1341055069.421444	[TX]
1341055070.379671	[RX]
1341055073.149380	[RETRANSMIT_data]
1341055073.549586	[TX]
1341055074.496511	[RX]
1341055076.277512	[RETRANSMIT_data]
1341055076.677716	[TX]
1341055077.629245	[RX]
1341055079.405635	[RETRANSMIT_data]
1341055079.805819	[TX]
1341055080.761595	[RX]
1341055083.534100	[exit]
1341055128.702266	[put]
1341055129.102523	[TX]
1341055129.252172	[RX]
1341055132.830580	[RETRANSMIT_data]
1341055133.262819	[TX]
1341055133.383850	[RX]
1341055134.221077	[TX]
1341055135.184970	[RX]
1341055135.692536	[TX]
1341055135.810498	[RX]
1341055136.274179	[TRANSMISSION COMPLETE: Closing in 10 seconds]
1341055136.274563	[exit]
1341055161.445992	[put]
1341055161.846258	[TX]
1341055161.996905	[RX]
1341055167.574233	[RETRANSMIT_data]
1341055167.974418	[TX]
1341055168.117765	[RX]
1341055171.702306	[RETRANSMIT_data]
1341055172.102553	[TX]
1341055172.253224	[RX]
1341055175.830382	[RETRANSMIT_data]
1341055176.230564	[TX]
1341055176.380747	[RX]
1341055178.958579	[RETRANSMIT_data]
1341055179.358792	[TX]
1341055179.498784	[RX]
1341055180.345380	[TX]
1341055181.288777	[RX]
1341055185.073422	[RETRANSMIT_data]
1341055185.473647	[TX]
1341055186.424220	[RX]
1341055188.201535	[RETRANSMIT_data]
1341055188.601694	[TX]
1341055189.557690	[RX]
1341055193.329664	[RETRANSMIT_data]
1341055193.729842	[TX]
1341055194.665166	[RX]
1341055198.457800	[RETRANSMIT_data]
1341055198.857993	[TX]
1341055199.810338	[RX]
1341055201.585997	[RETRANSMIT_data]
1341055201.986219	[TX]
1341055202.942795	[RX]
1341055204.714098	[RETRANSMIT_data]
1341055205.114271	[TX]
1341055206.063108	[RX]
1341055207.842199	[RETRANSMIT_data]
1341055208.242366	[TX]
1341055209.192841	[RX]
1341055211.970315	[RETRANSMIT_data]
1341055212.370487	[TX]
1341055213.308966	[RX]
1341055215.098438	[RETRANSMIT_data]
1341055215.498641	[TX]
1341055216.446292	[RX]
1341055219.226995	[exit]
1341055230.621376	[put]
1341055231.021657	[TX]
1341055231.157413	[RX]
1341055236.749684	[RETRANSMIT_data]
1341055237.149837	[TX]
1341055237.290985	[RX]
1341055240.877751	[RETRANSMIT_data]
1341055241.277930	[TX]
1341055241.419708	[RX]
1341055245.005834	[RETRANSMIT_data]
1341055245.405988	[TX]
1341055245.549041	[RX]
1341055246.360664	[TX]
1341055247.314797	[RX]
1341055249.088649	[RETRANSMIT_data]
1341055249.488848	[TX]
1341055250.420532	[RX]
1341055252.216804	[RETRANSMIT_data]
1341055252.617060	[TX]
1341055253.574155	[RX]
1341055255.344910	[RETRANSMIT_data]
1341055255.745047	[TX]
1341055256.678758	[RX]
1341055259.472997	[RETRANSMIT_data]
1341055259.873239	[TX]
1341055260.822079	[RX]
1341055262.601134	[RETRANSMIT_data]
1341055263.001307	[TX]
1341055263.936725	[RX]
1341055267.729242	[RETRANSMIT_data]
1341055268.129432	[TX]
1341055269.068183	[RX]
1341055272.857383	[RETRANSMIT_data]
1341055273.257584	[TX]
1341055274.188563	[RX]
1341055275.985487	[RETRANSMIT_data]
1341055276.385683	[TX]
1341055277.329005	[RX]
1341055281.113646	[RETRANSMIT_data]
1341055281.513817	[TX]
1341055282.471089	[RX]
1341055284.242241	[exit]
1341055292.644201	[put]
1341055293.044480	[TX]
1341055293.188533	[RX]
1341055298.772444	[RETRANSMIT_data]
1341055299.172693	[TX]
1341055299.293236	[RX]
1341055301.900522	[RETRANSMIT_data]
1341055302.300701	[TX]
1341055302.434608	[RX]
1341055307.028603	[RETRANSMIT_data]
1341055307.428744	[TX]
1341055307.566788	[RX]
1341055311.156678	[RETRANSMIT_data]
1341055311.556859	[TX]
1341055311.675701	[RX]
1341055314.284795	[RETRANSMIT_data]
1341055314.684994	[TX]
1341055314.813836	[RX]
1341055318.412906	[RETRANSMIT_data]
1341055318.813107	[TX]
1341055318.962694	[RX]
1341055323.540985	[RETRANSMIT_data]
1341055323.941147	[TX]
1341055324.060081	[RX]
1341055327.669068	[RETRANSMIT_data]
1341055328.069224	[TX]
1341055328.212344	[RX]
1341055330.797138	[RETRANSMIT_data]
1341055331.197320	[TX]
1341055331.334718	[RX]
1341055333.925723	[exit]
1341055345.108523	[put]
1341055345.508769	[TX]
1341055345.642021	[RX]
1341055351.236764	[RETRANSMIT_data]
1341055351.636971	[TX]
1341055351.779987	[RX]
1341055356.364867	[RETRANSMIT_data]
1341055356.765058	[TX]
1341055356.895887	[RX]
1341055360.492985	[RETRANSMIT_data]
1341055360.893151	[TX]
1341055361.031695	[RX]
1341055365.621088	[RETRANSMIT_data]
1341055366.023946	[TX]
1341055366.161159	[RX]
1341055369.749191	[RETRANSMIT_data]
1341055370.149339	[TX]
1341055370.285581	[RX]
1341055373.877299	[RETRANSMIT_data]
1341055374.277446	[TX]
1341055374.420472	[RX]
1341055377.005404	[RETRANSMIT_data]
1341055377.405592	[TX]
1341055377.525656	[RX]
1341055381.133550	[RETRANSMIT_data]
1341055381.533704	[TX]
1341055381.669520	[RX]
1341055385.261637	[RETRANSMIT_data]
1341055385.661785	[TX]
1341055385.798043	[RX]
1341055386.617624	[TX]
1341055387.571862	[RX]
1341055390.345541	[RETRANSMIT_data]
1341055390.745730	[TX]
1341055391.705000	[RX]
1341055395.473670	[RETRANSMIT_data]
1341055395.873835	[TX]
1341055396.820710	[RX]
1341055400.601772	[RETRANSMIT_data]
1341055401.001956	[TX]
1341055401.947301	[RX]
1341055405.729898	[RETRANSMIT_data]
1341055406.130077	[TX]
1341055407.064979	[RX]
1341055409.857988	[RETRANSMIT_data]
1341055410.258175	[TX]
1341055411.192462	[RX]
1341055414.986122	[RETRANSMIT_data]
1341055415.386310	[TX]
1341055416.345549	[RX]
1341055420.114228	[RETRANSMIT_data]
1341055420.514409	[TX]
1341055421.466494	[RX]
1341055425.242327	[RETRANSMIT_data]
1341055425.642495	[TX]
1341055426.606341	[RX]
1341055429.370420	[RETRANSMIT_data]
1341055429.770578	[TX]
1341055430.712781	[RX]
1341055433.499020	[exit]
1341055440.739652	[put]
1341055441.139932	[TX]
1341055441.283418	[RX]
1341055446.867897	[RETRANSMIT_data]
1341055447.268055	[TX]
1341055447.409608	[RX]
1341055450.995966	[RETRANSMIT_data]
1341055451.396146	[TX]
1341055451.546543	[RX]
1341055452.354100	[TX]
1341055453.312282	[RX]
1341055455.082080	[RETRANSMIT_data]
1341055455.482257	[TX]
1341055456.421780	[RX]
1341055460.210224	[RETRANSMIT_data]
1341055460.610420	[TX]
1341055461.563591	[RX]
1341055464.338361	[RETRANSMIT_data]
1341055464.738527	[TX]
1341055465.697865	[RX]
1341055469.466474	[RETRANSMIT_data]
1341055469.866652	[TX]
1341055470.799664	[RX]
1341055472.594595	[RETRANSMIT_data]
1341055472.994781	[TX]
1341055473.933769	[RX]
1341055476.722687	[RETRANSMIT_data]
1341055477.122873	[TX]
1341055478.057242	[RX]
1341055479.850821	[RETRANSMIT_data]
1341055480.251015	[TX]
1341055481.186186	[RX]
1341055482.978852	[RETRANSMIT_data]
1341055483.378975	[TX]
1341055484.330432	[RX]
1341055486.106943	[RETRANSMIT_data]
1341055486.507133	[TX]
1341055487.444677	[RX]
1341055491.235506	[exit]
1341055513.731432	[put]
1341055514.131703	[TX]
1341055514.269071	[RX]
1341055515.086556	[TX]
1341055516.029477	[RX]
1341055518.814566	[RETRANSMIT_data]
1341055519.214772	[TX]
1341055520.163084	[RX]
1341055522.942687	[RETRANSMIT_data]
1341055523.342888	[TX]
1341055524.305920	[RX]
1341055527.070791	[RETRANSMIT_data]
1341055527.470989	[TX]
1341055528.429410	[RX]
1341055532.198916	[RETRANSMIT_data]
1341055532.599108	[TX]
1341055533.547797	[RX]
1341055535.327048	[RETRANSMIT_data]
1341055535.727244	[TX]
1341055536.670560	[RX]
1341055538.455148	[RETRANSMIT_data]
1341055538.855336	[TX]
1341055539.817293	[RX]
1341055543.583252	[RETRANSMIT_data]
1341055543.983439	[TX]
1341055544.932419	[RX]
1341055546.711351	[RETRANSMIT_data]
1341055547.111532	[TX]
1341055548.064616	[RX]
1341055549.839438	[RETRANSMIT_data]
1341055550.239606	[TX]
1341055551.194642	[RX]
1341055553.967750	[exit]
1341055559.715005	[put]
1341055560.115338	[TX]
1341055560.235808	[RX]
1341055563.843288	[RETRANSMIT_data]
1341055564.243451	[TX]
1341055564.378032	[RX]
1341055567.971377	[RETRANSMIT_data]
1341055568.371527	[TX]
1341055568.509851	[RX]
1341055569.326062	[TX]
1341055570.285736	[RX]
1341055574.054028	[RETRANSMIT_data]
1341055574.454228	[TX]
1341055575.417055	[RX]
1341055577.182124	[RETRANSMIT_data]
1341055577.582307	[TX]
1341055578.516066	[RX]
1341055582.310233	[RETRANSMIT_data]
1341055582.710414	[TX]
1341055583.672758	[RX]
1341055586.438335	[RETRANSMIT_data]
1341055586.838529	[TX]
1341055587.797742	[RX]
1341055589.566444	[RETRANSMIT_data]
1341055589.966619	[TX]
1341055590.899584	[RX]
1341055591.434984	[TX]
1341055592.393074	[RX]
1341055594.162989	[RETRANSMIT_data]
1341055594.563139	[TX]
1341055595.515637	[RX]
1341055597.434438	[TX]
1341055598.379422	[RX]
1341055600.162420	[RETRANSMIT_data]
1341055600.564207	[TX]
1341055601.510419	[RX]
1341055603.691839	[TX]
1341055604.640359	[RX]
1341055605.162321	[TX]
1341055606.098499	[RX]
1341055607.890305	[RETRANSMIT_data]
1341055608.290517	[TX]
1341055609.222933	[RX]
1341055611.162921	[TX]
1341055612.113442	[RX]
1341055614.291697	[TX]
1341055615.242052	[RX]
1341055617.019684	[RETRANSMIT_data]
1341055617.420403	[TX]
1341055618.376626	[RX]
1341055622.547626	[TX]
1341055623.497120	[RX]
1341055625.275670	[RETRANSMIT_data]
1341055625.675840	[TX]
1341055626.615973	[RX]
1341055627.146818	[TX]
1341055628.089724	[RX]
1341055628.615437	[TX]
1341055629.549165	[RX]
1341055630.086844	[TX]
1341055631.034725	[RX]
1341055631.554552	[TX]
1341055632.502928	[RX]
1341055635.282555	[RETRANSMIT_data]
1341055635.682751	[TX]
1341055636.628712	[RX]
1341055637.150534	[TX]
1341055638.096033	[RX]
1341055640.878497	[RETRANSMIT_data]
1341055641.278666	[TX]
1341055642.229012	[RX]
1341055642.746433	[TX]
1341055643.688859	[RX]
1341055647.474439	[RETRANSMIT_data]
1341055647.874617	[TX]
1341055648.819372	[RX]
1341055651.602543	[RETRANSMIT_data]
1341055652.002756	[TX]
1341055652.940311	[RX]
1341055655.730669	[RETRANSMIT_data]
1341055656.130840	[TX]
1341055657.080359	[RX]
1341055658.003834	[TX]
1341055658.955723	[RX]
1341055659.471459	[TX]
1341055660.434324	[RX]
1341055662.199493	[RETRANSMIT_data]
1341055662.599700	[TX]
1341055663.536839	[RX]
1341055665.470982	[TX]
1341055666.409018	[RX]
1341055666.939354	[TX]
1341055667.884567	[RX]
1341055668.407023	[TX]
1341055669.369067	[RX]
1341055673.134968	[RETRANSMIT_data]
1341055673.535164	[TX]
1341055674.470022	[RX]
1341055678.536524	[TX]
1341055679.473497	[RX]
1341055680.007185	[TX]
1341055680.938452	[RX]
1341055683.735180	[RETRANSMIT_data]
1341055684.135345	[TX]
1341055685.098724	[RX]
1341055686.006782	[TX]
1341055686.954700	[RX]
1341055689.136439	[TX]
1341055690.094031	[RX]
1341055692.264012	[TX]
1341055693.209326	[RX]
1341055696.991972	[RETRANSMIT_data]
1341055697.392287	[TX]
1341055698.336489	[RX]
1341055700.120253	[RETRANSMIT_data]
1341055700.520437	[TX]
1341055701.459670	[RX]
1341055701.991714	[TX]
1341055702.940058	[RX]
1341055704.719680	[RETRANSMIT_data]
1341055705.119851	[TX]
1341055706.058467	[RX]
1341055707.847809	[RETRANSMIT_data]
1341055708.247978	[TX]
1341055709.189910	[RX]
1341055710.975911	[RETRANSMIT_data]
1341055711.376086	[TX]
1341055712.339134	[RX]
1341055712.904054	[TX]
1341055713.863270	[RX]
1341055716.632010	[RETRANSMIT_data]
1341055717.032210	[TX]
1341055717.967288	[RX]
1341055718.503842	[TX]
1341055719.447602	[RX]
1341055722.231729	[RETRANSMIT_data]
1341055722.631864	[TX]
1341055723.564039	[RX]
1341055726.359791	[RETRANSMIT_data]
1341055726.759939	[TX]
1341055727.699535	[RX]
1341055731.487888	[RETRANSMIT_data]
1341055731.888072	[TX]
1341055732.833484	[RX]
1341055736.615968	[RETRANSMIT_data]
1341055737.229965	[TX]
1341055738.182458	[RX]
1341055740.744103	[RETRANSMIT_data]
1341055741.144286	[TX]
1341055742.085018	[RX]
1341055745.872247	[RETRANSMIT_data]
1341055746.272433	[TX]
1341055747.217613	[RX]
1341055749.000350	[RETRANSMIT_data]
1341055749.400545	[TX]
1341055750.345913	[RX]
1341055752.128435	[RETRANSMIT_data]
1341055752.528631	[TX]
1341055753.481200	[RX]
1341055757.256549	[RETRANSMIT_data]
1341055757.656747	[TX]
1341055758.603599	[RX]
1341055760.385120	[exit]
1341055775.209273	[put]
1341055775.609516	[TX]
1341055775.745951	[RX]
1341055781.337518	[RETRANSMIT_data]
1341055781.737689	[TX]
1341055781.874661	[RX]
1341055784.465598	[RETRANSMIT_data]
1341055784.865782	[TX]
1341055785.012440	[RX]
1341055788.593856	[RETRANSMIT_data]
1341055788.994050	[TX]
1341055789.136573	[RX]
1341055791.721959	[RETRANSMIT_data]
1341055792.122097	[TX]
1341055792.260709	[RX]
1341055795.850081	[RETRANSMIT_data]
1341055796.250250	[TX]
1341055796.369303	[RX]
1341055799.978195	[RETRANSMIT_data]
1341055800.378359	[TX]
1341055800.524238	[RX]
1341055803.106354	[RETRANSMIT_data]
1341055803.506515	[TX]
1341055803.645651	[RX]
1341055807.234450	[RETRANSMIT_data]
1341055807.634618	[TX]
1341055807.782272	[RX]
1341055812.362541	[RETRANSMIT_data]
1341055812.762701	[TX]
1341055812.911279	[RX]
1341055817.490788	[exit]
1341056368.749416	[put]
1341056368.949738	[TX]
1341056369.075992	[RX]
1341056374.877748	[RETRANSMIT_data]
1341056375.077899	[TX]
1341056375.201903	[RX]
1341056379.005837	[RETRANSMIT_data]
1341056379.206039	[TX]
1341056379.327821	[RX]
1341056379.693079	[TX]
1341056380.163046	[RX]
1341056384.621074	[RETRANSMIT_data]
1341056384.821285	[TX]
1341056385.303522	[RX]
1341056389.749207	[RETRANSMIT_data]
1341056389.949378	[TX]
1341056390.426486	[RX]
1341056392.877317	[RETRANSMIT_data]
1341056393.077525	[TX]
1341056393.556213	[RX]
1341056396.005421	[RETRANSMIT_data]
1341056396.205617	[TX]
1341056396.674692	[RX]
1341056400.133534	[RETRANSMIT_data]
1341056400.333716	[TX]
1341056400.816607	[RX]
1341056405.261667	[RETRANSMIT_data]
1341056405.461887	[TX]
1341056405.942450	[RX]
1341056409.389754	[RETRANSMIT_data]
1341056409.589937	[TX]
1341056410.061726	[RX]
1341056413.517911	[RETRANSMIT_data]
1341056413.718128	[TX]
1341056414.190194	[RX]
1341056417.646057	[RETRANSMIT_data]
1341056417.846252	[TX]
1341056418.316938	[RX]
1341056422.774680	[exit]
1341056485.540650	[put]
1341056485.741036	[TX]
1341056485.865892	[RX]
1341056490.668980	[RETRANSMIT_data]
1341056490.869135	[TX]
1341056490.987165	[RX]
1341056495.797053	[RETRANSMIT_data]
1341056495.997312	[TX]
1341056496.122254	[RX]
1341056499.925129	[RETRANSMIT_data]
1341056500.125282	[TX]
1341056500.248605	[RX]
1341056500.613625	[TX]
1341056501.098476	[RX]
1341056505.541635	[RETRANSMIT_data]
1341056505.741824	[TX]
1341056506.226739	[RX]
1341056508.669765	[RETRANSMIT_data]
1341056508.869955	[TX]
1341056509.341062	[RX]
1341056512.797866	[RETRANSMIT_data]
1341056512.998046	[TX]
1341056513.477506	[RX]
1341056515.925983	[RETRANSMIT_data]
1341056516.126174	[TX]
1341056516.610974	[RX]
1341056520.054067	[RETRANSMIT_data]
1341056520.254252	[TX]
1341056520.730268	[RX]
1341056525.182169	[RETRANSMIT_data]
1341056525.382375	[TX]
1341056525.800959	[RX]
1341056528.310325	[RETRANSMIT_data]
1341056528.510544	[TX]
1341056528.986780	[RX]
1341056533.438423	[RETRANSMIT_data]
1341056533.638621	[TX]
1341056534.123746	[RX]
1341056536.566558	[RETRANSMIT_data]
1341056536.766754	[TX]
1341056537.244031	[RX]
1341056541.695197	[exit]
1341056562.251910	[put]
1341056562.452248	[TX]
1341056562.578153	[RX]
1341056562.938648	[TX]
1341056563.415055	[RX]
1341056563.681891	[TX]
1341056563.789884	[RX]
1341056563.981177	[TRANSMISSION COMPLETE: Closing in 10 seconds]
1341056563.981580	[exit]
1341056593.756035	[put]
1341056593.956385	[TX]
1341056594.078473	[RX]
1341056599.884404	[RETRANSMIT_data]
1341056600.084580	[TX]
1341056600.199253	[RX]
1341056600.574877	[TX]
1341056601.055660	[RX]
1341056604.502905	[RETRANSMIT_data]
1341056604.703088	[TX]
1341056605.179888	[RX]
1341056608.630994	[RETRANSMIT_data]
1341056608.831175	[TX]
1341056609.310852	[RX]
1341056611.759119	[RETRANSMIT_data]
1341056611.959298	[TX]
1341056612.428836	[RX]
1341056616.887254	[RETRANSMIT_data]
1341056617.087454	[TX]
1341056617.560547	[RX]
1341056620.015386	[RETRANSMIT_data]
1341056620.215534	[TX]
1341056620.690271	[RX]
1341056625.143521	[RETRANSMIT_data]
1341056625.343708	[TX]
1341056625.818991	[RX]
1341056630.271626	[RETRANSMIT_data]
1341056630.471813	[TX]
1341056630.951831	[RX]
1341056634.399783	[RETRANSMIT_data]
1341056634.599993	[TX]
1341056635.069301	[RX]
1341056635.342466	[TX]
1341056635.453810	[RX]
1341056635.641647	[TRANSMISSION COMPLETE: Closing in 10 seconds]
1341056635.642160	[exit]
1341056647.595413	[put]
1341056647.795738	[TX]
1341056647.919726	[RX]
1341056648.282580	[TX]
1341056648.759976	[RX]
1341056652.210582	[RETRANSMIT_data]
1341056652.410749	[TX]
1341056652.881622	[RX]
1341056657.338709	[RETRANSMIT_data]
1341056657.538886	[TX]
1341056658.020318	[RX]
1341056660.466880	[RETRANSMIT_data]
1341056660.667073	[TX]
1341056661.139018	[RX]
1341056663.594982	[RETRANSMIT_data]
1341056663.795165	[TX]
1341056664.273226	[RX]
1341056668.723144	[RETRANSMIT_data]
1341056668.923363	[TX]
1341056669.399051	[RX]
1341056669.666543	[TX]
1341056669.775935	[RX]
1341056669.965679	[TRANSMISSION COMPLETE: Closing in 10 seconds]
1341056669.966172	[exit]
1341056677.595336	[put]
1341056677.795680	[TX]
1341056677.924013	[RX]
1341056678.282796	[TX]
1341056678.763264	[RX]
1341056682.210813	[RETRANSMIT_data]
1341056682.411027	[TX]
1341056682.891863	[RX]
1341056685.338915	[RETRANSMIT_data]
1341056685.539095	[TX]
1341056686.020847	[RX]
1341056688.467038	[RETRANSMIT_data]
1341056688.667199	[TX]
1341056689.148176	[RX]
1341056693.595189	[RETRANSMIT_data]
1341056693.795375	[TX]
1341056694.269918	[RX]
1341056697.723288	[RETRANSMIT_data]
1341056697.923488	[TX]
1341056698.392635	[RX]
1341056700.851390	[RETRANSMIT_data]
1341056701.051567	[TX]
1341056701.527807	[RX]
1341056704.979535	[RETRANSMIT_data]
1341056705.179718	[TX]
1341056705.656669	[RX]
1341056709.107623	[RETRANSMIT_data]
1341056709.307766	[TX]
1341056709.786267	[RX]
1341056710.051244	[TX]
1341056710.160957	[RX]
1341056710.349641	[TRANSMISSION COMPLETE: Closing in 10 seconds]
1341056710.350085	[exit]
1341056718.874573	[put]
1341056719.074878	[TX]
1341056719.193586	[RX]
1341056725.002841	[RETRANSMIT_data]
1341056725.202997	[TX]
1341056725.327823	[RX]
1341056725.690854	[TX]
1341056726.165064	[RX]
1341056728.618849	[RETRANSMIT_data]
1341056728.819043	[TX]
1341056729.299223	[RX]
1341056729.562505	[TX]
1341056729.668763	[RX]
1341056729.861991	[TRANSMISSION COMPLETE: Closing in 10 seconds]
1341056729.862513	[exit]
1341056738.987665	[put]
1341056739.188018	[TX]
1341056739.315499	[RX]
1341056739.674991	[TX]
1341056740.150415	[RX]
1341056740.419280	[TX]
1341056740.529350	[RX]
1341056740.717505	[TRANSMISSION COMPLETE: Closing in 10 seconds]
1341056740.717862	[exit]
1341056746.450361	[put]
1341056746.650683	[TX]
1341056746.771675	[RX]
1341056747.139495	[TX]
1341056747.613301	[RX]
1341056747.882990	[TX]
1341056747.995134	[RX]
1341056748.182171	[TRANSMISSION COMPLETE: Closing in 10 seconds]
1341056748.182790	[exit]
1341056757.474349	[put]
1341056757.674690	[TX]
1341056757.801437	[RX]
1341056762.602750	[RETRANSMIT_data]
1341056762.802938	[TX]
1341056762.930602	[RX]
1341056763.291011	[TX]
1341056763.763173	[RX]
1341056764.035369	[TX]
1341056764.145063	[RX]
1341056764.333650	[TRANSMISSION COMPLETE: Closing in 10 seconds]
1341056764.334154	[exit]
1341056772.050712	[put]
1341056772.250997	[TX]
1341056772.373935	[RX]
1341056772.739620	[TX]
1341056773.215483	[RX]
1341056773.483836	[TX]
1341056773.593677	[RX]
1341056773.782222	[TRANSMISSION COMPLETE: Closing in 10 seconds]
1341056773.782661	[exit]
1341056780.794755	[put]
1341056780.995019	[TX]
1341056781.113303	[RX]
1341056781.483976	[TX]
1341056781.958922	[RX]
1341056784.412001	[RETRANSMIT_data]
1341056784.612215	[TX]
1341056785.082063	[RX]
1341056785.355667	[TX]
1341056785.466305	[RX]
1341056785.653912	[TRANSMISSION COMPLETE: Closing in 10 seconds]
1341056785.654317	[exit]
1341056791.242578	[put]
1341056791.442857	[TX]
1341056791.568452	[RX]
1341056797.370826	[RETRANSMIT_data]
1341056797.570985	[TX]
1341056797.696070	[RX]
1341056798.059790	[TX]
1341056798.534696	[RX]
1341056798.803012	[TX]
1341056798.913484	[RX]
1341056799.102252	[TRANSMISSION COMPLETE: Closing in 10 seconds]
1341056799.102599	[exit]
1341056804.906464	[put]
1341056805.106795	[TX]
1341056805.233017	[RX]
1341056805.595531	[TX]
1341056806.065152	[RX]
1341056809.523494	[RETRANSMIT_data]
1341056809.723647	[TX]
1341056810.197704	[RX]
1341056812.651628	[RETRANSMIT_data]
1341056812.851804	[TX]
1341056813.329758	[RX]
1341056815.779785	[RETRANSMIT_data]
1341056815.979970	[TX]
1341056816.463573	[RX]
1341056819.907904	[RETRANSMIT_data]
1341056820.108090	[TX]
1341056820.583671	[RX]
1341056820.851527	[TX]
1341056820.961285	[RX]
1341056821.150630	[TRANSMISSION COMPLETE: Closing in 10 seconds]
1341056821.151139	[exit]
1341056829.338037	[put]
1341056829.538328	[TX]
1341056829.664849	[RX]
1341056835.466316	[RETRANSMIT_data]
1341056835.666472	[TX]
1341056835.793806	[RX]
1341056836.155526	[TX]
1341056836.630938	[RX]
1341056836.900195	[TX]
1341056837.008857	[RX]
1341056837.198222	[TRANSMISSION COMPLETE: Closing in 10 seconds]
1341056837.198581	[exit]
1341056847.753693	[put]
1341056847.953987	[TX]
1341056848.073460	[RX]
1341056848.439555	[TX]
1341056848.913983	[RX]
1341056853.367582	[RETRANSMIT_data]
1341056853.567789	[TX]
1341056854.052575	[RX]
1341056854.312076	[TX]
1341056854.422063	[RX]
1341056857.240060	[RETRANSMIT_data]
1341056857.440232	[TX]
1341056857.549287	[RX]
1341056857.738817	[TRANSMISSION COMPLETE: Closing in 10 seconds]
1341056857.739280	[exit]
1341056867.408721	[put]
1341056867.609093	[TX]
1341056867.733896	[RX]
1341056868.095485	[TX]
1341056868.572334	[RX]
1341056868.839657	[TX]
1341056868.953196	[RX]
1341056869.138796	[TRANSMISSION COMPLETE: Closing in 10 seconds]
1341056869.139113	[exit]
1341056879.225471	[put]
1341056879.425761	[TX]
1341056879.547735	[RX]
1341056879.911829	[TX]
1341056880.385871	[RX]
1341056880.656225	[TX]
1341056880.765558	[RX]
1341056880.954472	[TRANSMISSION COMPLETE: Closing in 10 seconds]
1341056880.954981	[exit]
1341056887.593542	[put]
1341056887.793821	[TX]
1341056887.913992	[RX]
1341056888.279542	[TX]
1341056888.754559	[RX]
1341056892.207570	[RETRANSMIT_data]
1341056892.407756	[TX]
1341056892.881289	[RX]
1341056893.152148	[TX]
1341056893.264665	[RX]
1341056893.450383	[TRANSMISSION COMPLETE: Closing in 10 seconds]
1341056893.450715	[exit]
1341056900.617449	[put]
1341056900.817720	[TX]
1341056900.937409	[RX]
1341056901.304592	[TX]
1341056901.779355	[RX]
1341056906.232662	[RETRANSMIT_data]
1341056906.432862	[TX]
1341056906.903318	[RX]
1341056911.360883	[RETRANSMIT_data]
1341056911.561100	[TX]
1341056912.043530	[RX]
1341056912.304445	[TX]
1341056912.412529	[RX]
1341056912.602636	[TRANSMISSION COMPLETE: Closing in 10 seconds]
1341056912.603145	[exit]
1341056924.137606	[put]
1341056924.337887	[TX]
1341056924.464705	[RX]
1341056929.265869	[RETRANSMIT_data]
1341056929.466048	[TX]
1341056929.583377	[RX]
1341056934.393996	[RETRANSMIT_data]
1341056934.594175	[TX]
1341056934.714879	[RX]
1341056935.080350	[TX]
1341056935.558353	[RX]
1341056938.008369	[RETRANSMIT_data]
1341056938.208555	[TX]
1341056938.684598	[RX]
1341056941.136489	[RETRANSMIT_data]
1341056941.336684	[TX]
1341056941.816711	[RX]
1341056946.264625	[RETRANSMIT_data]
1341056946.464873	[TX]
1341056946.949170	[RX]
1341056951.392761	[RETRANSMIT_data]
1341056951.593048	[TX]
1341056952.075995	[RX]
1341056952.336442	[TX]
1341056952.818358	[RX]
1341056957.264358	[RETRANSMIT_data]
1341056957.464544	[TX]
1341056957.939557	[RX]
1341056958.208896	[TX]
1341056958.687777	[RX]
1341056961.136796	[RETRANSMIT_data]
1341056961.337032	[TX]
1341056961.809941	[RX]
1341056964.208203	[TX]
1341056964.683776	[RX]
1341056967.336550	[TX]
1341056967.812288	[RX]
1341056968.080971	[TX]
1341056968.559393	[RX]
1341056968.824110	[TX]
1341056969.297647	[RX]
1341056972.752121	[RETRANSMIT_data]
1341056972.952313	[TX]
1341056973.425335	[RX]
1341056974.824630	[TX]
1341056975.305827	[RX]
1341056977.752659	[RETRANSMIT_data]
1341056977.952795	[TX]
1341056978.425952	[RX]
1341056978.696487	[TX]
1341056979.166982	[RX]
1341056982.624485	[RETRANSMIT_data]
1341056982.824685	[TX]
1341056983.298564	[RX]
1341056984.696197	[TX]
1341056985.171534	[RX]
1341056988.624183	[RETRANSMIT_data]
1341056988.824848	[TX]
1341056989.303005	[RX]
1341056991.752751	[RETRANSMIT_data]
1341056991.952996	[TX]
1341056992.424334	[RX]
1341056992.953128	[TX]
1341056993.423599	[RX]
1341056995.881148	[RETRANSMIT_data]
1341056996.081343	[TX]
1341056996.568329	[RX]
1341056996.828808	[TX]
1341056997.310912	[RX]
1341056997.577018	[TX]
1341056998.054311	[RX]
1341057001.505009	[RETRANSMIT_data]
1341057001.705176	[TX]
1341057002.178541	[RX]
1341057003.578502	[TX]
1341057004.056488	[RX]
1341057007.506491	[RETRANSMIT_data]
1341057007.706670	[TX]
1341057008.182071	[RX]
1341057008.706765	[TX]
1341057009.181844	[RX]
1341057009.449089	[TX]
1341057009.924695	[RX]
1341057010.192314	[TX]
1341057010.669469	[RX]
1341057014.120305	[RETRANSMIT_data]
1341057014.320483	[TX]
1341057014.798827	[RX]
1341057016.192651	[TX]
1341057016.665332	[RX]
1341057019.320457	[TX]
1341057019.801660	[RX]
1341057024.448327	[TX]
1341057024.922911	[RX]
1341057027.578017	[TX]
1341057028.061331	[RX]
1341057028.320207	[TX]
1341057028.795832	[RX]
1341057031.248182	[RETRANSMIT_data]
1341057031.448322	[TX]
1341057031.932833	[RX]
1341057034.320647	[TX]
1341057034.791958	[RX]
1341057037.248603	[RETRANSMIT_data]
1341057037.449150	[TX]
1341057037.920674	[RX]
1341057040.377095	[RETRANSMIT_data]
1341057040.577301	[TX]
1341057041.057019	[RX]
1341057042.576645	[TX]
1341057043.053497	[RX]
1341057045.706293	[TX]
1341057046.179094	[RX]
1341057049.833580	[TX]
1341057050.303329	[RX]
1341057052.962223	[TX]
1341057053.445818	[RX]
1341057053.704410	[TX]
1341057054.189292	[RX]
1341057058.632377	[RETRANSMIT_data]
1341057058.832560	[TX]
1341057059.307243	[RX]
1341057059.704741	[TX]
1341057060.175500	[RX]
1341057063.632719	[RETRANSMIT_data]
1341057063.832905	[TX]
1341057064.304029	[RX]
1341057064.833073	[TX]
1341057065.307972	[RX]
1341057065.577378	[TX]
1341057066.047126	[RX]
1341057068.505381	[RETRANSMIT_data]
1341057068.705559	[TX]
1341057069.181718	[RX]
1341057071.577710	[TX]
1341057072.058161	[RX]
1341057075.505707	[RETRANSMIT_data]
1341057075.706172	[TX]
1341057076.175239	[RX]
1341057079.833437	[TX]
1341057080.308884	[RX]
1341057083.761402	[RETRANSMIT_data]
1341057083.961890	[TX]
1341057084.439350	[RX]
1341057087.889867	[RETRANSMIT_data]
1341057088.090062	[TX]
1341057088.569065	[RX]
1341057089.090344	[TX]
1341057089.566183	[RX]
1341057094.217820	[TX]
1341057094.701172	[RX]
1341057097.145805	[RETRANSMIT_data]
1341057097.346282	[TX]
1341057097.822760	[RX]
1341057100.274233	[RETRANSMIT_data]
1341057100.474818	[TX]
1341057100.949715	[RX]
1341057104.603371	[TX]
1341057105.080711	[RX]
1341057107.531361	[RETRANSMIT_data]
1341057107.731546	[TX]
1341057108.210045	[RX]
1341057112.659398	[RETRANSMIT_data]
1341057112.859544	[TX]
1341057113.336662	[RX]
1341057116.787519	[RETRANSMIT_data]
1341057116.987698	[TX]
1341057117.464001	[RX]
1341057120.915645	[RETRANSMIT_data]
1341057121.115845	[TX]
1341057121.588719	[RX]
1341057126.043773	[RETRANSMIT_data]
1341057126.243964	[TX]
1341057126.722564	[RX]
1341057129.171911	[RETRANSMIT_data]
1341057129.372099	[TX]
1341057129.842144	[RX]
1341057134.300041	[RETRANSMIT_data]
1341057134.500230	[TX]
1341057134.972005	[RX]
1341057137.428143	[RETRANSMIT_data]
1341057137.628320	[TX]
1341057138.107451	[RX]
1341057140.556271	[RETRANSMIT_data]
1341057140.756455	[TX]
1341057141.231096	[RX]
1341057144.684942	[exit]
1341057162.895066	[put]
1341057163.095360	[TX]
1341057163.216809	[RX]
1341057169.023312	[RETRANSMIT_data]
1341057169.223547	[TX]
1341057169.349903	[RX]
1341057172.151396	[RETRANSMIT_data]
1341057172.351587	[TX]
1341057172.464843	[RX]
1341057176.279496	[RETRANSMIT_data]
1341057176.479652	[TX]
1341057176.606459	[RX]
1341057181.407574	[RETRANSMIT_data]
1341057181.607726	[TX]
1341057181.733073	[RX]
1341057184.535647	[RETRANSMIT_data]
1341057184.735820	[TX]
1341057184.861419	[RX]
1341057187.663722	[RETRANSMIT_data]
1341057187.863882	[TX]
1341057187.977144	[RX]
1341057191.791803	[RETRANSMIT_data]
1341057191.991954	[TX]
1341057192.117097	[RX]
1341057196.920025	[RETRANSMIT_data]
1341057197.120168	[TX]
1341057197.243093	[RX]
1341057201.048132	[RETRANSMIT_data]
1341057201.248335	[TX]
1341057201.365003	[RX]
1341057206.176749	[exit]
1341057219.471755	[put]
1341057219.672032	[TX]
1341057219.797648	[RX]
1341057223.600146	[RETRANSMIT_data]
1341057223.800324	[TX]
1341057223.926519	[RX]
1341057226.728320	[RETRANSMIT_data]
1341057226.928509	[TX]
1341057227.049090	[RX]
1341057227.418026	[TX]
1341057227.902745	[RX]
1341057228.162233	[TX]
1341057228.646756	[RX]
1341057232.090201	[RETRANSMIT_data]
1341057232.290395	[TX]
1341057232.768085	[RX]
1341057233.033962	[TX]
1341057233.513659	[RX]
1341057233.778223	[TX]
1341057234.260721	[RX]
1341057234.521366	[TX]
1341057234.997107	[RX]
1341057235.265743	[TX]
1341057235.743288	[RX]
1341057236.010132	[TX]
1341057236.492250	[RX]
1341057236.754266	[TX]
1341057237.230828	[RX]
1341057237.497736	[TX]
1341057237.780983	[RX]
1341057242.425743	[RETRANSMIT_data]
1341057242.625934	[TX]
1341057243.104525	[RX]
1341057243.370102	[TX]
1341057243.844775	[RX]
1341057244.113428	[TX]
1341057244.590635	[RX]
1341057247.041408	[RETRANSMIT_data]
1341057247.241561	[TX]
1341057247.717028	[RX]
1341057250.113722	[TX]
1341057250.588887	[RX]
1341057255.041784	[RETRANSMIT_data]
1341057255.241928	[TX]
1341057255.718195	[RX]
1341057259.169879	[RETRANSMIT_data]
1341057259.370054	[TX]
1341057259.850050	[RX]
1341057260.370181	[TX]
1341057260.853137	[RX]
1341057264.298142	[RETRANSMIT_data]
1341057264.498626	[TX]
1341057264.973406	[RX]
1341057269.626663	[TX]
1341057270.102578	[RX]
1341057273.554681	[RETRANSMIT_data]
1341057273.759087	[TX]
1341057274.240670	[RX]
1341057274.755218	[TX]
1341057275.229968	[RX]
1341057277.683174	[RETRANSMIT_data]
1341057277.883355	[TX]
1341057278.368042	[RX]
1341057280.811305	[RETRANSMIT_data]
1341057281.011477	[TX]
1341057281.494644	[RX]
1341057285.011510	[TX]
1341057285.491714	[RX]
1341057289.139000	[TX]
1341057289.609344	[RX]
1341057293.067009	[RETRANSMIT_data]
1341057293.267203	[TX]
1341057293.752041	[RX]
1341057298.195164	[RETRANSMIT_data]
1341057298.395360	[TX]
1341057298.864131	[RX]
1341057302.323301	[RETRANSMIT_data]
1341057302.523496	[TX]
1341057302.992357	[RX]
1341057306.451414	[RETRANSMIT_data]
1341057306.651620	[TX]
1341057307.126469	[RX]
1341057310.579559	[RETRANSMIT_data]
1341057310.779776	[TX]
1341057311.254785	[RX]
1341057313.707723	[RETRANSMIT_data]
1341057313.907917	[TX]
1341057314.379255	[RX]
1341057316.835893	[RETRANSMIT_data]
1341057317.036105	[TX]
1341057317.513561	[RX]
1341057319.964069	[RETRANSMIT_data]
1341057320.164262	[TX]
1341057320.638060	[RX]
1341057324.092163	[RETRANSMIT_data]
1341057324.292341	[TX]
1341057324.773683	[RX]
1341057329.220842	[exit]
1341057349.342003	[put]
1341057349.542371	[TX]
1341057349.656531	[RX]
1341057350.030608	[TX]
1341057350.506011	[RX]
1341057353.958625	[RETRANSMIT_data]
1341057354.158818	[TX]
1341057354.635247	[RX]
1341057358.086798	[RETRANSMIT_data]
1341057358.286996	[TX]
1341057358.763563	[RX]
1341057362.214905	[RETRANSMIT_data]
1341057362.415096	[TX]
1341057362.899327	[RX]
1341057365.343046	[RETRANSMIT_data]
1341057365.543242	[TX]
1341057366.017281	[RX]
1341057370.471152	[RETRANSMIT_data]
1341057370.671347	[TX]
1341057371.156377	[RX]
1341057375.599253	[RETRANSMIT_data]
1341057375.799449	[TX]
1341057376.272603	[RX]
1341057380.727353	[RETRANSMIT_data]
1341057380.927537	[TX]
1341057381.396447	[RX]
1341057384.855479	[RETRANSMIT_data]
1341057385.055685	[TX]
1341057385.533023	[RX]
1341057389.983549	[RETRANSMIT_data]
1341057390.183704	[TX]
1341057390.658277	[RX]
1341057395.112212	[exit]
1341057423.862116	[put]
1341057424.062393	[TX]
1341057424.185017	[RX]
1341057428.990382	[RETRANSMIT_data]
1341057429.190541	[TX]
1341057429.314806	[RX]
1341057432.118405	[RETRANSMIT_data]
1341057432.318554	[TX]
1341057432.433441	[RX]
1341057435.246489	[RETRANSMIT_data]
1341057435.446632	[TX]
1341057435.570891	[RX]
1341057439.374601	[RETRANSMIT_data]
1341057439.574751	[TX]
1341057439.691476	[RX]
1341057443.502673	[RETRANSMIT_data]
1341057443.702908	[TX]
1341057443.822042	[RX]
1341057448.630761	[RETRANSMIT_data]
1341057448.830921	[TX]
1341057448.951616	[RX]
1341057453.758829	[RETRANSMIT_data]
1341057453.959007	[TX]
1341057454.085007	[RX]
1341057457.886905	[RETRANSMIT_data]
1341057458.087082	[TX]
1341057458.206136	[RX]
1341057463.015004	[RETRANSMIT_data]
1341057463.215155	[TX]
1341057463.335666	[RX]
1341057468.143541	[exit]
1341057527.797009	[put]
1341057527.997264	[TX]
1341057528.121914	[RX]
1341057528.483186	[TX]
1341057528.967903	[RX]
1341057529.227447	[TX]
1341057529.700947	[RX]
1341057533.155414	[RETRANSMIT_data]
1341057533.355636	[TX]
1341057533.841030	[RX]
1341057534.099204	[TX]
1341057534.572243	[RX]
1341057534.843400	[TX]
1341057535.319016	[RX]
1341057535.587666	[TX]
1341057536.071887	[RX]
1341057536.331000	[TX]
1341057536.802718	[RX]
1341057537.075259	[TX]
1341057537.550995	[RX]
1341057537.819419	[TX]
1341057538.294614	[RX]
1341057538.563700	[TX]
1341057539.039733	[RX]
1341057539.306797	[TX]
1341057539.780955	[RX]
1341057540.051240	[TX]
1341057540.524413	[RX]
1341057540.795457	[TX]
1341057541.269946	[RX]
1341057541.539853	[TX]
1341057542.020563	[RX]
1341057542.283078	[TX]
1341057542.767944	[RX]
1341057543.027210	[TX]
1341057543.502183	[RX]
1341057543.771524	[TX]
1341057544.241079	[RX]
1341057544.515789	[TX]
1341057544.625592	[RX]
1341057544.818172	[TRANSMISSION COMPLETE: Closing in 10 seconds]
1341057544.818489	[exit]
1341057552.244920	[put]
1341057552.445175	[TX]
1341057552.565908	[RX]
1341057558.373285	[RETRANSMIT_data]
1341057558.573436	[TX]
1341057558.697835	[RX]
1341057559.059000	[TX]
1341057559.532451	[RX]
1341057559.803329	[TX]
1341057560.279468	[RX]
1341057560.547556	[TX]
1341057561.024224	[RX]
1341057561.291936	[TX]
1341057561.767554	[RX]
1341057562.035163	[TX]
1341057562.504381	[RX]
1341057562.779418	[TX]
1341057563.259570	[RX]
1341057563.523647	[TX]
1341057563.994568	[RX]
1341057564.267852	[TX]
1341057564.745820	[RX]
1341057565.011317	[TX]
1341057565.487841	[RX]
1341057565.755496	[TX]
1341057566.228399	[RX]
1341057566.499928	[TX]
1341057566.977910	[RX]
1341057567.243180	[TX]
1341057567.723776	[RX]
1341057567.987360	[TX]
1341057568.461924	[RX]
1341057568.731792	[TX]
1341057569.209123	[RX]
1341057573.659773	[RETRANSMIT_data]
1341057573.859923	[TX]
1341057574.328448	[RX]
1341057574.603172	[TX]
1341057575.077369	[RX]
1341057575.347461	[TX]
1341057575.823037	[RX]
1341057578.275468	[RETRANSMIT_data]
1341057578.475654	[TX]
1341057578.948087	[RX]
1341057581.347985	[TX]
1341057581.826293	[RX]
1341057584.475578	[TX]
1341057584.960436	[RX]
1341057587.604052	[TX]
1341057588.079907	[RX]
1341057590.531990	[RETRANSMIT_data]
1341057590.732133	[TX]
1341057591.207832	[RX]
1341057593.660041	[RETRANSMIT_data]
1341057593.860486	[TX]
1341057594.337389	[RX]
1341057597.988664	[TX]
1341057598.464991	[RX]
1341057602.116996	[TX]
1341057602.592424	[RX]
1341057605.244728	[TX]
1341057605.719526	[RX]
1341057608.172654	[RETRANSMIT_data]
1341057608.372849	[TX]
1341057608.846229	[RX]
1341057609.373235	[TX]
1341057609.848135	[RX]
1341057612.301231	[RETRANSMIT_data]
1341057612.501425	[TX]
1341057612.980196	[RX]
1341057617.429374	[RETRANSMIT_data]
1341057617.629572	[TX]
1341057618.103007	[RX]
1341057622.557522	[RETRANSMIT_data]
1341057622.757707	[TX]
1341057623.233432	[RX]
1341057627.685641	[RETRANSMIT_data]
1341057627.885822	[TX]
1341057628.365508	[RX]
1341057631.813720	[RETRANSMIT_data]
1341057632.013898	[TX]
1341057632.484251	[RX]
1341057636.941851	[RETRANSMIT_data]
1341057637.142050	[TX]
1341057637.612203	[RX]
1341057640.069974	[RETRANSMIT_data]
1341057640.270149	[TX]
1341057640.768520	[RX]
1341057644.198090	[RETRANSMIT_data]
1341057644.398276	[TX]
1341057644.873263	[RX]
1341057649.326217	[RETRANSMIT_data]
1341057649.526410	[TX]
1341057650.003336	[RX]
1341057654.454776	[exit]
1341057677.932730	[put]
1341057678.133046	[TX]
1341057678.252496	[RX]
1341057684.061018	[RETRANSMIT_data]
1341057684.261201	[TX]
1341057684.386895	[RX]
1341057689.189094	[RETRANSMIT_data]
1341057689.389276	[TX]
1341057689.514888	[RX]
1341057692.317235	[RETRANSMIT_data]
1341057692.517386	[TX]
1341057692.632322	[RX]
1341057695.445317	[RETRANSMIT_data]
1341057695.645505	[TX]
1341057695.769555	[RX]
1341057700.573401	[RETRANSMIT_data]
1341057700.773579	[TX]
1341057700.892266	[RX]
1341057703.701482	[RETRANSMIT_data]
1341057703.901683	[TX]
1341057704.019541	[RX]
1341057708.829557	[RETRANSMIT_data]
1341057709.029718	[TX]
1341057709.144300	[RX]
1341057712.957635	[RETRANSMIT_data]
1341057713.157842	[TX]
1341057713.282044	[RX]
1341057717.085696	[RETRANSMIT_data]
1341057717.285839	[TX]
1341057717.410246	[RX]
1341057720.214031	[exit]
1341057733.923679	[put]
1341057734.123954	[TX]
1341057734.249873	[RX]
1341057739.051932	[RETRANSMIT_data]
1341057739.252086	[TX]
1341057739.380060	[RX]
1341057744.180001	[RETRANSMIT_data]
1341057744.380155	[TX]
1341057744.497295	[RX]
1341057747.308255	[RETRANSMIT_data]
1341057747.508435	[TX]
1341057747.634432	[RX]
1341057752.436395	[RETRANSMIT_data]
1341057752.636571	[TX]
1341057752.750134	[RX]
1341057757.564526	[RETRANSMIT_data]
1341057757.764695	[TX]
1341057757.877240	[RX]
1341057762.692618	[RETRANSMIT_data]
1341057762.892796	[TX]
1341057763.019699	[RX]
1341057767.820746	[RETRANSMIT_data]
1341057768.020970	[TX]
1341057768.141628	[RX]
1341057770.948875	[RETRANSMIT_data]
1341057771.149042	[TX]
1341057771.271180	[RX]
1341057776.076970	[RETRANSMIT_data]
1341057776.277148	[TX]
1341057776.401993	[RX]
1341057780.205493	[exit]
1341057791.251712	[put]
1341057791.452043	[TX]
1341057791.577361	[RX]
1341057796.380013	[RETRANSMIT_data]
1341057796.580246	[TX]
1341057796.701458	[RX]
1341057800.508139	[RETRANSMIT_data]
1341057800.708307	[TX]
1341057800.836216	[RX]
1341057805.636256	[RETRANSMIT_data]
1341057805.836427	[TX]
1341057805.962229	[RX]
1341057809.764377	[RETRANSMIT_data]
1341057809.964541	[TX]
1341057810.092757	[RX]
1341057814.892492	[RETRANSMIT_data]
1341057815.092666	[TX]
1341057815.205102	[RX]
1341057820.020630	[RETRANSMIT_data]
1341057820.220805	[TX]
1341057820.333258	[RX]
1341057823.148730	[RETRANSMIT_data]
1341057823.348897	[TX]
1341057823.473047	[RX]
1341057828.276867	[RETRANSMIT_data]
1341057828.477065	[TX]
1341057828.596621	[RX]
1341057833.404976	[RETRANSMIT_data]
1341057833.605151	[TX]
1341057833.733220	[RX]
1341057837.533626	[exit]
1341058748.916973	[put]
1341058749.169340	[TX]
1341058749.293400	[RX]
1341058749.660265	[TX]
1341058750.136430	[RX]
1341058750.403686	[TX]
1341058750.516596	[RX]
1341058750.702795	[TRANSMISSION COMPLETE: Closing in 10 seconds]
1341058750.703292	[exit]
1341058797.861419	[put]
1341058798.061690	[TX]
1341058798.181856	[RX]
1341058798.552237	[TX]
1341058799.029111	[RX]
1341058799.296372	[TX]
1341058799.409098	[RX]
1341058799.598870	[TRANSMISSION COMPLETE: Closing in 10 seconds]
1341058799.599446	[exit]
1341058815.261328	[put]
1341058815.461627	[TX]
1341058815.581459	[RX]
1341058815.952311	[TX]
1341058816.428651	[RX]
1341058816.696585	[TX]
1341058816.804606	[RX]
1341058816.998836	[TRANSMISSION COMPLETE: Closing in 10 seconds]
1341058816.999332	[exit]
1341058822.653264	[put]
1341058822.853536	[TX]
1341058822.979064	[RX]
1341058823.339918	[TX]
1341058823.817114	[RX]
1341058824.084042	[TX]
1341058824.195040	[RX]
1341058824.383422	[TRANSMISSION COMPLETE: Closing in 10 seconds]
1341058824.383902	[exit]
1341058828.533595	[put]
1341058828.733904	[TX]
1341058828.860749	[RX]
1341058829.220554	[TX]
1341058829.696384	[RX]
1341058832.148513	[RETRANSMIT_data]
1341058832.348721	[TX]
1341058832.826018	[RX]
1341058836.276660	[RETRANSMIT_data]
1341058836.476846	[TX]
1341058836.957579	[RX]
1341058840.404763	[RETRANSMIT_data]
1341058840.604931	[TX]
1341058841.076602	[RX]
1341058845.532888	[RETRANSMIT_data]
1341058845.733068	[TX]
1341058846.211971	[RX]
1341058848.661020	[RETRANSMIT_data]
1341058848.861202	[TX]
1341058849.341257	[RX]
1341058852.789148	[RETRANSMIT_data]
1341058852.989344	[TX]
1341058853.460618	[RX]
1341058855.917271	[RETRANSMIT_data]
1341058856.117452	[TX]
1341058856.596902	[RX]
1341058861.045367	[RETRANSMIT_data]
1341058861.245560	[TX]
1341058861.721156	[RX]
1341058864.173496	[RETRANSMIT_data]
1341058864.373673	[TX]
1341058864.846780	[RX]
1341058867.301907	[exit]
1341058874.973160	[put]
1341058875.173430	[TX]
1341058875.295602	[RX]
1341058875.660724	[TX]
1341058876.139647	[RX]
1341058876.404056	[TX]
1341058876.513352	[RX]
1341058876.703267	[TRANSMISSION COMPLETE: Closing in 10 seconds]
1341058876.703820	[exit]
1341058881.668845	[put]
1341058881.869117	[TX]
1341058881.993856	[RX]
1341058882.356411	[TX]
1341058882.831974	[RX]
1341058883.100565	[TX]
1341058883.209577	[RX]
1341058883.402884	[TRANSMISSION COMPLETE: Closing in 10 seconds]
1341058883.403251	[exit]
1341058910.157178	[put]
1341058910.357556	[TX]
1341058910.480521	[RX]
1341058910.845054	[TX]
1341058911.327331	[RX]
1341058911.588296	[TX]
1341058911.702822	[RX]
1341058911.887542	[TRANSMISSION COMPLETE: Closing in 10 seconds]
1341058911.887914	[exit]
1341058929.844618	[put]
1341058930.044891	[TX]
1341058930.169436	[RX]
1341058930.532301	[TX]
1341058931.005335	[RX]
1341058931.276504	[TX]
1341058931.382811	[RX]
1341058931.575794	[TRANSMISSION COMPLETE: Closing in 10 seconds]
1341058931.576133	[exit]
1341058948.964753	[put]
1341058949.165036	[TX]
1341058949.288058	[RX]
1341058949.653093	[TX]
1341058950.130824	[RX]
1341058950.397280	[TX]
1341058950.507188	[RX]
1341058950.699553	[TRANSMISSION COMPLETE: Closing in 10 seconds]
1341058950.700184	[exit]
1341058973.852844	[put]
1341058974.053122	[TX]
1341058974.172587	[RX]
1341058974.540700	[TX]
1341058975.018481	[RX]
1341058975.284941	[TX]
1341058975.391119	[RX]
1341058975.587151	[TRANSMISSION COMPLETE: Closing in 10 seconds]
1341058975.587615	[exit]
1341059031.924410	[put]
1341059032.124699	[TX]
1341059032.246771	[RX]
1341059032.613006	[TX]
1341059033.089744	[RX]
1341059033.357307	[TX]
1341059033.469009	[RX]
1341059033.659514	[TRANSMISSION COMPLETE: Closing in 10 seconds]
1341059033.659968	[exit]
1341059086.948446	[put]
1341059087.148746	[TX]
1341059087.277367	[RX]
1341059087.637542	[TX]
1341059088.118342	[RX]
1341059088.381699	[TX]
1341059088.493841	[RX]
1341059088.683977	[TRANSMISSION COMPLETE: Closing in 10 seconds]
1341059088.684420	[exit]
1341059134.130496	[put]
1341059134.330777	[TX]
1341059134.447844	[RX]
1341059134.817885	[TX]
1341059135.287638	[RX]
1341059135.561154	[TX]
1341059135.668422	[RX]
1341059135.860397	[TRANSMISSION COMPLETE: Closing in 10 seconds]
1341059135.861038	[exit]
1341059174.083065	[put]
1341059174.283341	[TX]
1341059174.408389	[RX]
1341059174.773588	[TX]
1341059175.250368	[RX]
1341059175.518042	[TX]
1341059175.631492	[RX]
1341059175.820240	[TRANSMISSION COMPLETE: Closing in 10 seconds]
1341059175.820580	[exit]
1341059211.842481	[put]
1341059212.042749	[TX]
1341059212.163337	[RX]
1341059212.529749	[TX]
1341059213.004147	[RX]
1341059213.273796	[TX]
1341059213.387997	[RX]
1341059213.573072	[TRANSMISSION COMPLETE: Closing in 10 seconds]
1341059213.573559	[exit]
1341059245.610856	[put]
1341059245.811145	[TX]
1341059245.937319	[RX]
1341059246.298269	[TX]
1341059246.772845	[RX]
1341059247.042414	[TX]
1341059247.148703	[RX]
1341059247.344582	[TRANSMISSION COMPLETE: Closing in 10 seconds]
1341059247.344950	[exit]
1341059280.051133	[put]
1341059280.251403	[TX]
1341059280.376302	[RX]
1341059280.738582	[TX]
1341059281.213421	[RX]
1341059281.481786	[TX]
1341059281.588030	[RX]
1341059281.781097	[TRANSMISSION COMPLETE: Closing in 10 seconds]
1341059281.781472	[exit]
1341059578.520517	[put]
1341059578.720827	[TX]
1341059578.846628	[RX]
1341059579.207302	[TX]
1341059579.676721	[RX]
1341059579.951579	[TX]
1341059580.061053	[RX]
1341059580.250856	[TRANSMISSION COMPLETE: Closing in 10 seconds]
1341059580.251178	[exit]
1341059619.968300	[put]
1341059620.168570	[TX]
1341059620.288200	[RX]
1341059620.656097	[TX]
1341059621.156157	[RX]
1341059621.419434	[TX]
1341059621.537444	[RX]
1341059621.718684	[TRANSMISSION COMPLETE: Closing in 10 seconds]
1341059621.719067	[exit]
1341059740.175243	[put]
1341059740.375525	[TX]
1341059740.495180	[RX]
1341059740.864109	[TX]
1341059741.344388	[RX]
1341059741.607278	[TX]
1341059741.716512	[RX]
1341059741.907732	[TRANSMISSION COMPLETE: Closing in 10 seconds]
1341059741.908105	[exit]
1341059798.047450	[put]
1341059798.247800	[TX]
1341059798.368622	[RX]
1341059798.740369	[TX]
1341059799.219866	[RX]
1341059799.483655	[TX]
1341059799.592973	[RX]
1341059799.783763	[TRANSMISSION COMPLETE: Closing in 10 seconds]
1341059799.784231	[exit]
1341059866.662572	[put]
1341059866.863086	[TX]
1341059866.978634	[RX]
1341059867.372326	[TX]
1341059867.843110	[RX]
1341059868.116404	[TX]
1341059868.595505	[RX]
1341059868.860564	[TX]
1341059869.337140	[RX]
1341059869.603841	[TX]
1341059870.081383	[RX]
1341059870.348219	[TX]
1341059870.824556	[RX]
1341059871.092288	[TX]
1341059871.566112	[RX]
1341059871.836513	[TX]
1341059872.313561	[RX]
1341059872.579841	[TX]
1341059873.054616	[RX]
1341059873.324130	[TX]
1341059873.792750	[RX]
1341059874.068314	[TX]
1341059874.540565	[RX]
1341059874.812420	[TX]
1341059875.288516	[RX]
1341059875.555574	[TX]
1341059876.038783	[RX]
1341059876.299853	[TX]
1341059876.778057	[RX]
1341059877.044166	[TX]
1341059877.514085	[RX]
1341059877.788427	[TX]
1341059878.258972	[RX]
1341059878.531662	[TX]
1341059879.013573	[RX]
1341059879.275887	[TX]
1341059879.388233	[RX]
1341059879.575139	[TRANSMISSION COMPLETE: Closing in 10 seconds]
1341059879.575550	[exit]
1341059897.070396	[put]
1341059897.270664	[TX]
1341059897.387997	[RX]
1341059897.757698	[TX]
1341059898.238623	[RX]
1341059898.500078	[TX]
1341059898.976700	[RX]
1341059899.244207	[TX]
1341059899.720414	[RX]
1341059899.988422	[TX]
1341059900.463300	[RX]
1341059900.732486	[TX]
1341059901.217165	[RX]
1341059901.476003	[TX]
1341059901.955549	[RX]
1341059902.220134	[TX]
1341059902.702346	[RX]
1341059902.964604	[TX]
1341059903.438279	[RX]
1341059903.708784	[TX]
1341059904.182194	[RX]
1341059904.451973	[TX]
1341059904.930108	[RX]
1341059905.196273	[TX]
1341059905.671644	[RX]
1341059905.940502	[TX]
1341059906.419988	[RX]
1341059906.684764	[TX]
1341059906.964674	[RX]
1341059909.612784	[RETRANSMIT_data]
1341059909.812964	[TX]
1341059910.286737	[RX]
1341059912.685399	[TX]
1341059913.156334	[RX]
1341059913.428701	[TX]
1341059913.908332	[RX]
1341059914.171946	[TX]
1341059914.648518	[RX]
1341059914.916170	[TX]
1341059915.399890	[RX]
1341059915.660454	[TX]
1341059915.769760	[RX]
1341059915.958780	[TRANSMISSION COMPLETE: Closing in 10 seconds]
1341059915.959125	[exit]
1341059923.646039	[put]
1341059923.846284	[TX]
1341059923.967256	[RX]
1341059924.333161	[TX]
1341059924.803586	[RX]
1341059925.076372	[TX]
1341059925.551967	[RX]
1341059925.820775	[TX]
1341059926.296053	[RX]
1341059926.564968	[TX]
1341059927.041340	[RX]
1341059927.308040	[TX]
1341059927.787207	[RX]
1341059928.052292	[TX]
1341059928.528877	[RX]
1341059928.796692	[TX]
1341059929.274179	[RX]
1341059929.540796	[TX]
1341059930.010309	[RX]
1341059930.284078	[TX]
1341059930.759898	[RX]
1341059931.028509	[TX]
1341059931.507844	[RX]
1341059931.772725	[TX]
1341059932.247457	[RX]
1341059932.516876	[TX]
1341059932.990416	[RX]
1341059933.260175	[TX]
1341059933.736300	[RX]
1341059934.004416	[TX]
1341059934.473766	[RX]
1341059934.748593	[TX]
1341059935.217795	[RX]
1341059935.492844	[TX]
1341059935.967056	[RX]
1341059936.236177	[TX]
1341059936.342542	[RX]
1341059936.535295	[TRANSMISSION COMPLETE: Closing in 10 seconds]
1341059936.535784	[exit]
1341059942.149385	[put]
1341059942.349676	[TX]
1341059942.472390	[RX]
1341059942.837818	[TX]
1341059943.310487	[RX]
1341059943.580978	[TX]
1341059944.055501	[RX]
1341059944.324248	[TX]
1341059944.798620	[RX]
1341059945.068677	[TX]
1341059945.344624	[RX]
1341059947.996659	[RETRANSMIT_data]
1341059948.196845	[TX]
1341059948.673151	[RX]
1341059948.941127	[TX]
1341059949.416206	[RX]
1341059949.684347	[TX]
1341059950.154787	[RX]
1341059950.428769	[TX]
1341059950.910717	[RX]
1341059951.172973	[TX]
1341059951.650028	[RX]
1341059951.917226	[TX]
1341059952.398013	[RX]
1341059952.660326	[TX]
1341059953.137257	[RX]
1341059953.404761	[TX]
1341059953.889068	[RX]
1341059954.148734	[TX]
1341059954.630238	[RX]
1341059954.893008	[TX]
1341059955.375872	[RX]
1341059955.636273	[TX]
1341059956.113532	[RX]
1341059956.380488	[TX]
1341059956.857455	[RX]
1341059957.124814	[TX]
1341059957.598588	[RX]
1341059957.868979	[TX]
1341059957.977631	[RX]
1341059958.167173	[TRANSMISSION COMPLETE: Closing in 10 seconds]
1341059958.167635	[exit]
1341059965.972934	[put]
1341059966.173175	[TX]
1341059966.292874	[RX]
1341059966.661684	[TX]
1341059967.143795	[RX]
1341059967.404919	[TX]
1341059967.881663	[RX]
1341059968.149242	[TX]
1341059968.625378	[RX]
1341059968.892472	[TX]
1341059969.368936	[RX]
1341059969.636361	[TX]
1341059970.118461	[RX]
1341059970.380564	[TX]
1341059970.853934	[RX]
1341059971.125073	[TX]
1341059971.601413	[RX]
1341059971.869012	[TX]
1341059972.351132	[RX]
1341059972.612546	[TX]
1341059973.090434	[RX]
1341059973.356584	[TX]
1341059973.840499	[RX]
1341059974.100819	[TX]
1341059974.575363	[RX]
1341059974.845218	[TX]
1341059975.321357	[RX]
1341059975.588211	[TX]
1341059976.067097	[RX]
1341059976.332409	[TX]
1341059976.810634	[RX]
1341059977.076755	[TX]
1341059977.551364	[RX]
1341059977.821018	[TX]
1341059978.301778	[RX]
1341059978.565148	[TX]
1341059978.671351	[RX]
1341059978.863332	[TRANSMISSION COMPLETE: Closing in 10 seconds]
1341059978.863739	[exit]
1341059986.332867	[put]
1341059986.533106	[TX]
1341059986.649265	[RX]
1341059987.021405	[TX]
1341059987.501251	[RX]
1341059987.764709	[TX]
1341059988.240312	[RX]
1341059988.509092	[TX]
1341059988.988461	[RX]
1341059989.253199	[TX]
1341059989.724588	[RX]
1341059989.996593	[TX]
1341059990.473164	[RX]
1341059990.740748	[TX]
1341059991.217164	[RX]
1341059991.485056	[TX]
1341059991.969496	[RX]
1341059992.229319	[TX]
1341059992.705169	[RX]
1341059992.972586	[TX]
1341059993.448517	[RX]
1341059993.716803	[TX]
1341059994.201625	[RX]
1341059994.460838	[TX]
1341059994.944655	[RX]
1341059995.205137	[TX]
1341059995.679407	[RX]
1341059995.948394	[TX]
1341059996.419478	[RX]
1341059996.692335	[TX]
1341059997.176490	[RX]
1341059997.436728	[TX]
1341059997.913225	[RX]
1341059998.180933	[TX]
1341059998.658042	[RX]
1341059998.925131	[TX]
1341059999.035599	[RX]
1341059999.223468	[TRANSMISSION COMPLETE: Closing in 10 seconds]
1341059999.223852	[exit]
1341060009.004437	[put]
1341060009.204781	[TX]
1341060009.331133	[RX]
1341060009.694028	[TX]
1341060010.175149	[RX]
1341060010.437238	[TX]
1341060010.917982	[RX]
1341060011.181553	[TX]
1341060011.658913	[RX]
1341060011.924741	[TX]
1341060012.403820	[RX]
1341060012.669158	[TX]
1341060013.149399	[RX]
1341060013.413329	[TX]
1341060013.897029	[RX]
1341060014.156690	[TX]
1341060014.630627	[RX]
1341060014.900821	[TX]
1341060015.370455	[RX]
1341060015.645145	[TX]
1341060016.121538	[RX]
1341060016.389358	[TX]
1341060016.863124	[RX]
1341060017.132636	[TX]
1341060017.615787	[RX]
1341060017.876768	[TX]
1341060018.351558	[RX]
1341060018.621055	[TX]
1341060019.097062	[RX]
1341060019.365343	[TX]
1341060019.846870	[RX]
1341060020.108488	[TX]
1341060020.578673	[RX]
1341060020.852775	[TX]
1341060021.333485	[RX]
1341060021.597346	[TX]
1341060021.703581	[RX]
1341060021.895289	[TRANSMISSION COMPLETE: Closing in 10 seconds]
1341060021.895692	[exit]
1341060032.436679	[put]
1341060032.636927	[TX]
1341060032.751645	[RX]
1341060033.126159	[TX]
1341060033.601514	[RX]
1341060033.869367	[TX]
1341060034.352475	[RX]
1341060034.612661	[TX]
1341060035.093604	[RX]
1341060035.356849	[TX]
1341060035.830851	[RX]
1341060036.101110	[TX]
1341060036.581095	[RX]
1341060036.845132	[TX]
1341060037.323095	[RX]
1341060037.589401	[TX]
1341060038.059646	[RX]
1341060038.332611	[TX]
1341060038.808969	[RX]
1341060039.076971	[TX]
1341060039.556685	[RX]
1341060039.821058	[TX]
1341060040.296480	[RX]
1341060040.565239	[TX]
1341060041.039915	[RX]
1341060041.308722	[TX]
1341060041.782097	[RX]
1341060042.052856	[TX]
1341060042.528425	[RX]
1341060042.796972	[TX]
1341060043.281680	[RX]
1341060043.541167	[TX]
1341060044.015916	[RX]
1341060044.285553	[TX]
1341060044.762299	[RX]
1341060045.028806	[TX]
1341060045.138597	[RX]
1341060045.329064	[TRANSMISSION COMPLETE: Closing in 10 seconds]
1341060045.329688	[exit]
1341060052.713946	[put]
1341060052.914198	[TX]
1341060053.035061	[RX]
1341060053.402125	[TX]
1341060053.871879	[RX]
1341060054.145357	[TX]
1341060054.616415	[RX]
1341060054.889628	[TX]
1341060055.372309	[RX]
1341060055.632687	[TX]
1341060056.103233	[RX]
1341060056.376887	[TX]
1341060056.848419	[RX]
1341060057.121198	[TX]
1341060057.597181	[RX]
1341060057.865521	[TX]
1341060058.348042	[RX]
1341060058.609520	[TX]
1341060059.080589	[RX]
1341060059.352747	[TX]
1341060059.825203	[RX]
1341060060.097047	[TX]
1341060060.575258	[RX]
1341060060.841190	[TX]
1341060061.317797	[RX]
1341060061.585354	[TX]
1341060062.057424	[RX]
1341060062.329464	[TX]
1341060062.803704	[RX]
1341060063.072901	[TX]
1341060063.549028	[RX]
1341060063.816963	[TX]
1341060064.293224	[RX]
1341060064.561284	[TX]
1341060065.038091	[RX]
1341060065.305520	[TX]
1341060065.414710	[RX]
1341060065.603662	[TRANSMISSION COMPLETE: Closing in 10 seconds]
1341060065.604141	[exit]
1341060073.940943	[put]
1341060074.141207	[TX]
1341060074.257075	[RX]
1341060074.630652	[TX]
1341060075.102900	[RX]
1341060075.372740	[TX]
1341060075.856474	[RX]
1341060076.117093	[TX]
1341060076.585646	[RX]
1341060076.861142	[TX]
1341060077.339297	[RX]
1341060077.605281	[TX]
1341060078.083667	[RX]
1341060078.349524	[TX]
1341060078.833441	[RX]
1341060079.093763	[TX]
1341060079.562256	[RX]
1341060079.836861	[TX]
1341060080.044689	[RX]
1341060083.764861	[RETRANSMIT_data]
1341060083.965042	[TX]
1341060084.439334	[RX]
1341060085.838245	[TX]
1341060086.315484	[RX]
1341060086.581557	[TX]
1341060087.058097	[RX]
1341060087.325739	[TX]
1341060087.795284	[RX]
1341060088.069040	[TX]
1341060088.544385	[RX]
1341060088.813178	[TX]
1341060089.287947	[RX]
1341060089.557441	[TX]
1341060090.031086	[RX]
1341060090.301778	[TX]
1341060090.781685	[RX]
1341060091.044832	[TX]
1341060091.521940	[RX]
1341060091.790078	[TX]
1341060092.267774	[RX]
1341060092.533303	[TX]
1341060092.646212	[RX]
1341060092.831569	[TRANSMISSION COMPLETE: Closing in 10 seconds]
1341060092.832085	[exit]
1341060098.044754	[put]
1341060098.245016	[TX]
1341060098.369695	[RX]
1341060098.734615	[TX]
1341060099.212773	[RX]
1341060099.477667	[TX]
1341060099.954314	[RX]
1341060100.220969	[TX]
1341060100.699260	[RX]
1341060100.965190	[TX]
1341060101.440462	[RX]
1341060101.710415	[TX]
1341060102.187366	[RX]
1341060102.453614	[TX]
1341060102.922463	[RX]
1341060103.198014	[TX]
1341060103.672225	[RX]
1341060103.941024	[TX]
1341060104.422403	[RX]
1341060104.685400	[TX]
1341060105.163588	[RX]
1341060105.429615	[TX]
1341060105.913843	[RX]
1341060106.173698	[TX]
1341060106.643702	[RX]
1341060106.917014	[TX]
1341060107.399949	[RX]
1341060107.661231	[TX]
1341060108.138350	[RX]
1341060108.405405	[TX]
1341060108.881148	[RX]
1341060109.149632	[TX]
1341060109.630079	[RX]
1341060109.893813	[TX]
1341060110.377941	[RX]
1341060110.636912	[TX]
1341060110.748404	[RX]
1341060110.936170	[TRANSMISSION COMPLETE: Closing in 10 seconds]
1341060110.936581	[exit]
1341060119.668431	[put]
1341060119.868757	[TX]
1341060119.995004	[RX]
1341060120.354074	[TX]
1341060120.829411	[RX]
1341060121.097392	[TX]
1341060121.572172	[RX]
1341060121.841718	[TX]
1341060122.316990	[RX]
1341060122.585825	[TX]
1341060123.057993	[RX]
1341060123.328919	[TX]
1341060123.805047	[RX]
1341060124.073215	[TX]
1341060124.542261	[RX]
1341060124.817552	[TX]
1341060125.288072	[RX]
1341060125.561449	[TX]
1341060126.032850	[RX]
1341060126.305750	[TX]
1341060126.778470	[RX]
1341060127.049922	[TX]
1341060127.530118	[RX]
1341060127.793289	[TX]
1341060128.270365	[RX]
1341060128.537523	[TX]
1341060129.008107	[RX]
1341060129.281671	[TX]
1341060129.752321	[RX]
1341060130.025863	[TX]
1341060130.506579	[RX]
1341060130.769023	[TX]
1341060131.243314	[RX]
1341060131.513146	[TX]
1341060131.983164	[RX]
1341060132.257500	[TX]
1341060132.363557	[RX]
1341060132.557713	[TRANSMISSION COMPLETE: Closing in 10 seconds]
1341060132.558120	[exit]
1341060140.052166	[put]
1341060140.252446	[TX]
1341060140.371567	[RX]
1341060140.739150	[TX]
1341060141.212912	[RX]
1341060141.481231	[TX]
1341060141.952234	[RX]
1341060142.225556	[TX]
1341060142.701395	[RX]
1341060142.969711	[TX]
1341060143.444864	[RX]
1341060143.713944	[TX]
1341060144.193066	[RX]
1341060144.457664	[TX]
1341060144.935449	[RX]
1341060145.201533	[TX]
1341060145.684184	[RX]
1341060145.945753	[TX]
1341060146.424096	[RX]
1341060146.689928	[TX]
1341060147.166178	[RX]
1341060147.433194	[TX]
1341060147.902352	[RX]
1341060148.177399	[TX]
1341060148.651902	[RX]
1341060148.921646	[TX]
1341060149.401405	[RX]
1341060149.665792	[TX]
1341060150.140717	[RX]
1341060150.409873	[TX]
1341060150.881330	[RX]
1341060151.153224	[TX]
1341060151.632419	[RX]
1341060151.897487	[TX]
1341060152.370987	[RX]
1341060152.641576	[TX]
1341060152.750007	[RX]
1341060152.940688	[TRANSMISSION COMPLETE: Closing in 10 seconds]
1341060152.941174	[exit]
1341060165.268931	[put]
1341060165.469190	[TX]
1341060165.594492	[RX]
1341060165.958514	[TX]
1341060166.435161	[RX]
1341060166.701609	[TX]
1341060167.171545	[RX]
1341060167.445741	[TX]
1341060167.922286	[RX]
1341060168.190210	[TX]
1341060168.665407	[RX]
1341060168.933314	[TX]
1341060169.415888	[RX]
1341060169.677414	[TX]
1341060170.149998	[RX]
1341060170.421675	[TX]
1341060170.898006	[RX]
1341060171.165829	[TX]
1341060171.646762	[RX]
1341060171.910196	[TX]
1341060172.388953	[RX]
1341060172.653429	[TX]
1341060173.135547	[RX]
1341060173.397451	[TX]
1341060173.870771	[RX]
1341060174.141910	[TX]
1341060174.618296	[RX]
1341060174.886180	[TX]
1341060175.369990	[RX]
1341060175.629221	[TX]
1341060176.098822	[RX]
1341060176.373551	[TX]
1341060176.857595	[RX]
1341060177.117790	[TX]
1341060177.594294	[RX]
1341060177.861831	[TX]
1341060177.974263	[RX]
1341060178.160270	[TRANSMISSION COMPLETE: Closing in 10 seconds]
1341060178.160810	[exit]
1341060537.601910	[put]
1341060538.002146	[TX]
1341060538.153448	[RX]
1341060538.962446	[TX]
1341060539.918542	[RX]
1341060540.432834	[TX]
1341060540.546723	[RX]
1341060541.015503	[TRANSMISSION COMPLETE: Closing in 10 seconds]
1341060541.016022	[exit]
1341060547.370084	[put]
1341060547.770343	[TX]
1341060547.906214	[RX]
1341060548.729883	[TX]
1341060549.690113	[RX]
1341060550.201321	[TX]
1341060550.307316	[RX]
1341060550.783064	[TRANSMISSION COMPLETE: Closing in 10 seconds]
1341060550.783390	[exit]
1341060557.969779	[put]
1341060558.370045	[TX]
1341060558.516210	[RX]
1341060559.328862	[TX]
1341060560.279362	[RX]
1341060560.797532	[TX]
1341060560.903668	[RX]
1341060561.379142	[TRANSMISSION COMPLETE: Closing in 10 seconds]
1341060561.379632	[exit]
1341060565.785691	[put]
1341060566.185971	[TX]
1341060566.317712	[RX]
1341060567.142480	[TX]
1341060568.092986	[RX]
1341060568.612945	[TX]
1341060568.719112	[RX]
1341060569.194543	[TRANSMISSION COMPLETE: Closing in 10 seconds]
1341060569.194901	[exit]
1341060576.504435	[put]
1341060576.904782	[TX]
1341060577.048913	[RX]
1341060577.862721	[TX]
1341060578.800261	[RX]
1341060579.333207	[TX]
1341060579.449141	[RX]
1341060579.914697	[TRANSMISSION COMPLETE: Closing in 10 seconds]
1341060579.915202	[exit]
1341060585.711974	[put]
1341060586.112229	[TX]
1341060586.244446	[RX]
1341060587.070578	[TX]
1341060588.015791	[RX]
1341060588.541064	[TX]
1341060588.647326	[RX]
1341060589.122822	[TRANSMISSION COMPLETE: Closing in 10 seconds]
1341060589.123307	[exit]
1341060595.881099	[put]
1341060596.281384	[TX]
1341060596.427650	[RX]
1341060597.238530	[TX]
1341060598.192081	[RX]
1341060598.709067	[TX]
1341060598.827741	[RX]
1341060599.290732	[TRANSMISSION COMPLETE: Closing in 10 seconds]
1341060599.291239	[exit]
1341060606.001157	[put]
1341060606.401422	[TX]
1341060606.539636	[RX]
1341060607.358518	[TX]
1341060608.311994	[RX]
1341060608.829116	[TX]
1341060608.935159	[RX]
1341060609.410791	[TRANSMISSION COMPLETE: Closing in 10 seconds]
1341060609.411168	[exit]
1341060687.880546	[put]
1341060688.280861	[TX]
1341060688.416584	[RX]
1341060689.237494	[TX]
1341060690.192744	[RX]
1341060690.705888	[TX]
1341060690.827458	[RX]
1341060691.287293	[TRANSMISSION COMPLETE: Closing in 10 seconds]
1341060691.287628	[exit]
1341060704.529126	[put]
1341060704.929466	[TX]
1341060705.060904	[RX]
1341060705.886776	[TX]
1341060706.820708	[RX]
1341060707.354279	[TX]
1341060708.304667	[RX]
1341060708.821571	[TX]
1341060709.760932	[RX]
1341060710.290070	[TX]
1341060711.231284	[RX]
1341060711.757514	[TX]
1341060712.701901	[RX]
1341060713.226065	[TX]
1341060714.184730	[RX]
1341060714.693609	[TX]
1341060715.638814	[RX]
1341060716.162071	[TX]
1341060717.095809	[RX]
1341060717.629572	[TX]
1341060718.592923	[RX]
1341060719.098003	[TX]
1341060720.059258	[RX]
1341060720.565530	[TX]
1341060721.520578	[RX]
1341060722.033639	[TX]
1341060722.980544	[RX]
1341060723.502361	[TX]
1341060724.450716	[RX]
1341060724.969883	[TX]
1341060725.905579	[RX]
1341060726.438412	[TX]
1341060727.370119	[RX]
1341060727.905649	[TX]
1341060728.848953	[RX]
1341060729.374399	[TX]
1341060729.487295	[RX]
1341060729.955965	[TRANSMISSION COMPLETE: Closing in 10 seconds]
1341060729.956473	[exit]
1341060739.687868	[put]
1341060740.088157	[TX]
1341060740.221883	[RX]
1341060741.046674	[TX]
1341060741.985107	[RX]
1341060742.514074	[TX]
1341060743.457589	[RX]
1341060743.982300	[TX]
1341060744.930618	[RX]
1341060745.449988	[TX]
1341060746.393415	[RX]
1341060746.917649	[TX]
1341060747.879000	[RX]
1341060748.386231	[TX]
1341060749.336743	[RX]
1341060749.853583	[TX]
1341060750.798354	[RX]
1341060751.322082	[TX]
1341060752.265836	[RX]
1341060752.790569	[TX]
1341060753.740130	[RX]
1341060754.258049	[TX]
1341060755.212837	[RX]
1341060755.726532	[TX]
1341060756.677587	[RX]
1341060757.194052	[TX]
1341060758.135742	[RX]
1341060758.662533	[TX]
1341060759.598168	[RX]
1341060760.130142	[TX]
1341060761.082097	[RX]
1341060761.598485	[TX]
1341060762.541899	[RX]
1341060763.070107	[TX]
1341060764.021166	[RX]
1341060764.537744	[TX]
1341060764.656161	[RX]
1341060765.119444	[TRANSMISSION COMPLETE: Closing in 10 seconds]
1341060765.119981	[exit]
1341060771.856049	[put]
1341060772.256333	[TX]
1341060772.403002	[RX]
1341060773.214160	[TX]
1341060774.148870	[RX]
1341060774.682680	[TX]
1341060775.616975	[RX]
1341060776.150081	[TX]
1341060777.084323	[RX]
1341060777.618543	[TX]
1341060778.560741	[RX]
1341060779.085968	[TX]
1341060780.038915	[RX]
1341060780.554385	[TX]
1341060781.497733	[RX]
1341060782.021872	[TX]
1341060782.985147	[RX]
1341060783.490405	[TX]
1341060784.434546	[RX]
1341060784.957976	[TX]
1341060785.893839	[RX]
1341060786.426324	[TX]
1341060787.369528	[RX]
1341060787.893890	[TX]
1341060788.830191	[RX]
1341060789.362372	[TX]
1341060790.297883	[RX]
1341060790.830669	[TX]
1341060791.768157	[RX]
1341060792.298240	[TX]
1341060793.250337	[RX]
1341060793.766656	[TX]
1341060794.707818	[RX]
1341060795.239270	[TX]
1341060796.189780	[RX]
1341060796.709791	[TX]
1341060796.833016	[RX]
1341060797.292500	[TRANSMISSION COMPLETE: Closing in 10 seconds]
1341060797.293066	[exit]
1341060802.752068	[put]
1341060803.152316	[TX]
1341060803.298905	[RX]
1341060804.110322	[TX]
1341060805.060179	[RX]
1341060805.578590	[TX]
1341060806.525920	[RX]
1341060807.046248	[TX]
1341060807.981204	[RX]
1341060808.514675	[TX]
1341060809.457945	[RX]
1341060809.982092	[TX]
1341060810.930345	[RX]
1341060811.450457	[TX]
1341060812.399878	[RX]
1341060812.918040	[TX]
1341060813.869551	[RX]
1341060814.386520	[TX]
1341060815.332868	[RX]
1341060815.854011	[TX]
1341060816.806024	[RX]
1341060817.322223	[TX]
1341060818.265407	[RX]
1341060818.789813	[TX]
1341060819.728755	[RX]
1341060820.258484	[TX]
1341060821.193024	[RX]
1341060821.726108	[TX]
1341060822.667656	[RX]
1341060823.194404	[TX]
1341060824.141703	[RX]
1341060824.662963	[TX]
1341060825.604208	[RX]
1341060826.134436	[TX]
1341060827.087029	[RX]
1341060827.602920	[TX]
1341060827.710475	[RX]
1341060828.184494	[TRANSMISSION COMPLETE: Closing in 10 seconds]
1341060828.184914	[exit]
1341060834.119850	[put]
1341060834.520108	[TX]
1341060834.656822	[RX]
1341060835.475805	[TX]
1341060836.411393	[RX]
1341060836.946228	[TX]
1341060837.880990	[RX]
1341060838.414756	[TX]
1341060839.356969	[RX]
1341060839.882539	[TX]
1341060840.825707	[RX]
1341060841.350812	[TX]
1341060842.282596	[RX]
1341060842.818201	[TX]
1341060843.236668	[RX]
1341060845.546210	[RETRANSMIT_data]
1341060845.946358	[TX]
1341060846.901866	[RX]
1341060848.818683	[TX]
1341060849.752679	[RX]
1341060850.286506	[TX]
1341060851.243640	[RX]
1341060851.754924	[TX]
1341060852.692317	[RX]
1341060853.222279	[TX]
1341060854.166268	[RX]
1341060854.690850	[TX]
1341060855.634670	[RX]
1341060856.158598	[TX]
1341060857.114421	[RX]
1341060857.627158	[TX]
1341060858.571339	[RX]
1341060859.094741	[TX]
1341060860.047497	[RX]
1341060860.562253	[TX]
1341060861.522584	[RX]
1341060862.030717	[TX]
1341060862.976421	[RX]
1341060863.498102	[TX]
1341060864.437483	[RX]
1341060864.966798	[TX]
1341060865.076497	[RX]
1341060865.548290	[TRANSMISSION COMPLETE: Closing in 10 seconds]
1341060865.548784	[exit]
1341060870.031658	[put]
1341060870.431952	[TX]
1341060870.578874	[RX]
1341060871.386283	[TX]
1341060872.340370	[RX]
1341060872.854582	[TX]
1341060873.791503	[RX]
1341060874.322149	[TX]
1341060875.274551	[RX]
1341060875.790683	[TX]
1341060876.727244	[RX]
1341060877.258305	[TX]
1341060878.212784	[RX]
1341060878.726858	[TX]
1341060879.665979	[RX]
1341060880.194224	[TX]
1341060881.148263	[RX]
1341060881.662656	[TX]
1341060882.626241	[RX]
1341060883.131196	[TX]
1341060884.095058	[RX]
1341060884.598532	[TX]
1341060885.546438	[RX]
1341060886.067059	[TX]
1341060887.020103	[RX]
1341060887.534634	[TX]
1341060888.486066	[RX]
1341060889.003091	[TX]
1341060889.957190	[RX]
1341060890.470399	[TX]
1341060891.418404	[RX]
1341060891.938976	[TX]
1341060892.881142	[RX]
1341060893.406617	[TX]
1341060894.365799	[RX]
1341060894.874987	[TX]
1341060894.988352	[RX]
1341060895.456618	[TRANSMISSION COMPLETE: Closing in 10 seconds]
1341060895.457081	[exit]
1341060899.591671	[put]
1341060899.991899	[TX]
1341060900.133384	[RX]
1341060900.947261	[TX]
1341060901.900198	[RX]
1341060902.414696	[TX]
1341060903.355235	[RX]
1341060903.883059	[TX]
1341060904.837084	[RX]
1341060905.350631	[TX]
1341060906.313346	[RX]
1341060906.819097	[TX]
1341060907.779690	[RX]
1341060908.286675	[TX]
1341060909.245837	[RX]
1341060909.755140	[TX]
1341060910.703479	[RX]
1341060911.222552	[TX]
1341060912.181618	[RX]
1341060912.691143	[TX]
1341060913.634360	[RX]
1341060914.158539	[TX]
1341060915.093271	[RX]
1341060915.626991	[TX]
1341060916.558751	[RX]
1341060917.095289	[TX]
1341060918.046804	[RX]
1341060918.562735	[TX]
1341060919.505384	[RX]
1341060920.031321	[TX]
1341060920.984304	[RX]
1341060921.498734	[TX]
1341060922.446991	[RX]
1341060922.967170	[TX]
1341060923.911602	[RX]
1341060924.438624	[TX]
1341060924.544660	[RX]
1341060925.020296	[TRANSMISSION COMPLETE: Closing in 10 seconds]
1341060925.020760	[exit]
1341060936.831399	[put]
1341060937.231666	[TX]
1341060937.369573	[RX]
1341060938.187455	[TX]
1341060939.138365	[RX]
1341060939.654918	[TX]
1341060940.587681	[RX]
1341060941.123406	[TX]
1341060942.069290	[RX]
1341060942.594905	[TX]
1341060943.556242	[RX]
1341060944.063250	[TX]
1341060945.011092	[RX]
1341060945.531873	[TX]
1341060946.478782	[RX]
1341060947.003130	[TX]
1341060947.940726	[RX]
1341060948.470645	[TX]
1341060949.424658	[RX]
1341060949.939230	[TX]
1341060950.870919	[RX]
1341060951.406663	[TX]
1341060952.358512	[RX]
1341060952.875108	[TX]
1341060953.825116	[RX]
1341060954.342474	[TX]
1341060955.292336	[RX]
1341060955.811019	[TX]
1341060956.746996	[RX]
1341060957.279430	[TX]
1341060958.233025	[RX]
1341060958.746898	[TX]
1341060959.685849	[RX]
1341060960.215292	[TX]
1341060961.168195	[RX]
1341060961.682476	[TX]
1341060961.809602	[RX]
1341060962.265019	[TRANSMISSION COMPLETE: Closing in 10 seconds]
1341060962.265502	[exit]
