1342032315.285144	[TX->enabled]
1342032321.866186	[TX->]
1342032321.866234	[TX->enabled]
1342032322.153493	[RX->enabled]
1342032322.515748	[RX->]
1342032326.139717	[RX->]
1342032326.539975	[TX->]
1342032326.540036	[TX->enabled]
1342032326.826646	[RX->enabled]
1342032336.467715	[RX->]
1342032336.867998	[TX->]
1342032336.868054	[TX->enabled]
1342032337.129970	[RX->enabled]
1342032339.467802	[TX->]
1342032339.467850	[TX->enabled]
1342032339.730052	[RX->enabled]
1342032340.071688	[RX->]
1342032358.126518	[TX->]
1342032358.126542	[TX->enabled]
1342032358.474659	[RX->enabled]
1342032358.803694	[RX->]
1342032360.231735	[RX->]
1342032360.632093	[TX->]
1342032360.632150	[TX->enabled]
1342032360.885762	[RX->enabled]
1342032360.887764	[Discard->TX]
1342032362.070990	[TX->]
1342032362.073231	[TX->enabled]
1342032362.394982	[RX->enabled]
1342032362.739728	[RX->]
1342032362.741191	[Discard->TX]
1342032364.151715	[RX->]
1342032364.552038	[TX->]
1342032364.552156	[TX->enabled]
1342032364.827295	[RX->enabled]
1342032364.828887	[Discard->TX]
1342032367.935826	[TX->]
1342032367.935884	[TX->enabled]
1342032368.228000	[RX->enabled]
1342032368.575718	[RX->]
1342032368.577492	[Discard->TX]
1342032368.707814	[Discard->TX]
1342032369.867719	[RX->]
1342032370.268047	[TX->]
1342032370.268105	[TX->enabled]
1342032370.534309	[RX->enabled]
1342032370.536070	[Discard->TX]
1342032373.556872	[TX->]
1342032373.556898	[TX->enabled]
1342032373.842182	[RX->enabled]
1342032374.203729	[RX->]
1342032374.604094	[TX->]
1342032374.604151	[TX->enabled]
1342032374.858181	[RX->enabled]
1342032374.860210	[Discard->TX]
1342032375.703857	[TX->]
1342032375.703905	[TX->enabled]
1342032375.987248	[RX->enabled]
1342032376.323700	[RX->]
1342032376.724164	[TX->]
1342032376.724222	[TX->enabled]
1342032376.998282	[RX->enabled]
1342032377.699821	[TX->]
1342032377.699869	[TX->enabled]
1342032377.973318	[RX->enabled]
1342032378.315717	[RX->]
1342032381.967788	[RX->]
1342032382.368280	[TX->]
1342032382.368338	[TX->enabled]
1342032382.667470	[RX->enabled]
1342032382.999709	[RX->]
1342032384.227686	[RX->]
1342032384.628951	[TX->]
1342032384.629010	[TX->enabled]
1342032384.929532	[RX->enabled]
1342032385.543890	[TX->]
1342032385.543941	[TX->enabled]
1342032385.844540	[RX->enabled]
1342032386.187704	[RX->]
1342032387.871700	[RX->]
1342032388.271969	[TX->]
1342032388.272026	[TX->enabled]
1342032388.533613	[RX->enabled]
1342032388.863697	[RX->]
1342032390.031775	[RX->]
1342032390.432721	[TX->]
1342032390.432778	[TX->enabled]
1342032390.744707	[RX->enabled]
1342032391.311868	[TX->]
1342032391.311915	[TX->enabled]
1342032391.623753	[RX->enabled]
1342032391.967737	[RX->]
1342032396.299815	[RX->]
1342032396.700397	[TX->]
1342032396.700484	[TX->enabled]
1342032396.953910	[RX->enabled]
1342032398.923882	[RX->]
1342032399.324374	[TX->]
1342032399.324435	[TX->enabled]
1342032399.578006	[RX->enabled]
1342032400.122154	[RX->]
1342032400.522798	[TX->]
1342032400.522855	[TX->enabled]
1342032400.789043	[RX->enabled]
1342032402.779810	[RX->]
1342032403.180283	[TX->]
1342032403.180339	[TX->enabled]
1342032403.446142	[RX->enabled]
1342032403.987883	[RX->]
1342032403.988122	[Discard->TX]
1342032405.455810	[RX->]
1342032405.856299	[TX->]
1342032405.856357	[TX->enabled]
1342032406.130219	[RX->enabled]
1342032408.159807	[RX->]
1342032408.560286	[TX->]
1342032408.560342	[TX->enabled]
1342032408.834288	[RX->enabled]
1342032410.831855	[RX->]
1342032411.232703	[TX->]
1342032411.232765	[TX->enabled]
1342032411.498390	[RX->enabled]
1342032412.039809	[RX->]
1342032412.440416	[TX->]
1342032412.440473	[TX->enabled]
1342032412.694440	[RX->enabled]
1342032414.767808	[RX->]
1342032415.168310	[TX->]
1342032415.168366	[TX->enabled]
1342032415.422526	[RX->enabled]
1342032415.963801	[RX->]
1342032415.964160	[Discard->TX]
1342032417.495866	[RX->]
1342032417.896152	[TX->]
1342032417.896214	[TX->enabled]
1342032418.161646	[RX->enabled]
1342032420.087733	[RX->]
1342032420.488399	[TX->]
1342032420.488455	[TX->enabled]
1342032420.742701	[RX->enabled]
1342032420.744732	[Discard->TX]
1342032421.311814	[TX->]
1342032421.311860	[TX->enabled]
1342032421.590713	[RX->enabled]
1342032421.919715	[RX->]
1342032423.063908	[TX->]
1342032423.063932	[TX->enabled]
1342032423.317784	[RX->enabled]
1342032423.647711	[RX->]
1342032430.711713	[RX->]
1342032431.112125	[TX->]
1342032431.112183	[TX->enabled]
1342032431.417032	[RX->enabled]
1342032431.419096	[Discard->TX]
1342032431.735774	[RX->]
1342032440.735714	[RX->]
1342032441.136000	[TX->]
1342032441.136068	[TX->enabled]
1342032441.398359	[RX->enabled]
1342032441.727686	[RX->]
1342032459.786542	[TX->]
1342032459.786598	[TX->enabled]
1342032460.133943	[RX->enabled]
1342032460.459709	[RX->]
1342032463.903694	[RX->]
1342032464.304150	[TX->]
1342032464.304210	[TX->enabled]
1342032464.557124	[RX->enabled]
1342032464.559119	[Discard->TX]
1342032466.839940	[TX->]
1342032466.840618	[TX->enabled]
1342032467.133173	[RX->enabled]
1342032467.479712	[RX->]
1342032467.481167	[Discard->TX]
1342032470.299832	[TX->]
1342032470.299878	[TX->enabled]
1342032470.591317	[RX->enabled]
1342032470.939719	[RX->]
1342032470.980756	[Discard->TX]
1342032471.066323	[TX->]
1342032471.066350	[TX->enabled]
1342032471.351342	[RX->enabled]
1342032473.751833	[TX->]
1342032473.751867	[TX->enabled]
1342032474.036428	[RX->enabled]
1342032474.395723	[RX->]
1342032474.396023	[Discard->TX]
1342032474.396254	[Discard->TX]
1342032476.947849	[TX->]
1342032476.947905	[TX->enabled]
1342032477.231515	[RX->enabled]
1342032477.572722	[RX->]
1342032477.573043	[Discard->TX]
1342032479.983783	[TX->]
1342032479.983831	[TX->enabled]
1342032480.257666	[RX->enabled]
1342032480.607874	[RX->]
1342032480.608339	[Discard->TX]
1342032482.909084	[TX->]
1342032482.909145	[TX->enabled]
1342032483.172709	[RX->enabled]
1342032483.507730	[RX->]
1342032483.508831	[Discard->TX]
1342032485.651845	[TX->]
1342032485.651894	[TX->enabled]
1342032485.952805	[RX->enabled]
1342032486.319201	[RX->]
1342032486.719489	[TX->]
1342032486.719546	[TX->enabled]
1342032486.991405	[RX->enabled]
1342032489.515804	[TX->]
1342032489.515857	[TX->enabled]
1342032489.777911	[RX->enabled]
1342032489.939940	[Discard->TX]
1342032490.123725	[RX->]
1342032494.767720	[RX->]
1342032495.168602	[TX->]
1342032495.168659	[TX->enabled]
1342032495.480122	[RX->enabled]
1342032495.811712	[RX->]
1342032499.711794	[RX->]
1342032500.112357	[TX->]
1342032500.112413	[TX->enabled]
1342032500.366280	[RX->enabled]
1342032500.907791	[RX->]
1342032500.908041	[Discard->TX]
1342032504.575870	[RX->]
1342032504.976439	[TX->]
1342032504.976496	[TX->enabled]
1342032505.242671	[RX->enabled]
1342032509.423801	[RX->]
1342032509.824278	[TX->]
1342032509.824341	[TX->enabled]
1342032510.089574	[RX->enabled]
1342032514.255836	[RX->]
1342032514.656455	[TX->]
1342032514.656511	[TX->enabled]
1342032514.910714	[RX->enabled]
1342032518.807889	[RX->]
1342032519.208370	[TX->]
1342032519.208429	[TX->enabled]
1342032519.461889	[RX->enabled]
1342032520.003822	[RX->]
1342032520.404289	[TX->]
1342032520.404347	[TX->enabled]
1342032520.657937	[RX->enabled]
1342032524.575815	[RX->]
1342032524.976295	[TX->]
1342032524.976354	[TX->enabled]
1342032525.230085	[RX->enabled]
1342032529.127867	[RX->]
1342032529.528369	[TX->]
1342032529.528439	[TX->enabled]
1342032529.781231	[RX->enabled]
1342032533.663812	[RX->]
1342032534.064266	[TX->]
1342032534.064324	[TX->enabled]
1342032534.318331	[RX->enabled]
1342032534.860823	[RX->]
1342032534.863110	[Discard->TX]
1342032535.439713	[RX->]
1342032535.880886	[TX->]
1342032535.880944	[TX->enabled]
1342032536.134398	[RX->enabled]
1342032538.183813	[RX->]
1342032538.584118	[TX->]
1342032538.584175	[TX->enabled]
1342032538.849541	[RX->enabled]
1342032542.151731	[RX->]
1342032542.553114	[TX->]
1342032542.553172	[TX->enabled]
1342032542.806643	[RX->enabled]
1342032542.808653	[Discard->TX]
1342032542.808877	[Discard->TX]
1342032543.975805	[TX->]
1342032543.975854	[TX->enabled]
1342032544.229780	[RX->enabled]
1342032544.559708	[RX->]
1342032552.608783	[TX->]
1342032552.608863	[TX->enabled]
1342032552.887984	[RX->enabled]
1342032553.215691	[RX->]
1342032553.616064	[TX->]
1342032553.616123	[TX->enabled]
1342032554.070023	[RX->enabled]
1342032562.843714	[RX->]
1342032563.244048	[TX->]
1342032563.244106	[TX->enabled]
1342032563.506327	[RX->enabled]
1342032563.508403	[Discard->TX]
1342032563.835705	[RX->]
1342032581.891456	[TX->]
1342032581.891510	[TX->enabled]
1342032582.238916	[RX->enabled]
1342032582.567710	[RX->]
1342032582.735923	[Discard->TX]
1342032585.515790	[RX->]
1342032585.916241	[TX->]
1342032585.916298	[TX->enabled]
1342032586.170059	[RX->enabled]
1342032586.172060	[Discard->TX]
1342032588.451826	[TX->]
1342032588.451874	[TX->enabled]
1342032588.745149	[RX->enabled]
1342032589.091696	[RX->]
1342032589.493305	[TX->]
1342032589.493362	[TX->enabled]
1342032589.785152	[RX->enabled]
1342032591.907821	[TX->]
1342032591.907877	[TX->enabled]
1342032592.199341	[RX->enabled]
1342032592.543717	[RX->]
1342032599.243725	[RX->]
1342032599.684826	[TX->]
1342032599.684885	[TX->enabled]
1342032599.938506	[RX->enabled]
1342032599.940553	[Discard->TX]
1342032602.055903	[TX->]
1342032602.055930	[TX->enabled]
1342032602.340599	[RX->enabled]
1342032602.671698	[RX->]
1342032605.255714	[RX->]
1342032605.656325	[TX->]
1342032605.656385	[TX->enabled]
1342032605.909690	[RX->enabled]
1342032605.911715	[Discard->TX]
1342032607.811806	[TX->]
1342032607.811874	[TX->enabled]
1342032608.095765	[RX->enabled]
1342032608.435736	[RX->]
1342032608.436032	[Discard->TX]
1342032610.787708	[RX->]
1342032611.188072	[TX->]
1342032611.188129	[TX->enabled]
1342032611.453867	[RX->enabled]
1342032611.455847	[Discard->TX]
1342032615.695825	[TX->]
1342032615.695902	[TX->enabled]
1342032615.969984	[RX->enabled]
1342032616.315741	[RX->]
1342032616.716361	[TX->]
1342032616.716421	[TX->enabled]
1342032616.970060	[RX->enabled]
1342032616.972043	[Discard->TX]
1342032618.599847	[TX->]
1342032618.599896	[TX->enabled]
1342032618.864111	[RX->enabled]
1342032619.199711	[RX->]
1342032619.601191	[TX->]
1342032619.601251	[TX->enabled]
1342032619.903131	[RX->enabled]
1342032621.351810	[TX->]
1342032621.351856	[TX->enabled]
1342032621.652214	[RX->enabled]
1342032621.995714	[RX->]
1342032622.097878	[TX->]
1342032622.097909	[TX->enabled]
1342032622.551242	[RX->enabled]
1342032628.863716	[RX->]
1342032629.264021	[TX->]
1342032629.264081	[TX->enabled]
1342032629.525469	[RX->enabled]
1342032629.851709	[RX->]
1342032631.795704	[RX->]
1342032632.196606	[TX->]
1342032632.196664	[TX->enabled]
1342032632.509564	[RX->enabled]
1342032632.839697	[RX->]
1342032635.987801	[RX->]
1342032636.388162	[TX->]
1342032636.388220	[TX->enabled]
1342032636.641674	[RX->enabled]
1342032640.111810	[RX->]
1342032640.512285	[TX->]
1342032640.512350	[TX->enabled]
1342032640.765975	[RX->enabled]
1342032644.239873	[RX->]
1342032644.640888	[TX->]
1342032644.640948	[TX->enabled]
1342032644.894968	[RX->enabled]
1342032648.359814	[RX->]
1342032648.760287	[TX->]
1342032648.760344	[TX->enabled]
1342032649.014072	[RX->enabled]
1342032652.471809	[RX->]
1342032652.872282	[TX->]
1342032652.872340	[TX->enabled]
1342032653.126230	[RX->enabled]
1342032656.335882	[RX->]
1342032656.736369	[TX->]
1342032656.736426	[TX->enabled]
1342032656.990356	[RX->enabled]
1342032660.195815	[RX->]
1342032660.596256	[TX->]
1342032660.596339	[TX->enabled]
1342032660.850463	[RX->enabled]
1342032664.051804	[RX->]
1342032664.452265	[TX->]
1342032664.452317	[TX->enabled]
1342032664.706608	[RX->enabled]
1342032667.907883	[RX->]
1342032668.308409	[TX->]
1342032668.308468	[TX->enabled]
1342032668.562717	[RX->enabled]
1342032669.103834	[RX->]
1342032669.504269	[TX->]
1342032669.504326	[TX->enabled]
1342032669.757769	[RX->enabled]
1342032672.447702	[RX->]
1342032672.888840	[TX->]
1342032672.888898	[TX->enabled]
1342032673.142880	[RX->enabled]
1342032679.211872	[RX->]
1342032679.616585	[TX->]
1342032679.616645	[TX->enabled]
1342032679.869081	[RX->enabled]
1342032682.955738	[RX->]
1342032683.356264	[TX->]
1342032683.356322	[TX->enabled]
1342032683.610186	[RX->enabled]
1342032683.612209	[Discard->TX]
1342032683.612389	[Discard->TX]
1342032683.939725	[RX->]
1342032684.948816	[TX->]
1342032684.948841	[TX->enabled]
1342032685.227243	[RX->enabled]
1342032685.555691	[RX->]
1342032685.555984	[Discard->TX]
1342032687.207695	[RX->]
1342032687.607970	[TX->]
1342032687.608025	[TX->enabled]
1342032687.861366	[RX->enabled]
1342032687.863425	[Discard->TX]
1342032691.255953	[TX->]
1342032691.255976	[TX->enabled]
1342032691.708488	[RX->enabled]
1342032692.023704	[RX->]
1342032695.183705	[RX->]
1342032695.583962	[TX->]
1342032695.584020	[TX->enabled]
1342032695.845607	[RX->enabled]
1342032699.383830	[TX->]
1342032699.383885	[TX->enabled]
1342032699.645739	[RX->enabled]
1342032699.987704	[RX->]
1342032718.043843	[TX->]
1342032718.043895	[TX->enabled]
1342032718.391348	[RX->enabled]
1342032718.723711	[RX->]
1342032720.903722	[RX->]
1342032721.304131	[TX->]
1342032721.304194	[TX->enabled]
1342032721.558464	[RX->enabled]
1342032721.560426	[Discard->TX]
1342032722.723832	[TX->]
1342032722.723880	[TX->enabled]
1342032723.016496	[RX->enabled]
1342032723.363718	[RX->]
1342032723.365126	[Discard->TX]
1342032725.079896	[TX->]
1342032725.079927	[TX->enabled]
1342032725.371544	[RX->enabled]
1342032725.719691	[RX->]
1342032725.760729	[Discard->TX]
1342032725.859090	[Discard->TX]
1342032727.447890	[TX->]
1342032727.447918	[TX->enabled]
1342032727.732606	[RX->enabled]
1342032728.091715	[RX->]
1342032728.492285	[TX->]
1342032728.492341	[TX->enabled]
1342032728.744697	[RX->enabled]
1342032728.746676	[Discard->TX]
1342032729.571099	[TX->]
1342032729.571148	[TX->enabled]
1342032729.854702	[RX->enabled]
1342032730.194261	[RX->]
1342032730.594681	[TX->]
1342032730.594739	[TX->enabled]
1342032730.869750	[RX->enabled]
1342032731.547884	[TX->]
1342032731.547938	[TX->enabled]
1342032731.821769	[RX->enabled]
1342032732.163719	[RX->]
1342032734.911785	[RX->]
1342032735.312349	[TX->]
1342032735.312406	[TX->enabled]
1342032735.575905	[RX->enabled]
1342032735.907709	[RX->]
1342032739.339712	[RX->]
1342032739.740927	[TX->]
1342032739.741014	[TX->enabled]
1342032740.041004	[RX->enabled]
1342032740.623821	[Discard->TX]
1342032742.983712	[RX->]
1342032743.384011	[TX->]
1342032743.384069	[TX->enabled]
1342032743.646166	[RX->enabled]
1342032743.648194	[Discard->TX]
1342032746.983879	[TX->]
1342032746.983906	[TX->enabled]
1342032747.245272	[RX->enabled]
1342032747.591721	[RX->]
1342032747.632713	[Discard->TX]
1342032753.383811	[TX->]
1342032753.383867	[TX->enabled]
1342032753.645489	[RX->enabled]
1342032753.987710	[RX->]
1342032753.988173	[Discard->TX]
1342032763.631858	[TX->]
1342032763.631917	[TX->enabled]
1342032763.943826	[RX->enabled]
1342032764.275713	[RX->]
1342032766.659913	[RX->]
1342032767.060431	[TX->]
1342032767.060489	[TX->enabled]
1342032767.313912	[RX->enabled]
1342032767.855795	[RX->]
1342032767.856042	[Discard->TX]
1342032770.019814	[RX->]
1342032770.420359	[TX->]
1342032770.420417	[TX->enabled]
1342032770.686024	[RX->enabled]
1342032773.387880	[RX->]
1342032773.788373	[TX->]
1342032773.788432	[TX->enabled]
1342032774.054134	[RX->enabled]
1342032776.755814	[RX->]
1342032777.156441	[TX->]
1342032777.156500	[TX->enabled]
1342032777.410260	[RX->enabled]
1342032777.951818	[RX->]
1342032777.952027	[Discard->TX]
1342032779.931876	[RX->]
1342032780.332417	[TX->]
1342032780.332475	[TX->enabled]
1342032780.598365	[RX->enabled]
1342032781.139797	[RX->]
1342032781.540390	[TX->]
1342032781.540457	[TX->enabled]
1342032781.806405	[RX->enabled]
1342032784.380406	[RX->]
1342032784.780936	[TX->]
1342032784.780995	[TX->enabled]
1342032785.046509	[RX->enabled]
1342032787.611801	[RX->]
1342032788.012330	[TX->]
1342032788.012393	[TX->enabled]
1342032788.278613	[RX->enabled]
1342032788.819804	[RX->]
1342032788.820324	[Discard->TX]
1342032790.835865	[RX->]
1342032791.236159	[TX->]
1342032791.236216	[TX->enabled]
1342032791.501684	[RX->enabled]
1342032791.891755	[RX->]
1342032791.892100	[Discard->TX]
1342032791.892195	[Discard->TX]
1342032793.703815	[TX->]
1342032793.703868	[TX->enabled]
1342032793.957795	[RX->enabled]
1342032794.283751	[RX->]
1342032801.159830	[TX->]
1342032801.159911	[TX->enabled]
1342032801.439035	[RX->enabled]
1342032801.767709	[RX->]
1342032803.903778	[RX->]
1342032804.304225	[TX->]
1342032804.304283	[TX->enabled]
1342032804.558244	[RX->enabled]
1342032804.560145	[Discard->TX]
1342032804.560298	[Discard->TX]
1342032812.651931	[TX->]
1342032812.651987	[TX->enabled]
1342032813.104674	[RX->enabled]
1342032813.419705	[RX->]
1342032816.931726	[RX->]
1342032817.332159	[TX->]
1342032817.332217	[TX->enabled]
1342032817.593566	[RX->enabled]
1342032817.919785	[RX->]
1342032835.975624	[TX->]
1342032835.975684	[TX->enabled]
1342032836.323171	[RX->enabled]
1342032836.651711	[RX->]
1342032840.975713	[RX->]
1342032841.376222	[TX->]
1342032841.376282	[TX->enabled]
1342032841.630322	[RX->enabled]
1342032841.632319	[Discard->TX]
1342032843.899856	[TX->]
1342032843.899905	[TX->enabled]
1342032844.192750	[RX->enabled]
1342032844.535746	[RX->]
1342032844.537144	[Discard->TX]
1342032847.354434	[TX->]
1342032847.354460	[TX->enabled]
1342032847.646539	[RX->enabled]
1342032847.995718	[RX->]
1342032848.036838	[TX->]
1342032848.036865	[TX->enabled]
1342032848.293463	[RX->enabled]
1342032848.295513	[Discard->TX]
1342032850.819817	[TX->]
1342032850.819873	[TX->enabled]
1342032851.104597	[RX->enabled]
1342032851.463707	[RX->]
1342032851.464321	[Discard->TX]
1342032851.464420	[Discard->TX]
1342032853.999828	[TX->]
1342032853.999876	[TX->enabled]
1342032854.283873	[RX->enabled]
1342032854.619803	[RX->]
1342032854.620138	[Discard->TX]
1342032857.019925	[TX->]
1342032857.019953	[TX->enabled]
1342032857.293851	[RX->enabled]
1342032857.643717	[RX->]
1342032857.644208	[Discard->TX]
1342032859.907796	[TX->]
1342032859.907845	[TX->enabled]
1342032860.171930	[RX->enabled]
1342032860.507681	[RX->]
1342032860.508860	[Discard->TX]
1342032862.643842	[TX->]
1342032862.643921	[TX->enabled]
1342032862.944037	[RX->enabled]
1342032863.283783	[RX->]
1342032863.684068	[TX->]
1342032863.684126	[TX->enabled]
1342032863.946064	[RX->enabled]
1342032866.683807	[TX->]
1342032866.683854	[TX->enabled]
1342032866.945163	[RX->enabled]
1342032866.947158	[Discard->TX]
1342032867.287722	[RX->]
1342032871.143751	[RX->]
1342032871.544589	[TX->]
1342032871.544647	[TX->enabled]
1342032871.856320	[RX->enabled]
1342032876.695800	[RX->]
1342032877.096464	[TX->]
1342032877.096512	[TX->enabled]
1342032877.350454	[RX->enabled]
1342032877.892061	[RX->]
1342032877.892281	[Discard->TX]
1342032881.395836	[TX->]
1342032881.395893	[TX->enabled]
1342032881.707630	[RX->enabled]
1342032882.047936	[RX->]
1342032891.431803	[RX->]
1342032891.832200	[TX->]
1342032891.832257	[TX->enabled]
1342032892.097927	[RX->enabled]
1342032896.823810	[RX->]
1342032897.224163	[TX->]
1342032897.224224	[TX->enabled]
1342032897.490156	[RX->enabled]
1342032898.031810	[RX->]
1342032898.432131	[TX->]
1342032898.432189	[TX->enabled]
1342032898.706182	[RX->enabled]
1342032903.383913	[RX->]
1342032903.784523	[TX->]
1342032903.784597	[TX->enabled]
1342032904.050365	[RX->enabled]
1342032908.519810	[RX->]
1342032908.920313	[TX->]
1342032908.920370	[TX->enabled]
1342032909.186780	[RX->enabled]
1342032911.803683	[RX->]
1342032912.244904	[TX->]
1342032912.244966	[TX->enabled]
1342032912.499182	[RX->enabled]
1342032913.623794	[RX->]
1342032914.024401	[TX->]
1342032914.024459	[TX->enabled]
1342032914.290652	[RX->enabled]
1342032914.831809	[RX->]
1342032914.832062	[Discard->TX]
1342032918.695814	[RX->]
1342032919.096124	[TX->]
1342032919.096181	[TX->enabled]
1342032919.361853	[RX->enabled]
1342032919.903879	[RX->]
1342032919.904255	[Discard->TX]
1342032926.375812	[RX->]
1342032926.776129	[TX->]
1342032926.776186	[TX->enabled]
1342032927.042113	[RX->enabled]
1342032933.959827	[RX->]
1342032934.360393	[TX->]
1342032934.360451	[TX->enabled]
1342032934.614342	[RX->enabled]
1342032941.295726	[RX->]
1342032941.696241	[TX->]
1342032941.696299	[TX->enabled]
1342032941.950582	[RX->enabled]
1342032941.952588	[Discard->TX]
1342032941.952768	[Discard->TX]
1342032943.107800	[TX->]
1342032943.107850	[TX->enabled]
1342032943.361617	[RX->enabled]
1342032943.691693	[RX->]
1342032948.355710	[RX->]
1342032948.756008	[TX->]
1342032948.756066	[TX->enabled]
1342032949.009825	[RX->enabled]
1342032951.151849	[TX->]
1342032951.151898	[TX->enabled]
1342032951.430885	[RX->enabled]
1342032951.743878	[RX->]
1342032954.835787	[RX->]
1342032955.236061	[TX->]
1342032955.236117	[TX->enabled]
1342032955.498020	[RX->enabled]
1342032955.827711	[RX->]
1342032973.881152	[TX->]
1342032973.881206	[TX->enabled]
1342032974.228602	[RX->enabled]
1342032974.559731	[RX->]
1342032980.187713	[RX->]
1342032980.588063	[TX->]
1342032980.588120	[TX->enabled]
1342032980.841820	[RX->enabled]
1342032980.843877	[Discard->TX]
1342032983.123977	[TX->]
1342032983.124006	[TX->enabled]
1342032983.416925	[RX->enabled]
1342032983.763794	[RX->]
1342032983.765183	[Discard->TX]
1342032986.581097	[TX->]
1342032986.581130	[TX->enabled]
1342032986.873033	[RX->enabled]
1342032987.219727	[RX->]
1342032987.660859	[TX->]
1342032987.660916	[TX->enabled]
1342032987.915081	[RX->enabled]
1342032987.917079	[Discard->TX]
1342032990.051909	[TX->]
1342032990.051936	[TX->enabled]
1342032990.337161	[RX->enabled]
1342032990.695728	[RX->]
1342032990.695993	[Discard->TX]
1342032990.696292	[Discard->TX]
1342032993.243837	[TX->]
1342032993.243894	[TX->enabled]
1342032993.527268	[RX->enabled]
1342032993.867694	[RX->]
1342032993.868015	[Discard->TX]
1342032996.279827	[TX->]
1342032996.279881	[TX->enabled]
1342032996.553365	[RX->enabled]
1342032996.899693	[RX->]
1342032996.900161	[Discard->TX]
1342032999.175802	[TX->]
1342032999.175855	[TX->enabled]
1342032999.439415	[RX->enabled]
1342032999.775710	[RX->]
1342032999.776839	[Discard->TX]
1342033001.923835	[TX->]
1342033001.923883	[TX->enabled]
1342033002.224527	[RX->enabled]
1342033002.563717	[RX->]
1342033002.563912	[Discard->TX]
1342033005.167703	[RX->]
1342033005.567990	[TX->]
1342033005.568049	[TX->enabled]
1342033005.829646	[RX->enabled]
1342033006.219823	[TX->]
1342033006.219872	[TX->enabled]
1342033006.520625	[RX->enabled]
1342033006.859696	[RX->]
1342033006.964779	[Discard->TX]
1342033012.627774	[RX->]
1342033013.068874	[TX->]
1342033013.068941	[TX->enabled]
1342033013.322899	[RX->enabled]
1342033013.363824	[Discard->TX]
1342033026.163803	[TX->]
1342033026.163855	[TX->enabled]
1342033026.425290	[RX->enabled]
1342033026.763698	[RX->]
1342033026.764324	[Discard->TX]
1342033028.783828	[TX->]
1342033028.783882	[TX->enabled]
1342033029.095402	[RX->enabled]
1342033029.423718	[RX->]
1342033040.067907	[RX->]
1342033040.468516	[TX->]
1342033040.468593	[TX->enabled]
1342033040.722792	[RX->enabled]
1342033051.459813	[RX->]
1342033051.860289	[TX->]
1342033051.860347	[TX->enabled]
1342033052.114145	[RX->enabled]
1342033062.627793	[RX->]
1342033063.028381	[TX->]
1342033063.028446	[TX->enabled]
1342033063.282517	[RX->enabled]
1342033063.823893	[RX->]
1342033063.824128	[Discard->TX]
1342033069.059708	[RX->]
1342033069.459989	[TX->]
1342033069.460047	[TX->enabled]
1342033069.713734	[RX->enabled]
1342033073.571816	[RX->]
1342033073.972382	[TX->]
1342033073.972445	[TX->enabled]
1342033074.237863	[RX->enabled]
1342033084.291898	[RX->]
1342033084.692356	[TX->]
1342033084.692417	[TX->enabled]
1342033084.958238	[RX->enabled]
1342033094.787813	[RX->]
1342033095.188303	[TX->]
1342033095.188360	[TX->enabled]
1342033095.454572	[RX->enabled]
1342033095.995791	[RX->]
1342033095.996206	[Discard->TX]
1342033099.083867	[RX->]
1342033099.524971	[TX->]
1342033099.525030	[TX->enabled]
1342033099.778689	[RX->enabled]
1342033105.123811	[RX->]
1342033105.524136	[TX->]
1342033105.524193	[TX->enabled]
1342033105.797859	[RX->enabled]
1342033109.111716	[RX->]
1342033109.511995	[TX->]
1342033109.512055	[TX->enabled]
1342033109.773983	[RX->enabled]
1342033112.511802	[TX->]
1342033112.511852	[TX->enabled]
1342033112.774118	[RX->enabled]
1342033113.115688	[RX->]
1342033115.299876	[RX->]
1342033115.700484	[TX->]
1342033115.700541	[TX->enabled]
1342033115.954233	[RX->enabled]
1342033125.315813	[RX->]
1342033125.716260	[TX->]
1342033125.716317	[TX->enabled]
1342033125.970556	[RX->enabled]
1342033131.171185	[TX->]
1342033131.171238	[TX->enabled]
1342033131.518732	[RX->enabled]
1342033131.847733	[RX->]
1342033135.203783	[RX->]
1342033135.604294	[TX->]
1342033135.604352	[TX->enabled]
1342033135.856871	[RX->enabled]
1342033137.431712	[RX->]
1342033137.832071	[TX->]
1342033137.832159	[TX->enabled]
1342033138.085923	[RX->enabled]
1342033138.087948	[Discard->TX]
1342033139.251860	[TX->]
1342033139.251910	[TX->enabled]
1342033139.544986	[RX->enabled]
1342033139.891719	[RX->]
1342033139.893054	[Discard->TX]
1342033141.607980	[TX->]
1342033141.608026	[TX->enabled]
1342033141.900064	[RX->enabled]
1342033142.251718	[RX->]
1342033142.693073	[TX->]
1342033142.693134	[TX->enabled]
1342033142.947109	[RX->enabled]
1342033142.949104	[Discard->TX]
1342033143.971821	[TX->]
1342033143.971867	[TX->enabled]
1342033144.257151	[RX->enabled]
1342033144.619720	[RX->]
1342033144.620300	[Discard->TX]
1342033144.620396	[Discard->TX]
1342033146.100772	[TX->]
1342033146.100818	[TX->enabled]
1342033146.384225	[RX->enabled]
1342033146.723712	[RX->]
1342033146.724026	[Discard->TX]
1342033148.084844	[TX->]
1342033148.084874	[TX->enabled]
1342033148.358300	[RX->enabled]
1342033148.703718	[RX->]
1342033148.704087	[Discard->TX]
1342033149.947817	[TX->]
1342033149.947863	[TX->enabled]
1342033150.208308	[RX->enabled]
1342033150.543710	[RX->]
1342033150.544715	[Discard->TX]
1342033151.692849	[TX->]
1342033151.692895	[TX->enabled]
1342033151.993405	[RX->enabled]
1342033152.350519	[RX->]
1342033152.750793	[TX->]
1342033152.750849	[TX->enabled]
1342033153.012426	[RX->enabled]
1342033153.987906	[Discard->TX]
1342033155.547769	[TX->]
1342033155.547815	[TX->enabled]
1342033155.809510	[RX->enabled]
1342033156.147719	[RX->]
1342033157.551699	[RX->]
1342033157.952477	[TX->]
1342033157.952532	[TX->enabled]
1342033158.264613	[RX->enabled]
1342033158.597239	[RX->]
1342033164.387799	[RX->]
1342033164.788151	[TX->]
1342033164.788208	[TX->enabled]
1342033165.041818	[RX->enabled]
1342033171.043862	[RX->]
1342033171.444378	[TX->]
1342033171.444433	[TX->enabled]
1342033171.698042	[RX->enabled]
1342033177.603804	[RX->]
1342033178.004129	[TX->]
1342033178.004214	[TX->enabled]
1342033178.258255	[RX->enabled]
1342033178.799797	[RX->]
1342033178.800070	[Discard->TX]
1342033184.063815	[RX->]
1342033184.464296	[TX->]
1342033184.464354	[TX->enabled]
1342033184.730450	[RX->enabled]
1342033190.463811	[RX->]
1342033190.864300	[TX->]
1342033190.864357	[TX->enabled]
1342033191.129673	[RX->enabled]
1342033196.707879	[RX->]
1342033197.108385	[TX->]
1342033197.108444	[TX->enabled]
1342033197.373865	[RX->enabled]
1342033197.919809	[RX->]
1342033197.920180	[Discard->TX]
1342033198.203689	[RX->]
1342033198.643898	[TX->]
1342033198.643955	[TX->enabled]
1342033198.897899	[RX->enabled]
1342033202.895841	[RX->]
1342033203.298228	[TX->]
1342033203.298287	[TX->enabled]
1342033203.572075	[RX->enabled]
1342033204.115810	[RX->]
1342033204.516418	[TX->]
1342033204.516478	[TX->enabled]
1342033204.770111	[RX->enabled]
1342033210.239792	[RX->]
1342033210.640150	[TX->]
1342033210.640210	[TX->enabled]
1342033210.894289	[RX->enabled]
1342033216.320064	[RX->]
1342033216.720992	[TX->]
1342033216.721049	[TX->enabled]
1342033216.974500	[RX->enabled]
1342033222.219717	[RX->]
1342033222.621138	[TX->]
1342033222.621197	[TX->enabled]
1342033222.874681	[RX->enabled]
1342033222.876702	[Discard->TX]
1342033222.876882	[Discard->TX]
1342033224.019913	[TX->]
1342033224.019940	[TX->enabled]
1342033224.273729	[RX->enabled]
1342033224.599886	[RX->]
1342033228.211764	[RX->]
1342033228.612013	[TX->]
1342033228.612072	[TX->enabled]
1342033228.865893	[RX->enabled]
1342033228.867883	[Discard->TX]
1342033238.235713	[RX->]
1342033238.635996	[TX->]
1342033238.636083	[TX->enabled]
1342033238.898194	[RX->enabled]
1342033241.371834	[TX->]
1342033241.371881	[TX->enabled]
1342033241.650309	[RX->enabled]
1342033241.967702	[RX->]
1342033242.435813	[TX->]
1342033242.435862	[TX->enabled]
1342033242.697321	[RX->enabled]
1342033248.835816	[TX->]
1342033248.835872	[TX->enabled]
1342033249.097526	[RX->enabled]
1342033249.439716	[RX->]
1342033267.494781	[TX->]
1342033267.494808	[TX->enabled]
1342033267.842230	[RX->enabled]
1342033268.171708	[RX->]
1342033272.771714	[RX->]
1342033273.172202	[TX->]
1342033273.172262	[TX->enabled]
1342033273.426294	[RX->enabled]
1342033273.428334	[Discard->TX]
1342033274.591826	[TX->]
1342033274.591900	[TX->enabled]
1342033274.884392	[RX->enabled]
1342033275.231701	[RX->]
1342033275.633463	[TX->]
1342033275.633520	[TX->enabled]
1342033275.925422	[RX->enabled]
1342033276.947831	[TX->]
1342033276.947878	[TX->enabled]
1342033277.239454	[RX->enabled]
1342033277.579780	[RX->]
1342033280.587706	[RX->]
1342033281.028833	[TX->]
1342033281.028891	[TX->enabled]
1342033281.282591	[RX->enabled]
1342033281.284593	[Discard->TX]
1342033282.307818	[TX->]
1342033282.307866	[TX->enabled]
1342033282.592627	[RX->enabled]
1342033282.923716	[RX->]
1342033287.095745	[RX->]
1342033287.496326	[TX->]
1342033287.496382	[TX->enabled]
1342033287.749780	[RX->enabled]
1342033287.751809	[Discard->TX]
1342033288.555873	[TX->]
1342033288.555899	[TX->enabled]
1342033288.839785	[RX->enabled]
1342033289.179715	[RX->]
1342033289.580081	[TX->]
1342033289.580139	[TX->enabled]
1342033289.853862	[RX->enabled]
1342033290.519883	[TX->]
1342033290.519930	[TX->enabled]
1342033290.793901	[RX->enabled]
1342033291.135709	[RX->]
1342033293.979722	[RX->]
1342033294.380277	[TX->]
1342033294.380334	[TX->enabled]
1342033294.644024	[RX->enabled]
1342033295.204883	[TX->]
1342033295.204913	[TX->enabled]
1342033295.469052	[RX->enabled]
1342033295.811713	[RX->]
1342033298.543713	[RX->]
1342033298.944925	[TX->]
1342033298.944983	[TX->enabled]
1342033299.246182	[RX->enabled]
1342033299.667836	[Discard->TX]
1342033301.915824	[TX->]
1342033301.915872	[TX->enabled]
1342033302.216234	[RX->enabled]
1342033302.559714	[RX->]
1342033308.191720	[RX->]
1342033308.591990	[TX->]
1342033308.592047	[TX->enabled]
1342033308.853489	[RX->enabled]
1342033311.192966	[TX->]
1342033311.192999	[TX->enabled]
1342033311.454532	[RX->enabled]
1342033311.795692	[RX->]
1342033312.571708	[RX->]
1342033312.972592	[TX->]
1342033312.972650	[TX->enabled]
1342033313.284625	[RX->enabled]
1342033313.615690	[RX->]
1342033318.415819	[RX->]
1342033318.816196	[TX->]
1342033318.816256	[TX->enabled]
1342033319.069811	[RX->enabled]
1342033324.097428	[RX->]
1342033324.500591	[TX->]
1342033324.500646	[TX->enabled]
1342033324.753998	[RX->enabled]
1342033329.695925	[RX->]
1342033330.096785	[TX->]
1342033330.096846	[TX->enabled]
1342033330.350192	[RX->enabled]
1342033330.891810	[RX->]
1342033330.892031	[Discard->TX]
1342033335.211796	[RX->]
1342033335.612262	[TX->]
1342033335.612321	[TX->enabled]
1342033335.878370	[RX->enabled]
1342033340.667881	[RX->]
1342033341.068371	[TX->]
1342033341.068435	[TX->enabled]
1342033341.334495	[RX->enabled]
1342033341.879799	[RX->]
1342033341.880166	[Discard->TX]
1342033346.027802	[RX->]
1342033346.428129	[TX->]
1342033346.428190	[TX->enabled]
1342033346.701808	[RX->enabled]
1342033351.359875	[RX->]
1342033351.760365	[TX->]
1342033351.760428	[TX->enabled]
1342033352.025876	[RX->enabled]
1342033353.223723	[RX->]
1342033353.664827	[TX->]
1342033353.664884	[TX->enabled]
1342033353.918921	[RX->enabled]
1342033356.639811	[RX->]
1342033357.040417	[TX->]
1342033357.040473	[TX->enabled]
1342033357.294056	[RX->enabled]
1342033357.835882	[RX->]
1342033357.836256	[Discard->TX]
1342033361.851812	[RX->]
1342033362.252118	[TX->]
1342033362.252184	[TX->enabled]
1342033362.518180	[RX->enabled]
1342033363.063809	[RX->]
1342033363.464265	[TX->]
1342033363.464323	[TX->enabled]
1342033363.718227	[RX->enabled]
1342033368.119800	[RX->]
1342033368.521114	[TX->]
1342033368.521173	[TX->enabled]
1342033368.775409	[RX->enabled]
1342033368.777418	[Discard->TX]
1342033368.777598	[Discard->TX]
1342033369.355821	[TX->]
1342033369.355869	[TX->enabled]
1342033369.634434	[RX->enabled]
1342033369.931807	[Discard->TX]
1342033369.959696	[RX->]
1342033369.960007	[Discard->TX]
1342033371.172231	[TX->]
1342033371.172307	[TX->enabled]
1342033371.626499	[RX->enabled]
1342033371.943698	[RX->]
1342033373.555811	[TX->]
1342033373.555860	[TX->enabled]
1342033373.809572	[RX->enabled]
1342033374.135698	[RX->]
1342033379.583747	[RX->]
1342033379.984032	[TX->]
1342033379.984087	[TX->enabled]
1342033380.245741	[RX->enabled]
1342033383.583816	[TX->]
1342033383.583869	[TX->enabled]
1342033383.845914	[RX->enabled]
1342033384.191793	[RX->]
1342033402.247692	[TX->]
1342033402.247748	[TX->enabled]
1342033402.602776	[RX->enabled]
1342033402.923710	[RX->]
1342033407.189879	[RX->]
1342033407.590433	[TX->]
1342033407.590491	[TX->enabled]
1342033407.844626	[RX->enabled]
1342033407.846689	[Discard->TX]
1342033409.019925	[TX->]
1342033409.019956	[TX->enabled]
1342033409.312713	[RX->enabled]
1342033409.659745	[RX->]
1342033409.661169	[Discard->TX]
1342033411.383932	[TX->]
1342033411.383959	[TX->enabled]
1342033411.675811	[RX->enabled]
1342033412.023724	[RX->]
1342033412.464866	[TX->]
1342033412.464924	[TX->enabled]
1342033412.718853	[RX->enabled]
1342033412.720849	[Discard->TX]
1342033413.751855	[TX->]
1342033413.751902	[TX->enabled]
1342033414.036882	[RX->enabled]
1342033414.399734	[RX->]
1342033414.400000	[Discard->TX]
1342033414.400265	[Discard->TX]
1342033415.879924	[TX->]
1342033415.879950	[TX->enabled]
1342033416.163964	[RX->enabled]
1342033416.500724	[RX->]
1342033416.501072	[Discard->TX]
1342033417.859795	[TX->]
1342033417.859848	[TX->enabled]
1342033418.134023	[RX->enabled]
1342033418.484729	[RX->]
1342033418.485225	[Discard->TX]
1342033419.731791	[TX->]
1342033419.731839	[TX->enabled]
1342033419.996086	[RX->enabled]
1342033420.331710	[RX->]
1342033420.732806	[TX->]
1342033420.732865	[TX->enabled]
1342033421.034115	[RX->enabled]
1342033421.479833	[Discard->TX]
1342033423.775914	[TX->]
1342033423.775941	[TX->enabled]
1342033424.077222	[RX->enabled]
1342033424.375712	[RX->]
1342033424.375884	[Discard->TX]
1342033427.575961	[TX->]
1342033427.576014	[TX->enabled]
1342033427.837341	[RX->enabled]
1342033428.167710	[RX->]
1342033428.767928	[TX->]
1342033428.767987	[TX->enabled]
1342033429.068385	[RX->enabled]
1342033432.007756	[RX->]
1342033432.408615	[TX->]
1342033432.408673	[TX->enabled]
1342033432.720485	[RX->enabled]
1342033436.203920	[TX->]
1342033436.203947	[TX->enabled]
1342033436.515602	[RX->enabled]
1342033436.855708	[RX->]
1342033444.283982	[RX->]
1342033444.684350	[TX->]
1342033444.684408	[TX->enabled]
1342033444.937873	[RX->enabled]
1342033456.251809	[RX->]
1342033456.652274	[TX->]
1342033456.652334	[TX->enabled]
1342033456.906282	[RX->enabled]
1342033467.995881	[RX->]
1342033468.396365	[TX->]
1342033468.396423	[TX->enabled]
1342033468.650657	[RX->enabled]
1342033472.659754	[RX->]
1342033473.099942	[TX->]
1342033473.100002	[TX->enabled]
1342033473.353785	[RX->enabled]
1342033479.483807	[RX->]
1342033479.884107	[TX->]
1342033479.884167	[TX->enabled]
1342033480.137991	[RX->enabled]
1342033490.711802	[RX->]
1342033491.113785	[TX->]
1342033491.113846	[TX->enabled]
1342033491.367399	[RX->enabled]
1342033491.911810	[RX->]
1342033491.912174	[Discard->TX]
1342033501.723829	[RX->]
1342033502.124113	[TX->]
1342033502.124171	[TX->enabled]
1342033502.389762	[RX->enabled]
1342033502.931899	[RX->]
1342033502.932273	[Discard->TX]
1342033506.499708	[RX->]
1342033506.940866	[TX->]
1342033506.940927	[TX->enabled]
1342033507.194913	[RX->enabled]
1342033512.571813	[RX->]
1342033512.972110	[TX->]
1342033512.972168	[TX->enabled]
1342033513.238112	[RX->enabled]
1342033515.691714	[RX->]
1342033516.092027	[TX->]
1342033516.092085	[TX->enabled]
1342033516.354213	[RX->enabled]
1342033516.683855	[RX->]
1342033523.223904	[RX->]
1342033523.624347	[TX->]
1342033523.624404	[TX->enabled]
1342033523.878451	[RX->enabled]
1342033533.719834	[RX->]
1342033534.120305	[TX->]
1342033534.120363	[TX->enabled]
1342033534.373794	[RX->enabled]
1342033534.740691	[Discard->TX]
1342033534.915869	[RX->]
1342033534.916294	[Discard->TX]
1342033537.715819	[TX->]
1342033537.715868	[TX->enabled]
1342033538.063913	[RX->enabled]
1342033538.395700	[RX->]
1342033542.415711	[RX->]
1342033542.816066	[TX->]
1342033542.816126	[TX->enabled]
1342033543.070068	[RX->enabled]
1342033543.072073	[Discard->TX]
1342033544.091863	[RX->]
1342033544.492258	[TX->]
1342033544.492313	[TX->enabled]
1342033544.758132	[RX->enabled]
1342033545.351831	[TX->]
1342033545.351878	[TX->enabled]
1342033545.645165	[RX->enabled]
1342033545.987722	[RX->]
1342033545.989149	[Discard->TX]
1342033548.807824	[TX->]
1342033548.807874	[TX->enabled]
1342033549.103713	[RX->enabled]
1342033549.447721	[RX->]
1342033549.488744	[Discard->TX]
1342033549.581688	[Discard->TX]
1342033552.267892	[TX->]
1342033552.267917	[TX->enabled]
1342033552.552387	[RX->enabled]
1342033552.911704	[RX->]
1342033552.911958	[Discard->TX]
1342033552.912385	[Discard->TX]
1342033554.359813	[RX->]
1342033554.760275	[TX->]
1342033554.760336	[TX->enabled]
1342033555.014449	[RX->enabled]
1342033555.463801	[Discard->TX]
1342033559.427783	[RX->]
1342033559.828125	[TX->]
1342033559.828187	[TX->enabled]
1342033560.093606	[RX->enabled]
1342033560.567786	[Discard->TX]
1342033564.387756	[RX->]
1342033564.788217	[TX->]
1342033564.788277	[TX->enabled]
1342033565.041788	[RX->enabled]
1342033565.043780	[Discard->TX]
1342033565.044218	[Discard->TX]
1342033566.163858	[TX->]
1342033566.163906	[TX->enabled]
1342033566.417802	[RX->enabled]
1342033566.759416	[RX->]
1342033568.427822	[TX->]
1342033568.427875	[TX->enabled]
1342033568.706896	[RX->enabled]
1342033569.023707	[RX->]
1342033570.775805	[TX->]
1342033570.775861	[TX->enabled]
1342033571.060036	[RX->enabled]
1342033571.395706	[RX->]
1342033571.396078	[Discard->TX]
1342033571.396171	[Discard->TX]
1342033573.811826	[TX->]
1342033573.811875	[TX->enabled]
1342033574.086088	[RX->enabled]
1342033574.435836	[RX->]
1342033574.436300	[Discard->TX]
1342033576.715898	[TX->]
1342033576.715926	[TX->enabled]
1342033576.980175	[RX->enabled]
1342033577.315715	[RX->]
1342033577.716934	[TX->]
1342033577.716992	[TX->enabled]
1342033578.016214	[RX->enabled]
1342033579.467830	[TX->]
1342033579.467878	[TX->enabled]
1342033579.766268	[RX->enabled]
1342033580.107717	[RX->]
1342033586.971698	[RX->]
1342033587.371970	[TX->]
1342033587.372026	[TX->enabled]
1342033587.633530	[RX->enabled]
1342033591.371806	[TX->]
1342033591.371860	[TX->enabled]
1342033591.633869	[RX->enabled]
1342033591.975709	[RX->]
1342033594.387740	[RX->]
1342033594.788630	[TX->]
1342033594.788693	[TX->enabled]
1342033595.100947	[RX->enabled]
1342033596.411856	[TX->]
1342033596.411909	[TX->enabled]
1342033596.723796	[RX->enabled]
1342033597.063718	[RX->]
1342033601.095818	[RX->]
1342033601.497462	[TX->]
1342033601.497533	[TX->enabled]
1342033601.750995	[RX->enabled]
1342033607.655813	[RX->]
1342033608.056308	[TX->]
1342033608.056367	[TX->enabled]
1342033608.311571	[RX->enabled]
1342033608.851813	[RX->]
1342033608.852030	[Discard->TX]
1342033614.135811	[RX->]
1342033614.536294	[TX->]
1342033614.536352	[TX->enabled]
1342033614.802405	[RX->enabled]
1342033620.567875	[RX->]
1342033620.968359	[TX->]
1342033620.968416	[TX->enabled]
1342033621.234702	[RX->enabled]
1342033626.951815	[RX->]
1342033627.352293	[TX->]
1342033627.352351	[TX->enabled]
1342033627.617792	[RX->enabled]
1342033633.079812	[RX->]
1342033633.480396	[TX->]
1342033633.480457	[TX->enabled]
1342033633.733977	[RX->enabled]
1342033635.067711	[RX->]
1342033635.507993	[TX->]
1342033635.508052	[TX->enabled]
1342033635.762081	[RX->enabled]
1342033639.159804	[RX->]
1342033639.560308	[TX->]
1342033639.560360	[TX->enabled]
1342033639.814198	[RX->enabled]
1342033645.191799	[RX->]
1342033645.592288	[TX->]
1342033645.592346	[TX->enabled]
1342033645.846389	[RX->enabled]
1342033651.187878	[RX->]
1342033651.588491	[TX->]
1342033651.588555	[TX->enabled]
1342033651.842564	[RX->enabled]
1342033657.155805	[RX->]
1342033657.556398	[TX->]
1342033657.556456	[TX->enabled]
1342033657.809781	[RX->enabled]
1342033662.943739	[RX->]
1342033663.344636	[TX->]
1342033663.344715	[TX->enabled]
1342033663.598952	[RX->enabled]
1342033663.601003	[Discard->TX]
1342033663.601229	[Discard->TX]
1342033664.755818	[TX->]
1342033664.755889	[TX->enabled]
1342033665.009995	[RX->enabled]
1342033665.012011	[Discard->TX]
1342033665.339718	[RX->]
1342033668.620773	[TX->]
1342033668.620831	[TX->enabled]
1342033668.899131	[RX->enabled]
1342033669.219688	[RX->]
1342033675.095716	[RX->]
1342033675.496015	[TX->]
1342033675.496074	[TX->enabled]
1342033675.757376	[RX->enabled]
1342033679.097484	[TX->]
1342033679.097522	[TX->enabled]
1342033679.359480	[RX->enabled]
1342033679.703713	[RX->]
1342033702.764674	[TX->]
1342033702.764719	[TX->enabled]
1342033703.112237	[RX->enabled]
1342033703.443724	[RX->]
1342033708.283864	[RX->]
1342033708.684219	[TX->]
1342033708.684297	[TX->enabled]
1342033708.938451	[RX->enabled]
1342033708.940450	[Discard->TX]
1342033710.116091	[TX->]
1342033710.116136	[TX->enabled]
1342033710.408489	[RX->enabled]
1342033710.755704	[RX->]
1342033710.757117	[Discard->TX]
1342033712.479822	[TX->]
1342033712.479878	[TX->enabled]
1342033712.771577	[RX->enabled]
1342033713.119777	[RX->]
1342033713.560855	[TX->]
1342033713.560925	[TX->enabled]
1342033713.814562	[RX->enabled]
1342033713.816613	[Discard->TX]
1342033714.851817	[TX->]
1342033714.851868	[TX->enabled]
1342033715.136626	[RX->enabled]
1342033715.495749	[RX->]
1342033715.496007	[Discard->TX]
1342033715.496274	[Discard->TX]
1342033716.975831	[TX->]
1342033716.975878	[TX->enabled]
1342033717.259731	[RX->enabled]
1342033717.595783	[RX->]
1342033717.596143	[Discard->TX]
1342033718.951844	[TX->]
1342033718.951890	[TX->enabled]
1342033719.225757	[RX->enabled]
1342033719.571718	[RX->]
1342033719.572189	[Discard->TX]
1342033720.815850	[TX->]
1342033720.815889	[TX->enabled]
1342033721.079822	[RX->enabled]
1342033721.415706	[RX->]
1342033721.416777	[Discard->TX]
1342033722.559862	[TX->]
1342033722.559908	[TX->enabled]
1342033722.858907	[RX->enabled]
1342033723.199711	[RX->]
1342033723.600014	[TX->]
1342033723.600077	[TX->enabled]
1342033723.861894	[RX->enabled]
1342033724.847856	[TX->]
1342033724.847908	[TX->enabled]
1342033725.146978	[RX->enabled]
1342033725.491717	[RX->]
1342033726.799814	[TX->]
1342033726.799884	[TX->enabled]
1342033727.062038	[RX->enabled]
1342033727.407712	[RX->]
1342033728.307727	[RX->]
1342033728.708569	[TX->]
1342033728.708625	[TX->enabled]
1342033729.020180	[RX->enabled]
1342033729.376861	[Discard->TX]
1342033731.511880	[TX->]
1342033731.511927	[TX->enabled]
1342033731.824152	[RX->enabled]
1342033732.163781	[RX->]
1342033734.387807	[RX->]
1342033734.788341	[TX->]
1342033734.788396	[TX->enabled]
1342033735.042302	[RX->enabled]
1342033740.339816	[RX->]
1342033740.740282	[TX->]
1342033740.740339	[TX->enabled]
1342033740.994491	[RX->enabled]
1342033746.213290	[RX->]
1342033746.613773	[TX->]
1342033746.613835	[TX->enabled]
1342033746.867663	[RX->enabled]
1342033752.035812	[RX->]
1342033752.436270	[TX->]
1342033752.436328	[TX->enabled]
1342033752.689871	[RX->enabled]
1342033757.811796	[RX->]
1342033758.212264	[TX->]
1342033758.212322	[TX->enabled]
1342033758.466061	[RX->enabled]
1342033759.007884	[RX->]
1342033759.408468	[TX->]
1342033759.408525	[TX->enabled]
1342033759.662096	[RX->enabled]
1342033764.579802	[RX->]
1342033764.980269	[TX->]
1342033764.980325	[TX->enabled]
1342033765.234236	[RX->enabled]
1342033765.775794	[RX->]
1342033765.776154	[Discard->TX]
1342033768.983787	[RX->]
1342033769.024745	[TX->]
1342033769.024778	[TX->enabled]
1342033769.278409	[RX->enabled]
1342033773.171714	[RX->]
1342033773.571996	[TX->]
1342033773.572054	[TX->enabled]
1342033773.837544	[RX->enabled]
1342033779.572827	[RX->]
1342033779.973143	[TX->]
1342033779.973201	[TX->enabled]
1342033780.238731	[RX->enabled]
1342033780.779832	[RX->]
1342033780.780251	[Discard->TX]
1342033785.075801	[RX->]
1342033785.476162	[TX->]
1342033785.476225	[TX->enabled]
1342033785.741944	[RX->enabled]
1342033790.547833	[RX->]
1342033790.948563	[TX->]
1342033790.948631	[TX->enabled]
1342033791.202093	[RX->enabled]
1342033795.987886	[RX->]
1342033796.388382	[TX->]
1342033796.388442	[TX->enabled]
1342033796.642294	[RX->enabled]
1342033798.983709	[RX->]
1342033799.024734	[TX->]
1342033799.024778	[TX->enabled]
1342033799.278379	[RX->enabled]
1342033801.258318	[RX->]
1342033801.662743	[TX->]
1342033801.662808	[TX->enabled]
1342033801.917469	[RX->enabled]
1342033801.919454	[Discard->TX]
1342033801.919657	[Discard->TX]
1342033802.267922	[TX->]
1342033802.267948	[TX->enabled]
1342033802.546446	[RX->enabled]
1342033802.878453	[RX->]
1342033803.079879	[TX->]
1342033803.079906	[TX->enabled]
1342033803.333533	[RX->enabled]
1342033803.663708	[RX->]
1342033809.007702	[RX->]
1342033809.407999	[TX->]
1342033809.408088	[TX->enabled]
1342033809.669698	[RX->enabled]
1342033812.407965	[TX->]
1342033812.408011	[TX->enabled]
1342033812.669777	[RX->enabled]
1342033813.011713	[RX->]
1342033831.065142	[TX->]
1342033831.065195	[TX->enabled]
1342033831.413382	[RX->enabled]
1342033831.743710	[RX->]
1342033836.039710	[RX->]
1342033836.440280	[TX->]
1342033836.440338	[TX->enabled]
1342033836.694591	[RX->enabled]
1342033836.696589	[Discard->TX]
1342033837.859813	[TX->]
1342033837.859862	[TX->enabled]
1342033838.152609	[RX->enabled]
1342033838.499711	[RX->]
1342033838.501080	[Discard->TX]
1342033840.215909	[TX->]
1342033840.215940	[TX->enabled]
1342033840.507728	[RX->enabled]
1342033840.855731	[RX->]
1342033840.896728	[Discard->TX]
1342033840.982661	[Discard->TX]
1342033842.592036	[TX->]
1342033842.592086	[TX->enabled]
1342033842.876777	[RX->enabled]
1342033843.235788	[RX->]
1342033843.636457	[TX->]
1342033843.636517	[TX->enabled]
1342033843.889833	[RX->enabled]
1342033843.891821	[Discard->TX]
1342033844.715857	[TX->]
1342033844.715906	[TX->enabled]
1342033845.001880	[RX->enabled]
1342033845.339714	[RX->]
1342033845.340016	[Discard->TX]
1342033846.699835	[TX->]
1342033846.699883	[TX->enabled]
1342033846.973908	[RX->enabled]
1342033847.320090	[RX->]
1342033847.720601	[TX->]
1342033847.720663	[TX->enabled]
1342033847.983959	[RX->enabled]
1342033848.567846	[TX->]
1342033848.567894	[TX->enabled]
1342033848.831943	[RX->enabled]
1342033849.175785	[RX->]
1342033852.611691	[RX->]
1342033853.012892	[TX->]
1342033853.012950	[TX->enabled]
1342033853.314140	[RX->enabled]
1342033853.647710	[RX->]
1342033856.259716	[RX->]
1342033856.660006	[TX->]
1342033856.660065	[TX->enabled]
1342033856.922247	[RX->enabled]
1342033859.859847	[TX->]
1342033859.859896	[TX->enabled]
1342033860.121343	[RX->enabled]
1342033860.459716	[RX->]
1342033861.327788	[RX->]
1342033861.728626	[TX->]
1342033861.728684	[TX->enabled]
1342033862.040415	[RX->enabled]
1342033862.592800	[Discard->TX]
1342033865.119832	[TX->]
1342033865.119881	[TX->enabled]
1342033865.431488	[RX->enabled]
1342033865.775696	[RX->]
1342033866.879800	[RX->]
1342033867.280127	[TX->]
1342033867.280190	[TX->enabled]
1342033867.533589	[RX->enabled]
1342033868.075865	[RX->]
1342033868.476342	[TX->]
1342033868.476400	[TX->enabled]
1342033868.742634	[RX->enabled]
1342033873.503836	[RX->]
1342033873.904325	[TX->]
1342033873.904382	[TX->enabled]
1342033874.169790	[RX->enabled]
1342033878.879810	[RX->]
1342033879.281263	[TX->]
1342033879.281324	[TX->enabled]
1342033879.546989	[RX->enabled]
1342033880.091812	[RX->]
1342033880.492132	[TX->]
1342033880.492189	[TX->enabled]
1342033880.766024	[RX->enabled]
1342033885.423794	[RX->]
1342033885.824419	[TX->]
1342033885.824476	[TX->enabled]
1342033886.090173	[RX->enabled]
1342033890.559876	[RX->]
1342033890.960391	[TX->]
1342033890.960448	[TX->enabled]
1342033891.226336	[RX->enabled]
1342033895.663820	[RX->]
1342033896.064314	[TX->]
1342033896.064372	[TX->enabled]
1342033896.330504	[RX->enabled]
1342033896.871851	[RX->]
1342033896.872365	[Discard->TX]
1342033900.735870	[RX->]
1342033901.136213	[TX->]
1342033901.136271	[TX->enabled]
1342033901.401694	[RX->enabled]
1342033901.943821	[RX->]
1342033901.944185	[Discard->TX]
1342033906.275710	[RX->]
1342033906.716140	[TX->]
1342033906.716198	[TX->enabled]
1342033906.969880	[RX->enabled]
1342033908.467877	[RX->]
1342033908.868210	[TX->]
1342033908.868269	[TX->enabled]
1342033909.139164	[RX->enabled]
1342033916.095822	[RX->]
1342033916.497163	[TX->]
1342033916.497224	[TX->enabled]
1342033916.760741	[RX->enabled]
1342033923.483737	[RX->]
1342033923.885437	[TX->]
1342033923.885496	[TX->enabled]
1342033924.139430	[RX->enabled]
1342033924.141418	[Discard->TX]
1342033924.141670	[Discard->TX]
1342033924.715810	[Discard->TX]
1342033925.284764	[TX->]
1342033925.284811	[TX->enabled]
1342033925.538462	[RX->enabled]
1342033925.867712	[RX->]
1342033927.179855	[TX->]
1342033927.179905	[TX->enabled]
1342033927.458529	[RX->enabled]
1342033927.787711	[RX->]
1342033927.788004	[Discard->TX]
1342033928.975965	[TX->]
1342033928.975992	[TX->enabled]
1342033929.428615	[RX->enabled]
1342033929.768717	[RX->]
1342033937.415715	[RX->]
1342033937.816013	[TX->]
1342033937.816068	[TX->enabled]
1342033938.077880	[RX->enabled]
1342033941.215832	[TX->]
1342033941.215885	[TX->enabled]
1342033941.477989	[RX->enabled]
1342033941.819744	[RX->]
1342033959.875613	[TX->]
1342033959.875671	[TX->enabled]
1342033960.223581	[RX->enabled]
1342033960.551699	[RX->]
1342033965.411735	[RX->]
1342033965.812255	[TX->]
1342033965.812312	[TX->enabled]
1342033966.065784	[RX->enabled]
1342033966.067761	[Discard->TX]
1342033967.231881	[TX->]
1342033967.231929	[TX->enabled]
1342033967.524812	[RX->enabled]
1342033967.871718	[RX->]
1342033967.873122	[Discard->TX]
1342033969.587885	[TX->]
1342033969.587925	[TX->enabled]
1342033969.879911	[RX->enabled]
1342033970.231719	[RX->]
1342033970.672823	[TX->]
1342033970.672885	[TX->enabled]
1342033970.926982	[RX->enabled]
1342033970.928925	[Discard->TX]
1342033971.959866	[TX->]
1342033971.959892	[TX->enabled]
1342033972.245207	[RX->enabled]
1342033972.607724	[RX->]
1342033972.608218	[Discard->TX]
1342033972.608314	[Discard->TX]
1342033974.088908	[TX->]
1342033974.088935	[TX->enabled]
1342033974.373057	[RX->enabled]
1342033974.711697	[RX->]
1342033974.712051	[Discard->TX]
1342033976.071891	[TX->]
1342033976.071919	[TX->enabled]
1342033976.346112	[RX->enabled]
1342033976.691719	[RX->]
1342033976.692220	[Discard->TX]
1342033977.936011	[TX->]
1342033977.936066	[TX->enabled]
1342033978.200173	[RX->enabled]
1342033978.535695	[RX->]
1342033978.536848	[Discard->TX]
1342033979.684021	[TX->]
1342033979.684093	[TX->enabled]
1342033979.984239	[RX->enabled]
1342033980.323695	[RX->]
1342033980.723977	[TX->]
1342033980.724034	[TX->enabled]
1342033980.986268	[RX->enabled]
1342033981.979842	[TX->]
1342033981.979891	[TX->enabled]
1342033982.279311	[RX->enabled]
1342033982.623716	[RX->]
1342033984.123847	[TX->]
1342033984.123873	[TX->enabled]
1342033984.385382	[RX->enabled]
1342033984.727692	[RX->]
1342033985.483718	[RX->]
1342033985.884579	[TX->]
1342033985.884635	[TX->enabled]
1342033986.197301	[RX->enabled]
1342033986.556217	[Discard->TX]
1342033988.699899	[TX->]
1342033988.699952	[TX->enabled]
1342033989.011531	[RX->enabled]
1342033989.351713	[RX->]
1342033991.583792	[RX->]
1342033991.984197	[TX->]
1342033991.984255	[TX->enabled]
1342033992.237634	[RX->enabled]
1342033992.779797	[RX->]
1342033992.780013	[Discard->TX]
1342033997.551816	[RX->]
1342033997.952290	[TX->]
1342033997.952349	[TX->enabled]
1342033998.217822	[RX->enabled]
1342034003.487892	[RX->]
1342034003.888434	[TX->]
1342034003.888490	[TX->enabled]
1342034004.154003	[RX->enabled]
1342034009.359825	[RX->]
1342034009.760449	[TX->]
1342034009.760507	[TX->enabled]
1342034010.014212	[RX->enabled]
1342034014.971811	[RX->]
1342034015.372262	[TX->]
1342034015.372317	[TX->enabled]
1342034015.626392	[RX->enabled]
1342034020.539869	[RX->]
1342034020.940337	[TX->]
1342034020.940396	[TX->enabled]
1342034021.194571	[RX->enabled]
1342034026.075829	[RX->]
1342034026.476416	[TX->]
1342034026.476480	[TX->enabled]
1342034026.730734	[RX->enabled]
1342034030.383728	[RX->]
1342034030.824891	[TX->]
1342034030.824949	[TX->enabled]
1342034031.078893	[RX->enabled]
1342034031.579884	[RX->]
1342034031.580264	[Discard->TX]
1342034041.003813	[RX->]
1342034041.404288	[TX->]
1342034041.404350	[TX->enabled]
1342034041.670218	[RX->enabled]
1342034046.496784	[RX->]
1342034046.897453	[TX->]
1342034046.897510	[TX->enabled]
1342034047.150357	[RX->enabled]
1342034051.947882	[RX->]
1342034052.348446	[TX->]
1342034052.348505	[TX->enabled]
1342034052.602615	[RX->enabled]
1342034056.147700	[RX->]
1342034056.588831	[TX->]
1342034056.588891	[TX->enabled]
1342034056.842683	[RX->enabled]
1342034065.335721	[RX->]
1342034065.736195	[TX->]
1342034065.736254	[TX->enabled]
1342034065.990023	[RX->enabled]
1342034065.992015	[Discard->TX]
1342034065.992242	[Discard->TX]
1342034066.179714	[RX->]
1342034066.579987	[TX->]
1342034066.580045	[TX->enabled]
1342034066.842026	[RX->enabled]
1342034066.844035	[Discard->TX]
1342034067.147823	[TX->]
1342034067.147877	[TX->enabled]
1342034067.402036	[RX->enabled]
1342034067.727690	[RX->]
1342034068.371826	[TX->]
1342034068.371873	[TX->enabled]
1342034068.651109	[RX->enabled]
1342034068.967704	[RX->]
1342034070.179875	[TX->]
1342034070.179901	[TX->enabled]
1342034070.442244	[RX->enabled]
1342034070.783689	[RX->]
1342034088.862781	[TX->]
1342034088.863334	[TX->enabled]
1342034089.210763	[RX->enabled]
1342034089.539727	[RX->]
1342034093.475712	[RX->]
1342034093.876168	[TX->]
1342034093.876226	[TX->enabled]
1342034094.129934	[RX->enabled]
1342034094.131937	[Discard->TX]
1342034095.295798	[TX->]
1342034095.295848	[TX->enabled]
1342034095.588979	[RX->enabled]
1342034095.939725	[RX->]
1342034095.941161	[Discard->TX]
1342034097.655902	[TX->]
1342034097.655964	[TX->enabled]
1342034097.948024	[RX->enabled]
1342034098.295773	[RX->]
1342034098.736836	[TX->]
1342034098.736895	[TX->enabled]
1342034098.991093	[RX->enabled]
1342034098.993092	[Discard->TX]
1342034100.028875	[TX->]
1342034100.028904	[TX->enabled]
1342034100.314111	[RX->enabled]
1342034100.675713	[RX->]
1342034100.676226	[Discard->TX]
1342034100.676322	[Discard->TX]
1342034102.155894	[TX->]
1342034102.155921	[TX->enabled]
1342034102.440205	[RX->enabled]
1342034102.775711	[RX->]
1342034102.776102	[Discard->TX]
1342034104.132774	[TX->]
1342034104.132823	[TX->enabled]
1342034104.406253	[RX->enabled]
1342034104.755714	[RX->]
1342034104.756236	[Discard->TX]
1342034106.004053	[TX->]
1342034106.004091	[TX->enabled]
1342034106.267330	[RX->enabled]
1342034106.603713	[RX->]
1342034106.604862	[Discard->TX]
1342034107.751872	[TX->]
1342034107.751925	[TX->enabled]
1342034108.051392	[RX->enabled]
1342034108.391700	[RX->]
1342034108.391910	[Discard->TX]
1342034110.047912	[TX->]
1342034110.047939	[TX->enabled]
1342034110.347466	[RX->enabled]
1342034110.687720	[RX->]
1342034111.591817	[TX->]
1342034111.591868	[TX->enabled]
1342034111.853504	[RX->enabled]
1342034112.183711	[RX->]
1342034116.103740	[RX->]
1342034116.504623	[TX->]
1342034116.504685	[TX->enabled]
1342034116.816624	[RX->enabled]
1342034117.171823	[TX->]
1342034117.171872	[TX->enabled]
1342034117.483656	[RX->enabled]
1342034117.823732	[RX->]
1342034128.395946	[RX->]
1342034128.796912	[TX->]
1342034128.796974	[TX->enabled]
1342034129.051048	[RX->enabled]
1342034140.395813	[RX->]
1342034140.796289	[TX->]
1342034140.796350	[TX->enabled]
1342034141.050455	[RX->enabled]
1342034152.139809	[RX->]
1342034152.540275	[TX->]
1342034152.540332	[TX->enabled]
1342034152.793838	[RX->enabled]
1342034156.755769	[RX->]
1342034157.196856	[TX->]
1342034157.196921	[TX->enabled]
1342034157.450978	[RX->enabled]
1342034163.637111	[RX->]
1342034164.037604	[TX->]
1342034164.037662	[TX->enabled]
1342034164.308909	[RX->enabled]
1342034164.831813	[RX->]
1342034164.832040	[Discard->TX]
1342034174.891872	[RX->]
1342034175.292348	[TX->]
1342034175.292404	[TX->enabled]
1342034175.558664	[RX->enabled]
1342034176.099795	[RX->]
1342034176.500244	[TX->]
1342034176.500302	[TX->enabled]
1342034176.765604	[RX->enabled]
1342034186.987810	[RX->]
1342034187.388290	[TX->]
1342034187.388347	[TX->enabled]
1342034187.653970	[RX->enabled]
1342034190.615784	[RX->]
1342034191.056892	[TX->]
1342034191.056951	[TX->enabled]
1342034191.311951	[RX->enabled]
1342034196.803690	[RX->]
1342034197.203965	[TX->]
1342034197.204031	[TX->enabled]
1342034197.466287	[RX->enabled]
1342034197.795709	[RX->]
1342034215.855754	[TX->]
1342034215.855814	[TX->enabled]
1342034216.203897	[RX->enabled]
1342034216.535702	[RX->]
1342034217.547854	[RX->]
1342034217.948384	[TX->]
1342034217.948441	[TX->enabled]
1342034218.213945	[RX->enabled]
1342034220.271692	[RX->]
1342034220.672061	[TX->]
1342034220.672121	[TX->enabled]
1342034220.926003	[RX->enabled]
1342034220.928046	[Discard->TX]
1342034223.207832	[TX->]
1342034223.207883	[TX->enabled]
1342034223.501273	[RX->enabled]
1342034223.843722	[RX->]
1342034223.845212	[Discard->TX]
1342034226.659832	[TX->]
1342034226.659889	[TX->enabled]
1342034226.951235	[RX->enabled]
1342034227.299700	[RX->]
1342034227.740882	[TX->]
1342034227.740945	[TX->enabled]
1342034227.994277	[RX->enabled]
1342034227.996271	[Discard->TX]
1342034230.115937	[TX->]
1342034230.115966	[TX->enabled]
1342034230.401374	[RX->enabled]
1342034230.759725	[RX->]
1342034230.759991	[Discard->TX]
1342034230.760281	[Discard->TX]
1342034233.308771	[TX->]
1342034233.308822	[TX->enabled]
1342034233.592455	[RX->enabled]
1342034233.927695	[RX->]
1342034233.928049	[Discard->TX]
1342034236.340365	[TX->]
1342034236.340390	[TX->enabled]
1342034236.614525	[RX->enabled]
1342034236.963708	[RX->]
1342034236.964127	[Discard->TX]
1342034239.240771	[TX->]
1342034239.240818	[TX->enabled]
1342034239.501647	[RX->enabled]
1342034239.835698	[RX->]
1342034239.836699	[Discard->TX]
1342034241.983855	[TX->]
1342034241.983906	[TX->enabled]
1342034242.284718	[RX->enabled]
1342034242.623738	[RX->]
1342034242.623927	[Discard->TX]
1342034245.227715	[RX->]
1342034245.628114	[TX->]
1342034245.628170	[TX->enabled]
1342034245.889859	[RX->enabled]
1342034245.891840	[Discard->TX]
1342034246.279872	[TX->]
1342034246.279918	[TX->enabled]
1342034246.580868	[RX->enabled]
1342034246.923710	[RX->]
1342034252.023921	[TX->]
1342034252.023946	[TX->enabled]
1342034252.286049	[RX->enabled]
1342034252.631704	[RX->]
1342034266.051720	[RX->]
1342034266.452506	[TX->]
1342034266.452564	[TX->enabled]
1342034266.764524	[RX->enabled]
1342034268.071830	[TX->]
1342034268.071879	[TX->enabled]
1342034268.383567	[RX->enabled]
1342034268.723770	[RX->]
1342034277.767897	[RX->]
1342034278.168279	[TX->]
1342034278.168350	[TX->enabled]
1342034278.421883	[RX->enabled]
1342034278.963812	[RX->]
1342034278.964081	[Discard->TX]
1342034289.191889	[RX->]
1342034289.592486	[TX->]
1342034289.592543	[TX->enabled]
1342034289.858280	[RX->enabled]
1342034300.391801	[RX->]
1342034300.792279	[TX->]
1342034300.792337	[TX->enabled]
1342034301.057650	[RX->enabled]
1342034306.711691	[RX->]
1342034307.152899	[TX->]
1342034307.152957	[TX->enabled]
1342034307.406849	[RX->enabled]
1342034311.367811	[RX->]
1342034311.768213	[TX->]
1342034311.768272	[TX->enabled]
1342034312.021996	[RX->enabled]
1342034322.087794	[RX->]
1342034322.488236	[TX->]
1342034322.488294	[TX->enabled]
1342034322.742323	[RX->enabled]
1342034332.583798	[RX->]
1342034332.984252	[TX->]
1342034332.984310	[TX->enabled]
1342034333.237687	[RX->enabled]
1342034333.779871	[RX->]
1342034333.780246	[Discard->TX]
1342034335.204365	[TX->]
1342034335.204397	[TX->enabled]
1342034335.457759	[RX->enabled]
1342034335.459760	[Discard->TX]
1342034335.459848	[Discard->TX]
1342034335.775721	[RX->]
1342034336.719709	[RX->]
1342034337.159896	[TX->]
1342034337.159955	[TX->enabled]
1342034337.413865	[RX->enabled]
1342034342.919817	[RX->]
1342034343.320162	[TX->]
1342034343.320221	[TX->enabled]
1342034343.586023	[RX->enabled]
1342034346.752702	[RX->]
1342034347.152948	[TX->]
1342034347.153025	[TX->enabled]
1342034347.415121	[RX->enabled]
1342034347.743710	[RX->]
1342034353.095796	[RX->]
1342034353.497375	[TX->]
1342034353.497432	[TX->enabled]
1342034353.751351	[RX->enabled]
1342034363.139803	[RX->]
1342034363.540321	[TX->]
1342034363.540378	[TX->enabled]
1342034363.793665	[RX->enabled]
1342034365.803030	[TX->]
1342034365.803083	[TX->enabled]
1342034366.150746	[RX->enabled]
1342034366.479732	[RX->]
1342034372.091715	[RX->]
1342034372.492099	[TX->]
1342034372.492158	[TX->enabled]
1342034372.745969	[RX->enabled]
1342034372.747965	[Discard->TX]
1342034375.027910	[TX->]
1342034375.027944	[TX->enabled]
1342034375.321014	[RX->enabled]
1342034375.667702	[RX->]
1342034375.669106	[Discard->TX]
1342034378.484890	[TX->]
1342034378.484916	[TX->enabled]
1342034378.777167	[RX->enabled]
1342034379.123709	[RX->]
1342034379.564826	[TX->]
1342034379.564884	[TX->enabled]
1342034379.818194	[RX->enabled]
1342034379.820193	[Discard->TX]
1342034381.936799	[TX->]
1342034381.936853	[TX->enabled]
1342034382.221258	[RX->enabled]
1342034382.579725	[RX->]
1342034382.579990	[Discard->TX]
1342034382.580281	[Discard->TX]
1342034385.128879	[TX->]
1342034385.128905	[TX->enabled]
1342034385.412366	[RX->enabled]
1342034385.751698	[RX->]
1342034385.752066	[Discard->TX]
1342034388.164814	[TX->]
1342034388.164869	[TX->enabled]
1342034388.438479	[RX->enabled]
1342034388.787718	[RX->]
1342034388.788212	[Discard->TX]
1342034391.063811	[TX->]
1342034391.063858	[TX->enabled]
1342034391.327533	[RX->enabled]
1342034391.663714	[RX->]
1342034391.664829	[Discard->TX]
1342034393.811903	[TX->]
1342034393.811928	[TX->enabled]
1342034394.112618	[RX->enabled]
1342034394.451699	[RX->]
1342034394.451886	[Discard->TX]
1342034397.055738	[RX->]
1342034397.456005	[TX->]
1342034397.456082	[TX->enabled]
1342034397.717736	[RX->enabled]
1342034398.107873	[TX->]
1342034398.107918	[TX->enabled]
1342034398.408771	[RX->enabled]
1342034398.652033	[Discard->TX]
1342034398.751710	[RX->]
1342034404.619664	[RX->]
1342034405.060829	[TX->]
1342034405.060892	[TX->enabled]
1342034405.315010	[RX->enabled]
1342034405.317053	[Discard->TX]
1342034417.851820	[TX->]
1342034417.851872	[TX->enabled]
1342034418.113414	[RX->enabled]
1342034418.455692	[RX->]
1342034418.456155	[Discard->TX]
1342034420.475824	[TX->]
1342034420.475875	[TX->enabled]
1342034420.787523	[RX->enabled]
1342034421.119697	[RX->]
1342034431.747815	[RX->]
1342034432.148180	[TX->]
1342034432.148240	[TX->enabled]
1342034432.401902	[RX->enabled]
1342034432.943895	[RX->]
1342034432.944139	[Discard->TX]
1342034443.139812	[RX->]
1342034443.540261	[TX->]
1342034443.540326	[TX->enabled]
1342034443.806271	[RX->enabled]
1342034454.339802	[RX->]
1342034454.740343	[TX->]
1342034454.740400	[TX->enabled]
1342034455.006643	[RX->enabled]
1342034460.751733	[RX->]
1342034461.152086	[TX->]
1342034461.152143	[TX->enabled]
1342034461.405840	[RX->enabled]
1342034465.283959	[RX->]
1342034465.684557	[TX->]
1342034465.684629	[TX->enabled]
1342034465.937968	[RX->enabled]
1342034475.971811	[RX->]
1342034476.372267	[TX->]
1342034476.372324	[TX->enabled]
1342034476.626334	[RX->enabled]
1342034486.467870	[RX->]
1342034486.868350	[TX->]
1342034486.868408	[TX->enabled]
1342034487.122640	[RX->enabled]
1342034490.747746	[RX->]
1342034491.187859	[TX->]
1342034491.187961	[TX->enabled]
1342034491.441789	[RX->enabled]
1342034496.771814	[RX->]
1342034497.172317	[TX->]
1342034497.172377	[TX->enabled]
1342034497.426009	[RX->enabled]
1342034497.967857	[RX->]
1342034497.968286	[Discard->TX]
1342034506.915822	[RX->]
1342034507.316119	[TX->]
1342034507.316200	[TX->enabled]
1342034507.582339	[RX->enabled]
1342034516.931801	[RX->]
1342034517.332250	[TX->]
1342034517.332314	[TX->enabled]
1342034517.585660	[RX->enabled]
1342034526.819889	[RX->]
1342034527.220348	[TX->]
1342034527.220407	[TX->enabled]
1342034527.473980	[RX->enabled]
1342034527.863738	[RX->]
1342034527.864124	[Discard->TX]
1342034527.864218	[Discard->TX]
1342034527.865191	[Discard->TX]
1342034529.675817	[TX->]
1342034529.675864	[TX->enabled]
1342034529.954749	[RX->enabled]
1342034529.958621	[Discard->TX]
1342034530.259704	[RX->]
1342034533.540440	[TX->]
1342034533.540489	[TX->enabled]
1342034533.819166	[RX->enabled]
1342034534.135698	[RX->]
