1342029602.164184	[TX->enabled]
1342029618.865483	[TX->]
1342029618.865653	[TX->enabled]
1342029619.144301	[RX->enabled]
1342029619.513347	[RX->]
1342029677.909569	[TX->]
1342029677.909614	[TX->enabled]
1342029678.150311	[RX->enabled]
1342029678.509278	[RX->]
1342029678.510434	[Discard->TX]
1342029681.309271	[RX->]
1342029681.709708	[TX->]
1342029681.709789	[TX->enabled]
1342029681.950323	[RX->enabled]
1342029700.057361	[RX->]
1342029700.459221	[TX->]
1342029700.459303	[TX->enabled]
1342029700.700321	[RX->enabled]
1342029700.702444	[Discard->TX]
1342029701.861448	[TX->]
1342029701.861522	[TX->enabled]
1342029702.102337	[RX->enabled]
1342029702.457277	[RX->]
1342029703.917299	[RX->]
1342029704.318448	[TX->]
1342029704.318532	[TX->enabled]
1342029704.559326	[RX->enabled]
1342029705.717435	[TX->]
1342029705.717515	[TX->enabled]
1342029705.958325	[RX->enabled]
1342029706.329267	[RX->]
1342029709.701291	[RX->]
1342029710.102351	[TX->]
1342029710.102434	[TX->enabled]
1342029710.343325	[RX->enabled]
1342029711.381570	[TX->]
1342029711.381619	[TX->enabled]
1342029711.622324	[RX->enabled]
1342029711.997301	[RX->]
1342029715.249300	[RX->]
1342029715.650470	[TX->]
1342029715.650554	[TX->enabled]
1342029715.924328	[RX->enabled]
1342029716.797459	[TX->]
1342029716.797553	[TX->enabled]
1342029717.075318	[RX->enabled]
1342029717.425264	[RX->]
1342029720.337301	[RX->]
1342029720.738474	[TX->]
1342029720.738558	[TX->enabled]
1342029720.979322	[RX->enabled]
1342029721.765409	[TX->]
1342029721.765483	[TX->enabled]
1342029722.006340	[RX->enabled]
1342029722.385271	[RX->]
1342029725.029376	[RX->]
1342029725.430428	[TX->]
1342029725.430511	[TX->enabled]
1342029725.671336	[RX->enabled]
1342029726.345405	[TX->]
1342029726.345477	[TX->enabled]
1342029726.586333	[RX->enabled]
1342029726.961275	[RX->]
1342029729.421260	[RX->]
1342029729.822380	[TX->]
1342029729.822462	[TX->enabled]
1342029730.063343	[RX->enabled]
1342029730.413262	[RX->]
1342029731.221331	[RX->]
1342029731.622617	[TX->]
1342029731.622700	[TX->enabled]
1342029731.863336	[RX->enabled]
1342029731.865465	[Discard->TX]
1342029733.505318	[RX->]
1342029733.905776	[TX->]
1342029733.905859	[TX->enabled]
1342029734.146340	[RX->enabled]
1342029734.229399	[Discard->TX]
1342029735.025278	[RX->]
1342029735.425991	[TX->]
1342029735.426080	[TX->enabled]
1342029735.667340	[RX->enabled]
1342029735.669391	[Discard->TX]
1342029736.281418	[TX->]
1342029736.281493	[TX->enabled]
1342029736.522338	[RX->enabled]
1342029736.945324	[RX->]
1342029736.945789	[Discard->TX]
1342029736.947287	[Discard->TX]
1342029736.947454	[Discard->TX]
1342029739.757390	[RX->]
1342029740.157837	[TX->]
1342029740.157946	[TX->enabled]
1342029740.399838	[RX->enabled]
1342029748.397566	[TX->]
1342029748.397644	[TX->enabled]
1342029748.770332	[RX->enabled]
1342029749.129270	[RX->]
1342029749.529856	[TX->]
1342029749.529939	[TX->enabled]
1342029749.770330	[RX->enabled]
1342029751.789384	[RX->]
1342029752.190533	[TX->]
1342029752.190617	[TX->enabled]
1342029752.431441	[RX->enabled]
1342029752.433385	[Discard->TX]
1342029753.009579	[TX->]
1342029753.009634	[TX->enabled]
1342029753.250326	[RX->enabled]
1342029753.653310	[RX->]
1342029753.693395	[Discard->TX]
1342029754.369453	[RX->]
1342029754.772566	[TX->]
1342029754.772650	[TX->enabled]
1342029755.013343	[RX->enabled]
1342029755.357355	[RX->]
1342029764.391311	[TX->]
1342029764.391358	[TX->enabled]
1342029764.632336	[RX->enabled]
1342029764.989281	[RX->]
1342029764.990492	[Discard->TX]
1342029767.589302	[RX->]
1342029767.989757	[TX->]
1342029767.989841	[TX->enabled]
1342029768.230371	[RX->enabled]
1342029786.337362	[RX->]
1342029786.737876	[TX->]
1342029786.737960	[TX->enabled]
1342029786.978346	[RX->enabled]
1342029786.980395	[Discard->TX]
1342029802.413434	[TX->]
1342029802.413517	[TX->enabled]
1342029802.654358	[RX->enabled]
1342029803.005355	[RX->]
1342029804.465308	[RX->]
1342029804.866560	[TX->]
1342029804.866643	[TX->enabled]
1342029805.107345	[RX->enabled]
1342029805.505297	[RX->]
1342029805.506249	[Discard->TX]
1342029806.821323	[RX->]
1342029807.221771	[TX->]
1342029807.221853	[TX->enabled]
1342029807.462345	[RX->enabled]
1342029820.525478	[TX->]
1342029820.525560	[TX->enabled]
1342029820.766357	[RX->enabled]
1342029821.165278	[RX->]
1342029822.473377	[RX->]
1342029822.874508	[TX->]
1342029822.874591	[TX->enabled]
1342029823.115361	[RX->enabled]
1342029823.117425	[Discard->TX]
1342029836.685496	[TX->]
1342029836.685575	[TX->enabled]
1342029836.966343	[RX->enabled]
1342029837.297276	[RX->]
1342029838.389299	[RX->]
1342029838.790387	[TX->]
1342029838.790469	[TX->enabled]
1342029839.031351	[RX->enabled]
1342029839.405276	[RX->]
1342029839.406174	[Discard->TX]
1342029840.341371	[RX->]
1342029840.741831	[TX->]
1342029840.741913	[TX->enabled]
1342029840.982338	[RX->enabled]
1342029851.821534	[TX->]
1342029851.821620	[TX->enabled]
1342029852.062356	[RX->enabled]
1342029852.433281	[RX->]
1342029852.434144	[Discard->TX]
1342029852.434328	[Discard->TX]
1342029853.261280	[RX->]
1342029853.661731	[TX->]
1342029853.661815	[TX->enabled]
1342029853.902354	[RX->enabled]
1342029863.917406	[TX->]
1342029863.917493	[TX->enabled]
1342029864.158365	[RX->enabled]
1342029864.557333	[RX->]
1342029864.558659	[Discard->TX]
1342029864.558822	[Discard->TX]
1342029865.285316	[RX->]
1342029865.685770	[TX->]
1342029865.685854	[TX->enabled]
1342029865.926364	[RX->enabled]
1342029867.565433	[TX->]
1342029867.565505	[TX->enabled]
1342029867.806357	[RX->enabled]
1342029868.165284	[RX->]
1342029868.566245	[TX->]
1342029868.566329	[TX->enabled]
1342029868.807365	[RX->enabled]
1342029868.809419	[Discard->TX]
1342029878.765445	[TX->]
1342029878.765530	[TX->enabled]
1342029879.006358	[RX->enabled]
1342029879.429405	[RX->]
1342029879.431022	[Discard->TX]
1342029879.431343	[Discard->TX]
1342029879.431496	[Discard->TX]
1342029880.081324	[RX->]
1342029880.481797	[TX->]
1342029880.481881	[TX->enabled]
1342029880.722370	[RX->enabled]
1342029895.533652	[TX->]
1342029895.533736	[TX->enabled]
1342029895.916368	[RX->enabled]
1342029896.265261	[RX->]
1342029896.665815	[TX->]
1342029896.665899	[TX->enabled]
1342029896.906350	[RX->enabled]
1342029898.901295	[RX->]
1342029899.302431	[TX->]
1342029899.302515	[TX->enabled]
1342029899.543370	[RX->enabled]
1342029899.545411	[Discard->TX]
1342029908.653375	[TX->]
1342029908.653464	[TX->enabled]
1342029908.894361	[RX->enabled]
1342029909.293373	[RX->]
1342029909.733513	[TX->]
1342029909.733595	[TX->enabled]
1342029909.974368	[RX->enabled]
1342029911.861417	[RX->]
1342029912.264602	[TX->]
1342029912.264686	[TX->enabled]
1342029912.505376	[RX->enabled]
1342029920.781450	[TX->]
1342029920.781535	[TX->enabled]
1342029921.022377	[RX->enabled]
1342029921.365272	[RX->]
1342029921.882609	[Discard->TX]
1342029924.885428	[TX->]
1342029924.885501	[TX->enabled]
1342029925.126361	[RX->enabled]
1342029925.485288	[RX->]
1342029925.485693	[Discard->TX]
1342029929.485286	[RX->]
1342029929.885750	[TX->]
1342029929.885830	[TX->enabled]
1342029930.126381	[RX->enabled]
1342029948.229361	[RX->]
1342029948.631336	[TX->]
1342029948.631421	[TX->enabled]
1342029948.872368	[RX->enabled]
1342029948.874424	[Discard->TX]
1342029963.821459	[TX->]
1342029963.821545	[TX->enabled]
1342029964.062386	[RX->enabled]
1342029964.413270	[RX->]
1342029965.873315	[RX->]
1342029966.274568	[TX->]
1342029966.274651	[TX->enabled]
1342029966.515385	[RX->enabled]
1342029968.253298	[RX->]
1342029968.654343	[TX->]
1342029968.654426	[TX->enabled]
1342029968.895368	[RX->enabled]
1342029969.017316	[RX->]
1342029969.418546	[TX->]
1342029969.418626	[TX->enabled]
1342029969.692372	[RX->enabled]
1342029971.153300	[RX->]
1342029971.554390	[TX->]
1342029971.554474	[TX->enabled]
1342029971.795374	[RX->enabled]
1342029973.133308	[RX->]
1342029973.534401	[TX->]
1342029973.534485	[TX->enabled]
1342029973.775389	[RX->enabled]
1342029974.997275	[RX->]
1342029975.398257	[TX->]
1342029975.398340	[TX->enabled]
1342029975.639383	[RX->enabled]
1342029976.789318	[RX->]
1342029977.190611	[TX->]
1342029977.190694	[TX->enabled]
1342029977.431367	[RX->enabled]
1342029977.433425	[Discard->TX]
1342029979.101401	[RX->]
1342029979.501821	[TX->]
1342029979.501905	[TX->enabled]
1342029979.742387	[RX->enabled]
1342029979.797477	[Discard->TX]
1342029980.389284	[RX->]
1342029980.789803	[TX->]
1342029980.789884	[TX->enabled]
1342029981.030386	[RX->enabled]
1342029981.032451	[Discard->TX]
1342029989.421460	[TX->]
1342029989.421536	[TX->enabled]
1342029989.662377	[RX->enabled]
1342029990.081321	[RX->]
1342029990.483104	[TX->]
1342029990.483186	[TX->enabled]
1342029990.724380	[RX->enabled]
1342029990.726647	[Discard->TX]
1342029990.726804	[Discard->TX]
1342030006.317598	[TX->]
1342030006.317684	[TX->enabled]
1342030006.697384	[RX->enabled]
1342030007.049268	[RX->]
1342030007.449790	[TX->]
1342030007.449874	[TX->enabled]
1342030007.690382	[RX->enabled]
1342030010.425300	[RX->]
1342030010.826504	[TX->]
1342030010.826588	[TX->enabled]
1342030011.067373	[RX->enabled]
1342030011.069432	[Discard->TX]
1342030018.541519	[TX->]
1342030018.541570	[TX->enabled]
1342030018.782378	[RX->enabled]
1342030019.181318	[RX->]
1342030019.621513	[TX->]
1342030019.621595	[TX->enabled]
1342030019.862397	[RX->enabled]
1342030021.457418	[RX->]
1342030021.860506	[TX->]
1342030021.860590	[TX->enabled]
1342030022.101403	[RX->enabled]
1342030022.441289	[RX->]
1342030031.480053	[TX->]
1342030031.480117	[TX->enabled]
1342030031.721403	[RX->enabled]
1342030032.081285	[RX->]
1342030032.481786	[TX->]
1342030032.481871	[TX->enabled]
1342030032.722397	[RX->enabled]
1342030050.813453	[RX->]
1342030051.215346	[TX->]
1342030051.215430	[TX->enabled]
1342030051.456400	[RX->enabled]
1342030051.458446	[Discard->TX]
1342030064.813396	[TX->]
1342030064.813482	[TX->enabled]
1342030065.054400	[RX->enabled]
1342030065.409286	[RX->]
1342030067.985296	[RX->]
1342030068.386556	[TX->]
1342030068.386638	[TX->enabled]
1342030068.627400	[RX->enabled]
1342030071.437296	[RX->]
1342030071.838336	[TX->]
1342030071.838418	[TX->enabled]
1342030072.079399	[RX->enabled]
1342030072.481355	[RX->]
1342030074.889327	[RX->]
1342030075.290521	[TX->]
1342030075.290604	[TX->enabled]
1342030075.564403	[RX->enabled]
1342030078.081308	[RX->]
1342030078.482496	[TX->]
1342030078.482580	[TX->enabled]
1342030078.723407	[RX->enabled]
1342030081.113290	[RX->]
1342030081.514322	[TX->]
1342030081.514411	[TX->enabled]
1342030081.755395	[RX->enabled]
1342030084.001283	[RX->]
1342030084.402249	[TX->]
1342030084.402330	[TX->enabled]
1342030084.643389	[RX->enabled]
1342030086.781411	[RX->]
1342030087.182740	[TX->]
1342030087.182823	[TX->enabled]
1342030087.438398	[RX->enabled]
1342030087.440447	[Discard->TX]
1342030089.789474	[TX->]
1342030089.789558	[TX->enabled]
1342030090.030391	[RX->enabled]
1342030090.389270	[RX->]
1342030090.389984	[Discard->TX]
1342030090.390167	[Discard->TX]
1342030091.073305	[RX->]
1342030091.473779	[TX->]
1342030091.473863	[TX->enabled]
1342030091.714398	[RX->enabled]
1342030096.981281	[RX->]
1342030097.381817	[TX->]
1342030097.381899	[TX->enabled]
1342030097.622406	[RX->enabled]
1342030099.373509	[TX->]
1342030099.373582	[TX->enabled]
1342030099.614397	[RX->enabled]
1342030100.037323	[RX->]
1342030100.439113	[TX->]
1342030100.439197	[TX->enabled]
1342030100.680405	[RX->enabled]
1342030100.682597	[Discard->TX]
1342030100.682761	[Discard->TX]
1342030114.605571	[TX->]
1342030114.605655	[TX->enabled]
1342030114.986406	[RX->enabled]
1342030116.749275	[RX->]
1342030117.149837	[TX->]
1342030117.149919	[TX->enabled]
1342030117.390398	[RX->enabled]
1342030120.901294	[RX->]
1342030121.302475	[TX->]
1342030121.302559	[TX->enabled]
1342030121.543407	[RX->enabled]
1342030121.545457	[Discard->TX]
1342030128.909475	[TX->]
1342030128.909558	[TX->enabled]
1342030129.150409	[RX->enabled]
1342030129.549326	[RX->]
1342030129.589420	[Discard->TX]
1342030131.181467	[RX->]
1342030131.584140	[TX->]
1342030131.584249	[TX->enabled]
1342030131.825418	[RX->enabled]
1342030138.477374	[TX->]
1342030138.477465	[TX->enabled]
1342030138.718410	[RX->enabled]
1342030139.061268	[RX->]
1342030141.203668	[TX->]
1342030141.203708	[TX->enabled]
1342030141.444405	[RX->enabled]
1342030141.801283	[RX->]
1342030141.802485	[Discard->TX]
1342030145.601275	[RX->]
1342030146.001741	[TX->]
1342030146.001825	[TX->enabled]
1342030146.242426	[RX->enabled]
1342030164.353355	[RX->]
1342030164.755283	[TX->]
1342030164.755368	[TX->enabled]
1342030164.996415	[RX->enabled]
1342030164.998686	[Discard->TX]
1342030177.773366	[TX->]
1342030177.773452	[TX->enabled]
1342030178.033419	[RX->enabled]
1342030178.365263	[RX->]
1342030179.825302	[RX->]
1342030180.226561	[TX->]
1342030180.226644	[TX->enabled]
1342030180.467423	[RX->enabled]
1342030182.181306	[RX->]
1342030182.582352	[TX->]
1342030182.582435	[TX->enabled]
1342030182.823428	[RX->enabled]
1342030184.541286	[RX->]
1342030184.942460	[TX->]
1342030184.942544	[TX->enabled]
1342030185.216426	[RX->enabled]
1342030185.557343	[RX->]
1342030186.669299	[RX->]
1342030187.070378	[TX->]
1342030187.070464	[TX->enabled]
1342030187.311432	[RX->enabled]
1342030187.685284	[RX->]
1342030187.686170	[Discard->TX]
1342030188.645281	[RX->]
1342030189.045743	[TX->]
1342030189.045827	[TX->enabled]
1342030189.286416	[RX->enabled]
1342030198.061610	[TX->]
1342030198.061676	[TX->enabled]
1342030198.302421	[RX->enabled]
1342030198.673361	[RX->]
1342030198.674209	[Discard->TX]
1342030198.674480	[Discard->TX]
1342030199.517281	[RX->]
1342030199.917730	[TX->]
1342030199.917813	[TX->enabled]
1342030200.158422	[RX->enabled]
1342030208.525444	[TX->]
1342030208.525532	[TX->enabled]
1342030208.779414	[RX->enabled]
1342030209.161327	[RX->]
1342030209.562714	[TX->]
1342030209.562798	[TX->enabled]
1342030209.803420	[RX->enabled]
1342030209.805476	[Discard->TX]
1342030212.165376	[TX->]
1342030212.165437	[TX->enabled]
1342030212.406426	[RX->enabled]
1342030212.765271	[RX->]
1342030212.765667	[Discard->TX]
1342030212.766297	[Discard->TX]
1342030216.365287	[RX->]
1342030216.765794	[TX->]
1342030216.765876	[TX->enabled]
1342030217.006427	[RX->enabled]
1342030222.157419	[TX->]
1342030222.157519	[TX->enabled]
1342030222.422416	[RX->enabled]
1342030222.821310	[RX->]
1342030222.822920	[Discard->TX]
1342030222.823226	[Discard->TX]
1342030222.823411	[Discard->TX]
1342030226.185416	[RX->]
1342030226.585843	[TX->]
1342030226.585925	[TX->enabled]
1342030226.826416	[RX->enabled]
1342030236.205532	[TX->]
1342030236.205622	[TX->enabled]
1342030236.586432	[RX->enabled]
1342030236.937273	[RX->]
1342030236.937712	[Discard->TX]
1342030238.349259	[RX->]
1342030238.749746	[TX->]
1342030238.749828	[TX->enabled]
1342030238.990431	[RX->enabled]
1342030240.233276	[RX->]
1342030240.634431	[TX->]
1342030240.634515	[TX->enabled]
1342030240.875428	[RX->enabled]
1342030240.877549	[Discard->TX]
1342030249.197744	[TX->]
1342030249.197813	[TX->enabled]
1342030249.454430	[RX->enabled]
1342030249.837325	[RX->]
1342030249.877422	[Discard->TX]
1342030253.125468	[RX->]
1342030253.528704	[TX->]
1342030253.528787	[TX->enabled]
1342030253.769438	[RX->enabled]
1342030261.645466	[TX->]
1342030261.645550	[TX->enabled]
1342030261.886445	[RX->enabled]
1342030262.229251	[RX->]
1342030263.147738	[TX->]
1342030263.147766	[TX->enabled]
1342030263.388436	[RX->enabled]
1342030263.749278	[RX->]
1342030263.749675	[Discard->TX]
1342030266.349316	[RX->]
1342030266.749773	[TX->]
1342030266.749880	[TX->enabled]
1342030266.990442	[RX->enabled]
1342030285.093413	[RX->]
1342030285.495471	[TX->]
1342030285.495554	[TX->enabled]
1342030285.736431	[RX->enabled]
1342030285.738490	[Discard->TX]
1342030300.205418	[TX->]
1342030300.205506	[TX->enabled]
1342030300.446439	[RX->enabled]
1342030300.801263	[RX->]
1342030302.261385	[RX->]
1342030302.662610	[TX->]
1342030302.662692	[TX->enabled]
1342030302.903450	[RX->enabled]
1342030304.617296	[RX->]
1342030305.018340	[TX->]
1342030305.018425	[TX->enabled]
1342030305.259455	[RX->enabled]
1342030305.661256	[RX->]
1342030306.981311	[RX->]
1342030307.382454	[TX->]
1342030307.382537	[TX->enabled]
1342030307.664436	[RX->enabled]
1342030309.109302	[RX->]
1342030309.510523	[TX->]
1342030309.510605	[TX->enabled]
1342030309.751445	[RX->enabled]
1342030311.081433	[RX->]
1342030311.483255	[TX->]
1342030311.483347	[TX->enabled]
1342030311.724461	[RX->enabled]
1342030312.941284	[RX->]
1342030313.342184	[TX->]
1342030313.342271	[TX->enabled]
1342030313.583453	[RX->enabled]
1342030314.721337	[RX->]
1342030315.122674	[TX->]
1342030315.122753	[TX->enabled]
1342030315.363455	[RX->enabled]
1342030315.365491	[Discard->TX]
1342030317.017323	[RX->]
1342030317.417771	[TX->]
1342030317.417849	[TX->enabled]
1342030317.658454	[RX->enabled]
1342030317.725417	[Discard->TX]
1342030319.321371	[RX->]
1342030319.722325	[TX->]
1342030319.722405	[TX->enabled]
1342030319.963445	[RX->enabled]
1342030319.965506	[Discard->TX]
1342030328.621473	[TX->]
1342030328.621548	[TX->enabled]
1342030328.862448	[RX->enabled]
1342030329.293354	[RX->]
1342030329.695126	[TX->]
1342030329.695207	[TX->enabled]
1342030329.936450	[RX->enabled]
1342030329.938640	[Discard->TX]
1342030329.938802	[Discard->TX]
1342030345.773704	[TX->]
1342030345.773756	[TX->enabled]
1342030346.153461	[RX->enabled]
1342030346.501255	[RX->]
1342030346.501716	[Discard->TX]
1342030347.377294	[RX->]
1342030347.778491	[TX->]
1342030347.778575	[TX->enabled]
1342030348.019457	[RX->enabled]
1342030348.021498	[Discard->TX]
1342030351.429257	[RX->]
1342030351.829728	[TX->]
1342030351.829811	[TX->enabled]
1342030352.070462	[RX->enabled]
1342030355.821410	[TX->]
1342030355.821485	[TX->enabled]
1342030356.062451	[RX->enabled]
1342030356.461416	[RX->]
1342030356.501340	[Discard->TX]
1342030357.433460	[RX->]
1342030357.836543	[TX->]
1342030357.836627	[TX->enabled]
1342030358.077458	[RX->enabled]
1342030358.417259	[RX->]
1342030367.456410	[TX->]
1342030367.456477	[TX->enabled]
1342030367.697463	[RX->enabled]
1342030368.057260	[RX->]
1342030368.457790	[TX->]
1342030368.457877	[TX->enabled]
1342030368.698453	[RX->enabled]
1342030386.789453	[RX->]
1342030387.191355	[TX->]
1342030387.191438	[TX->enabled]
1342030387.432459	[RX->enabled]
1342030387.434516	[Discard->TX]
1342030401.901381	[TX->]
1342030401.901470	[TX->enabled]
1342030402.142462	[RX->enabled]
1342030402.497239	[RX->]
1342030405.069316	[RX->]
1342030405.470638	[TX->]
1342030405.470721	[TX->enabled]
1342030405.711456	[RX->enabled]
1342030408.525313	[RX->]
1342030408.926357	[TX->]
1342030408.926441	[TX->enabled]
1342030409.167463	[RX->enabled]
1342030409.569252	[RX->]
1342030411.981397	[RX->]
1342030412.382519	[TX->]
1342030412.382601	[TX->enabled]
1342030412.656470	[RX->enabled]
1342030415.177315	[RX->]
1342030415.578526	[TX->]
1342030415.578610	[TX->enabled]
1342030415.819460	[RX->enabled]
1342030418.205309	[RX->]
1342030418.606350	[TX->]
1342030418.606433	[TX->enabled]
1342030418.847461	[RX->enabled]
1342030421.097248	[RX->]
1342030421.498371	[TX->]
1342030421.498463	[TX->enabled]
1342030421.739478	[RX->enabled]
1342030423.885321	[RX->]
1342030424.286685	[TX->]
1342030424.286770	[TX->enabled]
1342030424.527464	[RX->enabled]
1342030424.529513	[Discard->TX]
1342030426.893427	[TX->]
1342030426.893513	[TX->enabled]
1342030427.134468	[RX->enabled]
1342030427.493245	[RX->]
1342030427.493992	[Discard->TX]
1342030427.494174	[Discard->TX]
1342030428.193322	[RX->]
1342030428.593786	[TX->]
1342030428.593869	[TX->enabled]
1342030428.834476	[RX->enabled]
1342030434.889255	[RX->]
1342030435.289743	[TX->]
1342030435.289827	[TX->enabled]
1342030435.530467	[RX->enabled]
1342030436.717462	[TX->]
1342030436.717511	[TX->enabled]
1342030436.958477	[RX->enabled]
1342030437.381333	[RX->]
1342030437.783054	[TX->]
1342030437.783138	[TX->enabled]
1342030438.023475	[RX->enabled]
1342030438.025661	[Discard->TX]
1342030438.025825	[Discard->TX]
1342030452.525557	[TX->]
1342030452.525642	[TX->enabled]
1342030452.907469	[RX->enabled]
1342030453.257255	[RX->]
1342030453.657871	[TX->]
1342030453.657956	[TX->enabled]
1342030453.898469	[RX->enabled]
1342030454.869277	[RX->]
1342030455.270479	[TX->]
1342030455.270563	[TX->enabled]
1342030455.511469	[RX->enabled]
1342030455.513519	[Discard->TX]
1342030463.117368	[TX->]
1342030463.117434	[TX->enabled]
1342030463.358491	[RX->enabled]
1342030463.757282	[RX->]
1342030463.797436	[Discard->TX]
1342030465.397459	[RX->]
1342030465.800160	[TX->]
1342030465.800245	[TX->enabled]
1342030466.041487	[RX->enabled]
1342030466.385241	[RX->]
1342030475.420395	[TX->]
1342030475.420462	[TX->enabled]
1342030475.661491	[RX->enabled]
1342030476.021247	[RX->]
1342030476.421776	[TX->]
1342030476.421856	[TX->enabled]
1342030476.662477	[RX->enabled]
1342030494.757359	[RX->]
1342030495.159237	[TX->]
1342030495.159320	[TX->enabled]
1342030495.400485	[RX->enabled]
1342030495.402534	[Discard->TX]
1342030508.333443	[TX->]
1342030508.333532	[TX->enabled]
1342030508.574480	[RX->enabled]
1342030508.925239	[RX->]
1342030511.501412	[RX->]
1342030511.902717	[TX->]
1342030511.902800	[TX->enabled]
1342030512.143483	[RX->enabled]
1342030512.541285	[RX->]
1342030512.542315	[Discard->TX]
1342030514.957280	[RX->]
1342030515.357765	[TX->]
1342030515.357849	[TX->enabled]
1342030515.598480	[RX->enabled]
1342030525.453454	[TX->]
1342030525.453539	[TX->enabled]
1342030525.694488	[RX->enabled]
1342030526.093330	[RX->]
1342030528.505282	[RX->]
1342030528.906530	[TX->]
1342030528.906614	[TX->enabled]
1342030529.147493	[RX->enabled]
1342030529.149562	[Discard->TX]
1342030541.037459	[TX->]
1342030541.037545	[TX->enabled]
1342030541.318487	[RX->enabled]
1342030541.649245	[RX->]
1342030543.837304	[RX->]
1342030544.238472	[TX->]
1342030544.238556	[TX->enabled]
1342030544.479500	[RX->enabled]
1342030546.873267	[RX->]
1342030547.274335	[TX->]
1342030547.274420	[TX->enabled]
1342030547.515497	[RX->enabled]
1342030549.769256	[RX->]
1342030550.170238	[TX->]
1342030550.170323	[TX->enabled]
1342030550.411500	[RX->enabled]
1342030552.557495	[RX->]
1342030552.959068	[TX->]
1342030552.959152	[TX->enabled]
1342030553.199499	[RX->enabled]
1342030553.201540	[Discard->TX]
1342030553.561254	[RX->]
1342030553.561999	[Discard->TX]
1342030553.562183	[Discard->TX]
1342030556.757252	[RX->]
1342030557.157765	[TX->]
1342030557.157847	[TX->enabled]
1342030557.398482	[RX->enabled]
1342030563.661395	[TX->]
1342030563.661481	[TX->enabled]
1342030563.908480	[RX->enabled]
1342030564.325422	[RX->]
1342030564.727144	[TX->]
1342030564.727230	[TX->enabled]
1342030564.968503	[RX->enabled]
1342030564.970684	[Discard->TX]
1342030564.970848	[Discard->TX]
1342030577.901577	[TX->]
1342030577.901663	[TX->enabled]
1342030578.284497	[RX->enabled]
1342030578.633238	[RX->]
1342030578.633633	[Discard->TX]
1342030580.033251	[RX->]
1342030580.433809	[TX->]
1342030580.433891	[TX->enabled]
1342030580.674488	[RX->enabled]
1342030591.149283	[RX->]
1342030591.550491	[TX->]
1342030591.550577	[TX->enabled]
1342030591.791503	[RX->enabled]
1342030591.793551	[Discard->TX]
1342030600.365455	[TX->]
1342030600.365540	[TX->enabled]
1342030600.613500	[RX->enabled]
1342030601.005298	[RX->]
1342030601.445529	[TX->]
1342030601.445612	[TX->enabled]
1342030601.686494	[RX->enabled]
1342030613.013407	[RX->]
1342030613.416078	[TX->]
1342030613.416160	[TX->enabled]
1342030613.656505	[RX->enabled]
1342030621.549472	[TX->]
1342030621.549527	[TX->enabled]
1342030621.790515	[RX->enabled]
1342030622.133246	[RX->]
1342030623.036510	[TX->]
1342030623.036565	[TX->enabled]
1342030623.277513	[RX->enabled]
1342030623.637215	[RX->]
1342030623.637558	[Discard->TX]
1342030627.037268	[RX->]
1342030627.437734	[TX->]
1342030627.437816	[TX->enabled]
1342030627.678510	[RX->enabled]
1342030645.785352	[RX->]
1342030646.187247	[TX->]
1342030646.187353	[TX->enabled]
1342030646.428499	[RX->enabled]
1342030646.430571	[Discard->TX]
1342030660.013699	[TX->]
1342030660.013750	[TX->enabled]
1342030660.254518	[RX->enabled]
1342030660.605255	[RX->]
1342030662.065279	[RX->]
1342030662.466620	[TX->]
1342030662.466700	[TX->enabled]
1342030662.707520	[RX->enabled]
1342030664.421293	[RX->]
1342030664.822355	[TX->]
1342030664.822439	[TX->enabled]
1342030665.063521	[RX->enabled]
1342030665.465246	[RX->]
1342030666.785274	[RX->]
1342030667.186418	[TX->]
1342030667.186502	[TX->enabled]
1342030667.453510	[RX->enabled]
1342030668.913387	[RX->]
1342030669.314437	[TX->]
1342030669.314519	[TX->enabled]
1342030669.555516	[RX->enabled]
1342030670.885270	[RX->]
1342030671.286314	[TX->]
1342030671.286406	[TX->enabled]
1342030671.527514	[RX->enabled]
1342030672.741254	[RX->]
1342030673.142191	[TX->]
1342030673.142276	[TX->enabled]
1342030673.383513	[RX->enabled]
1342030674.525293	[RX->]
1342030674.926643	[TX->]
1342030674.926724	[TX->enabled]
1342030675.167516	[RX->enabled]
1342030675.169559	[Discard->TX]
1342030675.525256	[RX->]
1342030675.525749	[Discard->TX]
1342030675.526281	[Discard->TX]
1342030676.825288	[RX->]
1342030677.225769	[TX->]
1342030677.225849	[TX->enabled]
1342030677.466515	[RX->enabled]
1342030679.325261	[RX->]
1342030679.725742	[TX->]
1342030679.725826	[TX->enabled]
1342030679.972510	[RX->enabled]
1342030684.845453	[TX->]
1342030684.845539	[TX->enabled]
1342030685.086506	[RX->enabled]
1342030685.505304	[RX->]
1342030685.506939	[Discard->TX]
1342030685.507308	[Discard->TX]
1342030685.507475	[Discard->TX]
1342030686.177289	[RX->]
1342030686.577763	[TX->]
1342030686.577846	[TX->enabled]
1342030686.818508	[RX->enabled]
1342030699.757597	[TX->]
1342030699.757683	[TX->enabled]
1342030700.138518	[RX->enabled]
1342030700.489250	[RX->]
1342030700.489685	[Discard->TX]
1342030701.129386	[RX->]
1342030701.530613	[TX->]
1342030701.530697	[TX->enabled]
1342030701.771523	[RX->enabled]
1342030701.773573	[Discard->TX]
1342030705.525264	[RX->]
1342030705.925735	[TX->]
1342030705.925819	[TX->enabled]
1342030706.166523	[RX->enabled]
1342030709.709456	[TX->]
1342030709.709530	[TX->enabled]
1342030709.950529	[RX->enabled]
1342030710.349299	[RX->]
1342030710.789525	[TX->]
1342030710.789633	[TX->enabled]
1342030711.030524	[RX->enabled]
1342030712.949403	[RX->]
1342030713.352620	[TX->]
1342030713.352704	[TX->enabled]
1342030713.593525	[RX->enabled]
1342030720.941399	[TX->]
1342030720.941485	[TX->enabled]
1342030721.182516	[RX->enabled]
1342030721.521254	[RX->]
1342030722.971730	[TX->]
1342030722.971788	[TX->enabled]
1342030723.212533	[RX->enabled]
1342030723.569248	[RX->]
1342030723.569793	[Discard->TX]
1342030726.573309	[RX->]
1342030726.973797	[TX->]
1342030726.973880	[TX->enabled]
1342030727.214529	[RX->enabled]
1342030745.317335	[RX->]
1342030745.719255	[TX->]
1342030745.719358	[TX->enabled]
1342030745.960519	[RX->enabled]
1342030745.962683	[Discard->TX]
1342030759.309450	[TX->]
1342030759.309537	[TX->enabled]
1342030759.550542	[RX->enabled]
1342030759.901256	[RX->]
1342030761.365275	[RX->]
1342030761.766532	[TX->]
1342030761.766616	[TX->enabled]
1342030762.007532	[RX->enabled]
1342030762.401286	[RX->]
1342030762.402256	[Discard->TX]
1342030763.717302	[RX->]
1342030764.117804	[TX->]
1342030764.117888	[TX->enabled]
1342030764.358540	[RX->enabled]
1342030775.629522	[TX->]
1342030775.629573	[TX->enabled]
1342030775.870525	[RX->enabled]
1342030776.273248	[RX->]
1342030777.581277	[RX->]
1342030777.982457	[TX->]
1342030777.982539	[TX->enabled]
1342030778.223533	[RX->enabled]
1342030778.225610	[Discard->TX]
1342030790.317441	[TX->]
1342030790.317526	[TX->enabled]
1342030790.598528	[RX->enabled]
1342030790.933248	[RX->]
1342030792.025285	[RX->]
1342030792.426501	[TX->]
1342030792.426582	[TX->enabled]
1342030792.667540	[RX->enabled]
1342030793.977290	[RX->]
1342030794.378391	[TX->]
1342030794.378475	[TX->enabled]
1342030794.619535	[RX->enabled]
1342030795.821250	[RX->]
1342030796.222244	[TX->]
1342030796.222328	[TX->enabled]
1342030796.463540	[RX->enabled]
1342030797.593296	[RX->]
1342030797.994700	[TX->]
1342030797.994782	[TX->enabled]
1342030798.235550	[RX->enabled]
1342030798.237589	[Discard->TX]
1342030798.593254	[RX->]
1342030798.593755	[Discard->TX]
1342030798.594258	[Discard->TX]
1342030799.857408	[RX->]
1342030800.257829	[TX->]
1342030800.257912	[TX->enabled]
1342030800.498539	[RX->enabled]
1342030802.413258	[RX->]
1342030802.813804	[TX->]
1342030802.813888	[TX->enabled]
1342030803.054549	[RX->enabled]
1342030808.173395	[TX->]
1342030808.173496	[TX->enabled]
1342030808.414537	[RX->enabled]
1342030808.833305	[RX->]
1342030808.835077	[Discard->TX]
1342030808.835420	[Discard->TX]
1342030808.835572	[Discard->TX]
1342030811.613431	[RX->]
1342030812.013865	[TX->]
1342030812.013954	[TX->enabled]
1342030812.254550	[RX->enabled]
1342030822.829614	[TX->]
1342030822.829700	[TX->enabled]
1342030823.209546	[RX->enabled]
1342030823.561251	[RX->]
1342030823.561723	[Discard->TX]
1342030824.189259	[RX->]
1342030824.590449	[TX->]
1342030824.590578	[TX->enabled]
1342030824.831612	[RX->enabled]
1342030824.833592	[Discard->TX]
1342030825.033359	[RX->]
1342030825.433802	[TX->]
1342030825.433880	[TX->enabled]
1342030825.674532	[RX->enabled]
1342030832.909398	[TX->]
1342030832.909486	[TX->enabled]
1342030833.150548	[RX->enabled]
1342030833.549288	[RX->]
1342030833.589400	[Discard->TX]
1342030834.257459	[RX->]
1342030834.660593	[TX->]
1342030834.660677	[TX->enabled]
1342030834.901554	[RX->enabled]
1342030842.317462	[TX->]
1342030842.317546	[TX->enabled]
1342030842.558541	[RX->enabled]
1342030842.901251	[RX->]
1342030844.280238	[TX->]
1342030844.280282	[TX->enabled]
1342030844.521552	[RX->enabled]
1342030844.877261	[RX->]
1342030844.877747	[Discard->TX]
1342030848.277273	[RX->]
1342030848.677763	[TX->]
1342030848.677846	[TX->enabled]
1342030848.918551	[RX->enabled]
1342030867.025326	[RX->]
1342030867.427259	[TX->]
1342030867.427342	[TX->enabled]
1342030867.668539	[RX->enabled]
1342030867.670608	[Discard->TX]
1342030880.845409	[TX->]
1342030880.845494	[TX->enabled]
1342030881.086549	[RX->enabled]
1342030881.437349	[RX->]
1342030882.897283	[RX->]
1342030883.298605	[TX->]
1342030883.298688	[TX->enabled]
1342030883.539546	[RX->enabled]
1342030885.253282	[RX->]
1342030885.654397	[TX->]
1342030885.654480	[TX->enabled]
1342030885.895561	[RX->enabled]
1342030886.017300	[RX->]
1342030886.418439	[TX->]
1342030886.418520	[TX->enabled]
1342030886.692555	[RX->enabled]
1342030888.145279	[RX->]
1342030888.546501	[TX->]
1342030888.546609	[TX->enabled]
1342030888.787553	[RX->enabled]
1342030890.121382	[RX->]
1342030890.522435	[TX->]
1342030890.522520	[TX->enabled]
1342030890.763568	[RX->enabled]
1342030891.981255	[RX->]
1342030892.382184	[TX->]
1342030892.382267	[TX->enabled]
1342030892.623567	[RX->enabled]
1342030893.765277	[RX->]
1342030894.167207	[TX->]
1342030894.167297	[TX->enabled]
1342030894.408552	[RX->enabled]
1342030894.410608	[Discard->TX]
1342030896.061334	[RX->]
1342030896.461792	[TX->]
1342030896.461875	[TX->enabled]
1342030896.702559	[RX->enabled]
1342030896.773370	[Discard->TX]
1342030897.365348	[RX->]
1342030897.766194	[TX->]
1342030897.766278	[TX->enabled]
1342030898.007549	[RX->enabled]
1342030898.009621	[Discard->TX]
1342030906.189422	[TX->]
1342030906.189511	[TX->enabled]
1342030906.430563	[RX->enabled]
1342030906.853288	[RX->]
1342030906.854956	[Discard->TX]
1342030906.855264	[Discard->TX]
1342030906.855425	[Discard->TX]
1342030909.665406	[RX->]
1342030910.065833	[TX->]
1342030910.065915	[TX->enabled]
1342030910.306573	[RX->enabled]
1342030921.037700	[TX->]
1342030921.037764	[TX->enabled]
1342030921.412567	[RX->enabled]
1342030921.769256	[RX->]
1342030921.769624	[Discard->TX]
1342030923.149248	[RX->]
1342030923.549732	[TX->]
1342030923.549820	[TX->enabled]
1342030923.790602	[RX->enabled]
1342030924.441152	[Discard->RX]
1342030928.505257	[RX->]
1342030928.906455	[TX->]
1342030928.906562	[TX->enabled]
1342030929.147575	[RX->enabled]
1342030929.149686	[Discard->TX]
1342030936.573399	[TX->]
1342030936.573491	[TX->enabled]
1342030936.814560	[RX->enabled]
1342030937.213152	[Discard->RX]
1342030939.865162	[Discard->RX]
1342030943.737461	[RX->]
1342030944.141280	[TX->]
1342030944.141362	[TX->enabled]
1342030944.382565	[RX->enabled]
1342030953.759673	[TX->]
1342030953.759720	[TX->enabled]
1342030954.000564	[RX->enabled]
1342030954.361288	[RX->]
1342030954.762608	[TX->]
1342030954.762693	[TX->enabled]
1342030955.003579	[RX->enabled]
1342030955.005617	[Discard->TX]
1342030973.109151	[Discard->RX]
1342030976.085444	[RX->]
1342030976.487327	[TX->]
1342030976.487435	[TX->enabled]
1342030976.728575	[RX->enabled]
1342030976.730630	[Discard->TX]
1342030976.813399	[Discard->TX]
1342030989.933553	[TX->]
1342030989.933636	[TX->enabled]
1342030990.174586	[RX->enabled]
1342030990.525253	[RX->]
1342030993.101157	[Discard->RX]
1342030998.973286	[RX->]
1342030999.374600	[TX->]
1342030999.374684	[TX->enabled]
1342030999.615577	[RX->enabled]
1342031002.429291	[RX->]
1342031002.830468	[TX->]
1342031002.830550	[TX->enabled]
1342031003.071576	[RX->enabled]
1342031003.473344	[RX->]
1342031005.893323	[RX->]
1342031006.294581	[TX->]
1342031006.294661	[TX->enabled]
1342031006.568579	[RX->enabled]
1342031009.089285	[RX->]
1342031009.490503	[TX->]
1342031009.490586	[TX->enabled]
1342031009.731583	[RX->enabled]
1342031012.113273	[RX->]
1342031012.514288	[TX->]
1342031012.514373	[TX->enabled]
1342031012.755579	[RX->enabled]
1342031015.005256	[RX->]
1342031015.406231	[TX->]
1342031015.406313	[TX->enabled]
1342031015.647583	[RX->enabled]
1342031017.789398	[RX->]
1342031018.190709	[TX->]
1342031018.190793	[TX->enabled]
1342031018.431582	[RX->enabled]
1342031018.433631	[Discard->TX]
1342031020.797376	[TX->]
1342031020.797474	[TX->enabled]
1342031021.038587	[RX->enabled]
1342031021.040621	[Discard->TX]
1342031021.397252	[RX->]
1342031021.397944	[Discard->TX]
1342031021.398129	[Discard->TX]
1342031022.085294	[RX->]
1342031022.485876	[TX->]
1342031022.485958	[TX->enabled]
1342031022.726585	[RX->enabled]
1342031028.789341	[RX->]
1342031029.189804	[TX->]
1342031029.189885	[TX->enabled]
1342031029.430586	[RX->enabled]
1342031030.253398	[TX->]
1342031030.253481	[TX->enabled]
1342031030.494591	[RX->enabled]
1342031030.917303	[RX->]
1342031030.917741	[Discard->TX]
1342031030.919198	[Discard->TX]
1342031030.919411	[Discard->TX]
1342031032.533305	[RX->]
1342031032.933895	[TX->]
1342031032.933976	[TX->enabled]
1342031033.174585	[RX->enabled]
1342031045.133555	[TX->]
1342031045.133641	[TX->enabled]
1342031045.509591	[RX->enabled]
1342031045.865241	[RX->]
1342031045.865716	[Discard->TX]
1342031047.277250	[RX->]
1342031047.677701	[TX->]
1342031047.677783	[TX->enabled]
1342031047.918599	[RX->enabled]
1342031051.165269	[RX->]
1342031051.566477	[TX->]
1342031051.566560	[TX->enabled]
1342031051.807591	[RX->enabled]
1342031051.809638	[Discard->TX]
1342031059.053660	[TX->]
1342031059.053710	[TX->enabled]
1342031059.294588	[RX->enabled]
1342031059.693354	[RX->]
1342031059.733382	[Discard->TX]
1342031061.213446	[RX->]
1342031061.616600	[TX->]
1342031061.616684	[TX->enabled]
1342031061.857582	[RX->enabled]
1342031068.365366	[TX->]
1342031068.365462	[TX->enabled]
1342031068.606596	[RX->enabled]
1342031068.949256	[RX->]
1342031071.236636	[TX->]
1342031071.236698	[TX->enabled]
1342031071.477596	[RX->enabled]
1342031071.837338	[RX->]
1342031071.837814	[Discard->TX]
1342031075.437283	[RX->]
1342031075.837754	[TX->]
1342031075.837835	[TX->enabled]
1342031076.078594	[RX->enabled]
1342031094.181334	[RX->]
1342031094.583304	[TX->]
1342031094.583389	[TX->enabled]
1342031094.824588	[RX->enabled]
1342031094.826656	[Discard->TX]
1342031107.373402	[TX->]
1342031107.373516	[TX->enabled]
1342031107.614610	[RX->enabled]
1342031107.969251	[RX->]
1342031109.441274	[RX->]
1342031109.842605	[TX->]
1342031109.842688	[TX->enabled]
1342031110.083609	[RX->enabled]
1342031110.481275	[RX->]
1342031110.482211	[Discard->TX]
1342031111.801294	[RX->]
1342031112.201755	[TX->]
1342031112.201837	[TX->enabled]
1342031112.442597	[RX->enabled]
1342031122.957453	[TX->]
1342031122.957542	[TX->enabled]
1342031123.198607	[RX->enabled]
1342031123.601239	[RX->]
1342031124.913282	[RX->]
1342031125.313798	[TX->]
1342031125.313882	[TX->enabled]
1342031125.554614	[RX->enabled]
1342031125.556740	[Discard->TX]
1342031136.941388	[TX->]
1342031136.941486	[TX->enabled]
1342031137.220614	[RX->enabled]
1342031137.557245	[RX->]
1342031138.649293	[RX->]
1342031139.050395	[TX->]
1342031139.050491	[TX->enabled]
1342031139.291619	[RX->enabled]
1342031139.661270	[RX->]
1342031139.662175	[Discard->TX]
1342031140.601279	[RX->]
1342031141.001741	[TX->]
1342031141.001823	[TX->enabled]
1342031141.242618	[RX->enabled]
1342031150.637544	[TX->]
1342031150.637600	[TX->enabled]
1342031150.909624	[RX->enabled]
1342031151.249263	[RX->]
1342031151.649864	[TX->]
1342031151.649949	[TX->enabled]
1342031151.890614	[RX->enabled]
1342031151.892659	[Discard->TX]
1342031161.581385	[TX->]
1342031161.581477	[TX->enabled]
1342031161.822618	[RX->enabled]
1342031162.217280	[RX->]
1342031162.618656	[TX->]
1342031162.618738	[TX->enabled]
1342031162.859621	[RX->enabled]
1342031162.861666	[Discard->TX]
1342031163.077297	[RX->]
1342031163.477908	[TX->]
1342031163.477989	[TX->enabled]
1342031163.718607	[RX->enabled]
1342031165.221508	[TX->]
1342031165.221552	[TX->enabled]
1342031165.462613	[RX->enabled]
1342031165.821255	[RX->]
1342031165.822116	[Discard->TX]
1342031165.822297	[Discard->TX]
1342031172.217260	[RX->]
1342031172.617881	[TX->]
1342031172.617978	[TX->enabled]
1342031172.858622	[RX->enabled]
1342031175.533413	[TX->]
1342031175.533529	[TX->enabled]
1342031175.782611	[RX->enabled]
1342031176.197293	[RX->]
1342031176.597871	[TX->]
1342031176.597955	[TX->enabled]
1342031176.838615	[RX->enabled]
1342031176.840871	[Discard->TX]
1342031176.841103	[Discard->TX]
1342031189.773576	[TX->]
1342031189.773662	[TX->enabled]
1342031190.175625	[RX->enabled]
1342031190.505277	[RX->]
1342031190.505755	[Discard->TX]
1342031191.553264	[RX->]
1342031191.954538	[TX->]
1342031191.954638	[TX->enabled]
1342031192.195611	[RX->enabled]
1342031192.197690	[Discard->TX]
1342031195.541249	[RX->]
1342031195.941775	[TX->]
1342031195.941858	[TX->enabled]
1342031196.182628	[RX->enabled]
1342031200.621410	[TX->]
1342031200.621542	[TX->enabled]
1342031200.862623	[RX->enabled]
1342031201.261305	[RX->]
1342031201.701506	[TX->]
1342031201.701589	[TX->enabled]
1342031201.942625	[RX->enabled]
1342031203.637391	[RX->]
1342031204.040511	[TX->]
1342031204.040598	[TX->enabled]
1342031204.281629	[RX->enabled]
1342031204.625250	[RX->]
1342031213.657998	[TX->]
1342031213.658044	[TX->enabled]
1342031213.898624	[RX->enabled]
1342031214.257258	[RX->]
1342031214.658661	[TX->]
1342031214.658745	[TX->enabled]
1342031214.899632	[RX->enabled]
1342031232.993341	[RX->]
1342031233.395328	[TX->]
1342031233.395425	[TX->enabled]
1342031233.636630	[RX->enabled]
1342031233.638681	[Discard->TX]
1342031245.357401	[TX->]
1342031245.357496	[TX->enabled]
1342031245.598629	[RX->enabled]
1342031245.949249	[RX->]
1342031248.525316	[RX->]
1342031248.926582	[TX->]
1342031248.926664	[TX->enabled]
1342031249.167629	[RX->enabled]
1342031249.561280	[RX->]
1342031249.562302	[Discard->TX]
1342031251.977280	[RX->]
1342031252.377756	[TX->]
1342031252.377837	[TX->enabled]
1342031252.618640	[RX->enabled]
1342031261.261427	[TX->]
1342031261.261543	[TX->enabled]
1342031261.502632	[RX->enabled]
1342031261.905248	[RX->]
1342031264.417308	[RX->]
1342031264.817936	[TX->]
1342031264.818020	[TX->enabled]
1342031265.058639	[RX->enabled]
1342031265.060707	[Discard->TX]
1342031275.693403	[TX->]
1342031275.693496	[TX->enabled]
1342031275.977625	[RX->enabled]
1342031276.309339	[RX->]
1342031278.493273	[RX->]
1342031278.894379	[TX->]
1342031278.894464	[TX->enabled]
1342031279.135638	[RX->enabled]
1342031279.509286	[RX->]
1342031279.510192	[Discard->TX]
1342031281.545264	[RX->]
1342031281.945736	[TX->]
1342031281.945818	[TX->enabled]
1342031282.186642	[RX->enabled]
1342031289.773505	[TX->]
1342031289.773591	[TX->enabled]
1342031290.014622	[RX->enabled]
1342031290.385286	[RX->]
1342031290.385719	[Discard->TX]
1342031290.386511	[Discard->TX]
1342031292.269257	[RX->]
1342031292.669741	[TX->]
1342031292.669824	[TX->enabled]
1342031292.910644	[RX->enabled]
1342031300.045356	[TX->]
1342031300.045444	[TX->enabled]
1342031300.286628	[RX->enabled]
1342031300.685283	[RX->]
1342031300.685773	[Discard->TX]
1342031300.686677	[Discard->TX]
1342031302.441297	[RX->]
1342031302.841764	[TX->]
1342031302.841845	[TX->enabled]
1342031303.082631	[RX->enabled]
1342031303.693536	[Discard->TX]
1342031309.709459	[TX->]
1342031309.709563	[TX->enabled]
1342031309.950650	[RX->enabled]
1342031310.309243	[RX->]
1342031310.710089	[TX->]
1342031310.710174	[TX->enabled]
1342031310.950630	[RX->enabled]
1342031310.952707	[Discard->TX]
1342031319.373413	[TX->]
1342031319.373533	[TX->enabled]
1342031319.614643	[RX->enabled]
1342031320.037302	[RX->]
1342031320.437897	[TX->]
1342031320.437978	[TX->enabled]
1342031320.678649	[RX->enabled]
1342031320.680831	[Discard->TX]
1342031320.681122	[Discard->TX]
1342031332.397535	[TX->]
1342031332.397621	[TX->enabled]
1342031332.778642	[RX->enabled]
1342031333.129249	[RX->]
1342031333.529781	[TX->]
1342031333.529863	[TX->enabled]
1342031333.770654	[RX->enabled]
1342031334.741265	[RX->]
1342031335.142425	[TX->]
1342031335.142531	[TX->enabled]
1342031335.383652	[RX->enabled]
1342031335.385694	[Discard->TX]
1342031343.213423	[TX->]
1342031343.213513	[TX->enabled]
1342031343.454646	[RX->enabled]
1342031343.853390	[RX->]
1342031343.893411	[Discard->TX]
1342031345.497433	[RX->]
1342031345.900533	[TX->]
1342031345.900614	[TX->enabled]
1342031346.141652	[RX->enabled]
1342031346.485256	[RX->]
1342031355.519316	[TX->]
1342031355.519360	[TX->enabled]
1342031355.760658	[RX->enabled]
1342031356.117263	[RX->]
1342031356.517801	[TX->]
1342031356.517884	[TX->enabled]
1342031356.745653	[RX->enabled]
1342031374.853334	[RX->]
1342031375.255330	[TX->]
1342031375.255411	[TX->enabled]
1342031375.496653	[RX->enabled]
1342031375.498708	[Discard->TX]
1342031386.285500	[TX->]
1342031386.285590	[TX->enabled]
1342031386.526647	[RX->enabled]
1342031386.877243	[RX->]
1342031389.453284	[RX->]
1342031389.854790	[TX->]
1342031389.854873	[TX->enabled]
1342031390.095645	[RX->enabled]
1342031390.493150	[Discard->RX]
1342031392.909152	[Discard->RX]
1342031398.541275	[RX->]
1342031398.942361	[TX->]
1342031398.942443	[TX->enabled]
1342031399.183649	[RX->enabled]
1342031399.585150	[Discard->RX]
1342031401.989270	[RX->]
1342031402.390533	[TX->]
1342031402.390615	[TX->enabled]
1342031402.674648	[RX->enabled]
1342031405.185304	[RX->]
1342031405.586507	[TX->]
1342031405.586592	[TX->enabled]
1342031405.827653	[RX->enabled]
1342031408.213174	[Discard->RX]
1342031413.037264	[RX->]
1342031413.438376	[TX->]
1342031413.438459	[TX->enabled]
1342031413.679670	[RX->enabled]
1342031415.925254	[RX->]
1342031416.326256	[TX->]
1342031416.326338	[TX->enabled]
1342031416.566654	[RX->enabled]
1342031418.709176	[Discard->RX]
1342031423.005154	[Discard->RX]
1342031430.061579	[TX->]
1342031430.061642	[TX->enabled]
1342031430.302672	[RX->enabled]
1342031430.665150	[Discard->RX]
1342031431.601150	[Discard->RX]
1342031448.781182	[Discard->RX]
1342031458.349379	[TX->]
1342031458.349465	[TX->enabled]
1342031458.590676	[RX->enabled]
1342031458.949423	[RX->]
1342031458.949897	[Discard->TX]
1342031472.301418	[TX->]
1342031472.301506	[TX->enabled]
1342031472.542670	[RX->enabled]
1342031472.893255	[RX->]
1342031483.153287	[RX->]
1342031483.554819	[TX->]
1342031483.554902	[TX->enabled]
1342031483.795681	[RX->enabled]
1342031483.797726	[Discard->TX]
1342031485.953426	[RX->]
1342031486.353947	[TX->]
1342031486.354031	[TX->enabled]
1342031486.594682	[RX->enabled]
1342031486.596787	[Discard->TX]
1342031492.173485	[TX->]
1342031492.173598	[TX->enabled]
1342031492.431683	[RX->enabled]
1342031492.773308	[RX->]
1342031492.773855	[Discard->TX]
1342031495.773307	[RX->]
1342031496.173808	[TX->]
1342031496.173899	[TX->enabled]
1342031496.414678	[RX->enabled]
1342031514.521155	[Discard->RX]
1342031516.333338	[RX->]
1342031516.735201	[TX->]
1342031516.735284	[TX->enabled]
1342031516.975687	[RX->enabled]
1342031516.977734	[Discard->TX]
1342031527.757417	[TX->]
1342031527.757497	[TX->enabled]
1342031527.998693	[RX->enabled]
1342031528.349339	[RX->]
1342031529.809279	[RX->]
1342031530.210547	[TX->]
1342031530.210630	[TX->enabled]
1342031530.451691	[RX->enabled]
1342031532.165289	[RX->]
1342031532.566335	[TX->]
1342031532.566418	[TX->enabled]
1342031532.807680	[RX->enabled]
1342031534.525276	[RX->]
1342031534.926414	[TX->]
1342031534.926521	[TX->enabled]
1342031535.211689	[RX->enabled]
1342031535.541257	[RX->]
1342031536.649281	[RX->]
1342031537.050468	[TX->]
1342031537.050563	[TX->enabled]
1342031537.291689	[RX->enabled]
1342031537.661270	[RX->]
1342031537.662196	[Discard->TX]
1342031538.617275	[RX->]
1342031539.017754	[TX->]
1342031539.017838	[TX->enabled]
1342031539.258770	[RX->enabled]
1342031546.189442	[TX->]
1342031546.189531	[TX->enabled]
1342031546.430679	[RX->enabled]
1342031546.801258	[RX->]
1342031546.802118	[Discard->TX]
1342031546.802287	[Discard->TX]
1342031550.129260	[RX->]
1342031550.529814	[TX->]
1342031550.529898	[TX->enabled]
1342031550.770695	[RX->enabled]
1342031554.829399	[TX->]
1342031554.829484	[TX->enabled]
1342031555.070680	[RX->enabled]
1342031555.465305	[RX->]
1342031555.466550	[Discard->TX]
1342031555.466727	[Discard->TX]
1342031556.213279	[RX->]
1342031556.613786	[TX->]
1342031556.613867	[TX->enabled]
1342031556.854689	[RX->enabled]
1342031558.469425	[TX->]
1342031558.469497	[TX->enabled]
1342031558.710682	[RX->enabled]
1342031559.069248	[RX->]
1342031559.470209	[TX->]
1342031559.470290	[TX->enabled]
1342031559.710702	[RX->enabled]
1342031559.712812	[Discard->TX]
1342031566.701429	[TX->]
1342031566.701501	[TX->enabled]
1342031566.942683	[RX->enabled]
1342031567.361154	[Discard->RX]
1342031568.033296	[RX->]
1342031568.435083	[TX->]
1342031568.435157	[TX->enabled]
1342031568.680396	[RX->enabled]
1342031568.683541	[Discard->TX]
1342031568.683870	[Discard->TX]
1342031579.437558	[TX->]
1342031579.437636	[TX->enabled]
1342031579.818706	[RX->enabled]
1342031580.165142	[Discard->RX]
1342031582.741348	[RX->]
1342031583.141821	[TX->]
1342031583.141903	[TX->enabled]
1342031583.382702	[RX->enabled]
1342031586.877316	[RX->]
1342031587.278501	[TX->]
1342031587.278589	[TX->enabled]
1342031587.519789	[RX->enabled]
1342031587.521744	[Discard->TX]
1342031594.061554	[TX->]
1342031594.061620	[TX->enabled]
1342031594.302697	[RX->enabled]
1342031594.701299	[RX->]
1342031594.741400	[Discard->TX]
1342031595.417185	[Discard->RX]
1342031597.353163	[Discard->RX]
1342031601.229554	[RX->]
1342031601.632678	[TX->]
1342031601.632761	[TX->enabled]
1342031601.873695	[RX->enabled]
1342031607.997442	[TX->]
1342031607.997532	[TX->enabled]
1342031608.238692	[RX->enabled]
1342031608.581141	[Discard->RX]
1342031611.251278	[TX->]
1342031611.251316	[TX->enabled]
1342031611.491698	[RX->enabled]
1342031611.849154	[Discard->RX]
1342031614.253587	[TX->]
1342031614.253648	[TX->enabled]
1342031614.494715	[RX->enabled]
1342031614.853253	[RX->]
1342031614.854484	[Discard->TX]
1342031621.053259	[RX->]
1342031621.453727	[TX->]
1342031621.453809	[TX->enabled]
1342031621.694702	[RX->enabled]
1342031621.696755	[Discard->TX]
1342031639.797439	[RX->]
1342031640.199332	[TX->]
1342031640.199415	[TX->enabled]
1342031640.440697	[RX->enabled]
1342031640.442759	[Discard->TX]
1342031648.621417	[TX->]
1342031648.621501	[TX->enabled]
1342031648.862719	[RX->enabled]
1342031649.201247	[RX->]
1342031651.629379	[TX->]
1342031651.629454	[TX->enabled]
1342031651.870731	[RX->enabled]
1342031652.225255	[RX->]
1342031653.685148	[Discard->RX]
1342031657.325277	[RX->]
1342031657.726570	[TX->]
1342031657.726652	[TX->enabled]
1342031657.967710	[RX->enabled]
1342031659.677457	[RX->]
1342031660.078601	[TX->]
1342031660.078687	[TX->enabled]
1342031660.319716	[RX->enabled]
1342031660.721244	[RX->]
1342031662.033281	[RX->]
1342031662.434522	[TX->]
1342031662.434602	[TX->enabled]
1342031662.708717	[RX->enabled]
1342031664.157287	[RX->]
1342031664.558455	[TX->]
1342031664.558563	[TX->enabled]
1342031664.799708	[RX->enabled]
1342031666.125153	[Discard->RX]
1342031668.837150	[Discard->RX]
1342031674.261292	[RX->]
1342031674.662857	[TX->]
1342031674.662947	[TX->enabled]
1342031674.903713	[RX->enabled]
1342031676.121156	[Discard->RX]
1342031678.617255	[RX->]
1342031679.018265	[TX->]
1342031679.018352	[TX->enabled]
1342031679.258725	[RX->enabled]
1342031679.653160	[Discard->RX]
1342031680.397297	[RX->]
1342031680.798600	[TX->]
1342031680.798684	[TX->enabled]
1342031681.039707	[RX->enabled]
1342031681.041759	[Discard->TX]
1342031681.397148	[Discard->RX]
1342031682.693153	[Discard->RX]
1342031683.405380	[TX->]
1342031683.405454	[TX->enabled]
1342031683.646714	[RX->enabled]
1342031684.005259	[RX->]
1342031684.406085	[TX->]
1342031684.406167	[TX->enabled]
1342031684.646723	[RX->enabled]
1342031684.648778	[Discard->TX]
1342031687.289295	[RX->]
1342031687.689859	[TX->]
1342031687.689947	[TX->enabled]
1342031687.931698	[RX->enabled]
1342031698.349374	[TX->]
1342031698.349461	[TX->enabled]
1342031698.590717	[RX->enabled]
1342031699.013326	[RX->]
1342031699.415344	[TX->]
1342031699.415427	[TX->enabled]
1342031699.656720	[RX->enabled]
1342031699.658906	[Discard->TX]
1342031699.659070	[Discard->TX]
1342031710.861555	[TX->]
1342031710.861636	[TX->enabled]
1342031711.244724	[RX->enabled]
1342031711.593153	[Discard->RX]
1342031712.473153	[Discard->RX]
1342031714.169139	[Discard->RX]
1342031720.009367	[RX->]
1342031720.411086	[TX->]
1342031720.411167	[TX->enabled]
1342031720.651727	[RX->enabled]
1342031720.653812	[Discard->TX]
1342031732.025258	[RX->]
1342031732.425821	[TX->]
1342031732.425899	[TX->enabled]
1342031732.666720	[RX->enabled]
1342031733.613407	[TX->]
1342031733.613486	[TX->enabled]
1342031733.854727	[RX->enabled]
1342031734.253152	[Discard->RX]
1342031735.717189	[Discard->RX]
1342031737.693199	[Discard->RX]
1342031750.018714	[TX->]
1342031750.018802	[TX->enabled]
1342031750.259723	[RX->enabled]
1342031750.601153	[Discard->RX]
1342031760.813368	[TX->]
1342031760.813452	[TX->enabled]
1342031761.054736	[RX->enabled]
1342031761.417256	[RX->]
1342031772.193537	[RX->]
1342031772.593948	[TX->]
1342031772.594031	[TX->enabled]
1342031772.834734	[RX->enabled]
1342031801.885520	[TX->]
1342031801.885619	[TX->enabled]
1342031802.157747	[RX->enabled]
1342031802.533280	[RX->]
1342031809.173315	[RX->]
1342031809.573831	[TX->]
1342031809.573915	[TX->enabled]
1342031809.856731	[RX->enabled]
