1342029607.093389	[TX->enabled]
1342029611.586209	[TX->]
1342029611.586257	[TX->enabled]
1342029611.872628	[RX->enabled]
1342029617.155747	[RX->]
1342029617.556046	[TX->]
1342029617.556104	[TX->enabled]
1342029617.842855	[RX->enabled]
1342029676.171736	[RX->]
1342029676.572039	[TX->]
1342029676.572097	[TX->enabled]
1342029676.833763	[RX->enabled]
1342029679.371847	[TX->]
1342029679.371904	[TX->enabled]
1342029679.633856	[RX->enabled]
1342029679.975715	[RX->]
1342029698.034192	[TX->]
1342029698.034227	[TX->enabled]
1342029698.382466	[RX->enabled]
1342029698.715766	[RX->]
1342029700.127709	[RX->]
1342029700.528171	[TX->]
1342029700.528231	[TX->enabled]
1342029700.783525	[RX->enabled]
1342029700.785535	[Discard->TX]
1342029701.947819	[TX->]
1342029701.947869	[TX->enabled]
1342029702.240605	[RX->enabled]
1342029702.587708	[RX->]
1342029702.589128	[Discard->TX]
1342029703.987705	[RX->]
1342029704.388059	[TX->]
1342029704.388123	[TX->enabled]
1342029704.653672	[RX->enabled]
1342029704.655732	[Discard->TX]
1342029707.736173	[TX->]
1342029707.736222	[TX->enabled]
1342029708.027762	[RX->enabled]
1342029708.375748	[RX->]
1342029708.378113	[Discard->TX]
1342029708.503353	[Discard->TX]
1342029709.655718	[RX->]
1342029710.056055	[TX->]
1342029710.056125	[TX->enabled]
1342029710.321852	[RX->enabled]
1342029710.323849	[Discard->TX]
1342029713.287866	[TX->]
1342029713.287915	[TX->enabled]
1342029713.572943	[RX->enabled]
1342029713.935786	[RX->]
1342029713.936024	[Discard->TX]
1342029713.936298	[Discard->TX]
1342029715.083871	[RX->]
1342029715.484350	[TX->]
1342029715.484411	[TX->enabled]
1342029715.750028	[RX->enabled]
1342029715.752021	[Discard->TX]
1342029718.376826	[TX->]
1342029718.376872	[TX->enabled]
1342029718.661099	[RX->enabled]
1342029718.999702	[RX->]
1342029719.001619	[Discard->TX]
1342029719.001758	[Discard->TX]
1342029720.045874	[RX->]
1342029720.446171	[TX->]
1342029720.446214	[TX->enabled]
1342029720.712178	[RX->enabled]
1342029720.714178	[Discard->TX]
1342029723.080277	[TX->]
1342029723.080308	[TX->enabled]
1342029723.354305	[RX->enabled]
1342029723.703722	[RX->]
1342029723.703989	[Discard->TX]
1342029723.704098	[Discard->TX]
1342029724.619698	[RX->]
1342029725.020108	[TX->]
1342029725.020166	[TX->enabled]
1342029725.286338	[RX->enabled]
1342029725.288376	[Discard->TX]
1342029727.447837	[TX->]
1342029727.447894	[TX->enabled]
1342029727.747419	[RX->enabled]
1342029728.083821	[RX->]
1342029728.484961	[TX->]
1342029728.485018	[TX->enabled]
1342029728.738447	[RX->enabled]
1342029728.740452	[Discard->TX]
1342029729.245548	[TX->]
1342029729.245597	[TX->enabled]
1342029729.546467	[RX->enabled]
1342029729.883862	[RX->]
1342029729.884056	[Discard->TX]
1342029731.527896	[TX->]
1342029731.527923	[TX->enabled]
1342029731.828554	[RX->enabled]
1342029732.171701	[RX->]
1342029733.085127	[TX->]
1342029733.086891	[TX->enabled]
1342029733.348608	[RX->enabled]
1342029733.679701	[RX->]
1342029734.555704	[RX->]
1342029734.956516	[TX->]
1342029734.956578	[TX->enabled]
1342029735.269659	[RX->enabled]
1342029735.627831	[Discard->TX]
1342029737.771872	[TX->]
1342029737.771929	[TX->enabled]
1342029738.084747	[RX->enabled]
1342029738.423736	[RX->]
1342029746.799837	[RX->]
1342029747.200319	[TX->]
1342029747.200383	[TX->enabled]
1342029747.454045	[RX->enabled]
1342029747.456091	[Discard->TX]
1342029747.783709	[RX->]
1342029747.812024	[Discard->TX]
1342029749.835820	[TX->]
1342029749.835873	[TX->enabled]
1342029750.115123	[RX->enabled]
1342029750.443712	[RX->]
1342029751.271687	[RX->]
1342029751.672123	[TX->]
1342029751.672182	[TX->enabled]
1342029751.976200	[RX->enabled]
1342029751.978292	[Discard->TX]
1342029752.240938	[TX->]
1342029752.240988	[TX->enabled]
1342029752.692229	[RX->enabled]
1342029753.027708	[RX->]
1342029753.428010	[TX->]
1342029753.428074	[TX->enabled]
1342029753.682258	[RX->enabled]
1342029762.651703	[RX->]
1342029763.052008	[TX->]
1342029763.052066	[TX->enabled]
1342029763.313571	[RX->enabled]
1342029765.651810	[TX->]
1342029765.651867	[TX->enabled]
1342029765.913652	[RX->enabled]
1342029766.255764	[RX->]
1342029784.313165	[TX->]
1342029784.313249	[TX->enabled]
1342029784.662258	[RX->enabled]
1342029784.991706	[RX->]
1342029800.675878	[RX->]
1342029801.076448	[TX->]
1342029801.076500	[TX->enabled]
1342029801.329804	[RX->enabled]
1342029801.331802	[Discard->TX]
1342029802.495825	[TX->]
1342029802.495871	[TX->enabled]
1342029802.788840	[RX->enabled]
1342029803.135753	[RX->]
1342029803.537316	[TX->]
1342029803.537371	[TX->enabled]
1342029803.828874	[RX->enabled]
1342029804.851918	[TX->]
1342029804.851941	[TX->enabled]
1342029805.143927	[RX->enabled]
1342029805.487715	[RX->]
1342029818.795711	[RX->]
1342029819.236844	[TX->]
1342029819.236907	[TX->enabled]
1342029819.490390	[RX->enabled]
1342029819.492387	[Discard->TX]
1342029820.511832	[TX->]
1342029820.511879	[TX->enabled]
1342029820.796766	[RX->enabled]
1342029821.127706	[RX->]
1342029834.967725	[RX->]
1342029835.368088	[TX->]
1342029835.368147	[TX->enabled]
1342029835.621890	[RX->enabled]
1342029835.623936	[Discard->TX]
1342029836.427841	[TX->]
1342029836.427890	[TX->enabled]
1342029836.711908	[RX->enabled]
1342029837.051710	[RX->]
1342029837.452172	[TX->]
1342029837.452231	[TX->enabled]
1342029837.725982	[RX->enabled]
1342029838.391823	[TX->]
1342029838.391902	[TX->enabled]
1342029838.666012	[RX->enabled]
1342029839.007712	[RX->]
1342029850.091717	[RX->]
1342029850.492192	[TX->]
1342029850.492249	[TX->enabled]
1342029850.755402	[RX->enabled]
1342029851.320127	[TX->]
1342029851.320177	[TX->enabled]
1342029851.583402	[RX->enabled]
1342029851.926215	[RX->]
1342029862.175797	[RX->]
1342029862.576912	[TX->]
1342029862.576970	[TX->enabled]
1342029862.877802	[RX->enabled]
1342029863.303853	[TX->]
1342029863.303906	[TX->enabled]
1342029863.604794	[RX->enabled]
1342029863.947715	[RX->]
1342029865.823715	[RX->]
1342029866.224054	[TX->]
1342029866.224107	[TX->enabled]
1342029866.485902	[RX->enabled]
1342029866.819689	[RX->]
1342029877.035721	[RX->]
1342029877.436571	[TX->]
1342029877.436635	[TX->enabled]
1342029877.749277	[RX->enabled]
1342029878.091924	[TX->]
1342029878.091950	[TX->enabled]
1342029878.404260	[RX->enabled]
1342029878.743714	[RX->]
1342029893.931772	[RX->]
1342029894.332341	[TX->]
1342029894.332400	[TX->enabled]
1342029894.585821	[RX->enabled]
1342029894.587815	[Discard->TX]
1342029894.915699	[RX->]
1342029894.936768	[Discard->TX]
1342029896.943858	[TX->]
1342029896.943910	[TX->enabled]
1342029897.222886	[RX->enabled]
1342029897.551770	[RX->]
1342029906.911711	[RX->]
1342029907.312128	[TX->]
1342029907.312188	[TX->enabled]
1342029907.616221	[RX->enabled]
1342029907.618282	[Discard->TX]
1342029907.867913	[Discard->TX]
1342029907.983709	[RX->]
1342029909.780939	[TX->]
1342029909.780965	[TX->enabled]
1342029910.181331	[RX->enabled]
1342029910.515721	[RX->]
1342029910.515925	[Discard->TX]
1342029919.031698	[RX->]
1342029919.431980	[TX->]
1342029919.432034	[TX->enabled]
1342029919.685638	[RX->enabled]
1342029923.143740	[RX->]
1342029923.544028	[TX->]
1342029923.544087	[TX->enabled]
1342029923.805727	[RX->enabled]
1342029927.543881	[TX->]
1342029927.543935	[TX->enabled]
1342029927.805887	[RX->enabled]
1342029928.147716	[RX->]
1342029946.201132	[TX->]
1342029946.201191	[TX->enabled]
1342029946.548512	[RX->enabled]
1342029946.879776	[RX->]
1342029962.079716	[RX->]
1342029962.480241	[TX->]
1342029962.480301	[TX->enabled]
1342029962.734032	[RX->enabled]
1342029962.736033	[Discard->TX]
1342029963.899865	[TX->]
1342029963.899939	[TX->enabled]
1342029964.193073	[RX->enabled]
1342029964.539717	[RX->]
1342029964.541123	[Discard->TX]
1342029966.279126	[TX->]
1342029966.279175	[TX->enabled]
1342029966.571166	[RX->enabled]
1342029966.923718	[RX->]
1342029966.964806	[Discard->TX]
1342029967.051672	[TX->]
1342029967.051701	[TX->enabled]
1342029967.336189	[RX->enabled]
1342029967.699441	[RX->]
1342029967.699953	[Discard->TX]
1342029967.700054	[Discard->TX]
1342029969.187905	[TX->]
1342029969.187933	[TX->enabled]
1342029969.471250	[RX->enabled]
1342029969.811715	[RX->]
1342029969.812035	[Discard->TX]
1342029971.179831	[TX->]
1342029971.179880	[TX->enabled]
1342029971.453302	[RX->enabled]
1342029971.799764	[RX->]
1342029971.800268	[Discard->TX]
1342029973.055841	[TX->]
1342029973.055894	[TX->enabled]
1342029973.318367	[RX->enabled]
1342029973.651713	[RX->]
1342029973.652843	[Discard->TX]
1342029974.807838	[TX->]
1342029974.807884	[TX->enabled]
1342029975.108438	[RX->enabled]
1342029975.447713	[RX->]
1342029975.447902	[Discard->TX]
1342029977.119919	[TX->]
1342029977.119944	[TX->enabled]
1342029977.420496	[RX->enabled]
1342029977.763770	[RX->]
1342029978.447813	[TX->]
1342029978.447864	[TX->enabled]
1342029978.709507	[RX->enabled]
1342029979.039708	[RX->]
1342029987.687720	[RX->]
1342029988.088550	[TX->]
1342029988.088610	[TX->enabled]
1342029988.402568	[RX->enabled]
1342029988.731711	[RX->]
1342030004.711784	[RX->]
1342030005.112340	[TX->]
1342030005.112405	[TX->enabled]
1342030005.366393	[RX->enabled]
1342030005.368392	[Discard->TX]
1342030005.695773	[RX->]
1342030005.963811	[Discard->TX]
1342030008.467829	[TX->]
1342030008.467878	[TX->enabled]
1342030008.746525	[RX->enabled]
1342030009.075714	[RX->]
1342030016.795733	[RX->]
1342030017.196153	[TX->]
1342030017.196216	[TX->enabled]
1342030017.499883	[RX->enabled]
1342030017.501856	[Discard->TX]
1342030017.871706	[RX->]
1342030019.376002	[TX->]
1342030019.376028	[TX->enabled]
1342030019.776870	[RX->enabled]
1342030020.107712	[RX->]
1342030020.508023	[TX->]
1342030020.508080	[TX->enabled]
1342030020.761915	[RX->enabled]
1342030029.735715	[RX->]
1342030030.136024	[TX->]
1342030030.136082	[TX->enabled]
1342030030.398176	[RX->enabled]
1342030030.727705	[RX->]
1342030048.783659	[TX->]
1342030048.783720	[TX->enabled]
1342030049.131837	[RX->enabled]
1342030049.463707	[RX->]
1342030063.071713	[RX->]
1342030063.472199	[TX->]
1342030063.472244	[TX->enabled]
1342030063.726296	[RX->enabled]
1342030063.728308	[Discard->TX]
1342030066.008034	[TX->]
1342030066.008062	[TX->enabled]
1342030066.300374	[RX->enabled]
1342030066.647721	[RX->]
1342030066.649131	[Discard->TX]
1342030069.463839	[TX->]
1342030069.463888	[TX->enabled]
1342030069.755478	[RX->enabled]
1342030070.103831	[RX->]
1342030070.543866	[TX->]
1342030070.543924	[TX->enabled]
1342030070.798487	[RX->enabled]
1342030070.800530	[Discard->TX]
1342030072.923850	[TX->]
1342030072.923877	[TX->enabled]
1342030073.208600	[RX->enabled]
1342030073.567716	[RX->]
1342030073.567985	[Discard->TX]
1342030073.568219	[Discard->TX]
1342030076.115822	[TX->]
1342030076.115876	[TX->enabled]
1342030076.399823	[RX->enabled]
1342030076.735732	[RX->]
1342030076.736049	[Discard->TX]
1342030079.157651	[TX->]
1342030079.157682	[TX->enabled]
1342030079.438980	[RX->enabled]
1342030079.779776	[RX->]
1342030079.780159	[Discard->TX]
1342030082.055848	[TX->]
1342030082.055902	[TX->enabled]
1342030082.318901	[RX->enabled]
1342030082.655711	[RX->]
1342030082.656888	[Discard->TX]
1342030084.800236	[TX->]
1342030084.800286	[TX->enabled]
1342030085.098970	[RX->enabled]
1342030085.435713	[RX->]
1342030085.435905	[Discard->TX]
1342030088.043715	[RX->]
1342030088.444011	[TX->]
1342030088.444071	[TX->enabled]
1342030088.706114	[RX->enabled]
1342030088.708143	[Discard->TX]
1342030089.088922	[TX->]
1342030089.088950	[TX->enabled]
1342030089.388141	[RX->enabled]
1342030089.747662	[RX->]
1342030095.036806	[TX->]
1342030095.036863	[TX->enabled]
1342030095.298290	[RX->enabled]
1342030095.639717	[RX->]
1342030097.639718	[RX->]
1342030098.040564	[TX->]
1342030098.040626	[TX->enabled]
1342030098.353325	[RX->enabled]
1342030098.683698	[RX->]
1342030112.999780	[RX->]
1342030113.004497	[TX->]
1342030113.004555	[TX->enabled]
1342030113.257867	[RX->enabled]
1342030113.259887	[Discard->TX]
1342030114.812784	[TX->]
1342030114.812858	[TX->enabled]
1342030115.066971	[RX->enabled]
1342030115.068955	[Discard->TX]
1342030115.395692	[RX->]
1342030118.939898	[TX->]
1342030118.939956	[TX->enabled]
1342030119.219062	[RX->enabled]
1342030119.547715	[RX->]
1342030127.159713	[RX->]
1342030127.560601	[TX->]
1342030127.560660	[TX->enabled]
1342030127.864385	[RX->enabled]
1342030127.866468	[Discard->TX]
1342030129.047993	[TX->]
1342030129.048022	[TX->enabled]
1342030129.498443	[RX->enabled]
1342030129.827709	[RX->]
1342030129.827952	[Discard->TX]
1342030136.723697	[RX->]
1342030137.123990	[TX->]
1342030137.124045	[TX->enabled]
1342030137.377679	[RX->enabled]
1342030139.455736	[RX->]
1342030139.856049	[TX->]
1342030139.856104	[TX->enabled]
1342030140.117781	[RX->enabled]
1342030143.655942	[TX->]
1342030143.655965	[TX->enabled]
1342030143.917882	[RX->enabled]
1342030144.259705	[RX->]
1342030162.318734	[TX->]
1342030162.318783	[TX->enabled]
1342030162.666472	[RX->enabled]
1342030162.999725	[RX->]
1342030176.027716	[RX->]
1342030176.428087	[TX->]
1342030176.428144	[TX->enabled]
1342030176.681950	[RX->enabled]
1342030176.683982	[Discard->TX]
1342030177.847855	[TX->]
1342030177.847909	[TX->enabled]
1342030178.141012	[RX->enabled]
1342030178.487735	[RX->]
1342030178.489172	[Discard->TX]
1342030180.203935	[TX->]
1342030180.203968	[TX->enabled]
1342030180.496038	[RX->enabled]
1342030180.844734	[RX->]
1342030180.883748	[Discard->TX]
1342030180.976275	[Discard->TX]
1342030182.571797	[TX->]
1342030182.571846	[TX->enabled]
1342030182.856168	[RX->enabled]
1342030183.219724	[RX->]
1342030183.620332	[TX->]
1342030183.620391	[TX->enabled]
1342030183.874198	[RX->enabled]
1342030183.876195	[Discard->TX]
1342030184.700855	[TX->]
1342030184.700890	[TX->enabled]
1342030184.984308	[RX->enabled]
1342030185.323714	[RX->]
1342030185.724162	[TX->]
1342030185.724218	[TX->enabled]
1342030185.998259	[RX->enabled]
1342030186.684775	[TX->]
1342030186.684826	[TX->enabled]
1342030186.958308	[RX->enabled]
1342030187.303720	[RX->]
1342030196.323715	[RX->]
1342030196.724206	[TX->]
1342030196.724267	[TX->enabled]
1342030196.986625	[RX->enabled]
1342030197.567780	[TX->]
1342030197.567834	[TX->enabled]
1342030197.830640	[RX->enabled]
1342030198.171724	[RX->]
1342030206.775712	[RX->]
1342030207.176955	[TX->]
1342030207.177012	[TX->enabled]
1342030207.476932	[RX->enabled]
1342030207.807720	[RX->]
1342030210.415703	[RX->]
1342030210.815990	[TX->]
1342030210.816045	[TX->enabled]
1342030211.078080	[RX->enabled]
1342030214.415819	[TX->]
1342030214.415868	[TX->enabled]
1342030214.677177	[RX->enabled]
1342030215.019715	[RX->]
1342030220.419718	[RX->]
1342030220.820598	[TX->]
1342030220.820661	[TX->enabled]
1342030221.133408	[RX->enabled]
1342030221.675852	[Discard->TX]
1342030224.187911	[TX->]
1342030224.187937	[TX->enabled]
1342030224.503668	[RX->enabled]
1342030224.839718	[RX->]
1342030234.595783	[RX->]
1342030234.996280	[TX->]
1342030234.996341	[TX->enabled]
1342030235.249864	[RX->enabled]
1342030235.251839	[Discard->TX]
1342030235.820093	[Discard->TX]
1342030236.407878	[TX->]
1342030236.407933	[TX->enabled]
1342030236.661899	[RX->enabled]
1342030236.991711	[RX->]
1342030238.267885	[TX->]
1342030238.267911	[TX->enabled]
1342030238.546967	[RX->enabled]
1342030238.876720	[RX->]
1342030247.447709	[RX->]
1342030247.848270	[TX->]
1342030247.848331	[TX->enabled]
1342030248.152283	[RX->enabled]
1342030248.154351	[Discard->TX]
1342030248.627911	[Discard->TX]
1342030250.987963	[TX->]
1342030250.987992	[TX->enabled]
1342030251.438393	[RX->enabled]
1342030251.771710	[RX->]
1342030251.771915	[Discard->TX]
1342030259.887807	[RX->]
1342030260.288082	[TX->]
1342030260.288138	[TX->enabled]
1342030260.541696	[RX->enabled]
1342030261.399707	[RX->]
1342030261.800000	[TX->]
1342030261.800057	[TX->enabled]
1342030262.061723	[RX->enabled]
1342030264.399830	[TX->]
1342030264.399879	[TX->enabled]
1342030264.661818	[RX->enabled]
1342030265.003717	[RX->]
1342030283.059784	[TX->]
1342030283.059814	[TX->enabled]
1342030283.407417	[RX->enabled]
1342030283.735711	[RX->]
1342030298.459708	[RX->]
1342030298.860070	[TX->]
1342030298.860128	[TX->enabled]
1342030299.113909	[RX->enabled]
1342030299.115918	[Discard->TX]
1342030300.279805	[TX->]
1342030300.279854	[TX->enabled]
1342030300.572964	[RX->enabled]
1342030300.919715	[RX->]
1342030300.921372	[Discard->TX]
1342030302.635779	[TX->]
1342030302.635828	[TX->enabled]
1342030302.928063	[RX->enabled]
1342030303.279781	[RX->]
1342030303.720822	[TX->]
1342030303.720882	[TX->enabled]
1342030303.975092	[RX->enabled]
1342030303.977094	[Discard->TX]
1342030305.007941	[TX->]
1342030305.008021	[TX->enabled]
1342030305.293137	[RX->enabled]
1342030305.655723	[RX->]
1342030305.656006	[Discard->TX]
1342030305.656255	[Discard->TX]
1342030307.135908	[TX->]
1342030307.135934	[TX->enabled]
1342030307.420205	[RX->enabled]
1342030307.759710	[RX->]
1342030307.760091	[Discard->TX]
1342030309.119823	[TX->]
1342030309.119869	[TX->enabled]
1342030309.393273	[RX->enabled]
1342030309.743716	[RX->]
1342030309.744133	[Discard->TX]
1342030310.991815	[TX->]
1342030310.991866	[TX->enabled]
1342030311.254326	[RX->enabled]
1342030311.587714	[RX->]
1342030311.588917	[Discard->TX]
1342030312.735833	[TX->]
1342030312.735881	[TX->enabled]
1342030313.034392	[RX->enabled]
1342030313.371849	[RX->]
1342030313.372081	[Discard->TX]
1342030315.031979	[TX->]
1342030315.032004	[TX->enabled]
1342030315.330455	[RX->enabled]
1342030315.671710	[RX->]
1342030317.371786	[TX->]
1342030317.371834	[TX->enabled]
1342030317.634510	[RX->enabled]
1342030317.963695	[RX->]
1342030326.891027	[RX->]
1342030327.291876	[TX->]
1342030327.291929	[TX->enabled]
1342030327.604844	[RX->enabled]
1342030327.935729	[RX->]
1342030344.159785	[RX->]
1342030344.560393	[TX->]
1342030344.560453	[TX->enabled]
1342030344.814413	[RX->enabled]
1342030344.816435	[Discard->TX]
1342030345.411817	[TX->]
1342030345.411865	[TX->enabled]
1342030345.690444	[RX->enabled]
1342030345.936742	[Discard->TX]
1342030346.019693	[RX->]
1342030349.487791	[TX->]
1342030349.487846	[TX->enabled]
1342030349.741571	[RX->enabled]
1342030350.067700	[RX->]
1342030354.067715	[RX->]
1342030354.468594	[TX->]
1342030354.468655	[TX->enabled]
1342030354.772700	[RX->enabled]
1342030354.774850	[Discard->TX]
1342030355.291938	[TX->]
1342030355.291987	[TX->enabled]
1342030355.742742	[RX->enabled]
1342030356.075743	[RX->]
1342030356.476062	[TX->]
1342030356.476121	[TX->enabled]
1342030356.729803	[RX->enabled]
1342030365.703715	[RX->]
1342030366.104009	[TX->]
1342030366.104067	[TX->enabled]
1342030366.366113	[RX->enabled]
1342030366.695709	[RX->]
1342030384.753132	[TX->]
1342030384.753234	[TX->enabled]
1342030385.100709	[RX->enabled]
1342030385.431779	[RX->]
1342030400.151704	[RX->]
1342030400.552174	[TX->]
1342030400.552232	[TX->enabled]
1342030400.806205	[RX->enabled]
1342030400.808226	[Discard->TX]
1342030403.087913	[TX->]
1342030403.087946	[TX->enabled]
1342030403.380309	[RX->enabled]
1342030403.723720	[RX->]
1342030403.725137	[Discard->TX]
1342030406.543823	[TX->]
1342030406.543878	[TX->enabled]
1342030406.835431	[RX->enabled]
1342030407.183724	[RX->]
1342030407.624926	[TX->]
1342030407.624992	[TX->enabled]
1342030407.878458	[RX->enabled]
1342030407.880458	[Discard->TX]
1342030410.007916	[TX->]
1342030410.007945	[TX->enabled]
1342030410.292541	[RX->enabled]
1342030410.651726	[RX->]
1342030410.651997	[Discard->TX]
1342030410.652272	[Discard->TX]
1342030413.204773	[TX->]
1342030413.204830	[TX->enabled]
1342030413.489098	[RX->enabled]
1342030413.823708	[RX->]
1342030413.824028	[Discard->TX]
1342030416.239909	[TX->]
1342030416.239935	[TX->enabled]
1342030416.513732	[RX->enabled]
1342030416.863741	[RX->]
1342030416.864164	[Discard->TX]
1342030419.143819	[TX->]
1342030419.143875	[TX->enabled]
1342030419.406789	[RX->enabled]
1342030419.743713	[RX->]
1342030419.744737	[Discard->TX]
1342030421.896162	[TX->]
1342030421.896215	[TX->enabled]
1342030422.195921	[RX->enabled]
1342030422.535711	[RX->]
1342030422.535905	[Discard->TX]
1342030425.139773	[RX->]
1342030425.540036	[TX->]
1342030425.540089	[TX->enabled]
1342030425.801983	[RX->enabled]
1342030426.200778	[TX->]
1342030426.200828	[TX->enabled]
1342030426.502064	[RX->enabled]
1342030426.535815	[Discard->TX]
1342030426.843716	[RX->]
1342030432.935813	[TX->]
1342030432.935867	[TX->enabled]
1342030433.197311	[RX->enabled]
1342030433.539714	[RX->]
1342030434.975719	[RX->]
1342030435.376538	[TX->]
1342030435.376602	[TX->enabled]
1342030435.689335	[RX->enabled]
1342030436.019712	[RX->]
1342030450.911880	[RX->]
1342030451.312397	[TX->]
1342030451.312458	[TX->enabled]
1342030451.565863	[RX->enabled]
1342030451.567867	[Discard->TX]
1342030451.919520	[RX->]
1342030452.900816	[TX->]
1342030452.900863	[TX->enabled]
1342030453.179917	[RX->enabled]
1342030453.507710	[RX->]
1342030461.359712	[RX->]
1342030461.760223	[TX->]
1342030461.760288	[TX->enabled]
1342030462.064218	[RX->enabled]
1342030462.066310	[Discard->TX]
1342030463.255917	[TX->]
1342030463.255970	[TX->enabled]
1342030463.706275	[RX->enabled]
1342030464.039708	[RX->]
1342030464.440018	[TX->]
1342030464.440077	[TX->enabled]
1342030464.694301	[RX->enabled]
1342030473.667702	[RX->]
1342030474.067998	[TX->]
1342030474.068056	[TX->enabled]
1342030474.329613	[RX->enabled]
1342030474.659695	[RX->]
1342030492.715285	[TX->]
1342030492.715314	[TX->enabled]
1342030493.063182	[RX->enabled]
1342030493.395717	[RX->]
1342030506.579701	[RX->]
1342030506.980053	[TX->]
1342030506.980112	[TX->enabled]
1342030507.233641	[RX->enabled]
1342030507.235665	[Discard->TX]
1342030509.516814	[TX->]
1342030509.516867	[TX->enabled]
1342030509.809729	[RX->enabled]
1342030510.155747	[RX->]
1342030510.557267	[TX->]
1342030510.557349	[TX->enabled]
1342030510.849103	[RX->enabled]
1342030512.971885	[TX->]
1342030512.971935	[TX->enabled]
1342030513.263824	[RX->enabled]
1342030513.607803	[RX->]
1342030523.707718	[RX->]
1342030524.148837	[TX->]
1342030524.148900	[TX->enabled]
1342030524.402188	[RX->enabled]
1342030524.404234	[Discard->TX]
1342030526.527829	[TX->]
1342030526.527882	[TX->enabled]
1342030526.812300	[RX->enabled]
1342030527.143684	[RX->]
1342030539.303733	[RX->]
1342030539.704356	[TX->]
1342030539.704403	[TX->enabled]
1342030539.957723	[RX->enabled]
1342030539.959759	[Discard->TX]
1342030541.859917	[TX->]
1342030541.859944	[TX->enabled]
1342030542.143774	[RX->enabled]
1342030542.483801	[RX->]
1342030542.484137	[Discard->TX]
1342030544.903932	[TX->]
1342030544.903988	[TX->enabled]
1342030545.177912	[RX->enabled]
1342030545.527722	[RX->]
1342030545.528143	[Discard->TX]
1342030547.811802	[TX->]
1342030547.811859	[TX->enabled]
1342030548.074983	[RX->enabled]
1342030548.411715	[RX->]
1342030548.412799	[Discard->TX]
1342030550.563897	[TX->]
1342030550.563949	[TX->enabled]
1342030550.864099	[RX->enabled]
1342030551.203711	[RX->]
1342030551.604009	[TX->]
1342030551.604068	[TX->enabled]
1342030551.866128	[RX->enabled]
1342030554.803821	[TX->]
1342030554.803880	[TX->enabled]
1342030555.065230	[RX->enabled]
1342030555.067226	[Discard->TX]
1342030555.403693	[RX->]
1342030561.915708	[RX->]
1342030562.316562	[TX->]
1342030562.316621	[TX->enabled]
1342030562.629442	[RX->enabled]
1342030562.963707	[RX->]
1342030576.283998	[RX->]
1342030576.684494	[TX->]
1342030576.684550	[TX->enabled]
1342030576.937939	[RX->enabled]
1342030576.939927	[Discard->TX]
1342030578.084839	[TX->]
1342030578.084891	[TX->enabled]
1342030578.338947	[RX->enabled]
1342030578.667712	[RX->]
1342030589.175903	[TX->]
1342030589.175937	[TX->enabled]
1342030589.454383	[RX->enabled]
1342030589.783712	[RX->]
1342030598.607698	[RX->]
1342030599.008099	[TX->]
1342030599.008160	[TX->enabled]
1342030599.311636	[RX->enabled]
1342030599.313761	[Discard->TX]
1342030599.679719	[RX->]
1342030610.916861	[TX->]
1342030610.916943	[TX->enabled]
1342030611.318021	[RX->enabled]
1342030611.651717	[RX->]
1342030611.651926	[Discard->TX]
1342030619.784165	[RX->]
1342030620.184429	[TX->]
1342030620.184489	[TX->enabled]
1342030620.438328	[RX->enabled]
1342030621.279714	[RX->]
1342030621.680014	[TX->]
1342030621.680071	[TX->enabled]
1342030621.941398	[RX->enabled]
1342030625.079895	[TX->]
1342030625.079925	[TX->enabled]
1342030625.341537	[RX->enabled]
1342030625.683846	[RX->]
1342030643.743724	[TX->]
1342030643.743780	[TX->enabled]
1342030644.091110	[RX->enabled]
1342030644.419709	[RX->]
1342030658.255703	[RX->]
1342030658.656064	[TX->]
1342030658.656124	[TX->enabled]
1342030658.909577	[RX->enabled]
1342030658.911578	[Discard->TX]
1342030660.075862	[TX->]
1342030660.075917	[TX->enabled]
1342030660.368609	[RX->enabled]
1342030660.715706	[RX->]
1342030660.717357	[Discard->TX]
1342030662.432850	[TX->]
1342030662.432898	[TX->enabled]
1342030662.724713	[RX->enabled]
1342030663.075740	[RX->]
1342030663.517351	[TX->]
1342030663.517410	[TX->enabled]
1342030663.770748	[RX->enabled]
1342030663.772747	[Discard->TX]
1342030664.803849	[TX->]
1342030664.803896	[TX->enabled]
1342030665.088777	[RX->enabled]
1342030665.451734	[RX->]
1342030665.452294	[Discard->TX]
1342030665.455157	[Discard->TX]
1342030666.931826	[TX->]
1342030666.931858	[TX->enabled]
1342030667.215843	[RX->enabled]
1342030667.555692	[RX->]
1342030667.556016	[Discard->TX]
1342030668.916087	[TX->]
1342030668.916132	[TX->enabled]
1342030669.189931	[RX->enabled]
1342030669.535894	[RX->]
1342030669.536310	[Discard->TX]
1342030670.781418	[TX->]
1342030670.781466	[TX->enabled]
1342030671.043987	[RX->enabled]
1342030671.383744	[RX->]
1342030671.384954	[Discard->TX]
1342030672.531927	[TX->]
1342030672.531954	[TX->enabled]
1342030672.830029	[RX->enabled]
1342030673.167705	[RX->]
1342030673.567974	[TX->]
1342030673.568034	[TX->enabled]
1342030673.830078	[RX->enabled]
1342030674.828808	[TX->]
1342030674.828862	[TX->enabled]
1342030675.127087	[RX->enabled]
1342030675.471711	[RX->]
1342030677.367809	[TX->]
1342030677.367857	[TX->enabled]
1342030677.629202	[RX->enabled]
1342030677.971711	[RX->]
1342030683.095719	[RX->]
1342030683.496623	[TX->]
1342030683.496685	[TX->enabled]
1342030683.809390	[RX->enabled]
1342030684.167893	[TX->]
1342030684.167920	[TX->enabled]
1342030684.480425	[RX->enabled]
1342030684.823713	[RX->]
1342030698.139764	[RX->]
1342030698.540311	[TX->]
1342030698.540374	[TX->enabled]
1342030698.793868	[RX->enabled]
1342030698.795871	[Discard->TX]
1342030699.156112	[TX->]
1342030699.156151	[TX->enabled]
1342030699.434912	[RX->enabled]
1342030699.763722	[RX->]
1342030699.954803	[Discard->TX]
1342030703.575817	[TX->]
1342030703.575895	[TX->enabled]
1342030703.830024	[RX->enabled]
1342030704.159770	[RX->]
1342030707.947700	[RX->]
1342030708.348140	[TX->]
1342030708.348201	[TX->enabled]
1342030708.652208	[RX->enabled]
1342030708.654260	[Discard->TX]
1342030708.916880	[Discard->TX]
1342030709.023685	[RX->]
1342030710.851926	[TX->]
1342030710.851952	[TX->enabled]
1342030711.252297	[RX->enabled]
1342030711.583712	[RX->]
1342030711.583922	[Discard->TX]
1342030719.171707	[RX->]
1342030719.571981	[TX->]
1342030719.572043	[TX->enabled]
1342030719.825571	[RX->enabled]
1342030721.211725	[RX->]
1342030721.612028	[TX->]
1342030721.612085	[TX->enabled]
1342030721.873636	[RX->enabled]
1342030724.611839	[TX->]
1342030724.611895	[TX->enabled]
1342030724.873735	[RX->enabled]
1342030725.215740	[RX->]
1342030743.271376	[TX->]
1342030743.271404	[TX->enabled]
1342030743.619613	[RX->enabled]
1342030743.951708	[RX->]
1342030757.551716	[RX->]
1342030757.952204	[TX->]
1342030757.952271	[TX->enabled]
1342030758.205812	[RX->enabled]
1342030758.207796	[Discard->TX]
1342030759.371858	[TX->]
1342030759.371908	[TX->enabled]
1342030759.664839	[RX->enabled]
1342030760.011720	[RX->]
1342030760.413250	[TX->]
1342030760.413308	[TX->enabled]
1342030760.704858	[RX->enabled]
1342030761.727862	[TX->]
1342030761.727911	[TX->enabled]
1342030762.019941	[RX->enabled]
1342030762.359720	[RX->]
1342030773.879785	[RX->]
1342030774.320820	[TX->]
1342030774.320879	[TX->enabled]
1342030774.574314	[RX->enabled]
1342030774.576341	[Discard->TX]
1342030775.599754	[TX->]
1342030775.599803	[TX->enabled]
1342030775.884366	[RX->enabled]
1342030776.211711	[RX->]
1342030788.579705	[RX->]
1342030788.980369	[TX->]
1342030788.980432	[TX->enabled]
1342030789.233791	[RX->enabled]
1342030789.235798	[Discard->TX]
1342030790.043936	[TX->]
1342030790.043967	[TX->enabled]
1342030790.329091	[RX->enabled]
1342030790.663819	[RX->]
1342030790.664120	[Discard->TX]
1342030792.004187	[TX->]
1342030792.004217	[TX->enabled]
1342030792.277921	[RX->enabled]
1342030792.627720	[RX->]
1342030792.628143	[Discard->TX]
1342030793.859835	[TX->]
1342030793.859885	[TX->enabled]
1342030794.122955	[RX->enabled]
1342030794.459712	[RX->]
1342030794.460753	[Discard->TX]
1342030795.591839	[TX->]
1342030795.591910	[TX->enabled]
1342030795.893039	[RX->enabled]
1342030796.231777	[RX->]
1342030796.632053	[TX->]
1342030796.632112	[TX->enabled]
1342030796.894057	[RX->enabled]
1342030797.855833	[TX->]
1342030797.855916	[TX->enabled]
1342030798.157115	[RX->enabled]
1342030798.499709	[RX->]
1342030800.453329	[TX->]
1342030800.453376	[TX->enabled]
1342030800.715162	[RX->enabled]
1342030801.055714	[RX->]
1342030806.421852	[RX->]
1342030806.822687	[TX->]
1342030806.822741	[TX->enabled]
1342030807.135398	[RX->enabled]
1342030807.479807	[Discard->TX]
1342030809.599909	[TX->]
1342030809.599934	[TX->enabled]
1342030809.930885	[RX->enabled]
1342030810.255717	[RX->]
1342030821.207810	[RX->]
1342030821.608861	[TX->]
1342030821.608921	[TX->enabled]
1342030821.862878	[RX->enabled]
1342030821.864870	[Discard->TX]
1342030822.211732	[TX->]
1342030822.211762	[TX->enabled]
1342030822.490897	[RX->enabled]
1342030822.819702	[RX->]
1342030823.079829	[TX->]
1342030823.079862	[TX->enabled]
1342030823.333917	[RX->enabled]
1342030823.663774	[RX->]
1342030831.143716	[RX->]
1342030831.544583	[TX->]
1342030831.544631	[TX->enabled]
1342030831.848192	[RX->enabled]
1342030831.850249	[Discard->TX]
1342030832.104023	[TX->]
1342030832.104073	[TX->enabled]
1342030832.555229	[RX->enabled]
1342030832.887723	[RX->]
1342030832.887948	[Discard->TX]
1342030840.547769	[RX->]
1342030840.948022	[TX->]
1342030840.948080	[TX->enabled]
1342030841.201468	[RX->enabled]
1342030842.515716	[RX->]
1342030842.916008	[TX->]
1342030842.916065	[TX->enabled]
1342030843.177569	[RX->enabled]
1342030846.315820	[TX->]
1342030846.315875	[TX->enabled]
1342030846.577656	[RX->enabled]
1342030846.919703	[RX->]
1342030864.976129	[TX->]
1342030864.976191	[TX->enabled]
1342030865.324292	[RX->enabled]
1342030865.655706	[RX->]
1342030879.083876	[RX->]
1342030879.484347	[TX->]
1342030879.484406	[TX->enabled]
1342030879.737731	[RX->enabled]
1342030879.739816	[Discard->TX]
1342030880.903854	[TX->]
1342030880.903902	[TX->enabled]
1342030881.197313	[RX->enabled]
1342030881.543719	[RX->]
1342030881.545115	[Discard->TX]
1342030883.259875	[TX->]
1342030883.259925	[TX->enabled]
1342030883.551880	[RX->enabled]
1342030883.903717	[RX->]
1342030883.944695	[Discard->TX]
1342030884.031190	[TX->]
1342030884.031219	[TX->enabled]
1342030884.315871	[RX->enabled]
1342030884.679728	[RX->]
1342030884.680036	[Discard->TX]
1342030884.680275	[Discard->TX]
1342030886.159947	[TX->]
1342030886.159975	[TX->enabled]
1342030886.443972	[RX->enabled]
1342030886.783713	[RX->]
1342030886.784031	[Discard->TX]
1342030888.143827	[TX->]
1342030888.143917	[TX->enabled]
1342030888.418095	[RX->enabled]
1342030888.767721	[RX->]
1342030888.768149	[Discard->TX]
1342030890.015901	[TX->]
1342030890.015954	[TX->enabled]
1342030890.281285	[RX->enabled]
1342030890.615833	[RX->]
1342030890.617101	[Discard->TX]
1342030891.763830	[TX->]
1342030891.763880	[TX->enabled]
1342030892.063155	[RX->enabled]
1342030892.403713	[RX->]
1342030892.403904	[Discard->TX]
1342030894.059927	[TX->]
1342030894.059954	[TX->enabled]
1342030894.359232	[RX->enabled]
1342030894.703704	[RX->]
1342030895.403812	[TX->]
1342030895.403864	[TX->enabled]
1342030895.665269	[RX->enabled]
1342030895.995700	[RX->]
1342030904.435707	[RX->]
1342030904.836601	[TX->]
1342030904.836661	[TX->enabled]
1342030905.149576	[RX->enabled]
1342030905.507836	[Discard->TX]
1342030907.651836	[TX->]
1342030907.651893	[TX->enabled]
1342030907.964631	[RX->enabled]
1342030908.303703	[RX->]
1342030919.411782	[RX->]
1342030919.812742	[TX->]
1342030919.812806	[TX->enabled]
1342030920.067059	[RX->enabled]
1342030920.069052	[Discard->TX]
1342030920.427885	[Discard->TX]
1342030921.192622	[TX->]
1342030921.192659	[TX->enabled]
1342030921.446106	[RX->enabled]
1342030921.775712	[RX->]
1342030922.459851	[TX->]
1342030922.459901	[TX->enabled]
1342030922.739147	[RX->enabled]
1342030926.523820	[TX->]
1342030926.523876	[TX->enabled]
1342030926.807717	[RX->enabled]
1342030927.131713	[RX->]
1342030934.807717	[RX->]
1342030935.208117	[TX->]
1342030935.208177	[TX->enabled]
1342030935.511529	[RX->enabled]
1342030935.513617	[Discard->TX]
1342030935.775979	[Discard->TX]
1342030937.711900	[TX->]
1342030937.711956	[TX->enabled]
1342030938.162653	[RX->enabled]
1342030941.583924	[TX->]
1342030941.583974	[TX->enabled]
1342030942.034777	[RX->enabled]
1342030942.367732	[RX->]
1342030942.367920	[Discard->TX]
1342030951.995774	[RX->]
1342030952.396038	[TX->]
1342030952.396096	[TX->enabled]
1342030952.658124	[RX->enabled]
1342030952.987726	[RX->]
1342030971.058403	[TX->]
1342030971.058457	[TX->enabled]
1342030971.406771	[RX->enabled]
1342030974.031950	[TX->]
1342030974.031980	[TX->enabled]
1342030974.379785	[RX->enabled]
1342030974.711924	[RX->]
1342030988.167715	[RX->]
1342030988.568161	[TX->]
1342030988.568225	[TX->enabled]
1342030988.822251	[RX->enabled]
1342030988.824290	[Discard->TX]
1342030991.103962	[TX->]
1342030991.103987	[TX->enabled]
1342030991.397244	[RX->enabled]
1342030996.976824	[TX->]
1342030996.976887	[TX->enabled]
1342030997.269526	[RX->enabled]
1342030997.615728	[RX->]
1342030997.617205	[Discard->TX]
1342031000.431871	[TX->]
1342031000.431920	[TX->enabled]
1342031000.723663	[RX->enabled]
1342031001.075688	[RX->]
1342031001.516808	[TX->]
1342031001.516866	[TX->enabled]
1342031001.770692	[RX->enabled]
1342031001.772716	[Discard->TX]
1342031003.904900	[TX->]
1342031003.904928	[TX->enabled]
1342031004.189750	[RX->enabled]
1342031004.551725	[RX->]
1342031004.551990	[Discard->TX]
1342031004.552271	[Discard->TX]
1342031007.099859	[TX->]
1342031007.099912	[TX->enabled]
1342031007.383837	[RX->enabled]
1342031007.723718	[RX->]
1342031007.724980	[Discard->TX]
1342031010.136003	[TX->]
1342031010.136034	[TX->enabled]
1342031010.409985	[RX->enabled]
1342031010.759710	[RX->]
1342031010.760121	[Discard->TX]
1342031013.035883	[TX->]
1342031013.035936	[TX->enabled]
1342031013.299034	[RX->enabled]
1342031013.635737	[RX->]
1342031013.637080	[Discard->TX]
1342031015.783820	[TX->]
1342031015.783870	[TX->enabled]
1342031016.085140	[RX->enabled]
1342031016.423691	[RX->]
1342031016.423871	[Discard->TX]
1342031019.031688	[RX->]
1342031019.431972	[TX->]
1342031019.432031	[TX->enabled]
1342031019.694289	[RX->enabled]
1342031020.079826	[TX->]
1342031020.079875	[TX->enabled]
1342031020.380315	[RX->enabled]
1342031020.423868	[Discard->TX]
1342031020.723712	[RX->]
1342031026.823804	[TX->]
1342031026.823860	[TX->enabled]
1342031027.085505	[RX->enabled]
1342031027.427712	[RX->]
1342031028.495703	[RX->]
1342031028.900838	[TX->]
1342031028.900895	[TX->enabled]
1342031029.213557	[RX->enabled]
1342031030.515848	[TX->]
1342031030.515903	[TX->enabled]
1342031030.828686	[RX->enabled]
1342031031.171839	[RX->]
1342031043.507834	[RX->]
1342031043.908370	[TX->]
1342031043.908427	[TX->enabled]
1342031044.162046	[RX->enabled]
1342031044.164064	[Discard->TX]
1342031045.320191	[TX->]
1342031045.320249	[TX->enabled]
1342031045.574158	[RX->enabled]
1342031045.576113	[Discard->TX]
1342031045.903686	[RX->]
1342031049.183840	[TX->]
1342031049.183898	[TX->enabled]
1342031049.482649	[RX->enabled]
1342031049.791711	[RX->]
1342031057.283857	[RX->]
1342031057.684270	[TX->]
1342031057.684327	[TX->enabled]
1342031057.988519	[RX->enabled]
1342031057.990620	[Discard->TX]
1342031059.055958	[TX->]
1342031059.056032	[TX->enabled]
1342031059.506719	[RX->enabled]
1342031059.839771	[RX->]
1342031059.839986	[Discard->TX]
1342031066.591710	[RX->]
1342031066.992019	[TX->]
1342031066.992075	[TX->enabled]
1342031067.245827	[RX->enabled]
1342031069.467719	[RX->]
1342031069.868075	[TX->]
1342031069.868140	[TX->enabled]
1342031070.129920	[RX->enabled]
1342031073.467791	[TX->]
1342031073.467838	[TX->enabled]
1342031073.730029	[RX->enabled]
1342031074.075710	[RX->]
1342031092.129133	[TX->]
1342031092.129190	[TX->enabled]
1342031092.476624	[RX->enabled]
1342031092.807696	[RX->]
1342031105.607714	[RX->]
1342031106.008196	[TX->]
1342031106.008254	[TX->enabled]
1342031106.262096	[RX->enabled]
1342031106.264084	[Discard->TX]
1342031107.439844	[TX->]
1342031107.439898	[TX->enabled]
1342031107.733150	[RX->enabled]
1342031108.079790	[RX->]
1342031108.481311	[TX->]
1342031108.481369	[TX->enabled]
1342031108.773140	[RX->enabled]
1342031109.803839	[TX->]
1342031109.803893	[TX->enabled]
1342031110.095199	[RX->enabled]
1342031110.435734	[RX->]
1342031121.199697	[RX->]
1342031121.640826	[TX->]
1342031121.640890	[TX->enabled]
1342031121.894606	[RX->enabled]
1342031121.896849	[Discard->TX]
1342031122.920989	[TX->]
1342031122.923673	[TX->enabled]
1342031123.208600	[RX->enabled]
1342031123.535687	[RX->]
1342031135.195789	[RX->]
1342031135.597149	[TX->]
1342031135.597204	[TX->enabled]
1342031135.851019	[RX->enabled]
1342031135.853033	[Discard->TX]
1342031136.660123	[TX->]
1342031136.660172	[TX->enabled]
1342031136.944091	[RX->enabled]
1342031137.279718	[RX->]
1342031137.680191	[TX->]
1342031137.680250	[TX->enabled]
1342031137.954123	[RX->enabled]
1342031138.620812	[TX->]
1342031138.620858	[TX->enabled]
1342031138.894113	[RX->enabled]
1342031139.235713	[RX->]
1342031148.879694	[RX->]
1342031149.280189	[TX->]
1342031149.280254	[TX->enabled]
1342031149.542441	[RX->enabled]
1342031149.871775	[RX->]
1342031159.811900	[RX->]
1342031160.213160	[TX->]
1342031160.213220	[TX->enabled]
1342031160.511823	[RX->enabled]
1342031160.847714	[RX->]
1342031160.847914	[Discard->TX]
1342031161.071947	[TX->]
1342031161.071977	[TX->enabled]
1342031161.370865	[RX->enabled]
1342031161.711715	[RX->]
1342031163.451758	[RX->]
1342031163.852090	[TX->]
1342031163.852150	[TX->enabled]
1342031164.113951	[RX->enabled]
1342031164.115953	[Discard->TX]
1342031170.247977	[TX->]
1342031170.248005	[TX->enabled]
1342031170.515200	[RX->enabled]
1342031170.851717	[RX->]
1342031173.775710	[RX->]
1342031174.176714	[TX->]
1342031174.176771	[TX->enabled]
1342031174.489311	[RX->enabled]
1342031174.819748	[RX->]
1342031188.143811	[RX->]
1342031188.544359	[TX->]
1342031188.544419	[TX->enabled]
1342031188.797718	[RX->enabled]
1342031188.799737	[Discard->TX]
1342031189.567946	[TX->]
1342031189.567971	[TX->enabled]
1342031189.846805	[RX->enabled]
1342031189.956804	[Discard->TX]
1342031190.175704	[RX->]
1342031193.579737	[TX->]
1342031193.579788	[TX->enabled]
1342031193.833883	[RX->enabled]
1342031194.163735	[RX->]
1342031198.848036	[RX->]
1342031199.249154	[TX->]
1342031199.249212	[TX->enabled]
1342031199.553114	[RX->enabled]
1342031199.555169	[Discard->TX]
1342031199.923712	[RX->]
1342031201.527968	[TX->]
1342031201.527995	[TX->enabled]
1342031201.929333	[RX->enabled]
1342031202.259710	[RX->]
1342031202.661094	[TX->]
1342031202.661156	[TX->enabled]
1342031202.915182	[RX->enabled]
1342031211.887717	[RX->]
1342031212.288024	[TX->]
1342031212.288080	[TX->enabled]
1342031212.549542	[RX->enabled]
1342031212.879710	[RX->]
1342031230.934561	[TX->]
1342031230.934615	[TX->enabled]
1342031231.283586	[RX->enabled]
1342031231.615735	[RX->]
1342031243.587732	[RX->]
1342031243.988280	[TX->]
1342031243.988337	[TX->enabled]
1342031244.242583	[RX->enabled]
1342031244.244570	[Discard->TX]
1342031246.523839	[TX->]
1342031246.523886	[TX->enabled]
1342031246.816620	[RX->enabled]
1342031247.159715	[RX->]
1342031247.561220	[TX->]
1342031247.561277	[TX->enabled]
1342031247.852656	[RX->enabled]
1342031249.976795	[TX->]
1342031249.976851	[TX->enabled]
1342031250.268716	[RX->enabled]
1342031250.607751	[RX->]
1342031259.499718	[RX->]
1342031259.940827	[TX->]
1342031259.940866	[TX->enabled]
1342031260.195050	[RX->enabled]
1342031260.200045	[Discard->TX]
1342031262.423877	[TX->]
1342031262.423936	[TX->enabled]
1342031262.709129	[RX->enabled]
1342031263.035729	[RX->]
1342031273.943731	[RX->]
1342031274.344340	[TX->]
1342031274.344398	[TX->enabled]
1342031274.600603	[RX->enabled]
1342031274.602519	[Discard->TX]
1342031276.499823	[TX->]
1342031276.499873	[TX->enabled]
1342031276.783597	[RX->enabled]
1342031277.123741	[RX->]
1342031277.524331	[TX->]
1342031277.524396	[TX->enabled]
1342031277.798603	[RX->enabled]
1342031279.561018	[TX->]
1342031279.561044	[TX->enabled]
1342031279.834677	[RX->enabled]
1342031280.175735	[RX->]
1342031288.012304	[RX->]
1342031288.412961	[TX->]
1342031288.413018	[TX->enabled]
1342031288.675991	[RX->enabled]
1342031290.295856	[TX->]
1342031290.295916	[TX->enabled]
1342031290.559045	[RX->enabled]
1342031290.899709	[RX->]
1342031298.271696	[RX->]
1342031298.672925	[TX->]
1342031298.672987	[TX->enabled]
1342031298.972286	[RX->enabled]
1342031300.428837	[TX->]
1342031300.428895	[TX->enabled]
1342031300.728353	[RX->enabled]
1342031301.071715	[RX->]
1342031307.935766	[RX->]
1342031308.336014	[TX->]
1342031308.336075	[TX->enabled]
1342031308.600587	[RX->enabled]
1342031308.928078	[RX->]
1342031317.611687	[RX->]
1342031318.012534	[TX->]
1342031318.012573	[TX->enabled]
1342031318.324920	[RX->enabled]
1342031318.656046	[RX->]
1342031330.763775	[RX->]
1342031331.164680	[TX->]
1342031331.164754	[TX->enabled]
1342031331.425669	[RX->enabled]
1342031331.427465	[Discard->TX]
1342031331.747733	[RX->]
1342031332.752783	[TX->]
1342031332.752835	[TX->enabled]
1342031333.031644	[RX->enabled]
1342031333.359730	[RX->]
1342031341.435693	[RX->]
1342031341.836748	[TX->]
1342031341.836807	[TX->enabled]
1342031342.140690	[RX->enabled]
1342031342.142826	[Discard->TX]
1342031343.332768	[TX->]
1342031343.332794	[TX->enabled]
1342031343.783755	[RX->enabled]
1342031344.119713	[RX->]
1342031344.520012	[TX->]
1342031344.520075	[TX->enabled]
1342031344.773829	[RX->enabled]
1342031353.743714	[RX->]
1342031354.144003	[TX->]
1342031354.144064	[TX->enabled]
1342031354.406095	[RX->enabled]
1342031354.735714	[RX->]
1342031372.791553	[TX->]
1342031372.791612	[TX->enabled]
1342031373.139769	[RX->enabled]
1342031373.471758	[RX->]
1342031384.511720	[RX->]
1342031384.912089	[TX->]
1342031384.912153	[TX->enabled]
1342031385.166137	[RX->enabled]
1342031385.168182	[Discard->TX]
1342031387.447834	[TX->]
1342031387.447923	[TX->enabled]
1342031387.740204	[RX->enabled]
1342031388.087847	[RX->]
1342031388.489341	[TX->]
1342031388.489398	[TX->enabled]
1342031388.781217	[RX->enabled]
1342031390.904649	[TX->]
1342031390.904707	[TX->enabled]
1342031391.196384	[RX->enabled]
1342031396.536802	[TX->]
1342031396.536857	[TX->enabled]
1342031396.828536	[RX->enabled]
1342031397.175728	[RX->]
1342031397.616849	[TX->]
1342031397.616913	[TX->enabled]
1342031397.872536	[RX->enabled]
1342031397.874538	[Discard->TX]
1342031399.991801	[TX->]
1342031399.991851	[TX->enabled]
1342031400.276627	[RX->enabled]
1342031400.639709	[RX->]
1342031400.639978	[Discard->TX]
1342031400.640252	[Discard->TX]
1342031403.187841	[TX->]
1342031403.187898	[TX->enabled]
1342031403.471740	[RX->enabled]
1342031403.811745	[RX->]
1342031403.812760	[Discard->TX]
1342031406.223849	[TX->]
1342031406.223897	[TX->enabled]
1342031406.511115	[RX->enabled]
1342031411.047928	[TX->]
1342031411.047956	[TX->enabled]
1342031411.321994	[RX->enabled]
1342031411.671744	[RX->]
1342031411.673593	[Discard->TX]
1342031413.947825	[TX->]
1342031413.947874	[TX->enabled]
1342031414.211041	[RX->enabled]
1342031414.547713	[RX->]
1342031414.548836	[Discard->TX]
1342031416.696234	[TX->]
1342031416.696301	[TX->enabled]
1342031416.998127	[RX->enabled]
1342031420.991831	[TX->]
1342031420.991880	[TX->enabled]
1342031421.292289	[RX->enabled]
1342031428.284727	[RX->]
1342031428.685052	[TX->]
1342031428.685109	[TX->enabled]
1342031428.950554	[RX->enabled]
1342031429.584879	[TX->]
1342031429.584905	[TX->enabled]
1342031429.885958	[RX->enabled]
1342031446.767847	[TX->]
1342031446.767908	[TX->enabled]
1342031447.069132	[RX->enabled]
1342031456.571710	[RX->]
1342031456.972071	[TX->]
1342031456.972131	[TX->enabled]
1342031457.237461	[RX->enabled]
1342031470.523711	[RX->]
1342031470.924601	[TX->]
1342031470.924660	[TX->enabled]
1342031471.178892	[RX->enabled]
1342031471.180987	[Discard->TX]
1342031481.136422	[TX->]
1342031481.136451	[TX->enabled]
1342031481.437257	[RX->enabled]
1342031481.767711	[RX->]
1342031481.768012	[Discard->TX]
1342031481.768090	[Discard->TX]
1342031483.791887	[TX->]
1342031483.791937	[TX->enabled]
1342031484.240335	[RX->enabled]
1342031484.555694	[RX->]
1342031490.395708	[RX->]
1342031490.796012	[TX->]
1342031490.796071	[TX->enabled]
1342031491.057567	[RX->enabled]
1342031493.795871	[TX->]
1342031493.795899	[TX->enabled]
1342031494.057665	[RX->enabled]
1342031494.399690	[RX->]
1342031512.456186	[TX->]
1342031512.456242	[TX->enabled]
1342031512.804277	[RX->enabled]
1342031514.267860	[TX->]
1342031514.267914	[TX->enabled]
1342031514.615309	[RX->enabled]
1342031514.947712	[RX->]
1342031525.979711	[RX->]
1342031526.380210	[TX->]
1342031526.380298	[TX->enabled]
1342031526.633723	[RX->enabled]
1342031526.635743	[Discard->TX]
1342031527.799907	[TX->]
1342031527.799932	[TX->enabled]
1342031528.092757	[RX->enabled]
1342031528.439740	[RX->]
1342031528.441161	[Discard->TX]
1342031530.155945	[TX->]
1342031530.155971	[TX->enabled]
1342031530.451858	[RX->enabled]
1342031530.799704	[RX->]
1342031530.840776	[Discard->TX]
1342031530.928665	[Discard->TX]
1342031532.523805	[TX->]
1342031532.523854	[TX->enabled]
1342031532.808886	[RX->enabled]
1342031533.171732	[RX->]
1342031533.572078	[TX->]
1342031533.572134	[TX->enabled]
1342031533.825954	[RX->enabled]
1342031533.827950	[Discard->TX]
1342031534.651794	[TX->]
1342031534.651841	[TX->enabled]
1342031534.935992	[RX->enabled]
1342031535.271713	[RX->]
1342031535.672128	[TX->]
1342031535.672183	[TX->enabled]
1342031535.946002	[RX->enabled]
1342031536.627817	[TX->]
1342031536.627912	[TX->enabled]
1342031536.903716	[RX->enabled]
1342031537.243753	[RX->]
1342031544.419722	[RX->]
1342031544.820245	[TX->]
1342031544.820301	[TX->enabled]
1342031545.083272	[RX->enabled]
1342031545.663819	[Discard->TX]
1342031548.151961	[TX->]
1342031548.151989	[TX->enabled]
1342031548.414427	[RX->enabled]
1342031548.755703	[RX->]
1342031553.047703	[RX->]
1342031553.448882	[TX->]
1342031553.448938	[TX->enabled]
1342031553.747589	[RX->enabled]
1342031554.195835	[TX->]
1342031554.195882	[TX->enabled]
1342031554.494627	[RX->enabled]
1342031554.839701	[RX->]
1342031556.691685	[RX->]
1342031557.091967	[TX->]
1342031557.092029	[TX->enabled]
1342031557.353656	[RX->enabled]
1342031557.683719	[RX->]
1342031564.932174	[RX->]
1342031565.332974	[TX->]
1342031565.333034	[TX->enabled]
1342031565.645985	[RX->enabled]
1342031566.003938	[TX->]
1342031566.003968	[TX->enabled]
1342031566.317006	[RX->enabled]
1342031566.647711	[RX->]
1342031577.795783	[RX->]
1342031578.196344	[TX->]
1342031578.196405	[TX->enabled]
1342031578.450370	[RX->enabled]
1342031578.452391	[Discard->TX]
1342031578.807832	[Discard->TX]
1342031580.771881	[TX->]
1342031580.771910	[TX->enabled]
1342031581.025483	[RX->enabled]
1342031581.027466	[Discard->TX]
1342031581.351713	[RX->]
1342031584.879804	[TX->]
1342031584.879856	[TX->enabled]
1342031585.158602	[RX->enabled]
1342031585.491697	[RX->]
1342031592.279713	[RX->]
1342031592.680125	[TX->]
1342031592.680186	[TX->enabled]
1342031592.983869	[RX->enabled]
1342031592.985960	[Discard->TX]
1342031593.248006	[TX->]
1342031593.248032	[TX->enabled]
1342031593.698865	[RX->enabled]
1342031595.184049	[TX->]
1342031595.184078	[TX->enabled]
1342031595.634907	[RX->enabled]
1342031599.056427	[TX->]
1342031599.059022	[TX->enabled]
1342031599.510064	[RX->enabled]
1342031599.843714	[RX->]
1342031599.843920	[Discard->TX]
1342031606.207835	[RX->]
1342031606.608140	[TX->]
1342031606.608199	[TX->enabled]
1342031606.862349	[RX->enabled]
1342031609.471705	[RX->]
1342031609.872013	[TX->]
1342031609.872074	[TX->enabled]
1342031610.133580	[RX->enabled]
1342031612.471852	[RX->]
1342031612.872119	[TX->]
1342031612.872177	[TX->enabled]
1342031613.133524	[RX->enabled]
1342031613.135510	[Discard->TX]
1342031619.071906	[TX->]
1342031619.071936	[TX->enabled]
1342031619.333690	[RX->enabled]
1342031619.675745	[RX->]
1342031637.731547	[TX->]
1342031637.731646	[TX->enabled]
1342031638.079335	[RX->enabled]
1342031638.411709	[RX->]
1342031646.831766	[RX->]
1342031647.232028	[TX->]
1342031647.232086	[TX->enabled]
1342031647.485638	[RX->enabled]
1342031649.851714	[RX->]
1342031650.252200	[TX->]
1342031650.252264	[TX->enabled]
1342031650.505721	[RX->enabled]
1342031650.507761	[Discard->TX]
1342031651.671857	[TX->]
1342031651.671906	[TX->enabled]
1342031651.964747	[RX->enabled]
1342031655.311872	[TX->]
1342031655.311929	[TX->enabled]
1342031655.604886	[RX->enabled]
1342031655.951711	[RX->]
1342031655.953132	[Discard->TX]
1342031657.667867	[TX->]
1342031657.667892	[TX->enabled]
1342031657.959966	[RX->enabled]
1342031658.307722	[RX->]
1342031658.748801	[TX->]
1342031658.748865	[TX->enabled]
1342031659.003004	[RX->enabled]
1342031659.005043	[Discard->TX]
1342031660.028911	[TX->]
1342031660.028968	[TX->enabled]
1342031660.314040	[RX->enabled]
1342031660.675722	[RX->]
1342031660.676007	[Discard->TX]
1342031660.676259	[Discard->TX]
1342031662.155886	[TX->]
1342031662.155912	[TX->enabled]
1342031662.440126	[RX->enabled]
1342031662.775775	[RX->]
1342031662.776127	[Discard->TX]
1342031664.131828	[TX->]
1342031664.131877	[TX->enabled]
1342031664.406143	[RX->enabled]
1342031666.843824	[TX->]
1342031666.843871	[TX->enabled]
1342031667.117264	[RX->enabled]
1342031672.267828	[TX->]
1342031672.267881	[TX->enabled]
1342031672.541451	[RX->enabled]
1342031672.891719	[RX->]
1342031672.892269	[Discard->TX]
1342031674.139931	[TX->]
1342031674.139957	[TX->enabled]
1342031674.402464	[RX->enabled]
1342031676.635809	[TX->]
1342031676.635857	[TX->enabled]
1342031676.898574	[RX->enabled]
1342031677.231714	[RX->]
1342031677.633205	[TX->]
1342031677.633268	[TX->enabled]
1342031677.931609	[RX->enabled]
1342031678.379841	[TX->]
1342031678.379897	[TX->enabled]
1342031678.678648	[RX->enabled]
1342031679.015705	[RX->]
1342031679.415996	[TX->]
1342031679.416052	[TX->enabled]
1342031679.677680	[RX->enabled]
1342031680.676406	[TX->]
1342031680.676457	[TX->enabled]
1342031680.975732	[RX->enabled]
1342031681.623732	[RX->]
1342031682.024009	[TX->]
1342031682.024068	[TX->enabled]
1342031682.285721	[RX->enabled]
1342031682.287739	[Discard->TX]
1342031682.615729	[RX->]
1342031685.268808	[TX->]
1342031685.268831	[TX->enabled]
1342031685.567866	[RX->enabled]
1342031685.911702	[RX->]
1342031696.579740	[RX->]
1342031696.980749	[TX->]
1342031696.980809	[TX->enabled]
1342031697.293222	[RX->enabled]
1342031697.623679	[RX->]
1342031709.219786	[RX->]
1342031709.620293	[TX->]
1342031709.620363	[TX->enabled]
1342031709.874612	[RX->enabled]
1342031709.876646	[Discard->TX]
1342031710.475808	[TX->]
1342031710.475841	[TX->enabled]
1342031710.754689	[RX->enabled]
1342031712.195950	[TX->]
1342031712.195977	[TX->enabled]
1342031712.449737	[RX->enabled]
1342031712.988799	[Discard->TX]
1342031718.011861	[TX->]
1342031718.011899	[TX->enabled]
1342031718.290933	[RX->enabled]
1342031718.292907	[Discard->TX]
1342031718.619690	[RX->]
1342031730.051915	[TX->]
1342031730.051946	[TX->enabled]
1342031730.305314	[RX->enabled]
1342031730.635712	[RX->]
1342031731.827716	[RX->]
1342031732.228149	[TX->]
1342031732.228208	[TX->enabled]
1342031732.532369	[RX->enabled]
1342031732.534488	[Discard->TX]
1342031733.059983	[TX->]
1342031733.060012	[TX->enabled]
1342031733.510431	[RX->enabled]
1342031735.523910	[TX->]
1342031735.523961	[TX->enabled]
1342031735.974509	[RX->enabled]
1342031740.451980	[TX->]
1342031740.452040	[TX->enabled]
1342031740.902667	[RX->enabled]
1342031748.227803	[RX->]
1342031748.628057	[TX->]
1342031748.628118	[TX->enabled]
1342031748.881927	[RX->enabled]
1342031750.307918	[TX->]
1342031750.307969	[TX->enabled]
1342031750.758972	[RX->enabled]
1342031759.027712	[RX->]
1342031759.427996	[TX->]
1342031759.428052	[TX->enabled]
1342031759.694255	[RX->enabled]
1342031770.021007	[TX->]
1342031770.021041	[TX->enabled]
1342031770.471613	[RX->enabled]
1342031770.787697	[RX->]
1342031800.123764	[RX->]
1342031800.524023	[TX->]
1342031800.524082	[TX->enabled]
1342031800.810679	[RX->enabled]
1342031807.162719	[TX->]
1342031807.162774	[TX->enabled]
1342031807.449821	[RX->enabled]
1342031807.815731	[RX->]
