1342093987.278213	[TX->enabled]
1342094004.906241	[TX->]
1342094004.906324	[TX->enabled]
1342094006.103337	[RX->enabled]
1342094011.394283	[RX->]
1342094011.794806	[TX->]
1342094011.794886	[TX->enabled]
1342094012.987337	[RX->enabled]
1342094014.218266	[Discard->TX]
1342094019.994256	[TX->]
1342094019.994351	[TX->enabled]
1342094021.191345	[RX->enabled]
1342094022.354295	[RX->]
1342094031.940610	[TX->]
1342094031.940652	[TX->enabled]
1342094032.766359	[RX->enabled]
1342094033.898270	[RX->]
1342094033.898983	[Discard->TX]
1342094033.899275	[Discard->TX]
1342094039.794453	[TX->]
1342094039.794540	[TX->enabled]
1342094041.516355	[RX->enabled]
1342094042.594263	[RX->]
1342094057.206265	[RX->]
1342094057.606809	[TX->]
1342094057.606894	[TX->enabled]
1342094058.432357	[RX->enabled]
1342094070.174414	[RX->]
1342094070.575179	[TX->]
1342094070.575292	[TX->enabled]
1342094071.401360	[RX->enabled]
1342094098.730365	[RX->]
1342094099.132602	[TX->]
1342094099.132685	[TX->enabled]
1342094099.958365	[RX->enabled]
1342094099.960416	[Discard->TX]
1342094104.722457	[TX->]
1342094104.722541	[TX->enabled]
1342094105.548364	[RX->enabled]
1342094106.550264	[RX->]
1342094108.746999	[TX->]
1342094108.747058	[TX->enabled]
1342094109.573361	[RX->enabled]
1342094110.706287	[RX->]
1342094110.707089	[Discard->TX]
1342094110.707455	[Discard->TX]
1342094119.306308	[RX->]
1342094119.707024	[TX->]
1342094119.707108	[TX->enabled]
1342094120.533363	[RX->enabled]
1342094120.898559	[Discard->TX]
1342094131.242294	[RX->]
1342094131.643160	[TX->]
1342094131.643255	[TX->enabled]
1342094132.469373	[RX->enabled]
1342094132.471406	[Discard->TX]
1342094135.250390	[TX->]
1342094135.250464	[TX->enabled]
1342094136.076368	[RX->enabled]
1342094137.210269	[RX->]
1342094137.211136	[Discard->TX]
1342094137.211428	[Discard->TX]
1342094141.282526	[TX->]
1342094141.282599	[TX->enabled]
1342094143.004378	[RX->enabled]
1342094143.982244	[RX->]
1342094147.394455	[TX->]
1342094147.394530	[TX->enabled]
1342094149.120377	[RX->enabled]
1342094150.194265	[RX->]
1342094164.806249	[RX->]
1342094165.206709	[TX->]
1342094165.206795	[TX->enabled]
1342094166.032382	[RX->enabled]
1342094194.326544	[RX->]
1342094194.727087	[TX->]
1342094194.727172	[TX->enabled]
1342094195.553390	[RX->enabled]
1342094239.050352	[RX->]
1342094239.452686	[TX->]
1342094239.452771	[TX->enabled]
1342094240.278395	[RX->enabled]
1342094240.280424	[Discard->TX]
1342094249.067306	[TX->]
1342094249.067370	[TX->enabled]
1342094249.893395	[RX->enabled]
1342094249.895424	[Discard->TX]
1342094251.022358	[RX->]
1342094251.023256	[Discard->TX]
1342094251.023538	[Discard->TX]
1342094259.826273	[RX->]
1342094260.226813	[TX->]
1342094260.226896	[TX->enabled]
1342094261.052399	[RX->enabled]
1342094261.218571	[Discard->TX]
1342094269.922391	[TX->]
1342094269.922477	[TX->enabled]
1342094270.748402	[RX->enabled]
1342094271.746261	[RX->]
1342094281.570661	[TX->]
1342094281.570713	[TX->enabled]
1342094283.296406	[RX->enabled]
1342094284.270241	[RX->]
1342094285.272309	[Discard->TX]
1342094288.274476	[TX->]
1342094288.274560	[TX->enabled]
1342094289.100402	[RX->enabled]
1342094290.230286	[RX->]
1342094290.231030	[Discard->TX]
1342094290.231325	[Discard->TX]
1342094293.834295	[RX->]
1342094294.234999	[TX->]
1342094294.235090	[TX->enabled]
1342094295.061401	[RX->enabled]
1342094300.418703	[TX->]
1342094300.418755	[TX->enabled]
1342094302.144415	[RX->enabled]
1342094303.218261	[RX->]
1342094317.830253	[RX->]
1342094318.230718	[TX->]
1342094318.230801	[TX->enabled]
1342094319.056411	[RX->enabled]
1342094345.478458	[RX->]
1342094345.879020	[TX->]
1342094345.879104	[TX->enabled]
1342094346.705414	[RX->enabled]
1342094364.806326	[RX->]
1342094365.206806	[TX->]
1342094365.206889	[TX->enabled]
1342094366.032418	[RX->enabled]
1342094388.378463	[RX->]
1342094388.780791	[TX->]
1342094388.780877	[TX->enabled]
1342094389.606425	[RX->enabled]
1342094389.608451	[Discard->TX]
1342094398.395496	[TX->]
1342094398.395562	[TX->enabled]
1342094399.221423	[RX->enabled]
1342094399.223453	[Discard->TX]
1342094400.354265	[RX->]
1342094400.355008	[Discard->TX]
1342094400.355348	[Discard->TX]
1342094409.554377	[RX->]
1342094409.954807	[TX->]
1342094409.954887	[TX->enabled]
1342094410.780461	[RX->enabled]
1342094410.782571	[Discard->TX]
1342094419.234512	[TX->]
1342094419.234589	[TX->enabled]
1342094420.060426	[RX->enabled]
1342094421.062267	[RX->]
1342094427.462255	[RX->]
1342094427.863114	[TX->]
1342094427.863194	[TX->enabled]
1342094428.689431	[RX->enabled]
1342094428.691464	[Discard->TX]
1342094430.946490	[Discard->TX]
1342094431.466502	[TX->]
1342094431.466553	[TX->enabled]
1342094432.292435	[RX->enabled]
1342094433.422245	[RX->]
1342094433.422988	[Discard->TX]
1342094433.423265	[Discard->TX]
1342094442.226271	[RX->]
1342094442.626813	[TX->]
1342094442.626897	[TX->enabled]
1342094443.452431	[RX->enabled]
1342094443.618463	[Discard->TX]
1342094454.162249	[RX->]
1342094454.563129	[TX->]
1342094454.563214	[TX->enabled]
1342094455.389435	[RX->enabled]
1342094456.163842	[Discard->TX]
1342094459.170451	[TX->]
1342094459.170551	[TX->enabled]
1342094459.996562	[RX->enabled]
1342094461.126233	[RX->]
1342094461.127156	[Discard->TX]
1342094461.127453	[Discard->TX]
1342094463.970487	[TX->]
1342094463.970564	[TX->enabled]
1342094465.696435	[RX->enabled]
1342094466.670236	[RX->]
1342094470.330288	[RX->]
1342094470.730859	[TX->]
1342094470.730966	[TX->enabled]
1342094471.556442	[RX->enabled]
1342094471.558581	[Discard->TX]
1342094471.778505	[Discard->TX]
1342094482.262244	[RX->]
1342094482.663062	[TX->]
1342094482.663146	[TX->enabled]
1342094483.489443	[RX->enabled]
1342094485.263733	[Discard->TX]
1342094488.266493	[TX->]
1342094488.266577	[TX->enabled]
1342094489.092440	[RX->enabled]
1342094490.226252	[RX->]
1342094490.227057	[Discard->TX]
1342094490.227351	[Discard->TX]
1342094491.746501	[Discard->TX]
1342094498.826234	[RX->]
1342094499.226710	[TX->]
1342094499.226794	[TX->enabled]
1342094500.052444	[RX->enabled]
1342094500.418596	[Discard->TX]
1342094510.758235	[RX->]
1342094511.159298	[TX->]
1342094511.159385	[TX->enabled]
1342094511.985447	[RX->enabled]
1342094514.759682	[TX->]
1342094514.759743	[TX->enabled]
1342094515.585443	[RX->enabled]
1342094516.718253	[RX->]
1342094516.719010	[Discard->TX]
1342094516.719293	[Discard->TX]
1342094520.318268	[RX->]
1342094520.718764	[TX->]
1342094520.718845	[TX->enabled]
1342094521.544442	[RX->enabled]
1342094521.546593	[Discard->TX]
1342094526.914604	[TX->]
1342094526.914656	[TX->enabled]
1342094528.644449	[RX->enabled]
1342094529.718243	[RX->]
1342094532.450543	[TX->]
1342094532.450629	[TX->enabled]
1342094534.172451	[RX->enabled]
1342094535.150230	[RX->]
1342094544.326241	[RX->]
1342094544.726753	[TX->]
1342094544.726835	[TX->enabled]
1342094545.552451	[RX->enabled]
1342094561.634521	[TX->]
1342094561.634608	[TX->enabled]
1342094563.360459	[RX->enabled]
1342094564.334231	[RX->]
1342094575.778549	[RX->]
1342094576.179067	[TX->]
1342094576.179156	[TX->enabled]
1342094577.005461	[RX->enabled]
1342094622.702365	[RX->]
1342094623.104613	[TX->]
1342094623.104696	[TX->enabled]
1342094623.930465	[RX->enabled]
1342094623.932517	[Discard->TX]
1342094632.718782	[TX->]
1342094632.718833	[TX->enabled]
1342094633.544464	[RX->enabled]
1342094633.546499	[Discard->TX]
1342094634.678254	[RX->]
1342094634.679137	[Discard->TX]
1342094634.679433	[Discard->TX]
1342094638.078182	[RX->]
1342094638.478574	[TX->]
1342094638.478658	[TX->enabled]
1342094639.304463	[RX->enabled]
1342094644.866457	[TX->]
1342094644.866544	[TX->enabled]
1342094646.592473	[RX->enabled]
1342094647.666245	[RX->]
1342094653.602421	[TX->]
1342094653.602508	[TX->enabled]
1342094654.428471	[RX->enabled]
1342094655.430243	[RX->]
1342094662.274255	[RX->]
1342094662.674836	[TX->]
1342094662.674920	[TX->enabled]
1342094663.500476	[RX->enabled]
1342094693.730459	[RX->]
1342094694.131058	[TX->]
1342094694.131142	[TX->enabled]
1342094694.957485	[RX->enabled]
1342094740.650363	[RX->]
1342094741.052524	[TX->]
1342094741.052608	[TX->enabled]
1342094741.878496	[RX->enabled]
1342094741.880523	[Discard->TX]
1342094750.667129	[TX->]
1342094750.667193	[TX->enabled]
1342094751.493492	[RX->enabled]
1342094751.495524	[Discard->TX]
1342094752.626363	[RX->]
1342094752.627247	[Discard->TX]
1342094752.627541	[Discard->TX]
1342094761.226261	[RX->]
1342094761.626770	[TX->]
1342094761.626852	[TX->enabled]
1342094762.452499	[RX->enabled]
1342094762.818544	[Discard->TX]
1342094771.554389	[TX->]
1342094771.554470	[TX->enabled]
1342094772.380497	[RX->enabled]
1342094773.386245	[RX->]
1342094783.202606	[TX->]
1342094783.202658	[TX->enabled]
1342094784.932503	[RX->enabled]
1342094785.902232	[RX->]
1342094786.904277	[Discard->TX]
1342094789.906424	[TX->]
1342094789.906511	[TX->enabled]
1342094790.732493	[RX->enabled]
1342094791.862250	[RX->]
1342094791.862993	[Discard->TX]
1342094791.863268	[Discard->TX]
1342094801.866249	[RX->]
1342094802.266788	[TX->]
1342094802.266874	[TX->enabled]
1342094803.092503	[RX->enabled]
1342094803.094717	[Discard->TX]
1342094813.798244	[RX->]
1342094814.199149	[TX->]
1342094814.199233	[TX->enabled]
1342094815.025506	[RX->enabled]
1342094815.799854	[Discard->TX]
1342094818.802406	[TX->]
1342094818.802508	[TX->enabled]
1342094819.628509	[RX->enabled]
1342094820.762251	[RX->]
1342094820.763013	[Discard->TX]
1342094820.763289	[Discard->TX]
1342094822.434680	[TX->]
1342094822.434727	[TX->enabled]
1342094824.160515	[RX->enabled]
1342094825.134213	[RX->]
1342094829.362264	[RX->]
1342094829.763011	[TX->]
1342094829.763107	[TX->enabled]
1342094830.588508	[RX->enabled]
1342094830.946550	[Discard->TX]
1342094841.294250	[RX->]
1342094841.696148	[TX->]
1342094841.696237	[TX->enabled]
1342094842.522520	[RX->enabled]
1342094844.296987	[Discard->TX]
1342094847.298432	[TX->]
1342094847.298518	[TX->enabled]
1342094848.124511	[RX->enabled]
1342094849.258375	[RX->]
1342094849.259230	[Discard->TX]
1342094849.259528	[Discard->TX]
1342094851.298508	[TX->]
1342094851.298581	[TX->enabled]
1342094853.028518	[RX->enabled]
1342094859.258248	[RX->]
1342094859.658790	[TX->]
1342094859.658875	[TX->enabled]
1342094860.484513	[RX->enabled]
1342094860.486659	[Discard->TX]
1342094871.190347	[RX->]
1342094871.591307	[TX->]
1342094871.591401	[TX->enabled]
1342094872.417506	[RX->enabled]
1342094875.192026	[TX->]
1342094875.192082	[TX->enabled]
1342094876.017521	[RX->enabled]
1342094877.154252	[RX->]
1342094877.155152	[Discard->TX]
1342094877.155475	[Discard->TX]
1342094879.842525	[TX->]
1342094879.842601	[TX->enabled]
1342094881.576520	[RX->enabled]
1342094882.546276	[RX->]
1342094886.150382	[RX->]
1342094886.551078	[TX->]
1342094886.551164	[TX->enabled]
1342094887.376745	[RX->enabled]
1342094887.378664	[Discard->TX]
1342094892.130598	[TX->]
1342094892.130687	[TX->enabled]
1342094893.860526	[RX->enabled]
1342094894.830231	[RX->]
1342094907.746539	[TX->]
1342094907.746627	[TX->enabled]
1342094909.476524	[RX->enabled]
1342094910.446235	[RX->]
1342094915.447710	[TX->]
1342094915.447775	[TX->enabled]
1342094916.273516	[RX->enabled]
1342094917.406260	[RX->]
1342094917.407056	[Discard->TX]
1342094917.407326	[Discard->TX]
1342094926.606248	[RX->]
1342094927.007018	[TX->]
1342094927.007115	[TX->enabled]
1342094927.832527	[RX->enabled]
1342094927.834671	[Discard->TX]
1342094938.538243	[RX->]
1342094938.939066	[TX->]
1342094938.939151	[TX->enabled]
1342094939.793528	[RX->enabled]
1342094944.539677	[TX->]
1342094944.539738	[TX->enabled]
1342094945.365529	[RX->enabled]
1342094946.494346	[RX->]
1342094946.495055	[Discard->TX]
1342094946.495329	[Discard->TX]
1342094947.938561	[Discard->TX]
1342094949.894249	[RX->]
1342094950.294969	[TX->]
1342094950.295056	[TX->enabled]
1342094951.120534	[RX->enabled]
1342094956.674506	[TX->]
1342094956.674595	[TX->enabled]
1342094958.400536	[RX->enabled]
1342094959.474310	[RX->]
1342094966.738461	[RX->]
1342094967.139042	[TX->]
1342094967.139125	[TX->enabled]
1342094967.964533	[RX->enabled]
1342094974.086245	[RX->]
1342094974.486840	[TX->]
1342094974.486925	[TX->enabled]
1342094975.312537	[RX->enabled]
1342094989.042661	[TX->]
1342094989.042759	[TX->enabled]
1342094990.776540	[RX->enabled]
1342094991.306166	[Discard->RX]
1342095016.394358	[RX->]
1342095016.796587	[TX->]
1342095016.796675	[TX->enabled]
1342095017.622550	[RX->enabled]
1342095026.410922	[TX->]
1342095026.411014	[TX->enabled]
1342095027.236549	[RX->enabled]
1342095027.238578	[Discard->TX]
1342095028.370263	[RX->]
1342095028.370929	[Discard->TX]
1342095028.371226	[Discard->TX]
1342095031.970261	[RX->]
1342095032.370736	[TX->]
1342095032.370820	[TX->enabled]
1342095033.288552	[RX->enabled]
1342095038.562539	[TX->]
1342095038.562625	[TX->enabled]
1342095040.284552	[RX->enabled]
1342095041.362332	[RX->]
1342095047.266308	[TX->]
1342095047.266432	[TX->enabled]
1342095048.092556	[RX->enabled]
1342095049.090248	[RX->]
1342095055.974247	[RX->]
1342095056.374713	[TX->]
1342095056.374793	[TX->enabled]
1342095057.200551	[RX->enabled]
1342095076.394459	[RX->]
1342095076.795103	[TX->]
1342095076.795187	[TX->enabled]
1342095077.620559	[RX->enabled]
1342095090.634331	[RX->]
1342095091.036703	[TX->]
1342095091.036788	[TX->enabled]
1342095091.862559	[RX->enabled]
1342095091.864589	[Discard->TX]
1342095100.650547	[TX->]
1342095100.650638	[TX->enabled]
1342095101.476563	[RX->enabled]
1342095101.478592	[Discard->TX]
1342095102.606240	[RX->]
1342095102.606964	[Discard->TX]
1342095102.607240	[Discard->TX]
1342095106.406265	[RX->]
1342095106.806746	[TX->]
1342095106.806828	[TX->enabled]
1342095107.632568	[RX->enabled]
1342095112.802620	[TX->]
1342095112.802674	[TX->enabled]
1342095114.523567	[RX->enabled]
1342095115.602235	[RX->]
1342095121.506409	[TX->]
1342095121.506492	[TX->enabled]
1342095122.332573	[RX->enabled]
1342095123.334231	[RX->]
1342095130.214242	[RX->]
1342095130.614755	[TX->]
1342095130.614840	[TX->enabled]
1342095131.440570	[RX->enabled]
1342095150.638455	[RX->]
1342095151.039099	[TX->]
1342095151.039183	[TX->enabled]
1342095151.864572	[RX->enabled]
1342095164.878469	[RX->]
1342095165.280683	[TX->]
1342095165.280767	[TX->enabled]
1342095166.106588	[RX->enabled]
1342095166.108606	[Discard->TX]
1342095174.895077	[TX->]
1342095174.895166	[TX->enabled]
1342095175.720580	[RX->enabled]
1342095175.722343	[Discard->TX]
1342095176.854247	[RX->]
1342095176.855007	[Discard->TX]
1342095176.855284	[Discard->TX]
1342095186.454342	[RX->]
1342095186.854820	[TX->]
1342095186.854905	[TX->enabled]
1342095187.680538	[RX->enabled]
1342095187.682727	[Discard->TX]
1342095195.746369	[TX->]
1342095195.746487	[TX->enabled]
1342095196.572587	[RX->enabled]
1342095197.570250	[RX->]
1342095207.394495	[TX->]
1342095207.394577	[TX->enabled]
1342095209.116588	[RX->enabled]
1342095210.030247	[RX->]
1342095210.031173	[Discard->TX]
1342095211.031938	[Discard->TX]
1342095214.034611	[TX->]
1342095214.034664	[TX->enabled]
1342095214.860587	[RX->enabled]
1342095215.994239	[RX->]
1342095215.995051	[Discard->TX]
1342095215.995326	[Discard->TX]
1342095225.594250	[RX->]
1342095225.994726	[TX->]
1342095225.994811	[TX->enabled]
1342095226.820586	[RX->enabled]
1342095226.822731	[Discard->TX]
1342095237.526241	[RX->]
1342095237.927293	[TX->]
1342095237.927378	[TX->enabled]
1342095238.753587	[RX->enabled]
1342095239.527899	[Discard->TX]
1342095242.530470	[TX->]
1342095242.530568	[TX->enabled]
1342095243.356590	[RX->enabled]
1342095244.490260	[RX->]
1342095244.491067	[Discard->TX]
1342095244.491343	[Discard->TX]
1342095246.562535	[TX->]
1342095246.562611	[TX->enabled]
1342095248.280591	[RX->enabled]
1342095248.282735	[Discard->TX]
1342095254.490271	[RX->]
1342095254.890745	[TX->]
1342095254.890827	[TX->enabled]
1342095255.716592	[RX->enabled]
1342095255.718736	[Discard->TX]
1342095266.422235	[RX->]
1342095266.823225	[TX->]
1342095266.823310	[TX->enabled]
1342095267.649639	[RX->enabled]
1342095269.423923	[Discard->TX]
1342095272.426435	[TX->]
1342095272.426521	[TX->enabled]
1342095273.252593	[RX->enabled]
1342095274.382245	[RX->]
1342095274.383054	[Discard->TX]
1342095274.383392	[Discard->TX]
1342095275.106640	[Discard->TX]
1342095283.582239	[RX->]
1342095283.982714	[TX->]
1342095283.982798	[TX->enabled]
1342095284.808597	[RX->enabled]
1342095284.810742	[Discard->TX]
1342095287.394456	[TX->]
1342095287.394544	[TX->enabled]
1342095289.116601	[RX->enabled]
1342095290.094327	[RX->]
1342095295.514238	[RX->]
1342095295.915234	[TX->]
1342095295.915319	[TX->enabled]
1342095296.741596	[RX->enabled]
1342095299.515935	[TX->]
1342095299.515991	[TX->enabled]
1342095300.341603	[RX->enabled]
1342095301.470249	[RX->]
1342095301.470961	[Discard->TX]
1342095301.471239	[Discard->TX]
1342095304.930525	[TX->]
1342095304.930600	[TX->enabled]
1342095306.660608	[RX->enabled]
1342095307.630232	[RX->]
1342095311.650661	[TX->]
1342095311.650709	[TX->enabled]
1342095313.380605	[RX->enabled]
1342095314.450292	[RX->]
1342095315.810522	[Discard->TX]
1342095329.062245	[RX->]
1342095329.462725	[TX->]
1342095329.462810	[TX->enabled]
1342095330.288608	[RX->enabled]
1342095354.882453	[RX->]
1342095355.283019	[TX->]
1342095355.283104	[TX->enabled]
1342095356.108611	[RX->enabled]
1342095396.018455	[RX->]
1342095396.420831	[TX->]
1342095396.420920	[TX->enabled]
1342095397.246616	[RX->enabled]
1342095397.248650	[Discard->TX]
1342095406.035696	[TX->]
1342095406.035773	[TX->enabled]
1342095406.861618	[RX->enabled]
1342095406.863653	[Discard->TX]
1342095407.994249	[RX->]
1342095407.995185	[Discard->TX]
1342095407.995467	[Discard->TX]
1342095417.394326	[RX->]
1342095417.794770	[TX->]
1342095417.794856	[TX->enabled]
1342095418.620627	[RX->enabled]
1342095418.622766	[Discard->TX]
1342095426.914393	[TX->]
1342095426.914508	[TX->enabled]
1342095427.740627	[RX->enabled]
1342095428.742274	[RX->]
1342095438.562590	[TX->]
1342095438.562678	[TX->enabled]
1342095440.296632	[RX->enabled]
1342095459.130244	[RX->]
1342095459.531103	[TX->]
1342095459.531187	[TX->enabled]
1342095460.356635	[RX->enabled]
1342095460.358667	[Discard->TX]
1342095463.138529	[TX->]
1342095463.138602	[TX->enabled]
1342095463.964624	[RX->enabled]
1342095465.094249	[RX->]
1342095465.095172	[Discard->TX]
1342095465.095448	[Discard->TX]
1342095469.094259	[RX->]
1342095469.494726	[TX->]
1342095469.494807	[TX->enabled]
1342095470.320635	[RX->enabled]
1342095475.298539	[TX->]
1342095475.298613	[TX->enabled]
1342095477.028643	[RX->enabled]
1342095478.098266	[RX->]
1342095479.394634	[Discard->TX]
1342095492.710246	[RX->]
1342095493.110729	[TX->]
1342095493.110812	[TX->enabled]
1342095493.936641	[RX->enabled]
1342095524.098443	[RX->]
1342095524.499036	[TX->]
1342095524.499120	[TX->enabled]
1342095525.324645	[RX->enabled]
1342095570.734344	[RX->]
1342095571.134832	[TX->]
1342095571.134916	[TX->enabled]
1342095571.960657	[RX->enabled]
1342095571.962761	[Discard->TX]
1342095580.750827	[TX->]
1342095580.750914	[TX->enabled]
1342095581.576660	[RX->enabled]
1342095581.578685	[Discard->TX]
1342095582.710258	[RX->]
1342095582.711155	[Discard->TX]
1342095582.711430	[Discard->TX]
1342095591.510269	[RX->]
1342095591.910787	[TX->]
1342095591.910873	[TX->enabled]
1342095592.736662	[RX->enabled]
1342095592.898606	[Discard->TX]
1342095601.634445	[TX->]
1342095601.634545	[TX->enabled]
1342095602.460661	[RX->enabled]
1342095603.458251	[RX->]
1342095609.418231	[RX->]
1342095609.819267	[TX->]
1342095609.819352	[TX->enabled]
1342095610.645660	[RX->enabled]
1342095610.647697	[Discard->TX]
1342095613.282549	[TX->]
1342095613.282624	[TX->enabled]
1342095615.003662	[RX->enabled]
1342095615.005702	[Discard->TX]
1342095615.986325	[RX->]
1342095619.442440	[TX->]
1342095619.442548	[TX->enabled]
1342095620.268663	[RX->enabled]
1342095621.398343	[RX->]
1342095621.399130	[Discard->TX]
1342095621.399405	[Discard->TX]
1342095631.018247	[RX->]
1342095631.419285	[TX->]
1342095631.419376	[TX->enabled]
1342095632.245665	[RX->enabled]
1342095632.247809	[Discard->TX]
1342095642.954338	[RX->]
1342095643.355507	[TX->]
1342095643.355595	[TX->enabled]
1342095644.181681	[RX->enabled]
1342095644.956233	[Discard->TX]
1342095647.962376	[TX->]
1342095647.962461	[TX->enabled]
1342095648.788676	[RX->enabled]
1342095649.918235	[RX->]
1342095649.919035	[Discard->TX]
1342095649.919311	[Discard->TX]
1342095651.938511	[TX->]
1342095651.938587	[TX->enabled]
1342095653.672673	[RX->enabled]
1342095654.638254	[RX->]
1342095658.518234	[RX->]
1342095658.918741	[TX->]
1342095658.918851	[TX->enabled]
1342095659.744671	[RX->enabled]
1342095660.098676	[Discard->TX]
1342095670.450244	[RX->]
1342095670.851159	[TX->]
1342095670.851293	[TX->enabled]
1342095671.676815	[RX->enabled]
1342095673.451791	[Discard->TX]
1342095676.458383	[TX->]
1342095676.458468	[TX->enabled]
1342095677.284674	[RX->enabled]
1342095678.414248	[RX->]
1342095678.415016	[Discard->TX]
1342095678.415291	[Discard->TX]
1342095680.482619	[TX->]
1342095680.482668	[TX->enabled]
1342095682.208678	[RX->enabled]
1342095688.014249	[RX->]
1342095688.414726	[TX->]
1342095688.414810	[TX->enabled]
1342095689.240678	[RX->enabled]
1342095689.242823	[Discard->TX]
1342095699.946248	[RX->]
1342095700.347072	[TX->]
1342095700.347156	[TX->enabled]
1342095701.172682	[RX->enabled]
1342095703.947770	[Discard->TX]
1342095706.954364	[TX->]
1342095706.954449	[TX->enabled]
1342095707.780680	[RX->enabled]
1342095708.914255	[RX->]
1342095708.915153	[Discard->TX]
1342095708.915423	[Discard->TX]
1342095709.026620	[Discard->TX]
1342095718.514249	[RX->]
1342095718.914805	[TX->]
1342095718.914890	[TX->enabled]
1342095719.740679	[RX->enabled]
1342095719.742826	[Discard->TX]
1342095721.314613	[Discard->TX]
1342095730.442315	[RX->]
1342095730.843301	[TX->]
1342095730.843386	[TX->enabled]
1342095731.669690	[RX->enabled]
1342095735.444644	[TX->]
1342095735.444736	[TX->enabled]
1342095736.270694	[RX->enabled]
1342095737.402247	[RX->]
1342095737.403206	[Discard->TX]
1342095737.403481	[Discard->TX]
1342095739.490535	[TX->]
1342095739.490611	[TX->enabled]
1342095741.220694	[RX->enabled]
1342095742.190231	[RX->]
1342095746.802402	[RX->]
1342095747.203082	[TX->]
1342095747.203167	[TX->enabled]
1342095748.028687	[RX->enabled]
1342095748.030832	[Discard->TX]
1342095749.730581	[Discard->TX]
1342095758.762248	[RX->]
1342095759.163146	[TX->]
1342095759.163230	[TX->enabled]
1342095759.988694	[RX->enabled]
1342095764.763786	[TX->]
1342095764.763851	[TX->enabled]
1342095765.589693	[RX->enabled]
1342095766.726252	[RX->]
1342095766.727083	[Discard->TX]
1342095766.727354	[Discard->TX]
1342095767.970492	[Discard->TX]
1342095775.722233	[RX->]
1342095776.122746	[TX->]
1342095776.122830	[TX->enabled]
1342095776.948696	[RX->enabled]
1342095776.950838	[Discard->TX]
1342095787.650244	[RX->]
1342095788.051240	[TX->]
1342095788.051326	[TX->enabled]
1342095788.876698	[RX->enabled]
1342095794.651792	[TX->]
1342095794.651855	[TX->enabled]
1342095795.477698	[RX->enabled]
1342095796.610263	[RX->]
1342095796.611030	[Discard->TX]
1342095796.611306	[Discard->TX]
1342095797.346561	[Discard->TX]
1342095800.210282	[RX->]
1342095800.610759	[TX->]
1342095800.610842	[TX->enabled]
1342095801.436698	[RX->enabled]
1342095806.818673	[TX->]
1342095806.818725	[TX->enabled]
1342095808.544697	[RX->enabled]
1342095808.738493	[Discard->TX]
1342095809.614249	[RX->]
1342095824.218232	[RX->]
1342095824.618712	[TX->]
1342095824.618795	[TX->enabled]
1342095825.444703	[RX->enabled]
1342095838.050618	[TX->]
1342095838.050682	[TX->enabled]
1342095839.780709	[RX->enabled]
1342095840.750230	[RX->]
1342095854.654567	[RX->]
1342095855.055154	[TX->]
1342095855.055238	[TX->enabled]
1342095855.880710	[RX->enabled]
1342095900.574319	[RX->]
1342095900.976515	[TX->]
1342095900.976608	[TX->enabled]
1342095901.802722	[RX->enabled]
1342095901.804749	[Discard->TX]
1342095910.591202	[TX->]
1342095910.591263	[TX->enabled]
1342095911.416721	[RX->enabled]
1342095911.418751	[Discard->TX]
1342095912.550248	[RX->]
1342095912.550683	[Discard->TX]
1342095912.551473	[Discard->TX]
1342095921.750253	[RX->]
1342095922.150730	[TX->]
1342095922.150812	[TX->enabled]
1342095922.976721	[RX->enabled]
1342095922.978868	[Discard->TX]
1342095931.490389	[TX->]
1342095931.490479	[TX->enabled]
1342095932.316726	[RX->enabled]
1342095933.314243	[RX->]
1342095943.138515	[TX->]
1342095943.138611	[TX->enabled]
1342095944.868729	[RX->enabled]
1342095945.838255	[RX->]
1342095946.840610	[Discard->TX]
1342095949.842354	[TX->]
1342095949.842440	[TX->enabled]
1342095950.668730	[RX->enabled]
1342095951.802251	[RX->]
1342095951.803145	[Discard->TX]
1342095951.803419	[Discard->TX]
1342095960.602252	[RX->]
1342095961.002767	[TX->]
1342095961.002852	[TX->enabled]
1342095961.828734	[RX->enabled]
1342095961.986487	[Discard->TX]
1342095972.538337	[RX->]
1342095972.939181	[TX->]
1342095972.939265	[TX->enabled]
1342095973.764734	[RX->enabled]
1342095974.539817	[Discard->TX]
1342095977.546434	[TX->]
1342095977.546533	[TX->enabled]
1342095978.372735	[RX->enabled]
1342095979.502252	[RX->]
1342095979.503016	[Discard->TX]
1342095979.503290	[Discard->TX]
1342095982.770617	[TX->]
1342095982.770720	[TX->enabled]
1342095984.667738	[RX->enabled]
1342095984.730138	[Discard->RX]
1342095988.902268	[RX->]
1342095989.302853	[TX->]
1342095989.302935	[TX->enabled]
1342095990.128739	[RX->enabled]
1342095990.130892	[Discard->TX]
1342096000.838251	[RX->]
1342096001.239133	[TX->]
1342096001.239217	[TX->enabled]
1342096002.064733	[RX->enabled]
1342096003.839813	[Discard->TX]
1342096006.842389	[TX->]
1342096006.842478	[TX->enabled]
1342096007.668742	[RX->enabled]
1342096008.798240	[RX->]
1342096008.798976	[Discard->TX]
1342096008.799313	[Discard->TX]
1342096010.082503	[TX->]
1342096010.082611	[TX->enabled]
1342096011.808742	[RX->enabled]
1342096012.798341	[RX->]
1342096012.798744	[Discard->TX]
1342096018.398248	[RX->]
1342096018.798766	[TX->]
1342096018.798849	[TX->enabled]
1342096019.624743	[RX->enabled]
1342096019.626913	[Discard->TX]
1342096023.138770	[TX->]
1342096023.138817	[TX->enabled]
1342096024.868747	[RX->enabled]
1342096025.838320	[RX->]
1342096030.330242	[RX->]
1342096030.731125	[TX->]
1342096030.731210	[TX->enabled]
1342096031.556748	[RX->enabled]
1342096034.331835	[TX->]
1342096034.331897	[TX->enabled]
1342096035.157754	[RX->enabled]
1342096036.286250	[RX->]
1342096036.286994	[Discard->TX]
1342096036.287268	[Discard->TX]
1342096039.394505	[TX->]
1342096039.394613	[TX->enabled]
1342096041.120744	[RX->enabled]
1342096042.094337	[RX->]
1342096046.466606	[TX->]
1342096046.466683	[TX->enabled]
1342096048.184750	[RX->enabled]
1342096049.266243	[RX->]
1342096050.786483	[Discard->TX]
1342096063.874247	[RX->]
1342096064.274726	[TX->]
1342096064.274810	[TX->enabled]
1342096065.100755	[RX->enabled]
1342096096.890428	[RX->]
1342096097.291196	[TX->]
1342096097.291278	[TX->enabled]
1342096098.116775	[RX->enabled]
1342096144.994341	[RX->]
1342096145.396522	[TX->]
1342096145.396613	[TX->enabled]
1342096146.222776	[RX->enabled]
1342096146.224796	[Discard->TX]
1342096155.011023	[TX->]
1342096155.011087	[TX->enabled]
1342096155.836768	[RX->enabled]
1342096155.838797	[Discard->TX]
1342096156.966251	[RX->]
1342096156.967005	[Discard->TX]
1342096156.967350	[Discard->TX]
1342096166.366283	[RX->]
1342096166.766758	[TX->]
1342096166.766844	[TX->enabled]
1342096167.592772	[RX->enabled]
1342096167.594916	[Discard->TX]
1342096175.842435	[TX->]
1342096175.842523	[TX->enabled]
1342096176.668775	[RX->enabled]
1342096177.670242	[RX->]
1342096184.282252	[RX->]
1342096184.683179	[TX->]
1342096184.683264	[TX->enabled]
1342096185.508776	[RX->enabled]
1342096185.510813	[Discard->TX]
1342096187.554644	[Discard->TX]
1342096188.290476	[TX->]
1342096188.290569	[TX->enabled]
1342096189.116779	[RX->enabled]
1342096190.246246	[RX->]
1342096190.246996	[Discard->TX]
1342096190.247273	[Discard->TX]
1342096199.650255	[RX->]
1342096200.050774	[TX->]
1342096200.050858	[TX->enabled]
1342096200.876776	[RX->enabled]
1342096200.878923	[Discard->TX]
1342096211.582339	[RX->]
1342096211.983202	[TX->]
1342096211.983287	[TX->enabled]
1342096212.808780	[RX->enabled]
1342096213.583803	[Discard->TX]
1342096216.586360	[TX->]
1342096216.586459	[TX->enabled]
1342096217.412781	[RX->enabled]
1342096218.542295	[RX->]
1342096218.543032	[Discard->TX]
1342096218.543312	[Discard->TX]
1342096220.834485	[TX->]
1342096220.834560	[TX->enabled]
1342096222.560780	[RX->enabled]
1342096228.722670	[TX->]
1342096228.722764	[TX->enabled]
1342096230.448801	[RX->enabled]
1342096230.450867	[RX->]
1342096230.451358	[Discard->TX]
1342096230.451560	[Discard->TX]
1342096240.546307	[RX->]
1342096240.946797	[TX->]
1342096240.946880	[TX->enabled]
1342096241.772790	[RX->enabled]
1342096249.122480	[TX->]
1342096249.122568	[TX->enabled]
1342096250.848782	[RX->enabled]
1342096251.922235	[RX->]
1342096261.602633	[TX->]
1342096261.602687	[TX->enabled]
1342096263.328793	[RX->enabled]
1342096264.302221	[RX->]
1342096306.842409	[RX->]
1342096307.243017	[TX->]
1342096307.243102	[TX->enabled]
1342096308.068800	[RX->enabled]
1342096362.290487	[RX->]
1342096362.692655	[TX->]
1342096362.692734	[TX->enabled]
1342096363.518814	[RX->enabled]
1342096372.307236	[TX->]
1342096372.307295	[TX->enabled]
1342096373.132811	[RX->enabled]
1342096373.134919	[Discard->TX]
1342096374.266248	[RX->]
1342096374.267042	[Discard->TX]
1342096374.267318	[Discard->TX]
1342096383.062263	[RX->]
1342096383.462779	[TX->]
1342096383.462863	[TX->enabled]
1342096384.288818	[RX->enabled]
1342096384.450412	[Discard->TX]
1342096393.186502	[TX->]
1342096393.186567	[TX->enabled]
1342096394.012821	[RX->enabled]
1342096395.010329	[RX->]
1342096404.834486	[TX->]
1342096404.834573	[TX->enabled]
1342096406.564820	[RX->enabled]
1342096407.530227	[RX->]
1342096408.532498	[Discard->TX]
1342096411.538379	[TX->]
1342096411.538463	[TX->enabled]
1342096412.363820	[RX->enabled]
1342096413.498255	[RX->]
1342096413.499006	[Discard->TX]
1342096413.499284	[Discard->TX]
1342096422.498240	[RX->]
1342096422.898836	[TX->]
1342096422.898919	[TX->enabled]
1342096423.724823	[RX->enabled]
1342096423.726967	[Discard->TX]
1342096434.430232	[RX->]
1342096434.831145	[TX->]
1342096434.831229	[TX->enabled]
1342096435.656824	[RX->enabled]
1342096436.431781	[Discard->TX]
1342096439.434422	[TX->]
1342096439.434519	[TX->enabled]
1342096440.260826	[RX->enabled]
1342096441.394263	[RX->]
1342096441.395012	[Discard->TX]
1342096441.395350	[Discard->TX]
1342096444.066670	[TX->]
1342096444.066728	[TX->enabled]
1342096445.792827	[RX->enabled]
1342096446.766218	[RX->]
1342096450.594247	[RX->]
1342096450.994702	[TX->]
1342096450.994809	[TX->enabled]
1342096451.820827	[RX->enabled]
1342096451.822973	[Discard->TX]
1342096462.530240	[RX->]
1342096462.932091	[TX->]
1342096462.932195	[TX->enabled]
1342096463.757832	[RX->enabled]
1342096465.532853	[Discard->TX]
1342096468.538492	[TX->]
1342096468.538544	[TX->enabled]
1342096469.522827	[RX->enabled]
1342096470.494257	[RX->]
1342096470.494654	[Discard->TX]
1342096470.495215	[Discard->TX]
1342096471.970496	[Discard->TX]
1342096474.094252	[RX->]
1342096474.494732	[TX->]
1342096474.494815	[TX->enabled]
1342096475.320830	[RX->enabled]
1342096480.674626	[TX->]
1342096480.674687	[TX->enabled]
1342096482.396837	[RX->enabled]
1342096483.474217	[RX->]
1342096498.086251	[RX->]
1342096498.486728	[TX->]
1342096498.486812	[TX->enabled]
1342096499.312838	[RX->enabled]
1342096512.738481	[TX->]
1342096512.738592	[TX->enabled]
1342096514.468840	[RX->enabled]
1342096515.438240	[RX->]
1342096536.610440	[RX->]
1342096537.011009	[TX->]
1342096537.011095	[TX->enabled]
1342096537.836957	[RX->enabled]
1342096590.410469	[RX->]
1342096590.812629	[TX->]
1342096590.812723	[TX->enabled]
1342096591.638855	[RX->enabled]
1342096591.640882	[Discard->TX]
1342096600.427397	[TX->]
1342096600.427459	[TX->enabled]
1342096601.252857	[RX->enabled]
1342096601.254885	[Discard->TX]
1342096602.386257	[RX->]
1342096602.387010	[Discard->TX]
1342096602.387289	[Discard->TX]
1342096611.786251	[RX->]
1342096612.186832	[TX->]
1342096612.186917	[TX->enabled]
1342096613.012861	[RX->enabled]
1342096613.015000	[Discard->TX]
1342096621.282356	[TX->]
1342096621.282441	[TX->enabled]
1342096622.107859	[RX->enabled]
1342096623.106241	[RX->]
1342096632.930485	[TX->]
1342096632.930573	[TX->enabled]
1342096634.656868	[RX->enabled]
1342096635.630232	[RX->]
1342096636.632403	[Discard->TX]
1342096639.634379	[TX->]
1342096639.634465	[TX->enabled]
1342096640.459928	[RX->enabled]
1342096641.590356	[RX->]
1342096641.591075	[Discard->TX]
1342096641.591352	[Discard->TX]
1342096645.390246	[RX->]
1342096645.790751	[TX->]
1342096645.790837	[TX->enabled]
1342096646.616858	[RX->enabled]
1342096651.778488	[TX->]
1342096651.778575	[TX->enabled]
1342096653.500873	[RX->enabled]
1342096654.574239	[RX->]
1342096669.190243	[RX->]
1342096669.590731	[TX->]
1342096669.590818	[TX->enabled]
1342096670.416871	[RX->enabled]
1342096705.990540	[RX->]
1342096706.391139	[TX->]
1342096706.391222	[TX->enabled]
1342096707.216880	[RX->enabled]
1342096758.094348	[RX->]
1342096758.496632	[TX->]
1342096758.496719	[TX->enabled]
1342096759.322894	[RX->enabled]
1342096759.324916	[Discard->TX]
1342096768.111227	[TX->]
1342096768.111287	[TX->enabled]
1342096768.936891	[RX->enabled]
1342096768.938919	[Discard->TX]
1342096770.070246	[RX->]
1342096770.071254	[Discard->TX]
1342096770.071526	[Discard->TX]
1342096779.470262	[RX->]
1342096779.870763	[TX->]
1342096779.870849	[TX->enabled]
1342096780.696893	[RX->enabled]
1342096780.699037	[Discard->TX]
1342096788.962408	[TX->]
1342096788.962488	[TX->enabled]
1342096789.787896	[RX->enabled]
1342096790.786256	[RX->]
1342096797.382246	[RX->]
1342096797.783247	[TX->]
1342096797.783333	[TX->enabled]
1342096798.608894	[RX->enabled]
1342096798.610933	[Discard->TX]
1342096800.610523	[Discard->TX]
1342096801.386382	[TX->]
1342096801.386457	[TX->enabled]
1342096802.211897	[RX->enabled]
1342096803.342286	[RX->]
1342096803.343084	[Discard->TX]
1342096803.343362	[Discard->TX]
1342096812.542299	[RX->]
1342096812.942840	[TX->]
1342096812.942925	[TX->enabled]
1342096813.768893	[RX->enabled]
1342096813.771042	[Discard->TX]
1342096824.474247	[RX->]
1342096824.875129	[TX->]
1342096824.875214	[TX->enabled]
1342096825.700908	[RX->enabled]
1342096826.475817	[Discard->TX]
1342096829.482445	[TX->]
1342096829.482522	[TX->enabled]
1342096830.307912	[RX->enabled]
1342096831.438250	[RX->]
1342096831.439017	[Discard->TX]
1342096831.439295	[Discard->TX]
1342096833.890597	[TX->]
1342096833.890646	[TX->enabled]
1342096835.624907	[RX->enabled]
1342096836.590232	[RX->]
1342096840.038249	[RX->]
1342096840.438741	[TX->]
1342096840.438829	[TX->enabled]
1342096841.264907	[RX->enabled]
1342096841.314484	[Discard->TX]
1342096841.634482	[Discard->TX]
1342096851.974259	[RX->]
1342096852.375224	[TX->]
1342096852.375310	[TX->enabled]
1342096853.200900	[RX->enabled]
1342096854.975800	[Discard->TX]
1342096857.978420	[TX->]
1342096857.978506	[TX->enabled]
1342096858.803906	[RX->enabled]
1342096859.934242	[RX->]
1342096859.934995	[Discard->TX]
1342096859.935273	[Discard->TX]
1342096862.050610	[TX->]
1342096862.050665	[TX->enabled]
1342096863.776912	[RX->enabled]
1342096864.750233	[RX->]
1342096869.534368	[RX->]
1342096869.934953	[TX->]
1342096869.935036	[TX->enabled]
1342096870.760912	[RX->enabled]
1342096870.763054	[Discard->TX]
1342096881.470257	[RX->]
1342096881.871216	[TX->]
1342096881.871301	[TX->enabled]
1342096882.696916	[RX->enabled]
1342096885.471901	[TX->]
1342096885.471962	[TX->enabled]
1342096886.298085	[RX->enabled]
1342096887.430234	[RX->]
1342096887.431020	[Discard->TX]
1342096887.431299	[Discard->TX]
1342096890.466578	[TX->]
1342096890.466627	[TX->enabled]
1342096892.167916	[RX->enabled]
1342096893.166229	[RX->]
1342096897.634478	[TX->]
1342096897.634553	[TX->enabled]
1342096899.359917	[RX->enabled]
1342096900.434246	[RX->]
1342096915.050244	[RX->]
1342096915.450830	[TX->]
1342096915.450916	[TX->enabled]
1342096916.276917	[RX->enabled]
1342096949.258473	[RX->]
1342096949.659124	[TX->]
1342096949.659210	[TX->enabled]
1342096950.484932	[RX->enabled]
1342096998.526330	[RX->]
1342096998.928523	[TX->]
1342096998.928608	[TX->enabled]
1342096999.754937	[RX->enabled]
1342096999.756963	[Discard->TX]
1342097008.802365	[TX->]
1342097008.802447	[TX->enabled]
1342097009.627939	[RX->enabled]
1342097010.626237	[RX->]
