1342032217.775739	[TX->enabled]
1342032320.865346	[TX->]
1342032320.865457	[TX->enabled]
1342032321.138844	[RX->enabled]
1342032323.885391	[RX->]
1342032324.285960	[TX->]
1342032324.286065	[TX->enabled]
1342032324.570842	[RX->enabled]
1342032327.913366	[TX->]
1342032327.913491	[TX->enabled]
1342032328.186840	[RX->enabled]
1342032328.561288	[RX->]
1342032338.263639	[TX->]
1342032338.263695	[TX->enabled]
1342032338.504839	[RX->enabled]
1342032338.865240	[RX->]
1342032338.865890	[Discard->TX]
1342032341.465377	[RX->]
1342032341.865968	[TX->]
1342032341.866073	[TX->enabled]
1342032342.106848	[RX->enabled]
1342032360.209333	[RX->]
1342032360.610354	[TX->]
1342032360.610456	[TX->enabled]
1342032360.850853	[RX->enabled]
1342032360.852904	[Discard->TX]
1342032362.025665	[TX->]
1342032362.025746	[TX->enabled]
1342032362.266855	[RX->enabled]
1342032362.621242	[RX->]
1342032364.129292	[RX->]
1342032364.530721	[TX->]
1342032364.530821	[TX->enabled]
1342032364.771855	[RX->enabled]
1342032365.941418	[TX->]
1342032365.941524	[TX->enabled]
1342032366.182857	[RX->enabled]
1342032366.553379	[RX->]
1342032369.961290	[RX->]
1342032370.362480	[TX->]
1342032370.362584	[TX->enabled]
1342032370.603858	[RX->enabled]
1342032371.653383	[TX->]
1342032371.653490	[TX->enabled]
1342032371.893846	[RX->enabled]
1342032372.269250	[RX->]
1342032375.577333	[RX->]
1342032375.978647	[TX->]
1342032375.978770	[TX->enabled]
1342032376.252860	[RX->enabled]
1342032376.593251	[RX->]
1342032377.721276	[RX->]
1342032378.122629	[TX->]
1342032378.122745	[TX->enabled]
1342032378.363852	[RX->enabled]
1342032378.733220	[RX->]
1342032378.733986	[Discard->TX]
1342032379.709264	[RX->]
1342032380.109885	[TX->]
1342032380.109990	[TX->enabled]
1342032380.350854	[RX->enabled]
1342032380.409425	[Discard->TX]
1342032383.757371	[TX->]
1342032383.757479	[TX->enabled]
1342032383.997856	[RX->enabled]
1342032384.405274	[RX->]
1342032384.805977	[TX->]
1342032384.806082	[TX->enabled]
1342032385.046859	[RX->enabled]
1342032385.048905	[Discard->TX]
1342032386.029762	[TX->]
1342032386.029815	[TX->enabled]
1342032386.270855	[RX->enabled]
1342032386.665318	[RX->]
1342032386.666662	[Discard->TX]
1342032386.705417	[Discard->TX]
1342032387.581284	[RX->]
1342032387.981916	[TX->]
1342032387.982021	[TX->enabled]
1342032388.222849	[RX->enabled]
1342032389.669443	[TX->]
1342032389.669550	[TX->enabled]
1342032389.910856	[RX->enabled]
1342032390.269262	[RX->]
1342032390.670113	[TX->]
1342032390.670216	[TX->enabled]
1342032390.910862	[RX->enabled]
1342032390.912994	[Discard->TX]
1342032391.821423	[TX->]
1342032391.821520	[TX->enabled]
1342032392.062857	[RX->enabled]
1342032392.481294	[RX->]
1342032392.481896	[Discard->TX]
1342032392.483368	[Discard->TX]
1342032392.483788	[Discard->TX]
1342032392.484373	[Discard->TX]
1342032392.484780	[Discard->TX]
1342032393.361304	[RX->]
1342032393.761946	[TX->]
1342032393.762050	[TX->enabled]
1342032394.002860	[RX->enabled]
1342032394.285640	[Discard->TX]
1342032397.893751	[TX->]
1342032397.893816	[TX->enabled]
1342032398.344029	[RX->enabled]
1342032398.689289	[RX->]
1342032398.690066	[Discard->TX]
1342032398.690449	[Discard->TX]
1342032400.517832	[TX->]
1342032400.517900	[TX->enabled]
1342032400.968866	[RX->enabled]
1342032401.313252	[RX->]
1342032401.714115	[TX->]
1342032401.714221	[TX->enabled]
1342032402.166862	[RX->enabled]
1342032402.169158	[Discard->TX]
1342032402.525252	[RX->]
1342032402.526129	[Discard->TX]
1342032402.526493	[Discard->TX]
1342032402.526869	[Discard->TX]
1342032404.373583	[TX->]
1342032404.373722	[TX->enabled]
1342032404.821856	[RX->enabled]
1342032405.181378	[RX->]
1342032405.582198	[TX->]
1342032405.582539	[TX->enabled]
1342032406.041854	[RX->enabled]
1342032406.044107	[Discard->TX]
1342032407.049901	[TX->]
1342032407.049969	[TX->enabled]
1342032407.497848	[RX->enabled]
1342032407.865345	[RX->]
1342032407.866203	[Discard->TX]
1342032407.866423	[Discard->TX]
1342032409.753605	[TX->]
1342032409.753704	[TX->enabled]
1342032410.206863	[RX->enabled]
1342032410.569280	[RX->]
1342032410.570014	[Discard->TX]
1342032410.570461	[Discard->TX]
1342032412.425545	[TX->]
1342032412.425736	[TX->enabled]
1342032412.877881	[RX->enabled]
1342032413.233258	[RX->]
1342032413.634152	[TX->]
1342032413.634255	[TX->enabled]
1342032414.081856	[RX->enabled]
1342032414.084185	[Discard->TX]
1342032414.429257	[RX->]
1342032414.430017	[Discard->TX]
1342032414.430256	[Discard->TX]
1342032416.361611	[TX->]
1342032416.361723	[TX->enabled]
1342032416.813865	[RX->enabled]
1342032417.157263	[RX->]
1342032417.558166	[TX->]
1342032417.558269	[TX->enabled]
1342032418.009868	[RX->enabled]
1342032418.011962	[Discard->TX]
1342032419.089892	[TX->]
1342032419.089958	[TX->enabled]
1342032419.532873	[RX->enabled]
1342032419.897318	[RX->]
1342032419.897905	[Discard->TX]
1342032421.833600	[TX->]
1342032421.833670	[TX->enabled]
1342032422.149875	[RX->enabled]
1342032422.477331	[RX->]
1342032422.478226	[Discard->TX]
1342032423.325274	[RX->]
1342032423.725898	[TX->]
1342032423.725999	[TX->enabled]
1342032423.966862	[RX->enabled]
1342032425.053259	[RX->]
1342032425.453878	[TX->]
1342032425.453979	[TX->enabled]
1342032425.694862	[RX->enabled]
1342032432.514031	[TX->]
1342032432.514412	[TX->enabled]
1342032432.754851	[RX->enabled]
1342032432.756905	[Discard->TX]
1342032433.153304	[RX->]
1342032433.554025	[TX->]
1342032433.554113	[TX->enabled]
1342032433.794863	[RX->enabled]
1342032442.536197	[TX->]
1342032442.536262	[TX->enabled]
1342032442.776916	[RX->enabled]
1342032443.133251	[RX->]
1342032443.533972	[TX->]
1342032443.534072	[TX->enabled]
1342032443.774869	[RX->enabled]
1342032461.869336	[RX->]
1342032462.270125	[TX->]
1342032462.270229	[TX->enabled]
1342032462.510876	[RX->enabled]
1342032462.512921	[Discard->TX]
1342032465.701432	[TX->]
1342032465.701526	[TX->enabled]
1342032465.941875	[RX->enabled]
1342032466.293244	[RX->]
1342032468.869283	[RX->]
1342032469.270863	[TX->]
1342032469.270967	[TX->enabled]
1342032469.511865	[RX->enabled]
1342032472.329273	[RX->]
1342032472.730480	[TX->]
1342032472.730586	[TX->enabled]
1342032472.971864	[RX->enabled]
1342032475.773276	[RX->]
1342032476.174725	[TX->]
1342032476.174831	[TX->enabled]
1342032476.448861	[RX->enabled]
1342032478.969273	[RX->]
1342032479.370590	[TX->]
1342032479.370724	[TX->enabled]
1342032479.627861	[RX->enabled]
1342032481.997242	[RX->]
1342032482.398188	[TX->]
1342032482.398326	[TX->enabled]
1342032482.639861	[RX->enabled]
1342032484.909395	[RX->]
1342032485.310463	[TX->]
1342032485.310569	[TX->enabled]
1342032485.551889	[RX->enabled]
1342032487.689307	[RX->]
1342032488.090908	[TX->]
1342032488.090997	[TX->enabled]
1342032488.331877	[RX->enabled]
1342032488.333922	[Discard->TX]
1342032488.717260	[RX->]
1342032488.717896	[Discard->TX]
1342032488.718354	[Discard->TX]
1342032491.517260	[RX->]
1342032491.917838	[TX->]
1342032491.917946	[TX->enabled]
1342032492.158877	[RX->enabled]
1342032496.557548	[TX->]
1342032496.557623	[TX->enabled]
1342032496.798871	[RX->enabled]
1342032497.217294	[RX->]
1342032497.619470	[TX->]
1342032497.619577	[TX->enabled]
1342032497.860865	[RX->enabled]
1342032497.863129	[Discard->TX]
1342032497.863512	[Discard->TX]
1342032497.863956	[Discard->TX]
1342032497.864356	[Discard->TX]
1342032501.309567	[TX->]
1342032501.309671	[TX->enabled]
1342032501.764874	[RX->enabled]
1342032502.105321	[RX->]
1342032502.506305	[TX->]
1342032502.506410	[TX->enabled]
1342032502.950877	[RX->enabled]
1342032502.953209	[Discard->TX]
1342032506.173611	[TX->]
1342032506.173729	[TX->enabled]
1342032506.626877	[RX->enabled]
1342032506.981246	[RX->]
1342032506.982026	[Discard->TX]
1342032506.982477	[Discard->TX]
1342032511.021941	[TX->]
1342032511.022012	[TX->enabled]
1342032511.469891	[RX->enabled]
1342032511.829244	[RX->]
1342032511.830026	[Discard->TX]
1342032511.830475	[Discard->TX]
1342032515.853560	[TX->]
1342032515.853658	[TX->enabled]
1342032516.305894	[RX->enabled]
1342032516.649240	[RX->]
1342032516.650262	[Discard->TX]
1342032516.650608	[Discard->TX]
1342032520.405813	[TX->]
1342032520.405885	[TX->enabled]
1342032520.859879	[RX->enabled]
1342032521.201249	[RX->]
1342032521.602125	[TX->]
1342032521.602232	[TX->enabled]
1342032522.050887	[RX->enabled]
1342032522.053216	[Discard->TX]
1342032522.393266	[RX->]
1342032522.394090	[Discard->TX]
1342032522.394530	[Discard->TX]
1342032526.173891	[TX->]
1342032526.173992	[TX->enabled]
1342032526.629879	[RX->enabled]
1342032526.969242	[RX->]
1342032526.970025	[Discard->TX]
1342032526.970475	[Discard->TX]
1342032530.725617	[TX->]
1342032530.725707	[TX->enabled]
1342032531.177890	[RX->enabled]
1342032531.521258	[RX->]
1342032531.522034	[Discard->TX]
1342032531.522498	[Discard->TX]
1342032535.261599	[TX->]
1342032535.261742	[TX->enabled]
1342032535.704893	[RX->enabled]
1342032536.057254	[RX->]
1342032536.458139	[TX->]
1342032536.458243	[TX->enabled]
1342032536.909897	[RX->enabled]
1342032536.911985	[Discard->TX]
1342032537.244932	[TX->]
1342032537.245002	[TX->enabled]
1342032537.485882	[RX->enabled]
1342032537.873278	[RX->]
1342032539.781591	[TX->]
1342032539.781695	[TX->enabled]
1342032540.230887	[RX->enabled]
1342032540.589268	[RX->]
1342032540.589860	[Discard->TX]
1342032543.901438	[TX->]
1342032543.901534	[TX->enabled]
1342032544.191878	[RX->enabled]
1342032544.545254	[RX->]
1342032544.545977	[Discard->TX]
1342032545.969362	[RX->]
1342032546.369919	[TX->]
1342032546.370024	[TX->enabled]
1342032546.610888	[RX->enabled]
1342032554.625262	[RX->]
1342032555.027135	[TX->]
1342032555.027243	[TX->enabled]
1342032555.267895	[RX->enabled]
1342032555.269935	[Discard->TX]
1342032555.809431	[RX->]
1342032555.809968	[Discard->TX]
1342032564.646804	[TX->]
1342032564.646880	[TX->enabled]
1342032564.887896	[RX->enabled]
1342032565.245249	[RX->]
1342032565.646096	[TX->]
1342032565.646199	[TX->enabled]
1342032565.886888	[RX->enabled]
1342032583.977377	[RX->]
1342032584.379453	[TX->]
1342032584.379559	[TX->enabled]
1342032584.620889	[RX->enabled]
1342032584.621950	[Discard->TX]
1342032587.317402	[TX->]
1342032587.317500	[TX->enabled]
1342032587.557891	[RX->enabled]
1342032587.909242	[RX->]
1342032590.485307	[RX->]
1342032590.886706	[TX->]
1342032590.886819	[TX->enabled]
1342032591.127889	[RX->enabled]
1342032591.525277	[RX->]
1342032591.526438	[Discard->TX]
1342032593.941285	[RX->]
1342032594.341925	[TX->]
1342032594.342029	[TX->enabled]
1342032594.582904	[RX->enabled]
1342032594.701436	[Discard->TX]
1342032601.037477	[TX->]
1342032601.037559	[TX->enabled]
1342032601.278895	[RX->enabled]
1342032601.677291	[RX->]
1342032604.081277	[RX->]
1342032604.482697	[TX->]
1342032604.482808	[TX->enabled]
1342032604.723898	[RX->enabled]
1342032604.725974	[Discard->TX]
1342032607.037824	[TX->]
1342032607.037877	[TX->enabled]
1342032607.317913	[RX->enabled]
1342032607.649290	[RX->]
1342032609.837278	[RX->]
1342032610.238608	[TX->]
1342032610.238744	[TX->enabled]
1342032610.479905	[RX->enabled]
1342032612.589446	[TX->]
1342032612.589540	[TX->enabled]
1342032612.829914	[RX->enabled]
1342032613.193276	[RX->]
1342032617.709281	[RX->]
1342032618.110546	[TX->]
1342032618.110652	[TX->enabled]
1342032618.351906	[RX->enabled]
1342032618.709280	[RX->]
1342032620.605249	[RX->]
1342032621.006480	[TX->]
1342032621.006592	[TX->enabled]
1342032621.247905	[RX->enabled]
1342032621.645384	[RX->]
1342032621.646861	[Discard->TX]
1342032621.685391	[Discard->TX]
1342032623.393535	[RX->]
1342032623.794213	[TX->]
1342032623.794319	[TX->enabled]
1342032624.034912	[RX->enabled]
1342032624.653412	[Discard->TX]
1342032630.669360	[TX->]
1342032630.669463	[TX->enabled]
1342032630.909917	[RX->enabled]
1342032631.265262	[RX->]
1342032631.666029	[TX->]
1342032631.666134	[TX->enabled]
1342032631.906905	[RX->enabled]
1342032631.909111	[Discard->TX]
1342032633.589411	[TX->]
1342032633.589504	[TX->enabled]
1342032633.829915	[RX->enabled]
1342032634.249308	[RX->]
1342032634.651275	[TX->]
1342032634.651383	[TX->enabled]
1342032634.891895	[RX->enabled]
1342032634.894150	[Discard->TX]
1342032634.894534	[Discard->TX]
1342032634.894973	[Discard->TX]
1342032634.895407	[Discard->TX]
1342032637.589630	[TX->]
1342032637.589731	[TX->enabled]
1342032638.037907	[RX->enabled]
1342032638.381260	[RX->]
1342032638.382099	[Discard->TX]
1342032638.382464	[Discard->TX]
1342032641.709572	[TX->]
1342032641.709968	[TX->enabled]
1342032642.170916	[RX->enabled]
1342032642.505250	[RX->]
1342032642.506113	[Discard->TX]
1342032642.506473	[Discard->TX]
1342032645.837573	[TX->]
1342032645.837669	[TX->enabled]
1342032646.291917	[RX->enabled]
1342032646.637269	[RX->]
1342032646.638045	[Discard->TX]
1342032646.638499	[Discard->TX]
1342032649.957608	[TX->]
1342032649.957701	[TX->enabled]
1342032650.409924	[RX->enabled]
1342032650.753249	[RX->]
1342032650.754028	[Discard->TX]
1342032650.754344	[Discard->TX]
1342032654.069839	[TX->]
1342032654.070129	[TX->enabled]
1342032654.521921	[RX->enabled]
1342032654.869246	[RX->]
1342032654.870026	[Discard->TX]
1342032654.870411	[Discard->TX]
1342032657.933857	[TX->]
1342032657.933915	[TX->enabled]
1342032658.385913	[RX->enabled]
1342032658.733279	[RX->]
1342032658.734055	[Discard->TX]
1342032658.734438	[Discard->TX]
1342032661.797677	[TX->]
1342032661.797789	[TX->enabled]
1342032662.250934	[RX->enabled]
1342032662.593333	[RX->]
1342032662.594090	[Discard->TX]
1342032662.594473	[Discard->TX]
1342032665.653607	[TX->]
1342032665.653700	[TX->enabled]
1342032666.107907	[RX->enabled]
1342032666.449333	[RX->]
1342032666.450055	[Discard->TX]
1342032666.450436	[Discard->TX]
1342032669.509572	[TX->]
1342032669.509675	[TX->enabled]
1342032669.944921	[RX->enabled]
1342032670.305241	[RX->]
1342032670.706213	[TX->]
1342032670.706318	[TX->enabled]
1342032671.155905	[RX->enabled]
1342032671.158158	[Discard->TX]
1342032671.497259	[RX->]
1342032671.497846	[Discard->TX]
1342032674.254989	[TX->]
1342032674.255084	[TX->enabled]
1342032674.495906	[RX->enabled]
1342032674.605744	[Discard->TX]
1342032674.885252	[RX->]
1342032680.813571	[TX->]
1342032680.813679	[TX->enabled]
1342032681.261915	[RX->enabled]
1342032681.613249	[RX->]
1342032681.613873	[Discard->TX]
1342032684.709461	[TX->]
1342032684.709558	[TX->enabled]
1342032684.997903	[RX->enabled]
1342032685.353251	[RX->]
1342032685.753927	[TX->]
1342032685.754031	[TX->enabled]
1342032685.994908	[RX->enabled]
1342032686.969394	[RX->]
1342032687.370018	[TX->]
1342032687.370122	[TX->enabled]
1342032687.610914	[RX->enabled]
1342032687.612963	[Discard->TX]
1342032689.021695	[TX->]
1342032689.021804	[TX->enabled]
1342032689.244915	[RX->enabled]
1342032689.601242	[RX->]
1342032693.449444	[RX->]
1342032693.850098	[TX->]
1342032693.850204	[TX->enabled]
1342032694.090927	[RX->enabled]
1342032696.990848	[TX->]
1342032696.990920	[TX->enabled]
1342032697.237910	[RX->enabled]
1342032697.589260	[RX->]
1342032697.589975	[Discard->TX]
1342032701.389259	[RX->]
1342032701.789901	[TX->]
1342032701.790006	[TX->enabled]
1342032702.030916	[RX->enabled]
1342032720.133337	[RX->]
1342032720.535809	[TX->]
1342032720.535914	[TX->enabled]
1342032720.776915	[RX->enabled]
1342032720.778973	[Discard->TX]
1342032722.709398	[TX->]
1342032722.709496	[TX->enabled]
1342032722.949924	[RX->enabled]
1342032723.301231	[RX->]
1342032724.761267	[RX->]
1342032725.162765	[TX->]
1342032725.162872	[TX->enabled]
1342032725.403924	[RX->enabled]
1342032727.113246	[RX->]
1342032727.514263	[TX->]
1342032727.514370	[TX->enabled]
1342032727.754926	[RX->enabled]
1342032729.473284	[RX->]
1342032729.874754	[TX->]
1342032729.874863	[TX->enabled]
1342032730.148921	[RX->enabled]
1342032730.489276	[RX->]
1342032731.597286	[RX->]
1342032731.998591	[TX->]
1342032731.998697	[TX->enabled]
1342032732.239919	[RX->enabled]
1342032732.614950	[RX->]
1342032732.615798	[Discard->TX]
1342032733.565265	[RX->]
1342032733.965872	[TX->]
1342032733.965977	[TX->enabled]
1342032734.206922	[RX->enabled]
1342032736.709387	[TX->]
1342032736.709489	[TX->enabled]
1342032736.949934	[RX->enabled]
1342032737.321252	[RX->]
1342032737.721967	[TX->]
1342032737.722071	[TX->enabled]
1342032737.962920	[RX->enabled]
1342032737.964975	[Discard->TX]
1342032741.149374	[TX->]
1342032741.149484	[TX->enabled]
1342032741.389932	[RX->enabled]
1342032741.785284	[RX->]
1342032741.786616	[Discard->TX]
1342032741.825522	[Discard->TX]
1342032744.789421	[TX->]
1342032744.789516	[TX->enabled]
1342032745.029268	[RX->enabled]
1342032745.389255	[RX->]
1342032745.389846	[Discard->TX]
1342032745.390330	[Discard->TX]
1342032748.989408	[RX->]
1342032749.389995	[TX->]
1342032749.390098	[TX->enabled]
1342032749.630935	[RX->enabled]
1342032749.632981	[Discard->TX]
1342032755.389288	[RX->]
1342032755.789961	[TX->]
1342032755.790072	[TX->enabled]
1342032756.030925	[RX->enabled]
1342032756.189543	[Discard->TX]
1342032765.689291	[RX->]
1342032766.090023	[TX->]
1342032766.090127	[TX->enabled]
1342032766.330939	[RX->enabled]
1342032766.333259	[Discard->TX]
1342032766.333642	[Discard->TX]
1342032766.334108	[Discard->TX]
1342032766.334504	[Discard->TX]
1342032768.261611	[TX->]
1342032768.261708	[TX->enabled]
1342032768.713930	[RX->enabled]
1342032769.057250	[RX->]
1342032769.458132	[TX->]
1342032769.458238	[TX->enabled]
1342032769.903936	[RX->enabled]
1342032769.906267	[Discard->TX]
1342032771.621621	[TX->]
1342032771.621726	[TX->enabled]
1342032772.073941	[RX->enabled]
1342032772.429263	[RX->]
1342032772.430031	[Discard->TX]
1342032772.430488	[Discard->TX]
1342032774.989613	[TX->]
1342032774.989710	[TX->enabled]
1342032775.441935	[RX->enabled]
1342032775.797265	[RX->]
1342032775.797999	[Discard->TX]
1342032775.798447	[Discard->TX]
1342032778.357607	[TX->]
1342032778.357708	[TX->enabled]
1342032778.809926	[RX->enabled]
1342032779.153257	[RX->]
1342032779.554151	[TX->]
1342032779.554255	[TX->enabled]
1342032780.003938	[RX->enabled]
1342032780.006031	[Discard->TX]
1342032781.533707	[TX->]
1342032781.533819	[TX->enabled]
1342032781.982998	[RX->enabled]
1342032782.341284	[RX->]
1342032782.742147	[TX->]
1342032782.742253	[TX->enabled]
1342032783.202943	[RX->enabled]
1342032783.205237	[Discard->TX]
1342032783.549243	[RX->]
1342032783.550109	[Discard->TX]
1342032783.550474	[Discard->TX]
1342032785.981644	[TX->]
1342032785.981747	[TX->enabled]
1342032786.433936	[RX->enabled]
1342032786.789266	[RX->]
1342032786.790027	[Discard->TX]
1342032786.790481	[Discard->TX]
1342032789.213589	[TX->]
1342032789.213691	[TX->enabled]
1342032789.659942	[RX->enabled]
1342032790.021258	[RX->]
1342032790.422350	[TX->]
1342032790.422452	[TX->enabled]
1342032790.869949	[RX->enabled]
1342032790.872039	[Discard->TX]
1342032792.437753	[TX->]
1342032792.437824	[TX->enabled]
1342032792.880936	[RX->enabled]
1342032793.245261	[RX->]
1342032793.645969	[TX->]
1342032793.646076	[TX->enabled]
1342032793.931930	[RX->enabled]
1342032795.701247	[RX->]
1342032796.101938	[TX->]
1342032796.102044	[TX->enabled]
1342032796.342943	[RX->enabled]
1342032803.181260	[RX->]
1342032803.582098	[TX->]
1342032803.582204	[TX->enabled]
1342032803.822955	[RX->enabled]
1342032805.712797	[TX->]
1342032805.713265	[TX->enabled]
1342032805.953935	[RX->enabled]
1342032805.956066	[Discard->TX]
1342032806.301337	[RX->]
1342032814.849455	[RX->]
1342032815.250051	[TX->]
1342032815.250156	[TX->enabled]
1342032815.490940	[RX->enabled]
1342032815.733659	[Discard->TX]
1342032818.741382	[TX->]
1342032818.741478	[TX->enabled]
1342032818.981956	[RX->enabled]
1342032819.337266	[RX->]
1342032819.738030	[TX->]
1342032819.738136	[TX->enabled]
1342032819.978952	[RX->enabled]
1342032838.069459	[RX->]
1342032838.470432	[TX->]
1342032838.470538	[TX->enabled]
1342032838.710945	[RX->enabled]
1342032838.712999	[Discard->TX]
1342032842.781382	[TX->]
1342032842.781479	[TX->enabled]
1342032843.021941	[RX->enabled]
1342032843.377251	[RX->]
1342032845.937214	[RX->]
1342032846.338226	[TX->]
1342032846.338331	[TX->enabled]
1342032846.578944	[RX->enabled]
1342032849.393282	[RX->]
1342032849.794420	[TX->]
1342032849.794526	[TX->enabled]
1342032850.034955	[RX->enabled]
1342032852.849278	[RX->]
1342032853.250681	[TX->]
1342032853.250812	[TX->enabled]
1342032853.524943	[RX->enabled]
1342032856.029278	[RX->]
1342032856.430685	[TX->]
1342032856.430819	[TX->enabled]
1342032856.671953	[RX->enabled]
1342032859.041262	[RX->]
1342032859.442454	[TX->]
1342032859.442560	[TX->enabled]
1342032859.682944	[RX->enabled]
1342032861.917258	[RX->]
1342032862.318360	[TX->]
1342032862.318466	[TX->enabled]
1342032862.558944	[RX->enabled]
1342032864.689313	[RX->]
1342032865.090837	[TX->]
1342032865.090943	[TX->enabled]
1342032865.331949	[RX->enabled]
1342032865.334070	[Discard->TX]
1342032865.693262	[RX->]
1342032865.693842	[Discard->TX]
1342032865.694310	[Discard->TX]
1342032868.693255	[RX->]
1342032869.093902	[TX->]
1342032869.094006	[TX->enabled]
1342032869.334964	[RX->enabled]
1342032872.941381	[TX->]
1342032872.941494	[TX->enabled]
1342032873.182954	[RX->enabled]
1342032873.601303	[RX->]
1342032873.603464	[Discard->TX]
1342032873.603931	[Discard->TX]
1342032873.604287	[Discard->TX]
1342032873.604640	[Discard->TX]
1342032873.605007	[Discard->TX]
1342032878.301842	[TX->]
1342032878.302644	[TX->enabled]
1342032878.764950	[RX->enabled]
1342032879.097283	[RX->]
1342032879.498145	[TX->]
1342032879.498248	[TX->enabled]
1342032879.948055	[RX->enabled]
1342032879.950351	[Discard->TX]
1342032883.453311	[RX->]
1342032883.854024	[TX->]
1342032883.854125	[TX->enabled]
1342032884.094943	[RX->enabled]
1342032884.097317	[Discard->TX]
1342032893.037740	[TX->]
1342032893.037833	[TX->enabled]
1342032893.489962	[RX->enabled]
1342032893.845257	[RX->]
1342032893.846029	[Discard->TX]
1342032893.846480	[Discard->TX]
1342032898.429573	[TX->]
1342032898.429673	[TX->enabled]
1342032898.883951	[RX->enabled]
1342032899.237256	[RX->]
1342032899.638126	[TX->]
1342032899.638225	[TX->enabled]
1342032900.084958	[RX->enabled]
1342032900.087286	[Discard->TX]
1342032900.453258	[RX->]
1342032900.454148	[Discard->TX]
1342032900.454651	[Discard->TX]
1342032900.455125	[Discard->TX]
1342032904.989628	[TX->]
1342032904.989728	[TX->enabled]
1342032905.443949	[RX->enabled]
1342032905.797261	[RX->]
1342032905.798055	[Discard->TX]
1342032905.798296	[Discard->TX]
1342032910.125739	[TX->]
1342032910.125817	[TX->enabled]
1342032910.577964	[RX->enabled]
1342032910.933286	[RX->]
1342032910.934077	[Discard->TX]
1342032910.934464	[Discard->TX]
1342032913.616190	[TX->]
1342032913.616286	[TX->enabled]
1342032913.856967	[RX->enabled]
1342032914.245261	[RX->]
1342032915.230880	[TX->]
1342032915.230949	[TX->enabled]
1342032915.686965	[RX->enabled]
1342032916.037249	[RX->]
1342032916.438216	[TX->]
1342032916.438320	[TX->enabled]
1342032916.880963	[RX->enabled]
1342032916.883210	[Discard->TX]
1342032920.301731	[TX->]
1342032920.302744	[TX->enabled]
1342032920.758969	[RX->enabled]
1342032921.109256	[RX->]
1342032921.510126	[TX->]
1342032921.510230	[TX->enabled]
1342032921.961964	[RX->enabled]
1342032921.964207	[Discard->TX]
1342032927.981610	[TX->]
1342032927.981719	[TX->enabled]
1342032928.436956	[RX->enabled]
1342032928.789383	[RX->]
1342032928.790113	[Discard->TX]
1342032928.790350	[Discard->TX]
1342032935.565618	[TX->]
1342032935.565726	[TX->enabled]
1342032936.019964	[RX->enabled]
1342032936.361249	[RX->]
1342032936.361854	[Discard->TX]
1342032943.053877	[TX->]
1342032943.053935	[TX->enabled]
1342032943.369957	[RX->enabled]
1342032943.617913	[Discard->TX]
1342032943.697261	[RX->]
1342032943.697805	[Discard->TX]
1342032945.109258	[RX->]
1342032945.510034	[TX->]
1342032945.510141	[TX->enabled]
1342032945.750973	[RX->enabled]
1342032950.173472	[TX->]
1342032950.173571	[TX->enabled]
1342032950.413972	[RX->enabled]
1342032950.757259	[RX->]
1342032953.177285	[RX->]
1342032953.577909	[TX->]
1342032953.578014	[TX->enabled]
1342032953.818978	[RX->enabled]
1342032953.821153	[Discard->TX]
1342032956.645416	[TX->]
1342032956.645508	[TX->enabled]
1342032956.885978	[RX->enabled]
1342032957.245275	[RX->]
1342032957.646692	[TX->]
1342032957.646792	[TX->enabled]
1342032957.888101	[RX->enabled]
1342032975.977348	[RX->]
1342032976.378065	[TX->]
1342032976.378171	[TX->enabled]
1342032976.618966	[RX->enabled]
1342032976.621095	[Discard->TX]
1342032981.997424	[TX->]
1342032981.997530	[TX->enabled]
1342032982.237975	[RX->enabled]
1342032982.589250	[RX->]
1342032985.165288	[RX->]
1342032985.566801	[TX->]
1342032985.566911	[TX->enabled]
1342032985.807983	[RX->enabled]
1342032988.621276	[RX->]
1342032989.022483	[TX->]
1342032989.022589	[TX->enabled]
1342032989.263060	[RX->enabled]
1342032989.665247	[RX->]
1342032992.085300	[RX->]
1342032992.486840	[TX->]
1342032992.486946	[TX->enabled]
1342032992.760982	[RX->enabled]
1342032995.277339	[RX->]
1342032995.678717	[TX->]
1342032995.678815	[TX->enabled]
1342032995.919981	[RX->enabled]
1342032998.301361	[RX->]
1342032998.702753	[TX->]
1342032998.702879	[TX->enabled]
1342032998.943976	[RX->enabled]
1342033001.189254	[RX->]
1342033001.590365	[TX->]
1342033001.590467	[TX->enabled]
1342033001.830977	[RX->enabled]
1342033003.973299	[RX->]
1342033004.374755	[TX->]
1342033004.374869	[TX->enabled]
1342033004.615984	[RX->enabled]
1342033004.618023	[Discard->TX]
1342033006.981407	[TX->]
1342033006.981505	[TX->enabled]
1342033007.232969	[RX->enabled]
1342033007.577250	[RX->]
1342033007.577854	[Discard->TX]
1342033007.578345	[Discard->TX]
1342033008.269446	[RX->]
1342033008.669914	[TX->]
1342033008.670017	[TX->enabled]
1342033008.910977	[RX->enabled]
1342033014.429406	[TX->]
1342033014.429510	[TX->enabled]
1342033014.669992	[RX->enabled]
1342033015.073246	[RX->]
1342033028.173266	[RX->]
1342033028.573877	[TX->]
1342033028.573982	[TX->enabled]
1342033028.814987	[RX->enabled]
1342033030.845293	[RX->]
1342033031.246007	[TX->]
1342033031.246112	[TX->enabled]
1342033031.486973	[RX->enabled]
1342033031.489371	[Discard->TX]
1342033031.489738	[Discard->TX]
1342033031.490128	[Discard->TX]
1342033031.490566	[Discard->TX]
1342033041.677781	[TX->]
1342033041.677854	[TX->enabled]
1342033042.137004	[RX->enabled]
1342033042.473236	[RX->]
1342033042.474002	[Discard->TX]
1342033042.474386	[Discard->TX]
1342033053.069893	[TX->]
1342033053.069957	[TX->enabled]
1342033053.517003	[RX->enabled]
1342033053.865261	[RX->]
1342033053.866021	[Discard->TX]
1342033053.866407	[Discard->TX]
1342033064.237586	[TX->]
1342033064.237685	[TX->enabled]
1342033064.688001	[RX->enabled]
1342033065.033441	[RX->]
1342033065.434547	[TX->]
1342033065.434663	[TX->enabled]
1342033065.892001	[RX->enabled]
1342033065.894242	[Discard->TX]
1342033070.875382	[TX->]
1342033070.875478	[TX->enabled]
1342033071.115995	[RX->enabled]
1342033071.465251	[RX->]
1342033075.181990	[TX->]
1342033075.182042	[TX->enabled]
1342033075.629988	[RX->enabled]
1342033075.989248	[RX->]
1342033075.990006	[Discard->TX]
1342033075.990244	[Discard->TX]
1342033085.901626	[TX->]
1342033085.901726	[TX->enabled]
1342033086.356991	[RX->enabled]
1342033086.709261	[RX->]
1342033086.710119	[Discard->TX]
1342033086.710485	[Discard->TX]
1342033096.397625	[TX->]
1342033096.397730	[TX->enabled]
1342033096.846000	[RX->enabled]
1342033097.205253	[RX->]
1342033097.606230	[TX->]
1342033097.606335	[TX->enabled]
1342033098.059012	[RX->enabled]
1342033098.061321	[Discard->TX]
1342033100.905678	[TX->]
1342033100.905742	[TX->enabled]
1342033101.146986	[RX->enabled]
1342033101.529250	[RX->]
1342033106.733612	[TX->]
1342033106.733710	[TX->enabled]
1342033107.187994	[RX->enabled]
1342033107.549276	[RX->]
1342033107.550140	[Discard->TX]
1342033107.550506	[Discard->TX]
1342033110.926252	[TX->]
1342033110.926301	[TX->enabled]
1342033111.167034	[RX->enabled]
1342033111.525330	[RX->]
1342033111.525910	[Discard->TX]
1342033114.525302	[RX->]
1342033114.925926	[TX->]
1342033114.926033	[TX->enabled]
1342033115.167010	[RX->enabled]
1342033116.909759	[TX->]
1342033116.909820	[TX->enabled]
1342033117.355020	[RX->enabled]
1342033117.705250	[RX->]
1342033117.706039	[Discard->TX]
1342033117.706425	[Discard->TX]
1342033126.925790	[TX->]
1342033126.925867	[TX->enabled]
1342033127.374747	[RX->enabled]
1342033127.721245	[RX->]
1342033127.722026	[Discard->TX]
1342033127.722267	[Discard->TX]
1342033133.273330	[RX->]
1342033133.674048	[TX->]
1342033133.674153	[TX->enabled]
1342033133.914992	[RX->enabled]
1342033133.917121	[Discard->TX]
1342033136.813770	[TX->]
1342033136.813831	[TX->enabled]
1342033137.256004	[RX->enabled]
1342033137.609240	[RX->]
1342033137.609798	[Discard->TX]
1342033139.245396	[TX->]
1342033139.245501	[TX->enabled]
1342033139.486019	[RX->enabled]
1342033139.845352	[RX->]
1342033141.297284	[RX->]
1342033141.698732	[TX->]
1342033141.698863	[TX->enabled]
1342033141.939998	[RX->enabled]
1342033143.653284	[RX->]
1342033144.054600	[TX->]
1342033144.054705	[TX->enabled]
1342033144.295997	[RX->enabled]
1342033144.697244	[RX->]
1342033146.009265	[RX->]
1342033146.410680	[TX->]
1342033146.410777	[TX->enabled]
1342033146.685007	[RX->enabled]
1342033146.687080	[Discard->TX]
1342033148.137270	[RX->]
1342033148.538566	[TX->]
1342033148.538667	[TX->enabled]
1342033148.779012	[RX->enabled]
1342033150.109275	[RX->]
1342033150.510526	[TX->]
1342033150.510629	[TX->enabled]
1342033150.751003	[RX->enabled]
1342033151.961375	[RX->]
1342033152.362322	[TX->]
1342033152.362423	[TX->enabled]
1342033152.603013	[RX->enabled]
1342033153.745297	[RX->]
1342033154.146787	[TX->]
1342033154.146897	[TX->enabled]
1342033154.388017	[RX->enabled]
1342033154.390050	[Discard->TX]
1342033154.765262	[RX->]
1342033154.765933	[Discard->TX]
1342033154.766417	[Discard->TX]
1342033157.561257	[RX->]
1342033157.961897	[TX->]
1342033157.962000	[TX->enabled]
1342033158.203007	[RX->enabled]
1342033159.357550	[TX->]
1342033159.357616	[TX->enabled]
1342033159.598016	[RX->enabled]
1342033160.017312	[RX->]
1342033160.419273	[TX->]
1342033160.419374	[TX->enabled]
1342033160.660006	[RX->enabled]
1342033160.662256	[Discard->TX]
1342033160.662632	[Discard->TX]
1342033160.663070	[Discard->TX]
1342033160.663503	[Discard->TX]
1342033165.997631	[TX->]
1342033165.997732	[TX->enabled]
1342033166.448020	[RX->enabled]
1342033166.793299	[RX->]
1342033166.794158	[Discard->TX]
1342033166.794523	[Discard->TX]
1342033172.653608	[TX->]
1342033172.653707	[TX->enabled]
1342033173.108014	[RX->enabled]
1342033173.449250	[RX->]
1342033173.450024	[Discard->TX]
1342033173.450562	[Discard->TX]
1342033179.213627	[TX->]
1342033179.213961	[TX->enabled]
1342033179.674011	[RX->enabled]
1342033180.009260	[RX->]
1342033180.410201	[TX->]
1342033180.410303	[TX->enabled]
1342033180.862014	[RX->enabled]
1342033180.864346	[Discard->TX]
1342033185.677593	[TX->]
1342033185.677699	[TX->enabled]
1342033186.127007	[RX->enabled]
1342033186.485248	[RX->]
1342033186.486032	[Discard->TX]
1342033186.486273	[Discard->TX]
1342033192.077988	[TX->]
1342033192.078045	[TX->enabled]
1342033192.531011	[RX->enabled]
1342033192.885258	[RX->]
1342033192.886043	[Discard->TX]
1342033192.886427	[Discard->TX]
1342033198.317748	[TX->]
1342033198.317826	[TX->enabled]
1342033198.770024	[RX->enabled]
1342033199.129283	[RX->]
1342033199.530166	[TX->]
1342033199.530272	[TX->enabled]
1342033199.983027	[RX->enabled]
1342033199.985312	[Discard->TX]
1342033200.022306	[TX->]
1342033200.022384	[TX->enabled]
1342033200.263024	[RX->enabled]
1342033200.653269	[RX->]
1342033204.509772	[TX->]
1342033204.509846	[TX->enabled]
1342033204.959012	[RX->enabled]
1342033205.325265	[RX->]
1342033205.726156	[TX->]
1342033205.726258	[TX->enabled]
1342033206.179119	[RX->enabled]
1342033206.181330	[Discard->TX]
1342033206.525229	[RX->]
1342033206.526088	[Discard->TX]
1342033206.526306	[Discard->TX]
1342033211.853596	[TX->]
1342033211.853697	[TX->enabled]
1342033212.308022	[RX->enabled]
1342033212.649246	[RX->]
1342033212.650027	[Discard->TX]
1342033212.650343	[Discard->TX]
1342033217.933625	[TX->]
1342033217.933725	[TX->enabled]
1342033218.388012	[RX->enabled]
1342033218.729243	[RX->]
1342033218.729827	[Discard->TX]
1342033223.981449	[TX->]
1342033223.981548	[TX->enabled]
1342033224.273006	[RX->enabled]
1342033224.629252	[RX->]
1342033224.629793	[Discard->TX]
1342033226.025236	[RX->]
1342033226.426691	[TX->]
1342033226.426802	[TX->enabled]
1342033226.668015	[RX->enabled]
1342033230.035402	[TX->]
1342033230.035494	[TX->enabled]
1342033230.276027	[RX->enabled]
1342033230.621241	[RX->]
1342033240.055109	[TX->]
1342033240.055179	[TX->enabled]
1342033240.296029	[RX->enabled]
1342033240.653237	[RX->]
1342033240.653882	[Discard->TX]
1342033243.405268	[RX->]
1342033243.805857	[TX->]
1342033243.805964	[TX->enabled]
1342033244.047035	[RX->enabled]
1342033244.453254	[RX->]
1342033244.453766	[Discard->TX]
1342033250.853237	[RX->]
1342033251.253967	[TX->]
1342033251.254084	[TX->enabled]
1342033251.495014	[RX->enabled]
1342033269.597317	[RX->]
1342033269.999350	[TX->]
1342033269.999455	[TX->enabled]
1342033270.240035	[RX->enabled]
1342033270.242080	[Discard->TX]
1342033274.589363	[TX->]
1342033274.589510	[TX->enabled]
1342033274.830041	[RX->enabled]
1342033275.181236	[RX->]
1342033276.641262	[RX->]
1342033277.042685	[TX->]
1342033277.042789	[TX->enabled]
1342033277.284030	[RX->enabled]
1342033277.681284	[RX->]
1342033277.682464	[Discard->TX]
1342033278.993318	[RX->]
1342033279.393960	[TX->]
1342033279.394059	[TX->enabled]
1342033279.635041	[RX->enabled]
1342033282.397425	[TX->]
1342033282.397515	[TX->enabled]
1342033282.638043	[RX->enabled]
1342033283.037256	[RX->]
1342033284.349278	[RX->]
1342033284.749922	[TX->]
1342033284.750024	[TX->enabled]
1342033284.991032	[RX->enabled]
1342033284.993208	[Discard->TX]
1342033288.893352	[TX->]
1342033288.893469	[TX->enabled]
1342033289.167045	[RX->enabled]
1342033289.505366	[RX->]
1342033290.597285	[RX->]
1342033290.998601	[TX->]
1342033290.998704	[TX->enabled]
1342033291.240047	[RX->enabled]
1342033291.609280	[RX->]
1342033291.610361	[Discard->TX]
1342033292.549267	[RX->]
1342033292.949929	[TX->]
1342033292.950038	[TX->enabled]
1342033293.191035	[RX->enabled]
1342033295.789366	[TX->]
1342033295.789460	[TX->enabled]
1342033296.030035	[RX->enabled]
1342033296.401260	[RX->]
1342033296.401815	[Discard->TX]
1342033296.402393	[Discard->TX]
1342033297.225257	[RX->]
1342033297.625898	[TX->]
1342033297.626003	[TX->enabled]
1342033297.867034	[RX->enabled]
1342033300.365421	[TX->]
1342033300.365514	[TX->enabled]
1342033300.606040	[RX->enabled]
1342033301.001288	[RX->]
1342033301.002816	[Discard->TX]
1342033301.003012	[Discard->TX]
1342033303.973291	[RX->]
1342033304.374254	[TX->]
1342033304.374363	[TX->enabled]
1342033304.615042	[RX->enabled]
1342033304.617239	[Discard->TX]
1342033310.013369	[TX->]
1342033310.013475	[TX->enabled]
1342033310.254038	[RX->enabled]
1342033310.609256	[RX->]
1342033310.609842	[Discard->TX]
1342033310.610344	[Discard->TX]
1342033313.209251	[RX->]
1342033313.609864	[TX->]
1342033313.609974	[TX->enabled]
1342033313.851039	[RX->enabled]
1342033314.381434	[TX->]
1342033314.381531	[TX->enabled]
1342033314.622047	[RX->enabled]
1342033315.041314	[RX->]
1342033315.442621	[TX->]
1342033315.442729	[TX->enabled]
1342033315.684042	[RX->enabled]
1342033315.686366	[Discard->TX]
1342033315.686735	[Discard->TX]
1342033315.687114	[Discard->TX]
1342033315.687596	[Discard->TX]
1342033320.029874	[TX->]
1342033320.029949	[TX->enabled]
1342033320.476049	[RX->enabled]
1342033320.825238	[RX->]
1342033320.826017	[Discard->TX]
1342033320.826402	[Discard->TX]
1342033325.709757	[TX->]
1342033325.709823	[TX->enabled]
1342033326.163042	[RX->enabled]
1342033326.509246	[RX->]
1342033326.510003	[Discard->TX]
1342033326.510389	[Discard->TX]
1342033331.309695	[TX->]
1342033331.309770	[TX->enabled]
1342033331.761039	[RX->enabled]
1342033332.105242	[RX->]
1342033332.506115	[TX->]
1342033332.506222	[TX->enabled]
1342033332.953046	[RX->enabled]
1342033332.955288	[Discard->TX]
1342033336.829612	[TX->]
1342033336.829713	[TX->enabled]
1342033337.283040	[RX->enabled]
1342033337.633384	[RX->]
1342033337.634103	[Discard->TX]
1342033337.634384	[Discard->TX]
1342033342.285573	[TX->]
1342033342.285682	[TX->enabled]
1342033342.742057	[RX->enabled]
1342033343.093317	[RX->]
1342033343.494271	[TX->]
1342033343.494376	[TX->enabled]
1342033343.944055	[RX->enabled]
1342033343.946290	[Discard->TX]
1342033347.645582	[TX->]
1342033347.645689	[TX->enabled]
1342033348.101060	[RX->enabled]
1342033348.461271	[RX->]
1342033348.462127	[Discard->TX]
1342033348.462493	[Discard->TX]
1342033352.973552	[TX->]
1342033352.973673	[TX->enabled]
1342033353.428074	[RX->enabled]
1342033353.785270	[RX->]
1342033353.786052	[Discard->TX]
1342033353.786508	[Discard->TX]
1342033355.046262	[TX->]
1342033355.046403	[TX->enabled]
1342033355.287040	[RX->enabled]
1342033355.673241	[RX->]
1342033358.253723	[TX->]
1342033358.253855	[TX->enabled]
1342033358.701063	[RX->enabled]
1342033359.049250	[RX->]
1342033359.450212	[TX->]
1342033359.450318	[TX->enabled]
1342033359.903053	[RX->enabled]
1342033359.905422	[Discard->TX]
1342033363.469611	[TX->]
1342033363.469705	[TX->enabled]
1342033363.923192	[RX->enabled]
1342033364.277249	[RX->]
1342033364.678178	[TX->]
1342033364.678279	[TX->enabled]
1342033365.133059	[RX->enabled]
1342033365.135222	[Discard->TX]
1342033365.477231	[RX->]
1342033369.885413	[TX->]
1342033369.885516	[TX->enabled]
1342033370.177053	[RX->enabled]
1342033370.533269	[RX->]
1342033370.533799	[Discard->TX]
1342033371.389274	[RX->]
1342033371.789934	[TX->]
1342033371.790034	[TX->enabled]
1342033372.031057	[RX->enabled]
1342033372.033147	[Discard->TX]
1342033373.385525	[RX->]
1342033373.786102	[TX->]
1342033373.786203	[TX->enabled]
1342033374.027052	[RX->enabled]
1342033375.565251	[RX->]
1342033375.965859	[TX->]
1342033375.965993	[TX->enabled]
1342033376.207049	[RX->enabled]
1342033381.405583	[TX->]
1342033381.405638	[TX->enabled]
1342033381.645234	[RX->enabled]
1342033382.001241	[RX->]
1342033382.001806	[Discard->TX]
1342033385.605261	[RX->]
1342033386.005874	[TX->]
1342033386.005984	[TX->enabled]
1342033386.247061	[RX->enabled]
1342033404.353327	[RX->]
1342033404.754037	[TX->]
1342033404.754134	[TX->enabled]
1342033404.995057	[RX->enabled]
1342033404.997275	[Discard->TX]
1342033409.005686	[TX->]
1342033409.005755	[TX->enabled]
1342033409.247067	[RX->enabled]
1342033409.601235	[RX->]
1342033411.073313	[RX->]
1342033411.475139	[TX->]
1342033411.475255	[TX->enabled]
1342033411.716049	[RX->enabled]
1342033413.433283	[RX->]
1342033413.834478	[TX->]
1342033413.834581	[TX->enabled]
1342033414.075050	[RX->enabled]
1342033414.477252	[RX->]
1342033415.797270	[RX->]
1342033416.198647	[TX->]
1342033416.198754	[TX->enabled]
1342033416.473159	[RX->enabled]
1342033417.921291	[RX->]
1342033418.322562	[TX->]
1342033418.322667	[TX->enabled]
1342033418.563058	[RX->enabled]
1342033419.893255	[RX->]
1342033420.294455	[TX->]
1342033420.294558	[TX->enabled]
1342033420.535066	[RX->enabled]
1342033421.753253	[RX->]
1342033422.154525	[TX->]
1342033422.154629	[TX->enabled]
1342033422.395060	[RX->enabled]
1342033422.793297	[RX->]
1342033422.794692	[Discard->TX]
1342033422.833446	[Discard->TX]
1342033426.197494	[TX->]
1342033426.197601	[TX->enabled]
1342033426.438067	[RX->enabled]
1342033426.440197	[RX->]
1342033426.440539	[Discard->TX]
1342033429.597254	[RX->]
1342033429.998666	[TX->]
1342033429.998772	[TX->enabled]
1342033430.240072	[RX->enabled]
1342033430.242070	[Discard->TX]
1342033430.829288	[RX->]
1342033430.829802	[Discard->TX]
1342033433.821404	[TX->]
1342033433.821497	[TX->enabled]
1342033434.062073	[RX->enabled]
1342033434.481457	[RX->]
1342033434.481992	[Discard->TX]
1342033434.483614	[Discard->TX]
1342033434.484021	[Discard->TX]
1342033434.484432	[Discard->TX]
1342033434.484786	[Discard->TX]
1342033438.273366	[RX->]
1342033438.674016	[TX->]
1342033438.674121	[TX->enabled]
1342033438.939075	[RX->enabled]
1342033445.901589	[TX->]
1342033445.901715	[TX->enabled]
1342033446.363093	[RX->enabled]
1342033446.697244	[RX->]
1342033446.698111	[Discard->TX]
1342033446.698476	[Discard->TX]
1342033457.869609	[TX->]
1342033457.869717	[TX->enabled]
1342033458.326080	[RX->enabled]
1342033458.665241	[RX->]
1342033458.666070	[Discard->TX]
1342033458.666434	[Discard->TX]
1342033469.613619	[TX->]
1342033469.613742	[TX->enabled]
1342033470.067062	[RX->enabled]
1342033470.409249	[RX->]
1342033470.409989	[Discard->TX]
1342033470.410537	[Discard->TX]
1342033474.486211	[TX->]
1342033474.486307	[TX->enabled]
1342033474.727076	[RX->enabled]
1342033475.113246	[RX->]
1342033481.101879	[TX->]
1342033481.101989	[TX->enabled]
1342033481.559080	[RX->enabled]
1342033481.897245	[RX->]
1342033481.898103	[Discard->TX]
1342033481.898323	[Discard->TX]
1342033492.333570	[TX->]
1342033492.333678	[TX->enabled]
1342033492.785081	[RX->enabled]
1342033493.129242	[RX->]
1342033493.530123	[TX->]
1342033493.530230	[TX->enabled]
1342033493.983076	[RX->enabled]
1342033493.985470	[Discard->TX]
1342033503.341628	[TX->]
1342033503.341737	[TX->enabled]
1342033503.796079	[RX->enabled]
1342033504.149237	[RX->]
1342033504.550089	[TX->]
1342033504.550195	[TX->enabled]
1342033505.006086	[RX->enabled]
1342033505.008318	[Discard->TX]
1342033505.008554	[Discard->TX]
1342033508.333354	[TX->]
1342033508.333450	[TX->enabled]
1342033508.574080	[RX->enabled]
1342033508.957258	[RX->]
1342033514.189731	[TX->]
1342033514.189884	[TX->enabled]
1342033514.628082	[RX->enabled]
1342033514.630120	[Discard->TX]
1342033514.997241	[RX->]
1342033514.998027	[Discard->TX]
1342033514.998531	[Discard->TX]
1342033517.517349	[TX->]
1342033517.517447	[TX->enabled]
1342033517.758084	[RX->enabled]
1342033518.113253	[RX->]
1342033518.513941	[TX->]
1342033518.514049	[TX->enabled]
1342033518.755089	[RX->enabled]
1342033524.845609	[TX->]
1342033524.845707	[TX->enabled]
1342033525.301093	[RX->enabled]
1342033525.641231	[RX->]
1342033525.642671	[Discard->TX]
1342033525.643089	[Discard->TX]
1342033535.341569	[TX->]
1342033535.341677	[TX->enabled]
1342033535.796088	[RX->enabled]
1342033536.133249	[RX->]
1342033536.534222	[TX->]
1342033536.534326	[TX->enabled]
1342033536.990094	[RX->enabled]
1342033536.992328	[Discard->TX]
1342033539.825320	[RX->]
1342033540.225974	[TX->]
1342033540.226078	[TX->enabled]
1342033540.467090	[RX->enabled]
1342033540.469142	[Discard->TX]
1342033544.237393	[TX->]
1342033544.237489	[TX->enabled]
1342033544.478083	[RX->enabled]
1342033544.833248	[RX->]
1342033545.709769	[TX->]
1342033545.710970	[TX->enabled]
1342033546.168076	[RX->enabled]
1342033546.521269	[RX->]
1342033546.522051	[Discard->TX]
1342033546.522292	[Discard->TX]
1342033547.405282	[RX->]
1342033547.806729	[TX->]
1342033547.806833	[TX->enabled]
1342033548.048087	[RX->enabled]
1342033550.861276	[RX->]
1342033551.263070	[TX->]
1342033551.263183	[TX->enabled]
1342033551.504156	[RX->enabled]
1342033554.313272	[RX->]
1342033554.714556	[TX->]
1342033554.714663	[TX->enabled]
1342033554.988082	[RX->enabled]
1342033555.981592	[TX->]
1342033555.981712	[TX->enabled]
1342033556.435087	[RX->enabled]
1342033556.777231	[RX->]
1342033556.777814	[Discard->TX]
1342033561.229380	[TX->]
1342033561.229498	[TX->enabled]
1342033561.503086	[RX->enabled]
1342033561.857362	[RX->]
1342033566.157425	[TX->]
1342033566.157521	[TX->enabled]
1342033566.447075	[RX->enabled]
1342033566.805245	[RX->]
1342033566.805775	[Discard->TX]
1342033568.181248	[RX->]
1342033568.581873	[TX->]
1342033568.581989	[TX->enabled]
1342033568.823097	[RX->enabled]
1342033570.469257	[RX->]
1342033570.869846	[TX->]
1342033570.869958	[TX->enabled]
1342033571.111079	[RX->enabled]
1342033572.821272	[RX->]
1342033573.222587	[TX->]
1342033573.222693	[TX->enabled]
1342033573.463104	[RX->enabled]
1342033575.849638	[RX->]
1342033576.250879	[TX->]
1342033576.250993	[TX->enabled]
1342033576.492095	[RX->enabled]
1342033578.741244	[RX->]
1342033579.142359	[TX->]
1342033579.142466	[TX->enabled]
1342033579.383087	[RX->enabled]
1342033579.777290	[RX->]
1342033579.778747	[Discard->TX]
1342033579.817403	[Discard->TX]
1342033581.529296	[RX->]
1342033581.929943	[TX->]
1342033581.930052	[TX->enabled]
1342033582.171095	[RX->enabled]
1342033582.781408	[Discard->TX]
1342033588.797530	[TX->]
1342033588.797603	[TX->enabled]
1342033589.038096	[RX->enabled]
1342033589.397247	[RX->]
1342033589.397815	[Discard->TX]
1342033589.398319	[Discard->TX]
1342033593.397536	[RX->]
1342033593.798223	[TX->]
1342033593.798321	[TX->enabled]
1342033594.039091	[RX->enabled]
1342033596.205390	[TX->]
1342033596.205485	[TX->enabled]
1342033596.446112	[RX->enabled]
1342033596.865292	[RX->]
1342033596.867606	[Discard->TX]
1342033596.868057	[Discard->TX]
1342033596.868414	[Discard->TX]
1342033596.868769	[Discard->TX]
1342033596.869301	[Discard->TX]
1342033598.485451	[RX->]
1342033598.885901	[TX->]
1342033598.886014	[TX->enabled]
1342033599.127104	[RX->enabled]
1342033602.717585	[TX->]
1342033602.717692	[TX->enabled]
1342033603.171087	[RX->enabled]
1342033603.513247	[RX->]
1342033603.514032	[Discard->TX]
1342033603.514490	[Discard->TX]
1342033609.277590	[TX->]
1342033609.277699	[TX->enabled]
1342033609.733095	[RX->enabled]
1342033610.073236	[RX->]
1342033610.474119	[TX->]
1342033610.474226	[TX->enabled]
1342033610.931093	[RX->enabled]
1342033610.933421	[Discard->TX]
1342033615.757558	[TX->]
1342033615.757665	[TX->enabled]
1342033616.213057	[RX->enabled]
1342033616.565239	[RX->]
1342033616.566019	[Discard->TX]
1342033616.566462	[Discard->TX]
1342033622.189784	[TX->]
1342033622.189845	[TX->enabled]
1342033622.647107	[RX->enabled]
1342033622.997262	[RX->]
1342033622.998040	[Discard->TX]
1342033622.998279	[Discard->TX]
1342033628.573598	[TX->]
1342033628.573689	[TX->enabled]
1342033629.029102	[RX->enabled]
1342033629.381361	[RX->]
1342033629.382128	[Discard->TX]
1342033629.382506	[Discard->TX]
1342033634.701578	[TX->]
1342033634.701681	[TX->enabled]
1342033635.158100	[RX->enabled]
1342033635.497238	[RX->]
1342033635.498085	[Discard->TX]
1342033635.498448	[Discard->TX]
1342033636.898312	[TX->]
1342033636.898403	[TX->enabled]
1342033637.139108	[RX->enabled]
1342033637.525242	[RX->]
1342033640.781605	[TX->]
1342033640.781700	[TX->enabled]
1342033641.240103	[RX->enabled]
1342033641.577345	[RX->]
1342033641.578106	[Discard->TX]
1342033641.578485	[Discard->TX]
1342033646.813563	[TX->]
1342033646.813660	[TX->enabled]
1342033647.269099	[RX->enabled]
1342033647.609237	[RX->]
1342033647.610107	[Discard->TX]
1342033647.610471	[Discard->TX]
1342033652.813600	[TX->]
1342033652.813704	[TX->enabled]
1342033653.269102	[RX->enabled]
1342033653.605247	[RX->]
1342033653.606116	[Discard->TX]
1342033653.606338	[Discard->TX]
1342033658.781552	[TX->]
1342033658.781663	[TX->enabled]
1342033659.237101	[RX->enabled]
1342033659.573237	[RX->]
1342033659.573806	[Discard->TX]
1342033664.717432	[TX->]
1342033664.717537	[TX->enabled]
1342033665.006107	[RX->enabled]
1342033665.361256	[RX->]
1342033665.361871	[Discard->TX]
1342033666.773251	[RX->]
1342033667.173845	[TX->]
1342033667.173970	[TX->enabled]
1342033667.415117	[RX->enabled]
1342033667.417213	[Discard->TX]
1342033670.665258	[RX->]
1342033671.065884	[TX->]
1342033671.066017	[TX->enabled]
1342033671.307115	[RX->enabled]
1342033676.921897	[TX->]
1342033676.922005	[TX->enabled]
1342033677.163109	[RX->enabled]
1342033677.521249	[RX->]
1342033677.521823	[Discard->TX]
1342033681.125251	[RX->]
1342033681.525813	[TX->]
1342033681.525918	[TX->enabled]
1342033681.767109	[RX->enabled]
1342033704.877510	[RX->]
1342033705.279389	[TX->]
1342033705.279495	[TX->enabled]
1342033705.520122	[RX->enabled]
1342033705.522163	[Discard->TX]
1342033710.109834	[TX->]
1342033710.110787	[TX->enabled]
1342033710.352110	[RX->enabled]
1342033710.705233	[RX->]
1342033712.173277	[RX->]
1342033712.574781	[TX->]
1342033712.574888	[TX->enabled]
1342033712.816108	[RX->enabled]
1342033714.537295	[RX->]
1342033714.938492	[TX->]
1342033714.938598	[TX->enabled]
1342033715.179117	[RX->enabled]
1342033715.577376	[RX->]
1342033716.901289	[RX->]
1342033717.302606	[TX->]
1342033717.302712	[TX->enabled]
1342033717.576113	[RX->enabled]
1342033719.025277	[RX->]
1342033719.426654	[TX->]
1342033719.426757	[TX->enabled]
1342033719.667112	[RX->enabled]
1342033720.989258	[RX->]
1342033721.391378	[TX->]
1342033721.391488	[TX->enabled]
1342033721.632110	[RX->enabled]
1342033722.845253	[RX->]
1342033723.246419	[TX->]
1342033723.246526	[TX->enabled]
1342033723.487130	[RX->enabled]
1342033724.625398	[RX->]
1342033725.026815	[TX->]
1342033725.026919	[TX->enabled]
1342033725.268129	[RX->enabled]
1342033725.270166	[Discard->TX]
1342033725.629243	[RX->]
1342033725.629833	[Discard->TX]
1342033725.630278	[Discard->TX]
1342033726.913267	[RX->]
1342033727.313890	[TX->]
1342033727.314022	[TX->enabled]
1342033727.555114	[RX->enabled]
1342033728.829242	[RX->]
1342033729.229860	[TX->]
1342033729.229993	[TX->enabled]
1342033729.471131	[RX->enabled]
1342033730.125545	[TX->]
1342033730.125616	[TX->enabled]
1342033730.366115	[RX->enabled]
1342033730.785305	[RX->]
1342033730.785878	[Discard->TX]
1342033730.787287	[Discard->TX]
1342033730.787675	[Discard->TX]
1342033730.788126	[Discard->TX]
1342033730.788481	[Discard->TX]
1342033733.589288	[RX->]
1342033733.989909	[TX->]
1342033733.990041	[TX->enabled]
1342033734.231116	[RX->enabled]
1342033736.013873	[TX->]
1342033736.013944	[TX->enabled]
1342033736.474115	[RX->enabled]
1342033736.809239	[RX->]
1342033736.810117	[Discard->TX]
1342033736.810484	[Discard->TX]
1342033741.965691	[TX->]
1342033741.965795	[TX->enabled]
1342033742.426138	[RX->enabled]
1342033742.761239	[RX->]
1342033742.762103	[Discard->TX]
1342033742.762466	[Discard->TX]
1342033747.837638	[TX->]
1342033747.837724	[TX->enabled]
1342033748.294123	[RX->enabled]
1342033748.633242	[RX->]
1342033748.634110	[Discard->TX]
1342033748.634473	[Discard->TX]
1342033753.661609	[TX->]
1342033753.661702	[TX->enabled]
1342033754.117232	[RX->enabled]
1342033754.457229	[RX->]
1342033754.457984	[Discard->TX]
1342033754.458293	[Discard->TX]
1342033759.437630	[TX->]
1342033759.437720	[TX->enabled]
1342033759.893128	[RX->enabled]
1342033760.233250	[RX->]
1342033760.634126	[TX->]
1342033760.634228	[TX->enabled]
1342033761.095126	[RX->enabled]
1342033761.097441	[Discard->TX]
1342033761.429349	[RX->]
1342033761.430028	[Discard->TX]
1342033761.430405	[Discard->TX]
1342033766.205574	[TX->]
1342033766.205666	[TX->enabled]
1342033766.661156	[RX->enabled]
1342033767.001318	[RX->]
1342033767.402778	[TX->]
1342033767.402878	[TX->enabled]
1342033767.862136	[RX->enabled]
1342033767.864370	[Discard->TX]
1342033770.818250	[TX->]
1342033770.818342	[TX->enabled]
1342033771.059124	[RX->enabled]
1342033771.741590	[Discard->TX]
1342033775.005528	[TX->]
1342033775.005610	[TX->enabled]
1342033775.246128	[RX->enabled]
1342033775.605406	[RX->]
1342033781.197567	[TX->]
1342033781.197686	[TX->enabled]
1342033781.651137	[RX->enabled]
1342033782.005254	[RX->]
1342033782.406216	[TX->]
1342033782.406317	[TX->enabled]
1342033782.863127	[RX->enabled]
1342033782.865434	[Discard->TX]
1342033786.701865	[TX->]
1342033786.701927	[TX->enabled]
1342033787.159126	[RX->enabled]
1342033787.509252	[RX->]
1342033787.510033	[Discard->TX]
1342033787.510420	[Discard->TX]
1342033792.173817	[TX->]
1342033792.174726	[TX->enabled]
1342033792.627132	[RX->enabled]
1342033792.969263	[RX->]
1342033792.970067	[Discard->TX]
1342033792.970310	[Discard->TX]
1342033797.613576	[TX->]
1342033797.613685	[TX->enabled]
1342033798.069130	[RX->enabled]
1342033798.409275	[RX->]
1342033798.409940	[Discard->TX]
1342033800.821678	[TX->]
1342033800.821744	[TX->enabled]
1342033801.062135	[RX->enabled]
1342033803.021453	[TX->]
1342033803.022677	[TX->enabled]
1342033803.313144	[RX->enabled]
1342033803.685245	[RX->]
1342033803.685779	[Discard->TX]
1342033804.313266	[RX->]
1342033804.713893	[TX->]
1342033804.714004	[TX->enabled]
1342033804.955133	[RX->enabled]
1342033805.101250	[RX->]
1342033805.501848	[TX->]
1342033805.501952	[TX->enabled]
1342033805.743124	[RX->enabled]
1342033810.840573	[TX->]
1342033810.840627	[TX->enabled]
1342033811.081147	[RX->enabled]
1342033811.437395	[RX->]
1342033811.437929	[Discard->TX]
1342033814.437253	[RX->]
1342033814.837873	[TX->]
1342033814.838006	[TX->enabled]
1342033815.079129	[RX->enabled]
1342033833.181326	[RX->]
1342033833.583442	[TX->]
1342033833.583550	[TX->enabled]
1342033833.824144	[RX->enabled]
1342033833.826189	[Discard->TX]
1342033837.869385	[TX->]
1342033837.869477	[TX->enabled]
1342033838.110163	[RX->enabled]
1342033838.461224	[RX->]
1342033839.921382	[RX->]
1342033840.322702	[TX->]
1342033840.322808	[TX->enabled]
1342033840.564147	[RX->enabled]
1342033842.277289	[RX->]
1342033842.678141	[TX->]
1342033842.678247	[TX->enabled]
1342033842.919146	[RX->enabled]
1342033844.645267	[RX->]
1342033845.046612	[TX->]
1342033845.046717	[TX->enabled]
1342033845.320135	[RX->enabled]
1342033845.657249	[RX->]
1342033846.769266	[RX->]
1342033847.170569	[TX->]
1342033847.170676	[TX->enabled]
1342033847.411143	[RX->enabled]
1342033848.741373	[RX->]
1342033849.142451	[TX->]
1342033849.142556	[TX->enabled]
1342033849.383148	[RX->enabled]
1342033849.753278	[RX->]
1342033849.755361	[Discard->TX]
1342033850.601235	[RX->]
1342033851.001856	[TX->]
1342033851.001962	[TX->enabled]
1342033851.243156	[RX->enabled]
1342033854.445400	[TX->]
1342033854.445494	[TX->enabled]
1342033854.686152	[RX->enabled]
1342033855.085286	[RX->]
1342033855.487178	[TX->]
1342033855.487286	[TX->enabled]
1342033855.728154	[RX->enabled]
1342033855.730194	[Discard->TX]
1342033858.093565	[TX->]
1342033858.093634	[TX->enabled]
1342033858.334159	[RX->enabled]
1342033858.689238	[RX->]
1342033858.689886	[Discard->TX]
1342033858.690723	[Discard->TX]
1342033861.889248	[RX->]
1342033862.289859	[TX->]
1342033862.289962	[TX->enabled]
1342033862.531150	[RX->enabled]
1342033863.149368	[TX->]
1342033863.149463	[TX->enabled]
1342033863.390154	[RX->enabled]
1342033863.809279	[RX->]
1342033863.811018	[Discard->TX]
1342033863.811536	[Discard->TX]
1342033863.811895	[Discard->TX]
1342033863.812279	[Discard->TX]
1342033863.812633	[Discard->TX]
1342033867.201422	[RX->]
1342033867.601982	[TX->]
1342033867.602087	[TX->enabled]
1342033867.843148	[RX->enabled]
1342033868.509596	[TX->]
1342033868.509689	[TX->enabled]
1342033868.966145	[RX->enabled]
1342033869.301237	[RX->]
1342033869.702081	[TX->]
1342033869.702183	[TX->enabled]
1342033870.157179	[RX->enabled]
1342033870.159467	[Discard->TX]
1342033870.513251	[RX->]
1342033870.514048	[Discard->TX]
1342033870.514432	[Discard->TX]
1342033870.514787	[Discard->TX]
1342033875.133780	[TX->]
1342033875.133835	[TX->enabled]
1342033875.591149	[RX->enabled]
1342033875.937256	[RX->]
1342033875.938046	[Discard->TX]
1342033875.938508	[Discard->TX]
1342033880.509752	[TX->]
1342033880.509821	[TX->enabled]
1342033880.967155	[RX->enabled]
1342033881.317252	[RX->]
1342033881.718132	[TX->]
1342033881.718237	[TX->enabled]
1342033882.182153	[RX->enabled]
1342033882.184397	[Discard->TX]
1342033882.537259	[RX->]
1342033882.538156	[Discard->TX]
1342033882.538523	[Discard->TX]
1342033882.538881	[Discard->TX]
1342033887.053602	[TX->]
1342033887.053703	[TX->enabled]
1342033887.511156	[RX->enabled]
1342033887.861360	[RX->]
1342033887.862122	[Discard->TX]
1342033887.862361	[Discard->TX]
1342033892.189559	[TX->]
1342033892.189661	[TX->enabled]
1342033892.647243	[RX->enabled]
1342033892.997257	[RX->]
1342033892.998126	[Discard->TX]
1342033892.998490	[Discard->TX]
1342033897.293642	[TX->]
1342033897.293742	[TX->enabled]
1342033897.749181	[RX->enabled]
1342033898.101253	[RX->]
1342033898.502118	[TX->]
1342033898.502222	[TX->enabled]
1342033898.959149	[RX->enabled]
1342033898.961499	[Discard->TX]
1342033902.365579	[TX->]
1342033902.365681	[TX->enabled]
1342033902.821152	[RX->enabled]
1342033903.173241	[RX->]
1342033903.574113	[TX->]
1342033903.574220	[TX->enabled]
1342033904.029161	[RX->enabled]
1342033904.031477	[Discard->TX]
1342033904.031642	[Discard->TX]
1342033908.109392	[TX->]
1342033908.109493	[TX->enabled]
1342033908.350162	[RX->enabled]
1342033908.737237	[RX->]
1342033910.094014	[TX->]
1342033910.094087	[TX->enabled]
1342033910.560145	[RX->enabled]
1342033910.905254	[RX->]
1342033910.906134	[Discard->TX]
1342033910.906355	[Discard->TX]
1342033917.725593	[TX->]
1342033917.725694	[TX->enabled]
1342033918.182159	[RX->enabled]
1342033918.521230	[RX->]
1342033918.521819	[Discard->TX]
1342033925.261465	[TX->]
1342033925.261567	[TX->enabled]
1342033925.550158	[RX->enabled]
1342033925.909246	[RX->]
1342033925.909780	[Discard->TX]
1342033927.309379	[RX->]
1342033927.709927	[TX->]
1342033927.710040	[TX->enabled]
1342033927.951148	[RX->enabled]
1342033929.229261	[RX->]
1342033929.630770	[TX->]
1342033929.630881	[TX->enabled]
1342033929.872156	[RX->enabled]
1342033929.874203	[Discard->TX]
1342033931.197433	[RX->]
1342033931.598119	[TX->]
1342033931.598227	[TX->enabled]
1342033931.839173	[RX->enabled]
1342033939.250603	[TX->]
1342033939.250654	[TX->enabled]
1342033939.491156	[RX->enabled]
1342033939.849351	[RX->]
1342033939.849898	[Discard->TX]
1342033943.249297	[RX->]
1342033943.649929	[TX->]
1342033943.650044	[TX->enabled]
1342033943.891154	[RX->enabled]
1342033961.993404	[RX->]
1342033962.394064	[TX->]
1342033962.394163	[TX->enabled]
1342033962.635154	[RX->enabled]
1342033962.637231	[Discard->TX]
1342033967.245369	[TX->]
1342033967.245659	[TX->enabled]
1342033967.486173	[RX->enabled]
1342033967.837247	[RX->]
1342033969.297277	[RX->]
1342033969.698801	[TX->]
1342033969.698914	[TX->enabled]
1342033969.962153	[RX->enabled]
1342033971.653284	[RX->]
1342033972.054435	[TX->]
1342033972.054542	[TX->enabled]
1342033972.295170	[RX->enabled]
1342033972.697250	[RX->]
1342033974.017294	[RX->]
1342033974.418690	[TX->]
1342033974.418856	[TX->enabled]
1342033974.675153	[RX->enabled]
1342033976.145279	[RX->]
1342033976.546586	[TX->]
1342033976.546695	[TX->enabled]
1342033976.787179	[RX->enabled]
1342033978.117264	[RX->]
1342033978.518642	[TX->]
1342033978.518752	[TX->enabled]
1342033978.789192	[RX->enabled]
1342033979.973241	[RX->]
1342033980.374364	[TX->]
1342033980.374466	[TX->enabled]
1342033980.615165	[RX->enabled]
1342033981.757293	[RX->]
1342033982.158803	[TX->]
1342033982.158908	[TX->enabled]
1342033982.400183	[RX->enabled]
1342033982.402303	[Discard->TX]
1342033982.757263	[RX->]
1342033982.757856	[Discard->TX]
1342033982.758300	[Discard->TX]
1342033984.053399	[RX->]
1342033984.453960	[TX->]
1342033984.454074	[TX->enabled]
1342033984.695167	[RX->enabled]
1342033986.157252	[RX->]
1342033986.557868	[TX->]
1342033986.557973	[TX->enabled]
1342033986.799179	[RX->enabled]
1342033987.309390	[TX->]
1342033987.309489	[TX->enabled]
1342033987.550158	[RX->enabled]
1342033987.969349	[RX->]
1342033987.971132	[Discard->TX]
1342033987.971582	[Discard->TX]
1342033987.972043	[Discard->TX]
1342033987.972401	[Discard->TX]
1342033987.972756	[Discard->TX]
1342033990.781332	[RX->]
1342033991.181971	[TX->]
1342033991.182081	[TX->enabled]
1342033991.423163	[RX->enabled]
1342033993.213746	[TX->]
1342033993.213804	[TX->enabled]
1342033993.670182	[RX->enabled]
1342033994.009270	[RX->]
1342033994.410249	[TX->]
1342033994.410351	[TX->enabled]
1342033994.843176	[RX->enabled]
1342033994.845444	[Discard->TX]
1342033999.181788	[TX->]
1342033999.181862	[TX->enabled]
1342033999.639170	[RX->enabled]
1342033999.989243	[RX->]
1342033999.990026	[Discard->TX]
1342033999.990412	[Discard->TX]
1342034005.118011	[TX->]
1342034005.118090	[TX->enabled]
1342034005.575175	[RX->enabled]
1342034005.925396	[RX->]
1342034005.926078	[Discard->TX]
1342034005.926455	[Discard->TX]
1342034010.989570	[TX->]
1342034010.989673	[TX->enabled]
1342034011.445265	[RX->enabled]
1342034011.785248	[RX->]
1342034011.786089	[Discard->TX]
1342034011.786311	[Discard->TX]
1342034016.605626	[TX->]
1342034016.605727	[TX->enabled]
1342034017.061184	[RX->enabled]
1342034017.397248	[RX->]
1342034017.398046	[Discard->TX]
1342034017.398417	[Discard->TX]
1342034022.173611	[TX->]
1342034022.173710	[TX->enabled]
1342034022.630177	[RX->enabled]
1342034022.965249	[RX->]
1342034022.966033	[Discard->TX]
1342034022.966481	[Discard->TX]
1342034027.709570	[TX->]
1342034027.709672	[TX->enabled]
1342034028.164175	[RX->enabled]
1342034028.166215	[Discard->TX]
1342034028.501239	[RX->]
1342034028.501981	[Discard->TX]
1342034028.502462	[Discard->TX]
1342034032.221474	[TX->]
1342034032.221575	[TX->enabled]
1342034032.462187	[RX->enabled]
1342034032.849250	[RX->]
1342034033.213612	[TX->]
1342034033.213707	[TX->enabled]
1342034033.670178	[RX->enabled]
1342034042.637623	[TX->]
1342034042.637730	[TX->enabled]
1342034043.094185	[RX->enabled]
1342034043.441248	[RX->]
1342034043.442113	[Discard->TX]
1342034043.442557	[Discard->TX]
1342034048.125835	[TX->]
1342034048.126577	[TX->enabled]
1342034048.588192	[RX->enabled]
1342034048.925281	[RX->]
1342034048.926116	[Discard->TX]
1342034048.926338	[Discard->TX]
1342034053.581582	[TX->]
1342034053.581690	[TX->enabled]
1342034054.038189	[RX->enabled]
1342034054.377244	[RX->]
1342034054.377829	[Discard->TX]
1342034057.994447	[TX->]
1342034057.994538	[TX->enabled]
1342034058.235182	[RX->enabled]
1342034058.617244	[RX->]
1342034058.621594	[Discard->TX]
1342034067.117444	[TX->]
1342034067.117525	[TX->enabled]
1342034067.407184	[RX->enabled]
1342034067.761263	[RX->]
1342034067.761796	[Discard->TX]
1342034068.014920	[TX->]
1342034068.014990	[TX->enabled]
1342034068.273190	[RX->enabled]
1342034068.617243	[RX->]
1342034068.617814	[Discard->TX]
1342034069.173257	[RX->]
1342034069.573851	[TX->]
1342034069.573955	[TX->enabled]
1342034069.815189	[RX->enabled]
1342034070.425445	[RX->]
1342034070.825970	[TX->]
1342034070.826098	[TX->enabled]
1342034071.067187	[RX->enabled]
1342034072.213256	[RX->]
1342034072.613909	[TX->]
1342034072.614057	[TX->enabled]
1342034072.855197	[RX->enabled]
1342034090.985335	[RX->]
1342034091.386038	[TX->]
1342034091.386145	[TX->enabled]
1342034091.627199	[RX->enabled]
1342034091.629261	[Discard->TX]
1342034095.309449	[TX->]
1342034095.309543	[TX->enabled]
1342034095.550201	[RX->enabled]
1342034095.905265	[RX->]
1342034097.365276	[RX->]
1342034097.766775	[TX->]
1342034097.766879	[TX->enabled]
1342034098.008181	[RX->enabled]
1342034099.721290	[RX->]
1342034100.122493	[TX->]
1342034100.122596	[TX->enabled]
1342034100.363200	[RX->enabled]
1342034100.765257	[RX->]
1342034102.089286	[RX->]
1342034102.490656	[TX->]
1342034102.490781	[TX->enabled]
1342034102.760187	[RX->enabled]
1342034104.213288	[RX->]
1342034104.614561	[TX->]
1342034104.614668	[TX->enabled]
1342034104.855194	[RX->enabled]
1342034106.181301	[RX->]
1342034106.582733	[TX->]
1342034106.582839	[TX->enabled]
1342034106.823199	[RX->enabled]
1342034108.041264	[RX->]
1342034108.443185	[TX->]
1342034108.443295	[TX->enabled]
1342034108.684199	[RX->enabled]
1342034109.825302	[RX->]
1342034110.226781	[TX->]
1342034110.226885	[TX->enabled]
1342034110.468208	[RX->enabled]
1342034110.470238	[Discard->TX]
1342034112.121313	[RX->]
1342034112.521914	[TX->]
1342034112.522020	[TX->enabled]
1342034112.763208	[RX->enabled]
1342034112.829432	[Discard->TX]
1342034113.629306	[RX->]
1342034114.030106	[TX->]
1342034114.030210	[TX->enabled]
1342034114.271195	[RX->enabled]
1342034114.273281	[Discard->TX]
1342034117.933454	[TX->]
1342034117.933543	[TX->enabled]
1342034118.174199	[RX->enabled]
1342034118.590611	[RX->]
1342034118.591143	[Discard->TX]
1342034118.592693	[Discard->TX]
1342034118.593549	[Discard->TX]
1342034118.594164	[Discard->TX]
1342034118.594531	[Discard->TX]
1342034119.257340	[RX->]
1342034119.657961	[TX->]
1342034119.658073	[TX->enabled]
1342034119.899196	[RX->enabled]
1342034130.029762	[TX->]
1342034130.029830	[TX->enabled]
1342034130.484217	[RX->enabled]
1342034130.825241	[RX->]
1342034130.825986	[Discard->TX]
1342034130.826406	[Discard->TX]
1342034142.030002	[TX->]
1342034142.030071	[TX->enabled]
1342034142.486212	[RX->enabled]
1342034142.825257	[RX->]
1342034142.825993	[Discard->TX]
1342034142.826414	[Discard->TX]
1342034153.773614	[TX->]
1342034153.773737	[TX->enabled]
1342034154.228209	[RX->enabled]
1342034154.569355	[RX->]
1342034154.570047	[Discard->TX]
1342034154.570439	[Discard->TX]
1342034158.594374	[TX->]
1342034158.594469	[TX->enabled]
1342034158.835199	[RX->enabled]
1342034159.225267	[RX->]
1342034165.261566	[TX->]
1342034165.261676	[TX->enabled]
1342034165.724213	[RX->enabled]
1342034166.065420	[RX->]
1342034166.466184	[TX->]
1342034166.466288	[TX->enabled]
1342034166.924212	[RX->enabled]
1342034166.926310	[Discard->TX]
1342034176.525631	[TX->]
1342034176.525733	[TX->enabled]
1342034176.981260	[RX->enabled]
1342034177.333266	[RX->]
1342034177.734206	[TX->]
1342034177.734311	[TX->enabled]
1342034178.192208	[RX->enabled]
1342034178.194452	[Discard->TX]
1342034178.541274	[RX->]
1342034178.542019	[Discard->TX]
1342034178.542478	[Discard->TX]
1342034188.622123	[TX->]
1342034188.622198	[TX->enabled]
1342034189.076204	[RX->enabled]
1342034189.078250	[Discard->TX]
1342034189.429303	[RX->]
1342034189.430018	[Discard->TX]
1342034189.430499	[Discard->TX]
1342034192.461442	[TX->]
1342034192.461537	[TX->enabled]
1342034192.702219	[RX->enabled]
1342034193.085276	[RX->]
1342034198.642258	[TX->]
1342034198.642334	[TX->enabled]
1342034198.883206	[RX->enabled]
1342034199.241284	[RX->]
1342034199.641976	[TX->]
1342034199.642112	[TX->enabled]
1342034199.892203	[RX->enabled]
1342034199.894467	[Discard->TX]
1342034217.981354	[RX->]
1342034218.383507	[TX->]
1342034218.383612	[TX->enabled]
1342034218.624215	[RX->enabled]
1342034218.626269	[Discard->TX]
1342034219.181953	[TX->]
1342034219.182024	[TX->enabled]
1342034219.641246	[RX->enabled]
1342034219.989294	[RX->]
1342034219.990076	[Discard->TX]
1342034219.990536	[Discard->TX]
1342034222.109728	[TX->]
1342034222.109797	[TX->enabled]
1342034222.350237	[RX->enabled]
1342034222.701286	[RX->]
1342034225.277241	[RX->]
1342034225.678204	[TX->]
1342034225.678310	[TX->enabled]
1342034225.919209	[RX->enabled]
1342034228.729324	[RX->]
1342034229.130948	[TX->]
1342034229.131082	[TX->enabled]
1342034229.372215	[RX->enabled]
1342034229.741650	[Discard->TX]
1342034229.769417	[RX->]
1342034232.177296	[RX->]
1342034232.578676	[TX->]
1342034232.578781	[TX->enabled]
1342034232.852229	[RX->enabled]
1342034235.369292	[RX->]
1342034235.770650	[TX->]
1342034235.770755	[TX->enabled]
1342034236.011223	[RX->enabled]
1342034238.393389	[RX->]
1342034238.794694	[TX->]
1342034238.794798	[TX->enabled]
1342034239.035229	[RX->enabled]
1342034241.277280	[RX->]
1342034241.678363	[TX->]
1342034241.678473	[TX->enabled]
1342034241.919225	[RX->enabled]
1342034244.061436	[RX->]
1342034244.462943	[TX->]
1342034244.463049	[TX->enabled]
1342034244.704224	[RX->enabled]
1342034244.706269	[Discard->TX]
1342034247.069502	[TX->]
1342034247.069585	[TX->enabled]
1342034247.313257	[RX->enabled]
1342034247.669266	[RX->]
1342034247.669875	[Discard->TX]
1342034247.670345	[Discard->TX]
1342034248.357333	[RX->]
1342034248.757945	[TX->]
1342034248.758050	[TX->enabled]
1342034248.999221	[RX->enabled]
1342034254.065279	[RX->]
1342034254.466126	[TX->]
1342034254.466232	[TX->enabled]
1342034254.707215	[RX->enabled]
1342034254.709301	[Discard->TX]
1342034267.885387	[TX->]
1342034267.885497	[TX->enabled]
1342034268.126237	[RX->enabled]
1342034268.541358	[RX->]
1342034268.541957	[Discard->TX]
1342034268.543440	[Discard->TX]
1342034268.543826	[Discard->TX]
1342034268.544274	[Discard->TX]
1342034268.544630	[Discard->TX]
1342034270.161330	[RX->]
1342034270.561940	[TX->]
1342034270.562044	[TX->enabled]
1342034270.803232	[RX->enabled]
1342034279.405768	[TX->]
1342034279.405842	[TX->enabled]
1342034279.857242	[RX->enabled]
1342034280.201268	[RX->]
1342034280.602116	[TX->]
1342034280.602221	[TX->enabled]
1342034281.059231	[RX->enabled]
1342034281.061491	[Discard->TX]
1342034290.829625	[TX->]
1342034290.829727	[TX->enabled]
1342034291.281243	[RX->enabled]
1342034291.637414	[RX->]
1342034291.638173	[Discard->TX]
1342034291.638555	[Discard->TX]
1342034302.029906	[TX->]
1342034302.029980	[TX->enabled]
1342034302.489237	[RX->enabled]
1342034302.837287	[RX->]
1342034302.838124	[Discard->TX]
1342034302.838489	[Discard->TX]
1342034308.554155	[TX->]
1342034308.554256	[TX->enabled]
1342034308.795238	[RX->enabled]
1342034309.185281	[RX->]
1342034313.005894	[TX->]
1342034313.005966	[TX->enabled]
1342034313.462237	[RX->enabled]
1342034313.801368	[RX->]
1342034313.802084	[Discard->TX]
1342034313.802326	[Discard->TX]
1342034323.725664	[TX->]
1342034323.725769	[TX->enabled]
1342034324.177242	[RX->enabled]
1342034324.521279	[RX->]
1342034324.522143	[Discard->TX]
1342034324.522508	[Discard->TX]
1342034334.221668	[TX->]
1342034334.221775	[TX->enabled]
1342034334.672248	[RX->enabled]
1342034335.017271	[RX->]
1342034335.418195	[TX->]
1342034335.418298	[TX->enabled]
1342034335.876249	[RX->enabled]
1342034335.878574	[Discard->TX]
1342034337.237302	[RX->]
1342034337.637886	[TX->]
1342034337.637992	[TX->enabled]
1342034337.879247	[RX->enabled]
1342034338.571139	[TX->]
1342034338.571184	[TX->enabled]
1342034338.812230	[RX->enabled]
1342034339.193320	[RX->]
1342034344.557626	[TX->]
1342034344.557726	[TX->enabled]
1342034345.006235	[RX->enabled]
1342034345.365292	[RX->]
1342034345.366765	[Discard->TX]
1342034345.367177	[Discard->TX]
1342034348.590757	[TX->]
1342034348.590825	[TX->enabled]
1342034348.831238	[RX->enabled]
1342034349.193357	[RX->]
1342034349.594046	[TX->]
1342034349.594177	[TX->enabled]
1342034349.835250	[RX->enabled]
1342034354.733584	[TX->]
1342034354.733687	[TX->enabled]
1342034355.186249	[RX->enabled]
1342034355.529419	[RX->]
1342034355.530104	[Discard->TX]
1342034355.530524	[Discard->TX]
1342034364.781637	[TX->]
1342034364.781744	[TX->enabled]
1342034365.234250	[RX->enabled]
1342034365.573282	[RX->]
1342034365.574137	[Discard->TX]
1342034365.574363	[Discard->TX]
1342034367.932163	[RX->]
1342034368.333774	[TX->]
1342034368.333877	[TX->enabled]
1342034368.574254	[RX->enabled]
1342034368.576295	[Discard->TX]
1342034373.933386	[TX->]
1342034373.933488	[TX->enabled]
1342034374.174241	[RX->enabled]
1342034374.525275	[RX->]
1342034374.702077	[Discard->TX]
1342034377.101323	[RX->]
1342034377.502780	[TX->]
1342034377.502881	[TX->enabled]
1342034377.743252	[RX->enabled]
1342034380.557305	[RX->]
1342034380.958480	[TX->]
1342034380.958581	[TX->enabled]
1342034381.199254	[RX->enabled]
1342034381.597328	[RX->]
1342034384.001289	[RX->]
1342034384.402671	[TX->]
1342034384.402769	[TX->enabled]
1342034384.686240	[RX->enabled]
1342034387.193349	[RX->]
1342034387.594611	[TX->]
1342034387.594714	[TX->enabled]
1342034387.835240	[RX->enabled]
1342034390.221364	[RX->]
1342034390.622312	[TX->]
1342034390.622413	[TX->enabled]
1342034390.863243	[RX->enabled]
1342034393.109272	[RX->]
1342034393.510401	[TX->]
1342034393.510505	[TX->enabled]
1342034393.751244	[RX->enabled]
1342034395.893339	[RX->]
1342034396.294851	[TX->]
1342034396.294952	[TX->enabled]
1342034396.536258	[RX->enabled]
1342034396.538298	[Discard->TX]
1342034398.901559	[TX->]
1342034398.901627	[TX->enabled]
1342034399.138054	[RX->enabled]
1342034399.497289	[RX->]
1342034399.498145	[Discard->TX]
1342034399.498332	[Discard->TX]
1342034400.189329	[RX->]
1342034400.590112	[TX->]
1342034400.590216	[TX->enabled]
1342034400.831266	[RX->enabled]
1342034406.429505	[TX->]
1342034406.429610	[TX->enabled]
1342034406.670253	[RX->enabled]
1342034407.097268	[RX->]
1342034419.893336	[RX->]
1342034420.293955	[TX->]
1342034420.294060	[TX->enabled]
1342034420.535258	[RX->enabled]
1342034422.569452	[RX->]
1342034422.971175	[TX->]
1342034422.971276	[TX->enabled]
1342034423.212284	[RX->enabled]
1342034423.214505	[Discard->TX]
1342034423.214883	[Discard->TX]
1342034423.215262	[Discard->TX]
1342034423.215721	[Discard->TX]
1342034433.389643	[TX->]
1342034433.389752	[TX->enabled]
1342034433.839263	[RX->enabled]
1342034434.185283	[RX->]
1342034434.586137	[TX->]
1342034434.586240	[TX->enabled]
1342034435.044268	[RX->enabled]
1342034435.046587	[Discard->TX]
1342034444.781638	[TX->]
1342034444.781748	[TX->enabled]
1342034445.234273	[RX->enabled]
1342034445.589284	[RX->]
1342034445.590025	[Discard->TX]
1342034445.590488	[Discard->TX]
1342034455.981646	[TX->]
1342034455.981748	[TX->enabled]
1342034456.434287	[RX->enabled]
1342034456.789278	[RX->]
1342034456.790012	[Discard->TX]
1342034456.790417	[Discard->TX]
1342034462.599944	[TX->]
1342034462.600018	[TX->enabled]
1342034462.841278	[RX->enabled]
1342034463.189269	[RX->]
1342034466.925633	[TX->]
1342034466.925732	[TX->enabled]
1342034467.374266	[RX->enabled]
1342034467.721277	[RX->]
1342034467.722022	[Discard->TX]
1342034467.722276	[Discard->TX]
1342034477.613750	[TX->]
1342034477.613815	[TX->enabled]
1342034478.066271	[RX->enabled]
1342034478.409293	[RX->]
1342034478.410012	[Discard->TX]
1342034478.410415	[Discard->TX]
1342034488.109913	[TX->]
1342034488.109970	[TX->enabled]
1342034488.567350	[RX->enabled]
1342034488.905279	[RX->]
1342034488.906016	[Discard->TX]
1342034488.906420	[Discard->TX]
1342034492.602226	[TX->]
1342034492.602299	[TX->enabled]
1342034492.843273	[RX->enabled]
1342034493.225269	[RX->]
1342034498.413780	[TX->]
1342034498.413839	[TX->enabled]
1342034498.862278	[RX->enabled]
1342034499.209277	[RX->]
1342034499.610151	[TX->]
1342034499.610256	[TX->enabled]
1342034500.053279	[RX->enabled]
1342034500.055521	[Discard->TX]
1342034508.557757	[TX->]
1342034508.557832	[TX->enabled]
1342034509.006268	[RX->enabled]
1342034509.365294	[RX->]
1342034509.366034	[Discard->TX]
1342034509.366454	[Discard->TX]
1342034518.573635	[TX->]
1342034518.573742	[TX->enabled]
1342034519.022282	[RX->enabled]
1342034519.369405	[RX->]
1342034519.370143	[Discard->TX]
1342034519.370383	[Discard->TX]
1342034528.461660	[TX->]
1342034528.461764	[TX->enabled]
1342034528.909281	[RX->enabled]
1342034529.257284	[RX->]
1342034529.657959	[TX->]
1342034529.658063	[TX->enabled]
1342034529.947272	[RX->enabled]
1342034531.713396	[RX->]
1342034532.113984	[TX->]
1342034532.114090	[TX->enabled]
1342034532.355288	[RX->enabled]
1342034535.601304	[RX->]
1342034536.001903	[TX->]
1342034536.002009	[TX->enabled]
1342034536.243274	[RX->enabled]
