1341674295.919383	[helloWorld->]
1341674296.019575	[TX->enabled]
1341674296.380834	[RX->enabled]
1341674320.642262	[wrq_request->text127.txt]
1341674320.742550	[TX->enabled]
1341674321.101508	[RX->enabled]
1341674321.981256	[connectionclose->timeout]
1341674322.081381	[TX->enabled]
1341674322.602945	[RX->enabled]
1341674324.644391	[connection_cancel->override]
1341674324.644682	[wrq_request->text127.txt]
1341674324.744995	[TX->enabled]
1341674325.124892	[RX->enabled]
1341674325.981261	[connectionclose->timeout]
1341674326.081344	[TX->enabled]
1341674326.608902	[RX->enabled]
1341674329.589887	[connection_cancel->override]
1341674329.590231	[wrq_request->text127.txt]
1341674329.690526	[TX->enabled]
1341674330.010157	[RX->enabled]
1341674330.929852	[connectionclose->timeout]
1341674331.029993	[TX->enabled]
1341674331.568197	[RX->enabled]
1341674333.113458	[connection_cancel->override]
1341674333.113564	[wrq_request->text127.txt]
1341674333.213778	[TX->enabled]
1341674333.593541	[RX->enabled]
1341674334.449306	[connectionclose->timeout]
1341674334.549445	[TX->enabled]
1341674335.029334	[RX->enabled]
1341674337.074687	[connection_cancel->override]
1341674337.074926	[wrq_request->text127.txt]
1341674337.175178	[TX->enabled]
1341674337.534130	[RX->enabled]
1341674338.413715	[connectionclose->timeout]
1341674338.513850	[TX->enabled]
1341674339.106142	[RX->enabled]
1341674344.667088	[wrq_request->text2k.txt]
1341674344.767397	[TX->enabled]
1341674345.078764	[RX->enabled]
1341674346.175970	[TX->enabled]
1341674346.507999	[RX->enabled]
1341674347.584481	[TX->enabled]
1341674347.895714	[RX->enabled]
1341674348.992129	[TX->enabled]
1341674349.357323	[RX->enabled]
1341674350.400026	[TX->enabled]
1341674350.794591	[RX->enabled]
1341674351.808603	[TX->enabled]
1341674352.155048	[RX->enabled]
1341674353.216179	[TX->enabled]
1341674353.575514	[RX->enabled]
1341674354.623912	[TX->enabled]
1341674354.939480	[RX->enabled]
1341674356.032651	[TX->enabled]
1341674356.391509	[RX->enabled]
1341674357.440419	[TX->enabled]
1341674357.772386	[RX->enabled]
1341674358.848132	[TX->enabled]
1341674359.186662	[RX->enabled]
1341674360.255730	[TX->enabled]
1341674360.570998	[RX->enabled]
1341674361.664481	[TX->enabled]
1341674362.023478	[RX->enabled]
1341674363.072220	[TX->enabled]
1341674363.383382	[RX->enabled]
1341674364.479981	[TX->enabled]
1341674364.791324	[RX->enabled]
1341674365.321105	[connectionclose->timeout]
1341674365.421245	[TX->enabled]
1341674365.940826	[RX->enabled]
1341674371.897998	[wrq_request->text2k.txt]
1341674371.998298	[TX->enabled]
1341674372.309277	[RX->enabled]
1341674373.408486	[TX->enabled]
1341674373.719519	[RX->enabled]
1341674374.816452	[TX->enabled]
1341674375.150429	[RX->enabled]
1341674376.223982	[TX->enabled]
1341674376.593629	[RX->enabled]
1341674377.632806	[TX->enabled]
1341674377.943744	[RX->enabled]
1341674379.040531	[TX->enabled]
1341674379.357727	[RX->enabled]
1341674380.448213	[TX->enabled]
1341674380.759221	[RX->enabled]
1341674381.856054	[TX->enabled]
1341674382.231712	[RX->enabled]
1341674383.264653	[TX->enabled]
1341674383.575806	[RX->enabled]
1341674384.672171	[TX->enabled]
1341674385.064694	[RX->enabled]
1341674386.080893	[TX->enabled]
1341674386.391681	[RX->enabled]
1341674387.488536	[TX->enabled]
1341674387.849793	[RX->enabled]
1341674388.896052	[TX->enabled]
1341674389.207054	[RX->enabled]
1341674390.304821	[TX->enabled]
1341674390.615658	[RX->enabled]
1341674391.712347	[TX->enabled]
1341674392.111273	[RX->enabled]
1341674392.553556	[connectionclose->timeout]
1341674392.653700	[TX->enabled]
1341674393.229232	[RX->enabled]
1341674396.153878	[connection_cancel->override]
1341674396.154029	[wrq_request->text2k.txt]
1341674396.254239	[TX->enabled]
1341674396.565244	[RX->enabled]
1341674435.386573	[wrq_request->text2k.txt]
1341674435.486841	[TX->enabled]
1341674435.895816	[RX->enabled]
1341674436.893153	[TX->enabled]
1341674437.212787	[RX->enabled]
1341674438.300933	[TX->enabled]
1341674438.651702	[RX->enabled]
1341674439.708512	[TX->enabled]
1341674440.109196	[RX->enabled]
1341674441.116250	[TX->enabled]
1341674441.527523	[RX->enabled]
1341674442.524933	[TX->enabled]
1341674442.835806	[RX->enabled]
1341674443.932368	[TX->enabled]
1341674444.243674	[RX->enabled]
1341674445.340152	[TX->enabled]
1341674445.715900	[RX->enabled]
1341674446.748897	[TX->enabled]
1341674447.059779	[RX->enabled]
1341674448.156708	[TX->enabled]
1341674448.528254	[RX->enabled]
1341674449.564200	[TX->enabled]
1341674449.875126	[RX->enabled]
1341674450.973089	[TX->enabled]
1341674451.283894	[RX->enabled]
1341674452.380758	[TX->enabled]
1341674452.691603	[RX->enabled]
1341674453.788409	[TX->enabled]
1341674454.099221	[RX->enabled]
1341674455.197025	[TX->enabled]
1341674455.603829	[RX->enabled]
1341674456.038104	[connectionclose->timeout]
1341674456.138246	[TX->enabled]
1341674456.713622	[RX->enabled]
1341674461.738916	[wrq_request->text2k.txt]
1341674461.839263	[TX->enabled]
1341674462.150274	[RX->enabled]
1341674463.248721	[TX->enabled]
1341674463.559748	[RX->enabled]
1341674464.656461	[TX->enabled]
1341674464.967396	[RX->enabled]
1341674466.064955	[TX->enabled]
1341674466.377196	[RX->enabled]
1341674467.472815	[TX->enabled]
1341674467.877568	[RX->enabled]
1341674468.880268	[TX->enabled]
1341674469.191397	[RX->enabled]
1341674470.287926	[TX->enabled]
1341674470.598992	[RX->enabled]
1341674471.696803	[TX->enabled]
1341674472.007555	[RX->enabled]
1341674473.104652	[TX->enabled]
1341674473.415721	[RX->enabled]
1341674474.512369	[TX->enabled]
1341674474.823597	[RX->enabled]
1341674475.921054	[TX->enabled]
1341674476.232106	[RX->enabled]
1341674477.328646	[TX->enabled]
1341674477.729276	[RX->enabled]
1341674478.737375	[TX->enabled]
1341674479.048463	[RX->enabled]
1341674480.145089	[TX->enabled]
1341674480.456041	[RX->enabled]
1341674481.552694	[TX->enabled]
1341674481.863512	[RX->enabled]
1341674482.393707	[connectionclose->timeout]
1341674482.497832	[TX->enabled]
1341674483.048403	[RX->enabled]
1341674492.110593	[wrq_request->text2k.txt]
1341674492.210845	[TX->enabled]
1341674492.521581	[RX->enabled]
1341674493.616535	[TX->enabled]
1341674493.965333	[RX->enabled]
1341674495.025284	[TX->enabled]
1341674495.336188	[RX->enabled]
1341674496.433064	[TX->enabled]
1341674496.841817	[RX->enabled]
1341674497.840270	[TX->enabled]
1341674498.151153	[RX->enabled]
1341674499.249233	[TX->enabled]
1341674499.560034	[RX->enabled]
1341674500.656747	[TX->enabled]
1341674500.967791	[RX->enabled]
1341674502.064603	[TX->enabled]
1341674502.402964	[RX->enabled]
1341674503.473336	[TX->enabled]
1341674503.784252	[RX->enabled]
1341674504.881219	[TX->enabled]
1341674505.192269	[RX->enabled]
1341674506.288801	[TX->enabled]
1341674506.599866	[RX->enabled]
1341674507.697286	[TX->enabled]
1341674508.008227	[RX->enabled]
1341674509.105081	[TX->enabled]
1341674509.415968	[RX->enabled]
1341674510.515789	[TX->enabled]
1341674510.826861	[RX->enabled]
1341674511.924219	[TX->enabled]
1341674512.274946	[RX->enabled]
1341674512.766519	[connectionclose->timeout]
1341674512.866669	[TX->enabled]
1341674513.423542	[RX->enabled]
1341675951.497013	[wrq_request->text127.txt]
1341675951.597354	[TX->enabled]
1341675951.966701	[RX->enabled]
1341675952.832613	[connectionclose->timeout]
1341675952.932739	[TX->enabled]
1341675953.458459	[RX->enabled]
1341675956.158150	[connection_cancel->override]
1341675956.158355	[wrq_request->text127.txt]
1341675956.258633	[TX->enabled]
1341675956.599083	[RX->enabled]
1341675957.496164	[connectionclose->timeout]
1341675957.596284	[TX->enabled]
1341675958.124111	[RX->enabled]
1341675973.054818	[wrq_request->text127.txt]
1341675973.155145	[TX->enabled]
1341675973.489209	[RX->enabled]
1341675974.392611	[connectionclose->timeout]
1341675974.492739	[TX->enabled]
1341675974.968649	[RX->enabled]
1341675977.937095	[connection_cancel->override]
1341675977.937365	[wrq_request->text127.txt]
1341675978.037656	[TX->enabled]
1341675978.407041	[RX->enabled]
1341675979.272137	[connectionclose->timeout]
1341675979.372269	[TX->enabled]
1341675979.922863	[RX->enabled]
1341675984.926552	[wrq_request->text127.txt]
1341675985.026881	[TX->enabled]
1341675985.338191	[RX->enabled]
1341675986.264460	[connectionclose->timeout]
1341675986.364632	[TX->enabled]
1341675986.879853	[RX->enabled]
1341675997.965610	[wrq_request->text127.txt]
1341675998.065879	[TX->enabled]
1341675998.466520	[RX->enabled]
1341675999.300418	[connectionclose->timeout]
1341675999.400542	[TX->enabled]
1341675999.994929	[RX->enabled]
1341676008.338934	[wrq_request->text2k.txt]
1341676008.439255	[TX->enabled]
1341676008.769418	[RX->enabled]
1341676009.847815	[TX->enabled]
1341676010.248506	[RX->enabled]
1341676011.255347	[TX->enabled]
1341676011.568803	[RX->enabled]
1341676012.662922	[TX->enabled]
1341676012.997100	[RX->enabled]
1341676014.071577	[TX->enabled]
1341676014.399448	[RX->enabled]
1341676015.479277	[TX->enabled]
1341676015.809268	[RX->enabled]
1341676016.886948	[TX->enabled]
1341676017.206629	[RX->enabled]
1341676018.295286	[TX->enabled]
1341676018.683608	[RX->enabled]
1341676019.702977	[TX->enabled]
1341676020.034902	[RX->enabled]
1341676021.111791	[TX->enabled]
1341676021.501971	[RX->enabled]
1341676022.519246	[TX->enabled]
1341676022.897188	[RX->enabled]
1341676023.927605	[TX->enabled]
1341676024.251584	[RX->enabled]
1341676025.335481	[TX->enabled]
1341676025.650921	[RX->enabled]
1341676026.743255	[TX->enabled]
1341676027.152432	[RX->enabled]
1341676028.151693	[TX->enabled]
1341676028.514802	[RX->enabled]
1341676028.992720	[connectionclose->timeout]
1341676029.092848	[TX->enabled]
1341676029.637048	[RX->enabled]
1341676032.221429	[connection_cancel->override]
1341676032.221733	[wrq_request->text2k.txt]
1341676032.322056	[TX->enabled]
1341676032.658199	[RX->enabled]
1341676033.727289	[TX->enabled]
1341676034.038614	[RX->enabled]
1341676035.134899	[TX->enabled]
1341676035.446057	[RX->enabled]
1341676036.543572	[TX->enabled]
1341676036.856971	[RX->enabled]
1341676037.951204	[TX->enabled]
1341676038.262292	[RX->enabled]
1341676039.358907	[TX->enabled]
1341676039.751333	[RX->enabled]
1341676040.767543	[TX->enabled]
1341676041.078725	[RX->enabled]
1341676042.175244	[TX->enabled]
1341676042.503122	[RX->enabled]
1341676043.583770	[TX->enabled]
1341676043.894998	[RX->enabled]
1341676044.991625	[TX->enabled]
1341676045.321601	[RX->enabled]
1341676046.399200	[TX->enabled]
1341676046.710412	[RX->enabled]
1341676047.807873	[TX->enabled]
1341676048.212739	[RX->enabled]
1341676049.215602	[TX->enabled]
1341676049.547816	[RX->enabled]
1341676050.623242	[TX->enabled]
1341676050.953310	[RX->enabled]
1341676052.031939	[TX->enabled]
1341676052.366170	[RX->enabled]
1341676052.872957	[connectionclose->timeout]
1341676052.973084	[TX->enabled]
1341676053.519375	[RX->enabled]
1341676055.582027	[connection_cancel->override]
1341676055.582305	[wrq_request->text2k.txt]
1341676055.682593	[TX->enabled]
1341676056.076916	[RX->enabled]
1341676057.087946	[TX->enabled]
1341676057.494730	[RX->enabled]
1341676058.495485	[TX->enabled]
1341676058.825647	[RX->enabled]
1341676059.910346	[TX->enabled]
1341676060.300582	[RX->enabled]
1341676061.315898	[TX->enabled]
1341676061.658358	[RX->enabled]
1341676062.723493	[TX->enabled]
1341676063.051451	[RX->enabled]
1341676064.131051	[TX->enabled]
1341676064.452815	[RX->enabled]
1341676065.539715	[TX->enabled]
1341676065.873938	[RX->enabled]
1341676066.947113	[TX->enabled]
1341676067.354262	[RX->enabled]
1341676068.355887	[TX->enabled]
1341676068.692203	[RX->enabled]
1341676069.763426	[TX->enabled]
1341676070.074498	[RX->enabled]
1341676071.171169	[TX->enabled]
1341676071.484760	[RX->enabled]
1341676072.579824	[TX->enabled]
1341676072.891010	[RX->enabled]
1341676073.987338	[TX->enabled]
1341676074.333894	[RX->enabled]
1341676075.395123	[TX->enabled]
1341676075.708578	[RX->enabled]
1341676076.237321	[connectionclose->timeout]
1341676076.337448	[TX->enabled]
1341676076.852597	[RX->enabled]
1341676080.145393	[connection_cancel->override]
1341676080.145667	[wrq_request->text2k.txt]
1341676080.245952	[TX->enabled]
1341676080.640320	[RX->enabled]
1341676117.177309	[wrq_request->text2k.txt]
1341676117.277563	[TX->enabled]
1341676117.688520	[RX->enabled]
1341676118.684063	[TX->enabled]
1341676119.016093	[RX->enabled]
1341676120.091568	[TX->enabled]
1341676120.402721	[RX->enabled]
1341676121.499331	[TX->enabled]
1341676121.816988	[RX->enabled]
1341676122.909225	[TX->enabled]
1341676123.254047	[RX->enabled]
1341676124.315655	[TX->enabled]
1341676124.626821	[RX->enabled]
1341676125.724332	[TX->enabled]
1341676126.040011	[RX->enabled]
1341676127.132053	[TX->enabled]
1341676127.466161	[RX->enabled]
1341676128.539538	[TX->enabled]
1341676128.861366	[RX->enabled]
1341676129.947903	[TX->enabled]
1341676130.352989	[RX->enabled]
1341676131.355757	[TX->enabled]
1341676131.708726	[RX->enabled]
1341676132.763502	[TX->enabled]
1341676133.074668	[RX->enabled]
1341676134.172119	[TX->enabled]
1341676134.558072	[RX->enabled]
1341676135.579639	[TX->enabled]
1341676135.974216	[RX->enabled]
1341676136.988359	[TX->enabled]
1341676137.299531	[RX->enabled]
1341676137.829263	[connectionclose->timeout]
1341676137.929392	[TX->enabled]
1341676138.411546	[RX->enabled]
1341676143.066516	[wrq_request->text2k.txt]
1341676143.166834	[TX->enabled]
1341676143.499047	[RX->enabled]
1341676144.572132	[TX->enabled]
1341676144.906242	[RX->enabled]
1341676145.979812	[TX->enabled]
1341676146.311775	[RX->enabled]
1341676147.388381	[TX->enabled]
1341676147.728987	[RX->enabled]
1341676148.796127	[TX->enabled]
1341676149.115705	[RX->enabled]
1341676150.203735	[TX->enabled]
1341676150.554609	[RX->enabled]
1341676151.612394	[TX->enabled]
1341676152.000663	[RX->enabled]
1341676153.019995	[TX->enabled]
1341676153.331209	[RX->enabled]
1341676154.427836	[TX->enabled]
1341676154.805536	[RX->enabled]
1341676155.836295	[TX->enabled]
1341676156.245224	[RX->enabled]
1341676157.243863	[TX->enabled]
1341676157.653007	[RX->enabled]
1341676158.652377	[TX->enabled]
1341676159.057068	[RX->enabled]
1341676160.060039	[TX->enabled]
1341676160.370910	[RX->enabled]
1341676161.467656	[TX->enabled]
1341676161.778914	[RX->enabled]
1341676162.876256	[TX->enabled]
1341676163.208296	[RX->enabled]
1341676163.717392	[connectionclose->timeout]
1341676163.817482	[TX->enabled]
1341676164.367879	[RX->enabled]
1341676166.405652	[connection_cancel->override]
1341676166.405896	[wrq_request->text2k.txt]
1341676166.506147	[TX->enabled]
1341676166.817161	[RX->enabled]
1341676167.912433	[TX->enabled]
1341676168.223592	[RX->enabled]
1341676169.320102	[TX->enabled]
1341676169.631429	[RX->enabled]
1341676170.727852	[TX->enabled]
1341676171.059796	[RX->enabled]
1341676172.136635	[TX->enabled]
1341676172.454320	[RX->enabled]
1341676173.544317	[TX->enabled]
1341676173.919815	[RX->enabled]
1341676174.951986	[TX->enabled]
1341676175.290283	[RX->enabled]
1341676176.360601	[TX->enabled]
1341676176.704919	[RX->enabled]
1341676177.768263	[TX->enabled]
1341676178.079519	[RX->enabled]
1341676179.175796	[TX->enabled]
1341676179.510111	[RX->enabled]
1341676180.584497	[TX->enabled]
1341676180.995773	[RX->enabled]
1341676181.991984	[TX->enabled]
1341676182.303220	[RX->enabled]
1341676183.399781	[TX->enabled]
1341676183.731746	[RX->enabled]
1341676184.808437	[TX->enabled]
1341676185.181978	[RX->enabled]
1341676186.216092	[TX->enabled]
1341676186.562649	[RX->enabled]
1341676187.057184	[connectionclose->timeout]
1341676187.157319	[TX->enabled]
1341676187.689097	[RX->enabled]
1341676736.523952	[wrq_request->text127.txt]
1341676736.624250	[TX->enabled]
1341676736.935417	[RX->enabled]
1341676737.861054	[connectionclose->timeout]
1341676737.961195	[TX->enabled]
1341676738.501438	[RX->enabled]
1341676745.445771	[wrq_request->text127.txt]
1341676745.546105	[TX->enabled]
1341676745.874072	[RX->enabled]
1341676746.780594	[connectionclose->timeout]
1341676746.880725	[TX->enabled]
1341676747.452229	[RX->enabled]
1341676749.821265	[connection_cancel->override]
1341676749.821341	[wrq_request->text127.txt]
1341676749.921502	[TX->enabled]
1341676750.303491	[RX->enabled]
1341676786.794669	[wrq_request->text127.txt]
1341676786.894955	[TX->enabled]
1341676787.237351	[RX->enabled]
1341676788.133268	[connectionclose->timeout]
1341676788.233395	[TX->enabled]
1341676788.771451	[RX->enabled]
1341676793.675136	[wrq_request->text127.txt]
1341676793.775468	[TX->enabled]
1341676794.086815	[RX->enabled]
1341676795.012849	[connectionclose->timeout]
1341676795.113021	[TX->enabled]
1341676795.615680	[RX->enabled]
1341676800.979228	[wrq_request->text127.txt]
1341676801.079556	[TX->enabled]
1341676801.390822	[RX->enabled]
1341676802.317082	[connectionclose->timeout]
1341676802.417209	[TX->enabled]
1341676802.924132	[RX->enabled]
1341676808.829664	[wrq_request->text127.txt]
1341676808.929836	[TX->enabled]
1341676809.266078	[RX->enabled]
1341676810.165802	[connectionclose->timeout]
1341676810.265948	[TX->enabled]
1341676810.831191	[RX->enabled]
1341676814.067856	[connection_cancel->override]
1341676814.068125	[wrq_request->text127.txt]
1341676814.168407	[TX->enabled]
1341676814.483767	[RX->enabled]
1341676857.006970	[wrq_request->text127.txt]
1341676857.107266	[TX->enabled]
1341676857.439282	[RX->enabled]
1341676868.725040	[connectionclose->timeout]
1341676868.825131	[TX->enabled]
1341676869.359164	[RX->enabled]
1341676885.011024	[wrq_request->text127.txt]
1341676885.111355	[TX->enabled]
1341676885.451726	[RX->enabled]
1341676890.474078	[connectionclose->timeout]
1341676890.574214	[TX->enabled]
1341676891.093791	[RX->enabled]
1341676893.878565	[connection_cancel->override]
1341676893.878873	[wrq_request->text127.txt]
1341676893.979133	[TX->enabled]
1341676894.315292	[RX->enabled]
1341676895.213606	[connectionclose->timeout]
1341676895.313736	[TX->enabled]
1341676895.853773	[RX->enabled]
1341676903.186925	[wrq_request->text2k.txt]
1341676903.287256	[TX->enabled]
1341676903.613096	[RX->enabled]
1341676904.692794	[TX->enabled]
1341676905.078827	[RX->enabled]
1341676906.100346	[TX->enabled]
1341676906.411509	[RX->enabled]
1341676907.508926	[TX->enabled]
1341676907.845016	[RX->enabled]
1341676908.916438	[TX->enabled]
1341676909.294140	[RX->enabled]
1341676910.325124	[TX->enabled]
1341676910.671706	[RX->enabled]
1341676911.732711	[TX->enabled]
1341676912.043964	[RX->enabled]
1341676913.140393	[TX->enabled]
1341676913.486900	[RX->enabled]
1341676914.549149	[TX->enabled]
1341676914.922736	[RX->enabled]
1341676915.956674	[TX->enabled]
1341676916.361724	[RX->enabled]
1341676917.364365	[TX->enabled]
1341676917.675677	[RX->enabled]
1341676918.772128	[TX->enabled]
1341676919.083431	[RX->enabled]
1341676920.176770	[TX->enabled]
1341676920.527590	[RX->enabled]
1341676921.584599	[TX->enabled]
1341676921.920705	[RX->enabled]
1341676925.121351	[TX->enabled]
1341676925.505260	[RX->enabled]
1341676925.962266	[connectionclose->timeout]
1341676926.062417	[TX->enabled]
1341676926.604712	[RX->enabled]
1341676929.163793	[connection_cancel->override]
1341676929.164001	[wrq_request->text2k.txt]
1341676929.264226	[TX->enabled]
1341676929.616935	[RX->enabled]
1341676930.668711	[TX->enabled]
1341676931.048625	[RX->enabled]
1341676932.076240	[TX->enabled]
1341676932.453980	[RX->enabled]
1341676933.484866	[TX->enabled]
1341676933.833488	[RX->enabled]
1341676934.892659	[TX->enabled]
1341676935.208348	[RX->enabled]
1341676936.301270	[TX->enabled]
1341676936.629255	[RX->enabled]
1341676937.709059	[TX->enabled]
1341676938.078347	[RX->enabled]
1341676939.116620	[TX->enabled]
1341676939.427779	[RX->enabled]
1341676940.524376	[TX->enabled]
1341676940.852093	[RX->enabled]
1341676941.933049	[TX->enabled]
1341676942.244184	[RX->enabled]
1341676943.340530	[TX->enabled]
1341676943.724666	[RX->enabled]
1341676944.749342	[TX->enabled]
1341676945.066637	[RX->enabled]
1341676946.157155	[TX->enabled]
1341676946.468364	[RX->enabled]
1341676947.564657	[TX->enabled]
1341676947.942605	[RX->enabled]
1341676948.972439	[TX->enabled]
1341676949.300293	[RX->enabled]
1341676949.814357	[connectionclose->timeout]
1341676949.914491	[TX->enabled]
1341676950.504746	[RX->enabled]
1341676954.658749	[connection_cancel->override]
1341676954.659027	[wrq_request->text2k.txt]
1341676954.759297	[TX->enabled]
1341676955.127573	[RX->enabled]
1341676987.674746	[wrq_request->text2k.txt]
1341676987.775011	[TX->enabled]
1341676988.085960	[RX->enabled]
1341676989.181553	[TX->enabled]
1341676989.538470	[RX->enabled]
1341676990.589126	[TX->enabled]
1341676990.964830	[RX->enabled]
1341676991.996665	[TX->enabled]
1341676992.328846	[RX->enabled]
1341676993.405331	[TX->enabled]
1341676993.737243	[RX->enabled]
1341676994.813090	[TX->enabled]
1341676995.209514	[RX->enabled]
1341676996.221684	[TX->enabled]
1341676996.601429	[RX->enabled]
1341676997.629310	[TX->enabled]
1341676997.998653	[RX->enabled]
1341676999.037131	[TX->enabled]
1341676999.363085	[RX->enabled]
1341677000.445816	[TX->enabled]
1341677000.793333	[RX->enabled]
1341677001.853579	[TX->enabled]
1341677002.233474	[RX->enabled]
1341677003.261099	[TX->enabled]
1341677003.601630	[RX->enabled]
1341677004.668814	[TX->enabled]
1341677005.077737	[RX->enabled]
1341677006.073513	[TX->enabled]
1341677006.482362	[RX->enabled]
1341677007.480923	[TX->enabled]
1341677007.812828	[RX->enabled]
1341677008.323138	[connectionclose->timeout]
1341677008.423277	[TX->enabled]
1341677008.917740	[RX->enabled]
1341677016.959106	[wrq_request->text2k.txt]
1341677017.059451	[TX->enabled]
1341677017.385407	[RX->enabled]
1341677018.465094	[TX->enabled]
1341677018.840638	[RX->enabled]
1341677019.873561	[TX->enabled]
1341677020.257510	[RX->enabled]
1341677021.281150	[TX->enabled]
1341677021.608913	[RX->enabled]
1341677022.689773	[TX->enabled]
1341677023.303386	[RX->enabled]
1341677024.325123	[TX->enabled]
1341677024.667463	[RX->enabled]
1341677025.732938	[TX->enabled]
1341677026.093839	[RX->enabled]
1341677027.137511	[TX->enabled]
1341677027.469605	[RX->enabled]
1341677028.545127	[TX->enabled]
1341677028.885611	[RX->enabled]
1341677029.952934	[TX->enabled]
1341677030.287346	[RX->enabled]
1341677031.361489	[TX->enabled]
1341677031.714339	[RX->enabled]
1341677032.769021	[TX->enabled]
1341677033.111613	[RX->enabled]
1341677034.177847	[TX->enabled]
1341677034.507717	[RX->enabled]
1341677035.585429	[TX->enabled]
1341677035.919445	[RX->enabled]
1341677040.121289	[TX->enabled]
1341677040.496960	[RX->enabled]
1341677040.958245	[connectionclose->timeout]
1341677041.058400	[TX->enabled]
1341677041.582095	[RX->enabled]
1341677046.643886	[wrq_request->text2k.txt]
1341677046.744211	[TX->enabled]
1341677047.055202	[RX->enabled]
1341677048.149730	[TX->enabled]
1341677048.540085	[RX->enabled]
1341677049.557341	[TX->enabled]
1341677049.912473	[RX->enabled]
1341677050.965185	[TX->enabled]
1341677051.357638	[RX->enabled]
1341677052.373702	[TX->enabled]
1341677052.768135	[RX->enabled]
1341677053.781264	[TX->enabled]
1341677054.092278	[RX->enabled]
1341677055.189120	[TX->enabled]
1341677055.519010	[RX->enabled]
1341677056.597718	[TX->enabled]
1341677056.964894	[RX->enabled]
1341677058.005461	[TX->enabled]
1341677058.339530	[RX->enabled]
1341677059.413183	[TX->enabled]
1341677059.755662	[RX->enabled]
1341677060.821753	[TX->enabled]
1341677061.151510	[RX->enabled]
1341677062.229537	[TX->enabled]
1341677062.638484	[RX->enabled]
1341677063.637137	[TX->enabled]
1341677063.948183	[RX->enabled]
1341677065.045802	[TX->enabled]
1341677065.356942	[RX->enabled]
1341677066.453505	[TX->enabled]
1341677066.810331	[RX->enabled]
1341677067.294476	[connectionclose->timeout]
1341677067.394612	[TX->enabled]
1341677067.895191	[RX->enabled]
1341677075.515631	[wrq_request->text2k.txt]
1341677075.615905	[TX->enabled]
1341677075.972745	[RX->enabled]
1341677077.021547	[TX->enabled]
1341677077.386742	[RX->enabled]
1341677078.430001	[TX->enabled]
1341677078.768386	[RX->enabled]
1341677079.837658	[TX->enabled]
1341677080.192622	[RX->enabled]
1341677081.245399	[TX->enabled]
1341677081.643854	[RX->enabled]
1341677082.653783	[TX->enabled]
1341677082.994236	[RX->enabled]
1341677084.061395	[TX->enabled]
1341677084.405954	[RX->enabled]
1341677085.469244	[TX->enabled]
1341677085.863518	[RX->enabled]
1341677086.877755	[TX->enabled]
1341677087.259787	[RX->enabled]
1341677088.285460	[TX->enabled]
1341677088.696376	[RX->enabled]
1341677089.694071	[TX->enabled]
1341677090.042701	[RX->enabled]
1341677091.101677	[TX->enabled]
1341677091.492008	[RX->enabled]
1341677092.509446	[TX->enabled]
1341677092.883012	[RX->enabled]
1341677093.917980	[TX->enabled]
1341677094.270740	[RX->enabled]
1341677095.325723	[TX->enabled]
1341677095.734675	[RX->enabled]
1341677096.166566	[connectionclose->timeout]
1341677096.266673	[TX->enabled]
1341677096.773823	[RX->enabled]
1341677599.595402	[wrq_request->text127.txt]
1341677599.695709	[TX->enabled]
1341677600.050775	[RX->enabled]
1341677623.701990	[connectionclose->timeout]
1341677623.802096	[TX->enabled]
1341677624.323828	[RX->enabled]
1341677645.981318	[wrq_request->text127.txt]
1341677646.081629	[TX->enabled]
1341677646.415964	[RX->enabled]
1341677705.756206	[connection_cancel->override]
1341677705.756478	[wrq_request->text127.txt]
1341677705.856720	[TX->enabled]
1341677706.226182	[RX->enabled]
1341677747.471873	[connection_cancel->override]
1341677747.472250	[wrq_request->text127.txt]
1341677747.572535	[TX->enabled]
1341677747.908795	[RX->enabled]
1341677748.810532	[connectionclose->timeout]
1341677748.910651	[TX->enabled]
1341677749.465442	[RX->enabled]
1341677754.439308	[wrq_request->text127.txt]
1341677754.539609	[TX->enabled]
1341677754.850981	[RX->enabled]
1341677755.778166	[connectionclose->timeout]
1341677755.878303	[TX->enabled]
1341677756.356311	[RX->enabled]
1341677760.467595	[connection_cancel->override]
1341677760.467810	[wrq_request->text127.txt]
1341677760.568137	[TX->enabled]
1341677760.778259	[RX->enabled]
1341677765.597058	[wrq_request->text127.txt]
1341677765.697327	[TX->enabled]
1341677766.087530	[RX->enabled]
1341677766.934830	[connectionclose->timeout]
1341677767.034961	[TX->enabled]
1341677767.502378	[RX->enabled]
1341677771.062713	[connectionclose->timeout]
1341677771.162872	[TX->enabled]
1341677771.740853	[RX->enabled]
1341677778.187292	[wrq_request->text127.txt]
1341677778.287623	[TX->enabled]
1341677778.598941	[RX->enabled]
1341677779.522028	[connectionclose->timeout]
1341677779.622150	[TX->enabled]
1341677780.099788	[RX->enabled]
1341677790.519967	[wrq_request->text127.txt]
1341677790.620263	[TX->enabled]
1341677790.962633	[RX->enabled]
1341677791.858668	[connectionclose->timeout]
1341677791.958790	[TX->enabled]
1341677792.523831	[RX->enabled]
1341677798.336491	[wrq_request->text127.txt]
1341677798.436818	[TX->enabled]
1341677798.831365	[RX->enabled]
1341677799.674086	[connectionclose->timeout]
1341677799.774209	[TX->enabled]
1341677800.349690	[RX->enabled]
1341677873.203895	[wrq_request->text127.txt]
1341677873.304208	[TX->enabled]
1341677873.615369	[RX->enabled]
1341677874.542864	[connectionclose->timeout]
1341677874.642992	[TX->enabled]
1341677875.125116	[RX->enabled]
1341677878.012283	[connection_cancel->override]
1341677878.012531	[wrq_request->text127.txt]
1341677878.112791	[TX->enabled]
1341677878.484248	[RX->enabled]
1341677879.351155	[connectionclose->timeout]
1341677879.451282	[TX->enabled]
1341677880.025039	[RX->enabled]
1341677883.612031	[connection_cancel->override]
1341677883.612156	[wrq_request->text127.txt]
1341677883.712405	[TX->enabled]
1341677884.054844	[RX->enabled]
1341677920.708100	[wrq_request->text127.txt]
1341677920.808365	[TX->enabled]
1341677921.196573	[RX->enabled]
1341677922.047060	[connectionclose->timeout]
1341677922.147201	[TX->enabled]
1341677922.629384	[RX->enabled]
1341677926.644450	[connection_cancel->override]
1341677926.644555	[wrq_request->text127.txt]
1341677926.744766	[TX->enabled]
1341677927.047160	[RX->enabled]
1341677970.027069	[wrq_request->text127.txt]
1341677970.127372	[TX->enabled]
1341677970.459530	[RX->enabled]
1341677971.363882	[connectionclose->timeout]
1341677971.464009	[TX->enabled]
1341677972.010714	[RX->enabled]
1341677981.076945	[wrq_request->text127.txt]
1341677981.177252	[TX->enabled]
1341677981.488047	[RX->enabled]
1341677982.414633	[connectionclose->timeout]
1341677982.514764	[TX->enabled]
1341677982.978175	[RX->enabled]
1341677985.543787	[connectionclose->timeout]
1341677985.643931	[TX->enabled]
1341677986.173893	[RX->enabled]
1341677998.137087	[wrq_request->text127.txt]
1341677998.237377	[TX->enabled]
1341677998.606806	[RX->enabled]
1341677999.474883	[connectionclose->timeout]
1341677999.575019	[TX->enabled]
1341678000.117311	[RX->enabled]
1341678007.398321	[wrq_request->text127.txt]
1341678007.498630	[TX->enabled]
1341678007.830724	[RX->enabled]
1341678008.736085	[connectionclose->timeout]
1341678008.836172	[TX->enabled]
1341678009.378471	[RX->enabled]
1341678018.680720	[wrq_request->text2k.txt]
1341678018.781070	[TX->enabled]
1341678019.091909	[RX->enabled]
1341678020.189556	[TX->enabled]
1341678020.554910	[RX->enabled]
1341678021.597177	[TX->enabled]
1341678021.937550	[RX->enabled]
1341678023.005946	[TX->enabled]
1341678023.360756	[RX->enabled]
1341678024.414455	[TX->enabled]
1341678024.762864	[RX->enabled]
1341678025.821196	[TX->enabled]
1341678026.182252	[RX->enabled]
1341678027.225753	[TX->enabled]
1341678027.562023	[RX->enabled]
1341678028.633529	[TX->enabled]
1341678028.988369	[RX->enabled]
1341678030.042179	[TX->enabled]
1341678030.363843	[RX->enabled]
1341678031.449690	[TX->enabled]
1341678031.823066	[RX->enabled]
1341678032.857299	[TX->enabled]
1341678033.197595	[RX->enabled]
1341678034.265993	[TX->enabled]
1341678034.616595	[RX->enabled]
1341678035.673519	[TX->enabled]
1341678036.007702	[RX->enabled]
1341678037.081292	[TX->enabled]
1341678037.405169	[RX->enabled]
1341678038.489986	[TX->enabled]
1341678038.849003	[RX->enabled]
1341678039.330779	[connectionclose->timeout]
1341678039.430901	[TX->enabled]
1341678039.993868	[RX->enabled]
1341678046.793816	[wrq_request->text2k.txt]
1341678046.894145	[TX->enabled]
1341678047.282305	[RX->enabled]
1341678048.301545	[TX->enabled]
1341678048.693797	[RX->enabled]
1341678049.707093	[TX->enabled]
1341678050.018416	[RX->enabled]
1341678051.113820	[TX->enabled]
1341678051.493670	[RX->enabled]
1341678052.518420	[TX->enabled]
1341678052.898187	[RX->enabled]
1341678053.926106	[TX->enabled]
1341678054.258082	[RX->enabled]
1341678055.333841	[TX->enabled]
1341678055.724157	[RX->enabled]
1341678056.741355	[TX->enabled]
1341678057.110624	[RX->enabled]
1341678058.150985	[TX->enabled]
1341678058.461921	[RX->enabled]
1341678059.557820	[TX->enabled]
1341678059.954334	[RX->enabled]
1341678060.966446	[TX->enabled]
1341678061.327501	[RX->enabled]
1341678062.373852	[TX->enabled]
1341678062.747485	[RX->enabled]
1341678063.781531	[TX->enabled]
1341678064.092586	[RX->enabled]
1341678065.190135	[TX->enabled]
1341678065.574222	[RX->enabled]
1341678066.597676	[TX->enabled]
1341678066.938003	[RX->enabled]
1341678067.439022	[connectionclose->timeout]
1341678067.539150	[TX->enabled]
1341678068.133584	[RX->enabled]
1341678074.260665	[wrq_request->text2k.txt]
1341678074.361014	[TX->enabled]
1341678074.769849	[RX->enabled]
1341678075.766075	[TX->enabled]
1341678076.077150	[RX->enabled]
1341678077.173803	[TX->enabled]
1341678077.485115	[RX->enabled]
1341678078.582649	[TX->enabled]
1341678078.927156	[RX->enabled]
1341678079.990208	[TX->enabled]
1341678080.357470	[RX->enabled]
1341678081.398798	[TX->enabled]
1341678081.714427	[RX->enabled]
1341678082.806415	[TX->enabled]
1341678083.117555	[RX->enabled]
1341678084.214079	[TX->enabled]
1341678084.554493	[RX->enabled]
1341678085.621904	[TX->enabled]
1341678086.028919	[RX->enabled]
1341678087.031487	[TX->enabled]
1341678087.367708	[RX->enabled]
1341678088.438143	[TX->enabled]
1341678088.780278	[RX->enabled]
1341678089.845699	[TX->enabled]
1341678090.156922	[RX->enabled]
1341678091.254408	[TX->enabled]
1341678091.611400	[RX->enabled]
1341678092.662075	[TX->enabled]
1341678092.996054	[RX->enabled]
1341678094.069688	[TX->enabled]
1341678094.441305	[RX->enabled]
1341678094.911604	[connectionclose->timeout]
1341678095.011728	[TX->enabled]
1341678095.583334	[RX->enabled]
1341678102.593583	[wrq_request->text2k.txt]
1341678102.693887	[TX->enabled]
1341678103.005065	[RX->enabled]
1341678104.102312	[TX->enabled]
1341678104.413420	[RX->enabled]
1341678105.510018	[TX->enabled]
1341678105.848179	[RX->enabled]
1341678106.918559	[TX->enabled]
1341678107.273707	[RX->enabled]
1341678108.326274	[TX->enabled]
1341678108.662451	[RX->enabled]
1341678109.733948	[TX->enabled]
1341678110.080537	[RX->enabled]
1341678111.142697	[TX->enabled]
1341678111.453883	[RX->enabled]
1341678112.550428	[TX->enabled]
1341678112.919776	[RX->enabled]
1341678113.957851	[TX->enabled]
1341678114.271029	[RX->enabled]
1341678115.365689	[TX->enabled]
1341678115.676834	[RX->enabled]
1341678116.774326	[TX->enabled]
1341678117.085373	[RX->enabled]
1341678118.183082	[TX->enabled]
1341678118.502740	[RX->enabled]
1341678119.590820	[TX->enabled]
1341678119.929122	[RX->enabled]
1341678120.998389	[TX->enabled]
1341678121.388665	[RX->enabled]
1341678122.406012	[TX->enabled]
1341678122.739976	[RX->enabled]
1341678123.248062	[connectionclose->timeout]
1341678123.348198	[TX->enabled]
1341678123.911397	[RX->enabled]
1341678134.298469	[wrq_request->text2k.txt]
1341678134.398639	[TX->enabled]
1341678134.714309	[RX->enabled]
1341678135.806593	[TX->enabled]
1341678136.163643	[RX->enabled]
1341678137.214157	[TX->enabled]
1341678137.550381	[RX->enabled]
1341678138.621903	[TX->enabled]
1341678138.932937	[RX->enabled]
1341678140.030516	[TX->enabled]
1341678140.364479	[RX->enabled]
1341678141.438210	[TX->enabled]
1341678141.815889	[RX->enabled]
1341678142.846843	[TX->enabled]
1341678143.158203	[RX->enabled]
1341678144.254375	[TX->enabled]
1341678144.586337	[RX->enabled]
1341678145.662003	[TX->enabled]
1341678146.021041	[RX->enabled]
1341678147.070694	[TX->enabled]
1341678147.381881	[RX->enabled]
1341678148.478450	[TX->enabled]
1341678148.851902	[RX->enabled]
1341678149.886000	[TX->enabled]
1341678150.226416	[RX->enabled]
1341678151.294769	[TX->enabled]
1341678151.630915	[RX->enabled]
1341678152.702323	[TX->enabled]
1341678153.034403	[RX->enabled]
1341678154.110136	[TX->enabled]
1341678154.442148	[RX->enabled]
1341678154.951303	[connectionclose->timeout]
1341678155.051434	[TX->enabled]
1341678155.541981	[RX->enabled]
1341678161.817656	[wrq_request->text2k.txt]
1341678161.917828	[TX->enabled]
1341678162.299806	[RX->enabled]
1341678163.323671	[TX->enabled]
1341678163.715975	[RX->enabled]
1341678168.859382	[TX->enabled]
1341678169.187425	[RX->enabled]
1341678170.266186	[TX->enabled]
1341678170.619157	[RX->enabled]
1341678171.674763	[TX->enabled]
1341678171.998610	[RX->enabled]
1341678173.082531	[TX->enabled]
1341678173.395948	[RX->enabled]
1341678174.490129	[TX->enabled]
1341678174.822082	[RX->enabled]
1341678175.898865	[TX->enabled]
1341678176.239314	[RX->enabled]
1341678177.306668	[TX->enabled]
1341678177.632611	[RX->enabled]
1341678178.714202	[TX->enabled]
1341678179.048431	[RX->enabled]
1341678180.122973	[TX->enabled]
1341678180.436417	[RX->enabled]
1341678181.530549	[TX->enabled]
1341678181.860607	[RX->enabled]
1341678182.938127	[TX->enabled]
1341678183.263714	[RX->enabled]
1341678184.342971	[TX->enabled]
1341678184.654123	[RX->enabled]
1341678185.750673	[TX->enabled]
1341678186.091051	[RX->enabled]
1341678186.591628	[connectionclose->timeout]
1341678186.691770	[TX->enabled]
1341678187.236210	[RX->enabled]
1341678196.342550	[wrq_request->text2k.txt]
1341678196.442871	[TX->enabled]
1341678196.770793	[RX->enabled]
1341678197.850424	[TX->enabled]
1341678198.240536	[RX->enabled]
1341678199.259026	[TX->enabled]
1341678199.599418	[RX->enabled]
1341678200.666573	[TX->enabled]
1341678201.046321	[RX->enabled]
1341678202.074240	[TX->enabled]
1341678202.414709	[RX->enabled]
1341678203.482696	[TX->enabled]
1341678203.793984	[RX->enabled]
1341678204.890658	[TX->enabled]
1341678205.231086	[RX->enabled]
1341678206.298178	[TX->enabled]
1341678206.657138	[RX->enabled]
1341678207.706800	[TX->enabled]
1341678208.018126	[RX->enabled]
1341678209.114513	[TX->enabled]
1341678209.467238	[RX->enabled]
1341678210.522995	[TX->enabled]
1341678210.834329	[RX->enabled]
1341678211.930812	[TX->enabled]
1341678212.329530	[RX->enabled]
1341678213.338513	[TX->enabled]
1341678213.672626	[RX->enabled]
1341678214.747094	[TX->enabled]
1341678215.057963	[RX->enabled]
1341678216.154837	[TX->enabled]
1341678216.478654	[RX->enabled]
1341678216.995996	[connectionclose->timeout]
1341678217.096129	[TX->enabled]
1341678217.682177	[RX->enabled]
1341678885.613190	[wrq_request->text127.txt]
1341678885.713466	[TX->enabled]
1341678886.105663	[RX->enabled]
1341678886.950046	[connectionclose->timeout]
1341678887.050175	[TX->enabled]
1341678887.546690	[RX->enabled]
1341678894.840352	[wrq_request->text127.txt]
1341678894.940531	[TX->enabled]
1341678895.251757	[RX->enabled]
1341678896.178464	[connectionclose->timeout]
1341678896.278613	[TX->enabled]
1341678896.750413	[RX->enabled]
1341678899.837567	[connectionclose->timeout]
1341678899.937698	[TX->enabled]
1341678900.411535	[RX->enabled]
1341678903.895906	[connection_cancel->override]
1341678903.896134	[wrq_request->text127.txt]
1341678903.996396	[TX->enabled]
1341678904.326502	[RX->enabled]
1341678950.896152	[wrq_request->text127.txt]
1341678950.996281	[TX->enabled]
1341678951.328501	[RX->enabled]
1341678952.229889	[connectionclose->timeout]
1341678952.329992	[TX->enabled]
1341678952.816216	[RX->enabled]
1341678958.780819	[wrq_request->text127.txt]
1341678958.881116	[TX->enabled]
1341678959.279837	[RX->enabled]
1341678960.118816	[connectionclose->timeout]
1341678960.218959	[TX->enabled]
1341678960.809151	[RX->enabled]
1341678964.144467	[connection_cancel->override]
1341678964.144742	[wrq_request->text127.txt]
1341678964.245093	[TX->enabled]
1341678964.652023	[RX->enabled]
1341678999.268324	[wrq_request->text127.txt]
1341678999.368685	[TX->enabled]
1341678999.775559	[RX->enabled]
1341679000.606971	[connectionclose->timeout]
1341679000.707093	[TX->enabled]
1341679001.187048	[RX->enabled]
1341679020.488640	[wrq_request->text127.txt]
1341679020.589027	[TX->enabled]
1341679020.973176	[RX->enabled]
1341679021.826144	[connectionclose->timeout]
1341679021.926255	[TX->enabled]
1341679022.404287	[RX->enabled]
1341679033.501432	[wrq_request->text127.txt]
1341679033.601732	[TX->enabled]
1341679034.012927	[RX->enabled]
1341679034.838805	[connectionclose->timeout]
1341679034.938877	[TX->enabled]
1341679035.462704	[RX->enabled]
1341679047.681065	[wrq_request->text127.txt]
1341679047.781351	[TX->enabled]
1341679048.092464	[RX->enabled]
1341679049.018900	[connectionclose->timeout]
1341679049.119019	[TX->enabled]
1341679049.601172	[RX->enabled]
1341679060.533272	[wrq_request->text127.txt]
1341679060.633645	[TX->enabled]
1341679061.023990	[RX->enabled]
1341679061.870847	[connectionclose->timeout]
1341679061.970971	[TX->enabled]
1341679062.521383	[RX->enabled]
1341679073.592934	[wrq_request->text127.txt]
1341679073.693284	[TX->enabled]
1341679074.094161	[RX->enabled]
1341679074.931725	[connectionclose->timeout]
1341679075.031866	[TX->enabled]
1341679075.501301	[RX->enabled]
1341679077.154431	[connectionclose->timeout]
1341679077.254551	[TX->enabled]
1341679077.738650	[RX->enabled]
1341679094.530647	[wrq_request->text127.txt]
1341679094.630935	[TX->enabled]
1341679094.973289	[RX->enabled]
1341679095.867338	[connectionclose->timeout]
1341679095.967465	[TX->enabled]
1341679096.453510	[RX->enabled]
1341679107.972080	[wrq_request->text127.txt]
1341679108.072408	[TX->enabled]
1341679108.406478	[RX->enabled]
1341679109.306742	[connectionclose->timeout]
1341679109.406872	[TX->enabled]
1341679109.870197	[RX->enabled]
1341679113.435777	[connectionclose->timeout]
1341679113.535924	[TX->enabled]
1341679114.101319	[RX->enabled]
1341679153.565497	[wrq_request->text2k.txt]
1341679153.665771	[TX->enabled]
1341679154.062129	[RX->enabled]
1341679155.069922	[TX->enabled]
1341679155.404150	[RX->enabled]
1341679156.478802	[TX->enabled]
1341679156.817032	[RX->enabled]
1341679157.886370	[TX->enabled]
1341679158.251998	[RX->enabled]
1341679159.293798	[TX->enabled]
1341679159.653090	[RX->enabled]
1341679160.702634	[TX->enabled]
1341679161.034751	[RX->enabled]
1341679162.110239	[TX->enabled]
1341679162.492354	[RX->enabled]
1341679163.518865	[TX->enabled]
1341679163.830026	[RX->enabled]
1341679164.926483	[TX->enabled]
1341679165.312438	[RX->enabled]
1341679166.334233	[TX->enabled]
1341679166.728789	[RX->enabled]
1341679167.742849	[TX->enabled]
1341679168.070783	[RX->enabled]
1341679169.150419	[TX->enabled]
1341679169.509389	[RX->enabled]
1341679170.558071	[TX->enabled]
1341679170.896254	[RX->enabled]
1341679171.966663	[TX->enabled]
1341679172.277845	[RX->enabled]
1341679173.374392	[TX->enabled]
1341679173.722924	[RX->enabled]
1341679174.215346	[connectionclose->timeout]
1341679174.315457	[TX->enabled]
1341679174.905742	[RX->enabled]
1341679192.730003	[wrq_request->text2k.txt]
1341679192.830386	[TX->enabled]
1341679193.218497	[RX->enabled]
1341679194.238736	[TX->enabled]
1341679194.572887	[RX->enabled]
1341679195.646283	[TX->enabled]
1341679196.023974	[RX->enabled]
1341679197.054898	[TX->enabled]
1341679197.399454	[RX->enabled]
1341679198.462514	[TX->enabled]
1341679198.809059	[RX->enabled]
1341679199.870021	[TX->enabled]
1341679200.181264	[RX->enabled]
1341679201.278857	[TX->enabled]
1341679201.633683	[RX->enabled]
1341679202.686498	[TX->enabled]
1341679203.097443	[RX->enabled]
1341679204.094979	[TX->enabled]
1341679204.481125	[RX->enabled]
1341679205.502504	[TX->enabled]
1341679205.840800	[RX->enabled]
1341679206.910237	[TX->enabled]
1341679207.298640	[RX->enabled]
1341679208.318933	[TX->enabled]
1341679208.648917	[RX->enabled]
1341679209.726545	[TX->enabled]
1341679210.139768	[RX->enabled]
1341679211.134936	[TX->enabled]
1341679211.514982	[RX->enabled]
1341679212.542648	[TX->enabled]
1341679212.853835	[RX->enabled]
1341679213.383707	[connectionclose->timeout]
1341679213.483868	[TX->enabled]
1341679213.961685	[RX->enabled]
1341679226.145748	[wrq_request->text2k.txt]
1341679226.246070	[TX->enabled]
1341679226.636382	[RX->enabled]
1341679227.651508	[TX->enabled]
1341679227.987613	[RX->enabled]
1341679229.058952	[TX->enabled]
1341679229.445124	[RX->enabled]
1341679230.466602	[TX->enabled]
1341679230.852708	[RX->enabled]
1341679231.874284	[TX->enabled]
1341679232.212391	[RX->enabled]
1341679233.282863	[TX->enabled]
1341679233.594049	[RX->enabled]
1341679234.690660	[TX->enabled]
1341679235.068592	[RX->enabled]
1341679236.099118	[TX->enabled]
1341679236.508292	[RX->enabled]
1341679237.506731	[TX->enabled]
1341679237.817992	[RX->enabled]
1341679238.914243	[TX->enabled]
1341679239.225547	[RX->enabled]
1341679240.319073	[TX->enabled]
1341679240.630754	[RX->enabled]
1341679241.726704	[TX->enabled]
1341679242.052575	[RX->enabled]
1341679243.134444	[TX->enabled]
1341679243.445481	[RX->enabled]
1341679244.543052	[TX->enabled]
1341679244.854228	[RX->enabled]
1341679249.079789	[TX->enabled]
1341679249.403711	[RX->enabled]
1341679249.919892	[connectionclose->timeout]
1341679250.020015	[TX->enabled]
1341679250.541428	[RX->enabled]
1341679263.597965	[wrq_request->text2k.txt]
1341679263.698266	[TX->enabled]
1341679264.009626	[RX->enabled]
1341679265.106839	[TX->enabled]
1341679265.437017	[RX->enabled]
1341679266.515388	[TX->enabled]
1341679266.826575	[RX->enabled]
1341679267.923038	[TX->enabled]
1341679268.325927	[RX->enabled]
1341679269.330733	[TX->enabled]
1341679269.681497	[RX->enabled]
1341679270.739380	[TX->enabled]
1341679271.071325	[RX->enabled]
1341679272.146998	[TX->enabled]
1341679272.470826	[RX->enabled]
1341679273.554557	[TX->enabled]
1341679273.951318	[RX->enabled]
1341679274.963128	[TX->enabled]
1341679275.274275	[RX->enabled]
1341679276.370708	[TX->enabled]
1341679276.681886	[RX->enabled]
1341679277.779451	[TX->enabled]
1341679278.090280	[RX->enabled]
1341679279.186973	[TX->enabled]
1341679279.498114	[RX->enabled]
1341679280.594823	[TX->enabled]
1341679280.974601	[RX->enabled]
1341679282.003434	[TX->enabled]
1341679282.345916	[RX->enabled]
1341679283.410855	[TX->enabled]
1341679283.722126	[RX->enabled]
1341679284.252029	[connectionclose->timeout]
1341679284.352158	[TX->enabled]
1341679284.819889	[RX->enabled]
1341679287.636645	[connectionclose->timeout]
1341679287.736805	[TX->enabled]
1341679288.247937	[RX->enabled]
1341679289.509002	[connectionclose->timeout]
1341679289.609161	[TX->enabled]
1341679290.093273	[RX->enabled]
1341679303.293941	[wrq_request->text2k.txt]
1341679303.394206	[TX->enabled]
1341679303.730389	[RX->enabled]
1341679304.798942	[TX->enabled]
1341679305.110104	[RX->enabled]
1341679306.207611	[TX->enabled]
1341679306.518712	[RX->enabled]
1341679307.615171	[TX->enabled]
1341679308.011845	[RX->enabled]
1341679309.022906	[TX->enabled]
1341679309.348942	[RX->enabled]
1341679310.431520	[TX->enabled]
1341679310.771986	[RX->enabled]
1341679311.839051	[TX->enabled]
1341679312.150277	[RX->enabled]
1341679313.246841	[TX->enabled]
1341679313.557873	[RX->enabled]
1341679314.655532	[TX->enabled]
1341679314.987807	[RX->enabled]
1341679316.063018	[TX->enabled]
1341679316.399303	[RX->enabled]
1341679317.471565	[TX->enabled]
1341679317.782717	[RX->enabled]
1341679318.879285	[TX->enabled]
1341679319.246786	[RX->enabled]
1341679320.286888	[TX->enabled]
1341679320.614766	[RX->enabled]
1341679321.695658	[TX->enabled]
1341679322.050361	[RX->enabled]
1341679323.103362	[TX->enabled]
1341679323.435620	[RX->enabled]
1341679323.944296	[connectionclose->timeout]
1341679324.044403	[TX->enabled]
1341679324.520336	[RX->enabled]
1341679335.979055	[wrq_request->text2k.txt]
1341679336.079360	[TX->enabled]
1341679336.419672	[RX->enabled]
1341679337.487842	[TX->enabled]
1341679337.842855	[RX->enabled]
1341679338.895384	[TX->enabled]
1341679339.231527	[RX->enabled]
1341679340.303047	[TX->enabled]
1341679340.685128	[RX->enabled]
1341679341.711618	[TX->enabled]
1341679342.058270	[RX->enabled]
1341679343.119346	[TX->enabled]
1341679343.451368	[RX->enabled]
1341679344.526994	[TX->enabled]
1341679344.848929	[RX->enabled]
1341679345.935505	[TX->enabled]
1341679346.251033	[RX->enabled]
1341679347.343260	[TX->enabled]
1341679347.654401	[RX->enabled]
1341679348.751109	[TX->enabled]
1341679349.062192	[RX->enabled]
1341679350.159764	[TX->enabled]
1341679350.470855	[RX->enabled]
1341679351.567492	[TX->enabled]
1341679351.889232	[RX->enabled]
1341679352.975081	[TX->enabled]
1341679353.296887	[RX->enabled]
1341679354.383842	[TX->enabled]
1341679354.717860	[RX->enabled]
1341679355.791415	[TX->enabled]
1341679356.102736	[RX->enabled]
1341679356.632531	[connectionclose->timeout]
1341679356.732657	[TX->enabled]
1341679357.197999	[RX->enabled]
1341679359.812297	[connectionclose->timeout]
1341679359.912436	[TX->enabled]
1341679360.469583	[RX->enabled]
1341679371.746133	[wrq_request->text2k.txt]
1341679371.846430	[TX->enabled]
1341679372.249262	[RX->enabled]
1341679373.251956	[TX->enabled]
1341679373.563091	[RX->enabled]
1341679374.659519	[TX->enabled]
1341679375.033313	[RX->enabled]
1341679376.067144	[TX->enabled]
1341679376.378327	[RX->enabled]
1341679377.475814	[TX->enabled]
1341679377.855476	[RX->enabled]
1341679378.883392	[TX->enabled]
1341679379.198837	[RX->enabled]
1341679380.291133	[TX->enabled]
1341679380.602431	[RX->enabled]
1341679381.699886	[TX->enabled]
1341679382.019567	[RX->enabled]
1341679383.107474	[TX->enabled]
1341679383.418699	[RX->enabled]
1341679384.515236	[TX->enabled]
1341679384.834935	[RX->enabled]
1341679385.923807	[TX->enabled]
1341679386.322364	[RX->enabled]
1341679387.331429	[TX->enabled]
1341679387.659329	[RX->enabled]
1341679388.740063	[TX->enabled]
1341679389.051243	[RX->enabled]
1341679390.147804	[TX->enabled]
1341679390.482175	[RX->enabled]
1341679391.555422	[TX->enabled]
1341679391.866630	[RX->enabled]
1341679392.397360	[connectionclose->timeout]
1341679392.497495	[TX->enabled]
1341679393.060546	[RX->enabled]
1341679408.042655	[wrq_request->text2k.txt]
1341679408.142980	[TX->enabled]
1341679408.506134	[RX->enabled]
1341679409.548343	[TX->enabled]
1341679409.863927	[RX->enabled]
1341679410.955943	[TX->enabled]
1341679411.304360	[RX->enabled]
1341679412.363498	[TX->enabled]
1341679412.674681	[RX->enabled]
1341679413.772089	[TX->enabled]
1341679414.172942	[RX->enabled]
1341679415.179771	[TX->enabled]
1341679415.507626	[RX->enabled]
1341679416.588371	[TX->enabled]
1341679416.922593	[RX->enabled]
1341679417.995899	[TX->enabled]
1341679418.336047	[RX->enabled]
1341679419.403709	[TX->enabled]
1341679419.737972	[RX->enabled]
1341679420.812215	[TX->enabled]
1341679421.206682	[RX->enabled]
1341679422.219796	[TX->enabled]
1341679422.576826	[RX->enabled]
1341679423.628275	[TX->enabled]
1341679423.939494	[RX->enabled]
1341679425.035926	[TX->enabled]
1341679425.367925	[RX->enabled]
1341679426.443565	[TX->enabled]
1341679426.754851	[RX->enabled]
1341679427.852073	[TX->enabled]
1341679428.162988	[RX->enabled]
1341679428.693108	[connectionclose->timeout]
1341679428.793262	[TX->enabled]
1341679429.304354	[RX->enabled]
1341681218.049016	[wrq_request->text127.txt]
1341681218.149307	[TX->enabled]
1341681218.547942	[RX->enabled]
1341681219.382826	[connectionclose->timeout]
1341681219.482959	[TX->enabled]
1341681220.052538	[RX->enabled]
1341681231.365731	[wrq_request->text127.txt]
1341681231.466151	[TX->enabled]
1341681231.835671	[RX->enabled]
1341681232.703306	[connectionclose->timeout]
1341681232.803429	[TX->enabled]
1341681233.333366	[RX->enabled]
1341681243.716270	[wrq_request->text127.txt]
1341681243.816642	[TX->enabled]
1341681244.156852	[RX->enabled]
1341681245.051019	[connectionclose->timeout]
1341681245.151158	[TX->enabled]
1341681245.712203	[RX->enabled]
1341681256.223982	[wrq_request->text127.txt]
1341681256.324199	[TX->enabled]
1341681256.674785	[RX->enabled]
1341681257.558970	[connectionclose->timeout]
1341681257.659090	[TX->enabled]
1341681258.153459	[RX->enabled]
1341681270.334211	[wrq_request->text127.txt]
1341681270.434594	[TX->enabled]
1341681270.830891	[RX->enabled]
1341681271.670988	[connectionclose->timeout]
1341681271.771139	[TX->enabled]
1341681272.342728	[RX->enabled]
1341681283.276194	[wrq_request->text127.txt]
1341681283.376603	[TX->enabled]
1341681283.758665	[RX->enabled]
1341681284.611835	[connectionclose->timeout]
1341681284.711974	[TX->enabled]
1341681285.283757	[RX->enabled]
1341681295.809110	[wrq_request->text127.txt]
1341681295.909469	[TX->enabled]
1341681296.295540	[RX->enabled]
1341681297.148039	[connectionclose->timeout]
1341681297.248192	[TX->enabled]
1341681297.834383	[RX->enabled]
1341681308.877820	[wrq_request->text127.txt]
1341681308.978147	[TX->enabled]
1341681309.385231	[RX->enabled]
1341681310.215698	[connectionclose->timeout]
1341681310.315829	[TX->enabled]
1341681310.781345	[RX->enabled]
1341681313.343534	[connectionclose->timeout]
1341681313.443706	[TX->enabled]
1341681314.036036	[RX->enabled]
1341681324.936936	[wrq_request->text127.txt]
1341681325.037277	[TX->enabled]
1341681325.441947	[RX->enabled]
1341681326.271411	[connectionclose->timeout]
1341681326.371550	[TX->enabled]
1341681326.834781	[RX->enabled]
1341681354.084265	[wrq_request->text127.txt]
1341681354.184600	[TX->enabled]
1341681354.498063	[RX->enabled]
1341681355.420249	[connectionclose->timeout]
1341681355.520377	[TX->enabled]
1341681356.095760	[RX->enabled]
1341681374.992576	[wrq_request->text127.txt]
1341681375.092918	[TX->enabled]
1341681375.501789	[RX->enabled]
1341681376.327395	[connectionclose->timeout]
1341681376.427526	[TX->enabled]
1341681377.017920	[RX->enabled]
1341681389.306324	[wrq_request->text127.txt]
1341681389.406654	[TX->enabled]
1341681389.717929	[RX->enabled]
1341681390.644153	[connectionclose->timeout]
1341681390.744288	[TX->enabled]
1341681391.267900	[RX->enabled]
1341681404.557177	[wrq_request->text127.txt]
1341681404.657506	[TX->enabled]
1341681405.060122	[RX->enabled]
1341681405.895885	[connectionclose->timeout]
1341681405.996009	[TX->enabled]
1341681406.507189	[RX->enabled]
1341681418.573825	[wrq_request->text127.txt]
1341681418.674126	[TX->enabled]
1341681419.049760	[RX->enabled]
1341681419.911670	[connectionclose->timeout]
1341681420.011792	[TX->enabled]
1341681420.475088	[RX->enabled]
1341681423.155339	[connectionclose->timeout]
1341681423.255512	[TX->enabled]
1341681423.774952	[RX->enabled]
1341681458.721010	[wrq_request->text127.txt]
1341681458.821341	[TX->enabled]
1341681459.209435	[RX->enabled]
1341681460.059812	[connectionclose->timeout]
1341681460.159935	[TX->enabled]
1341681460.752076	[RX->enabled]
1341681472.934583	[wrq_request->text127.txt]
1341681473.034873	[TX->enabled]
1341681473.387729	[RX->enabled]
1341681474.272413	[connectionclose->timeout]
1341681474.372543	[TX->enabled]
1341681474.850415	[RX->enabled]
1341681487.189383	[wrq_request->text127.txt]
1341681487.289710	[TX->enabled]
1341681487.679996	[RX->enabled]
1341681488.524000	[connectionclose->timeout]
1341681488.624129	[TX->enabled]
1341681489.170723	[RX->enabled]
1341681505.822763	[wrq_request->text2k.txt]
1341681505.923054	[TX->enabled]
1341681506.261380	[RX->enabled]
1341681507.331588	[TX->enabled]
1341681507.663409	[RX->enabled]
1341681508.739183	[TX->enabled]
1341681509.087857	[RX->enabled]
1341681510.146559	[TX->enabled]
1341681510.457824	[RX->enabled]
1341681511.555285	[TX->enabled]
1341681511.943456	[RX->enabled]
1341681512.962857	[TX->enabled]
1341681513.276310	[RX->enabled]
1341681514.371646	[TX->enabled]
1341681514.699618	[RX->enabled]
1341681515.779242	[TX->enabled]
1341681516.090310	[RX->enabled]
1341681517.188017	[TX->enabled]
1341681517.595121	[RX->enabled]
1341681518.595557	[TX->enabled]
1341681518.906889	[RX->enabled]
1341681520.003300	[TX->enabled]
1341681520.335199	[RX->enabled]
1341681521.410957	[TX->enabled]
1341681521.743050	[RX->enabled]
1341681522.819540	[TX->enabled]
1341681523.176267	[RX->enabled]
1341681524.227077	[TX->enabled]
1341681524.538204	[RX->enabled]
1341681525.635751	[TX->enabled]
1341681525.951234	[RX->enabled]
1341681526.476899	[connectionclose->timeout]
1341681526.577041	[TX->enabled]
1341681527.129862	[RX->enabled]
1341681539.357632	[wrq_request->text2k.txt]
1341681539.457963	[TX->enabled]
1341681539.789913	[RX->enabled]
1341681540.863463	[TX->enabled]
1341681541.212059	[RX->enabled]
1341681542.272103	[TX->enabled]
1341681542.595806	[RX->enabled]
1341681543.679684	[TX->enabled]
1341681543.997373	[RX->enabled]
1341681545.087287	[TX->enabled]
1341681545.419407	[RX->enabled]
1341681546.495916	[TX->enabled]
1341681546.807070	[RX->enabled]
1341681547.909385	[TX->enabled]
1341681548.270495	[RX->enabled]
1341681549.315096	[TX->enabled]
1341681549.626314	[RX->enabled]
1341681550.723918	[TX->enabled]
1341681551.064246	[RX->enabled]
1341681552.131450	[TX->enabled]
1341681552.442690	[RX->enabled]
1341681553.538907	[TX->enabled]
1341681553.946051	[RX->enabled]
1341681554.947480	[TX->enabled]
1341681555.337555	[RX->enabled]
1341681556.355279	[TX->enabled]
1341681556.743471	[RX->enabled]
1341681557.763986	[TX->enabled]
1341681558.127063	[RX->enabled]
1341681559.171555	[TX->enabled]
1341681559.532743	[RX->enabled]
1341681560.012637	[connectionclose->timeout]
1341681560.112762	[TX->enabled]
1341681560.628002	[RX->enabled]
1341681572.150298	[wrq_request->text2k.txt]
1341681572.250566	[TX->enabled]
1341681572.561555	[RX->enabled]
1341681573.659921	[TX->enabled]
1341681573.978849	[RX->enabled]
1341681575.067542	[TX->enabled]
1341681575.401694	[RX->enabled]
1341681576.476218	[TX->enabled]
1341681576.833384	[RX->enabled]
1341681577.883829	[TX->enabled]
1341681578.205609	[RX->enabled]
1341681579.291545	[TX->enabled]
1341681579.605154	[RX->enabled]
1341681580.699150	[TX->enabled]
1341681581.010372	[RX->enabled]
1341681582.107780	[TX->enabled]
1341681582.444027	[RX->enabled]
1341681583.515581	[TX->enabled]
1341681583.851682	[RX->enabled]
1341681584.924066	[TX->enabled]
1341681585.264265	[RX->enabled]
1341681586.331767	[TX->enabled]
1341681586.665985	[RX->enabled]
1341681587.739359	[TX->enabled]
1341681588.069317	[RX->enabled]
1341681589.147970	[TX->enabled]
1341681589.556844	[RX->enabled]
1341681590.555468	[TX->enabled]
1341681590.887673	[RX->enabled]
1341681591.963950	[TX->enabled]
1341681592.327395	[RX->enabled]
1341681592.809624	[connectionclose->timeout]
1341681592.909777	[TX->enabled]
1341681593.389531	[RX->enabled]
1341681607.097804	[wrq_request->text2k.txt]
1341681607.198076	[TX->enabled]
1341681607.594561	[RX->enabled]
1341681608.603562	[TX->enabled]
1341681608.933602	[RX->enabled]
1341681610.012116	[TX->enabled]
1341681610.323397	[RX->enabled]
1341681611.419663	[TX->enabled]
1341681611.818148	[RX->enabled]
1341681612.828188	[TX->enabled]
1341681613.160058	[RX->enabled]
1341681614.235960	[TX->enabled]
1341681614.546917	[RX->enabled]
1341681615.643459	[TX->enabled]
1341681615.967240	[RX->enabled]
1341681617.052252	[TX->enabled]
1341681617.427995	[RX->enabled]
1341681618.459937	[TX->enabled]
1341681618.798331	[RX->enabled]
1341681619.868328	[TX->enabled]
1341681620.246329	[RX->enabled]
1341681621.276019	[TX->enabled]
1341681621.610228	[RX->enabled]
1341681622.683613	[TX->enabled]
1341681623.013650	[RX->enabled]
1341681624.092276	[TX->enabled]
1341681624.453388	[RX->enabled]
1341681625.499942	[TX->enabled]
1341681625.848697	[RX->enabled]
1341681626.909144	[TX->enabled]
1341681627.286934	[RX->enabled]
1341681627.749577	[connectionclose->timeout]
1341681627.849764	[TX->enabled]
1341681628.383775	[RX->enabled]
1341681640.329802	[wrq_request->text2k.txt]
1341681640.430138	[TX->enabled]
1341681640.820402	[RX->enabled]
1341681641.836582	[TX->enabled]
1341681642.170861	[RX->enabled]
1341681643.244208	[TX->enabled]
1341681643.609573	[RX->enabled]
1341681644.651712	[TX->enabled]
1341681644.987645	[RX->enabled]
1341681646.060298	[TX->enabled]
1341681646.371663	[RX->enabled]
1341681647.468047	[TX->enabled]
1341681647.781528	[RX->enabled]
1341681648.875613	[TX->enabled]
1341681649.195283	[RX->enabled]
1341681650.284331	[TX->enabled]
1341681650.595629	[RX->enabled]
1341681651.691975	[TX->enabled]
1341681652.013722	[RX->enabled]
1341681653.099535	[TX->enabled]
1341681653.419255	[RX->enabled]
1341681654.508292	[TX->enabled]
1341681654.881819	[RX->enabled]
1341681655.915894	[TX->enabled]
1341681656.250000	[RX->enabled]
1341681657.324490	[TX->enabled]
1341681657.727205	[RX->enabled]
1341681658.732092	[TX->enabled]
1341681659.070267	[RX->enabled]
1341681660.139674	[TX->enabled]
1341681660.546772	[RX->enabled]
1341681660.981741	[connectionclose->timeout]
1341681661.081878	[TX->enabled]
1341681661.603449	[RX->enabled]
1341681675.826731	[wrq_request->text2k.txt]
1341681675.927021	[TX->enabled]
1341681676.258990	[RX->enabled]
1341681677.336680	[TX->enabled]
1341681677.674868	[RX->enabled]
1341681678.744116	[TX->enabled]
1341681679.055264	[RX->enabled]
1341681680.152000	[TX->enabled]
1341681680.535883	[RX->enabled]
1341681681.560493	[TX->enabled]
1341681681.871666	[RX->enabled]
1341681682.968090	[TX->enabled]
1341681683.285577	[RX->enabled]
1341681684.375748	[TX->enabled]
1341681684.686987	[RX->enabled]
1341681685.784562	[TX->enabled]
1341681686.095921	[RX->enabled]
1341681687.192148	[TX->enabled]
1341681687.534796	[RX->enabled]
1341681688.599796	[TX->enabled]
1341681688.910998	[RX->enabled]
1341681690.008385	[TX->enabled]
1341681690.319619	[RX->enabled]
1341681691.415950	[TX->enabled]
1341681691.825054	[RX->enabled]
1341681692.824617	[TX->enabled]
1341681693.166878	[RX->enabled]
1341681694.232259	[TX->enabled]
1341681694.618345	[RX->enabled]
1341681695.640693	[TX->enabled]
1341681696.051610	[RX->enabled]
1341681696.481756	[connectionclose->timeout]
1341681696.581893	[TX->enabled]
1341681697.115839	[RX->enabled]
1341681709.654478	[wrq_request->text2k.txt]
1341681709.754778	[TX->enabled]
1341681710.065613	[RX->enabled]
1341681711.160076	[TX->enabled]
1341681711.517103	[RX->enabled]
1341681712.568570	[TX->enabled]
1341681712.884066	[RX->enabled]
1341681713.976265	[TX->enabled]
1341681714.379210	[RX->enabled]
1341681715.384901	[TX->enabled]
1341681715.796019	[RX->enabled]
1341681716.792330	[TX->enabled]
1341681717.130794	[RX->enabled]
1341681718.200103	[TX->enabled]
1341681718.611292	[RX->enabled]
1341681719.608732	[TX->enabled]
1341681719.973892	[RX->enabled]
1341681721.016348	[TX->enabled]
1341681721.389900	[RX->enabled]
1341681722.423908	[TX->enabled]
1341681722.755811	[RX->enabled]
1341681723.832571	[TX->enabled]
1341681724.143738	[RX->enabled]
1341681725.240312	[TX->enabled]
1341681725.626495	[RX->enabled]
1341681726.648907	[TX->enabled]
1341681727.018364	[RX->enabled]
1341681728.056548	[TX->enabled]
1341681728.396903	[RX->enabled]
1341681729.464117	[TX->enabled]
1341681729.812966	[RX->enabled]
1341681730.306239	[connectionclose->timeout]
1341681730.406357	[TX->enabled]
1341681730.998568	[RX->enabled]
1341681743.994347	[wrq_request->text2k.txt]
1341681744.094637	[TX->enabled]
1341681744.435062	[RX->enabled]
1341681745.504052	[TX->enabled]
1341681745.883987	[RX->enabled]
1341681746.912546	[TX->enabled]
1341681747.238402	[RX->enabled]
1341681748.320298	[TX->enabled]
1341681748.710465	[RX->enabled]
1341681749.729092	[TX->enabled]
1341681750.138249	[RX->enabled]
1341681751.136577	[TX->enabled]
1341681751.472987	[RX->enabled]
1341681752.544278	[TX->enabled]
1341681752.926193	[RX->enabled]
1341681753.952618	[TX->enabled]
1341681754.297103	[RX->enabled]
1341681755.360583	[TX->enabled]
1341681755.672026	[RX->enabled]
1341681756.768179	[TX->enabled]
1341681757.079314	[RX->enabled]
1341681758.176897	[TX->enabled]
1341681758.515035	[RX->enabled]
1341681759.584450	[TX->enabled]
1341681759.902167	[RX->enabled]
1341681760.993245	[TX->enabled]
1341681761.404461	[RX->enabled]
1341681762.400754	[TX->enabled]
1341681762.805544	[RX->enabled]
1341681763.808272	[TX->enabled]
1341681764.171407	[RX->enabled]
1341681764.650295	[connectionclose->timeout]
1341681764.750417	[TX->enabled]
1341681765.255225	[RX->enabled]
1341681812.300057	[wrq_request->text2k.txt]
1341681812.400382	[TX->enabled]
1341681812.718005	[RX->enabled]
1341681813.808717	[TX->enabled]
1341681814.144772	[RX->enabled]
1341681815.217293	[TX->enabled]
1341681815.593133	[RX->enabled]
1341681816.625047	[TX->enabled]
1341681816.953137	[RX->enabled]
1341681818.032777	[TX->enabled]
1341681818.423113	[RX->enabled]
1341681819.441445	[TX->enabled]
1341681819.835681	[RX->enabled]
1341681820.848943	[TX->enabled]
1341681821.160071	[RX->enabled]
1341681822.256643	[TX->enabled]
1341681822.605091	[RX->enabled]
1341681823.661225	[TX->enabled]
1341681823.993352	[RX->enabled]
1341681825.069103	[TX->enabled]
1341681825.413812	[RX->enabled]
1341681826.476650	[TX->enabled]
1341681826.806700	[RX->enabled]
1341681827.885215	[TX->enabled]
1341681828.254682	[RX->enabled]
1341681829.292942	[TX->enabled]
1341681829.685416	[RX->enabled]
1341681830.700577	[TX->enabled]
1341681831.051289	[RX->enabled]
1341681832.109159	[TX->enabled]
1341681832.453556	[RX->enabled]
1341681832.950276	[connectionclose->timeout]
1341681833.050394	[TX->enabled]
1341681833.557351	[RX->enabled]
1341682231.953387	[wrq_request->text127.txt]
1341682232.053706	[TX->enabled]
1341682232.429290	[RX->enabled]
1341682233.290159	[connectionclose->timeout]
1341682233.390297	[TX->enabled]
1341682233.955517	[RX->enabled]
1341682370.263611	[wrq_request->text127.txt]
1341682370.363784	[TX->enabled]
1341682370.699987	[RX->enabled]
1341682371.602560	[connectionclose->timeout]
1341682371.702707	[TX->enabled]
1341682372.168218	[RX->enabled]
1341682375.730600	[connectionclose->timeout]
1341682375.830738	[TX->enabled]
1341682376.319028	[RX->enabled]
1341682387.995280	[wrq_request->text127.txt]
1341682388.095665	[TX->enabled]
1341682388.469406	[RX->enabled]
1341682391.458880	[connectionclose->timeout]
1341682391.559014	[TX->enabled]
1341682392.045154	[RX->enabled]
1341682404.503694	[wrq_request->text127.txt]
1341682404.604038	[TX->enabled]
1341682404.938130	[RX->enabled]
1341682405.842073	[connectionclose->timeout]
1341682405.942185	[TX->enabled]
1341682406.534529	[RX->enabled]
1341682422.480590	[wrq_request->text127.txt]
1341682422.580912	[TX->enabled]
1341682422.958606	[RX->enabled]
1341682423.818430	[connectionclose->timeout]
1341682423.918565	[TX->enabled]
1341682424.450509	[RX->enabled]
1341682436.487724	[wrq_request->text127.txt]
1341682436.588062	[TX->enabled]
1341682436.943034	[RX->enabled]
1341682437.823282	[connectionclose->timeout]
1341682437.923391	[TX->enabled]
1341682438.397034	[RX->enabled]
1341682441.950504	[connectionclose->timeout]
1341682442.050663	[TX->enabled]
1341682442.613785	[RX->enabled]
1341682454.640743	[wrq_request->text127.txt]
1341682454.741072	[TX->enabled]
1341682455.127114	[RX->enabled]
1341682455.979451	[connectionclose->timeout]
1341682456.079581	[TX->enabled]
1341682456.586420	[RX->enabled]
1341682468.582869	[wrq_request->text127.txt]
1341682468.683248	[TX->enabled]
1341682468.994260	[RX->enabled]
1341682469.918584	[connectionclose->timeout]
1341682470.018720	[TX->enabled]
1341682470.500935	[RX->enabled]
1341682482.547930	[wrq_request->text127.txt]
1341682482.648231	[TX->enabled]
1341682482.982463	[RX->enabled]
1341682483.887650	[connectionclose->timeout]
1341682483.987788	[TX->enabled]
1341682484.582305	[RX->enabled]
1341682496.435939	[wrq_request->text127.txt]
1341682496.536263	[TX->enabled]
1341682496.853725	[RX->enabled]
1341682497.771765	[connectionclose->timeout]
1341682497.871902	[TX->enabled]
1341682498.466091	[RX->enabled]
1341682514.581836	[wrq_request->text127.txt]
1341682514.682141	[TX->enabled]
1341682514.993313	[RX->enabled]
1341682515.919517	[connectionclose->timeout]
1341682516.019662	[TX->enabled]
1341682516.493277	[RX->enabled]
1341682518.047581	[connectionclose->timeout]
1341682518.147737	[TX->enabled]
1341682518.721440	[RX->enabled]
1341682530.639977	[wrq_request->text127.txt]
1341682530.740245	[TX->enabled]
1341682531.136989	[RX->enabled]
1341682531.975659	[connectionclose->timeout]
1341682532.075791	[TX->enabled]
1341682532.668117	[RX->enabled]
1341682545.785976	[wrq_request->text127.txt]
1341682545.886358	[TX->enabled]
1341682546.212322	[RX->enabled]
1341682547.123907	[connectionclose->timeout]
1341682547.224037	[TX->enabled]
1341682547.816322	[RX->enabled]
1341682564.645500	[wrq_request->text127.txt]
1341682564.745821	[TX->enabled]
1341682565.121571	[RX->enabled]
1341682565.983229	[connectionclose->timeout]
1341682566.083365	[TX->enabled]
1341682566.611106	[RX->enabled]
1341682578.044545	[wrq_request->text127.txt]
1341682578.144709	[TX->enabled]
1341682578.522339	[RX->enabled]
1341682579.379482	[connectionclose->timeout]
1341682579.479620	[TX->enabled]
1341682580.065779	[RX->enabled]
1341682770.294096	[wrq_request->text2k.txt]
1341682770.394384	[TX->enabled]
1341682770.730627	[RX->enabled]
1341682771.803809	[TX->enabled]
1341682772.200540	[RX->enabled]
1341682773.211365	[TX->enabled]
1341682773.530945	[RX->enabled]
1341682774.618951	[TX->enabled]
1341682774.930447	[RX->enabled]
1341682776.027488	[TX->enabled]
1341682776.338760	[RX->enabled]
1341682777.435354	[TX->enabled]
1341682777.767346	[RX->enabled]
1341682778.843961	[TX->enabled]
1341682779.159445	[RX->enabled]
1341682780.251589	[TX->enabled]
1341682780.569319	[RX->enabled]
1341682781.659198	[TX->enabled]
1341682781.970380	[RX->enabled]
1341682783.067941	[TX->enabled]
1341682783.410236	[RX->enabled]
1341682784.475570	[TX->enabled]
1341682784.786850	[RX->enabled]
1341682785.883424	[TX->enabled]
1341682786.238403	[RX->enabled]
1341682787.291877	[TX->enabled]
1341682787.634483	[RX->enabled]
1341682788.699549	[TX->enabled]
1341682789.031756	[RX->enabled]
1341682790.107255	[TX->enabled]
1341682790.418688	[RX->enabled]
1341682790.949277	[connectionclose->timeout]
1341682791.049389	[TX->enabled]
1341682791.558389	[RX->enabled]
1341682806.481843	[wrq_request->text2k.txt]
1341682806.582180	[TX->enabled]
1341682806.949469	[RX->enabled]
1341682807.991554	[TX->enabled]
1341682808.327994	[RX->enabled]
1341682809.399221	[TX->enabled]
1341682809.758184	[RX->enabled]
1341682810.807756	[TX->enabled]
1341682811.131560	[RX->enabled]
1341682812.215247	[TX->enabled]
1341682812.559864	[RX->enabled]
1341682813.623823	[TX->enabled]
1341682813.976844	[RX->enabled]
1341682815.031442	[TX->enabled]
1341682815.355266	[RX->enabled]
1341682816.439237	[TX->enabled]
1341682816.773195	[RX->enabled]
1341682817.847882	[TX->enabled]
1341682818.159131	[RX->enabled]
1341682819.255414	[TX->enabled]
1341682819.566515	[RX->enabled]
1341682820.663061	[TX->enabled]
1341682821.073243	[RX->enabled]
1341682822.071637	[TX->enabled]
1341682822.385110	[RX->enabled]
1341682823.479251	[TX->enabled]
1341682823.807145	[RX->enabled]
1341682824.887878	[TX->enabled]
1341682825.238468	[RX->enabled]
1341682826.295168	[TX->enabled]
1341682826.672813	[RX->enabled]
1341682827.137107	[connectionclose->timeout]
1341682827.237231	[TX->enabled]
1341682827.733918	[RX->enabled]
1341682842.226344	[wrq_request->text2k.txt]
1341682842.326636	[TX->enabled]
1341682842.663024	[RX->enabled]
1341682843.736094	[TX->enabled]
1341682844.047377	[RX->enabled]
1341682845.143265	[TX->enabled]
1341682845.531580	[RX->enabled]
1341682846.551983	[TX->enabled]
1341682846.883987	[RX->enabled]
1341682847.959663	[TX->enabled]
1341682848.364528	[RX->enabled]
1341682849.367853	[TX->enabled]
1341682849.689681	[RX->enabled]
1341682850.775825	[TX->enabled]
1341682851.086784	[RX->enabled]
1341682852.184149	[TX->enabled]
1341682852.495060	[RX->enabled]
1341682853.592098	[TX->enabled]
1341682853.984612	[RX->enabled]
1341682854.999541	[TX->enabled]
1341682855.310841	[RX->enabled]
1341682856.408271	[TX->enabled]
1341682856.732007	[RX->enabled]
1341682857.815877	[TX->enabled]
1341682858.164370	[RX->enabled]
1341682859.223616	[TX->enabled]
1341682859.555625	[RX->enabled]
1341682860.632295	[TX->enabled]
1341682860.956198	[RX->enabled]
1341682862.040025	[TX->enabled]
1341682862.363879	[RX->enabled]
1341682862.880976	[connectionclose->timeout]
1341682862.981096	[TX->enabled]
1341682863.448700	[RX->enabled]
1341682865.040849	[connectionclose->timeout]
1341682865.141056	[TX->enabled]
1341682865.670922	[RX->enabled]
1341682877.055482	[wrq_request->text2k.txt]
1341682877.155801	[TX->enabled]
1341682877.496146	[RX->enabled]
1341682878.564141	[TX->enabled]
1341682878.948230	[RX->enabled]
1341682879.971680	[TX->enabled]
1341682880.315059	[RX->enabled]
1341682881.380375	[TX->enabled]
1341682881.714607	[RX->enabled]
1341682882.935596	[TX->enabled]
1341682883.336024	[RX->enabled]
1341682884.344065	[TX->enabled]
1341682884.655296	[RX->enabled]
1341682885.751950	[TX->enabled]
1341682886.063204	[RX->enabled]
1341682887.159722	[TX->enabled]
1341682887.522869	[RX->enabled]
1341682888.568151	[TX->enabled]
1341682888.943899	[RX->enabled]
1341682889.975581	[TX->enabled]
1341682890.286863	[RX->enabled]
1341682891.384436	[TX->enabled]
1341682891.706134	[RX->enabled]
1341682892.795100	[TX->enabled]
1341682893.177225	[RX->enabled]
1341682894.203808	[TX->enabled]
1341682894.537992	[RX->enabled]
1341682895.612405	[TX->enabled]
1341682895.923582	[RX->enabled]
1341682897.019978	[TX->enabled]
1341682897.429037	[RX->enabled]
1341682897.860860	[connectionclose->timeout]
1341682897.961003	[TX->enabled]
1341682898.424308	[RX->enabled]
1341682900.988950	[connectionclose->timeout]
1341682901.089109	[TX->enabled]
1341682901.552642	[RX->enabled]
1341682903.385574	[connectionclose->timeout]
1341682903.485731	[TX->enabled]
1341682903.953226	[RX->enabled]
1341682907.245187	[connectionclose->timeout]
1341682907.345345	[TX->enabled]
1341682907.850218	[RX->enabled]
1341682919.455787	[wrq_request->text2k.txt]
1341682919.556077	[TX->enabled]
1341682919.896512	[RX->enabled]
1341682920.964579	[TX->enabled]
1341682921.369380	[RX->enabled]
1341682922.372102	[TX->enabled]
1341682922.741408	[RX->enabled]
1341682923.780576	[TX->enabled]
1341682924.181336	[RX->enabled]
1341682925.188089	[TX->enabled]
1341682925.516063	[RX->enabled]
1341682926.595961	[TX->enabled]
1341682926.923948	[RX->enabled]
1341682928.004514	[TX->enabled]
1341682928.318127	[RX->enabled]
1341682929.412098	[TX->enabled]
1341682929.752403	[RX->enabled]
1341682930.819643	[TX->enabled]
1341682931.166309	[RX->enabled]
1341682932.228400	[TX->enabled]
1341682932.539666	[RX->enabled]
1341682933.635944	[TX->enabled]
1341682933.966013	[RX->enabled]
1341682935.044654	[TX->enabled]
1341682935.405823	[RX->enabled]
1341682936.452157	[TX->enabled]
1341682936.788366	[RX->enabled]
1341682937.859840	[TX->enabled]
1341682938.171041	[RX->enabled]
1341682939.268592	[TX->enabled]
1341682939.606867	[RX->enabled]
1341682940.109586	[connectionclose->timeout]
1341682940.209719	[TX->enabled]
1341682940.731465	[RX->enabled]
1341682952.224213	[wrq_request->text2k.txt]
1341682952.324516	[TX->enabled]
1341682952.635719	[RX->enabled]
1341682953.731934	[TX->enabled]
1341682954.071052	[RX->enabled]
1341682955.140584	[TX->enabled]
1341682955.520332	[RX->enabled]
1341682956.548074	[TX->enabled]
1341682956.934078	[RX->enabled]
1341682957.956536	[TX->enabled]
1341682958.267850	[RX->enabled]
1341682959.364133	[TX->enabled]
1341682959.710838	[RX->enabled]
1341682960.771863	[TX->enabled]
1341682961.082655	[RX->enabled]
1341682962.180432	[TX->enabled]
1341682962.514665	[RX->enabled]
1341682963.587997	[TX->enabled]
1341682963.978258	[RX->enabled]
1341682964.996568	[TX->enabled]
1341682965.307845	[RX->enabled]
1341682966.404307	[TX->enabled]
1341682966.730378	[RX->enabled]
1341682967.811837	[TX->enabled]
1341682968.212519	[RX->enabled]
1341682969.220359	[TX->enabled]
1341682969.542112	[RX->enabled]
1341682970.628151	[TX->enabled]
1341682970.970458	[RX->enabled]
1341682972.036615	[TX->enabled]
1341682972.368746	[RX->enabled]
1341682972.877591	[connectionclose->timeout]
1341682972.977717	[TX->enabled]
1341682973.453576	[RX->enabled]
1341682990.117811	[wrq_request->text2k.txt]
1341682990.218240	[TX->enabled]
1341682990.546199	[RX->enabled]
1341682991.624559	[TX->enabled]
1341682991.989826	[RX->enabled]
1341682993.032108	[TX->enabled]
1341682993.422297	[RX->enabled]
1341682994.440638	[TX->enabled]
1341682994.772728	[RX->enabled]
1341682995.848315	[TX->enabled]
1341682996.172250	[RX->enabled]
1341682997.256922	[TX->enabled]
1341682997.609659	[RX->enabled]
1341682998.664573	[TX->enabled]
1341682998.977968	[RX->enabled]
1341683000.071967	[TX->enabled]
1341683000.387576	[RX->enabled]
1341683001.481056	[TX->enabled]
1341683001.833886	[RX->enabled]
1341683002.888504	[TX->enabled]
1341683003.231054	[RX->enabled]
1341683004.296211	[TX->enabled]
1341683004.607592	[RX->enabled]
1341683005.704760	[TX->enabled]
1341683006.078233	[RX->enabled]
1341683007.112355	[TX->enabled]
1341683007.444504	[RX->enabled]
1341683008.519997	[TX->enabled]
1341683008.881118	[RX->enabled]
1341683009.928389	[TX->enabled]
1341683010.239703	[RX->enabled]
1341683010.769698	[connectionclose->timeout]
1341683010.869909	[TX->enabled]
1341683011.335462	[RX->enabled]
1341683013.897696	[connectionclose->timeout]
1341683013.997846	[TX->enabled]
1341683014.517100	[RX->enabled]
1341683035.202949	[wrq_request->text2k.txt]
1341683035.303297	[TX->enabled]
1341683035.637440	[RX->enabled]
1341683036.712653	[TX->enabled]
1341683037.075879	[RX->enabled]
1341683038.120177	[TX->enabled]
1341683038.497878	[RX->enabled]
1341683039.528806	[TX->enabled]
1341683039.919126	[RX->enabled]
1341683040.936302	[TX->enabled]
1341683041.274719	[RX->enabled]
1341683042.345105	[TX->enabled]
1341683042.727075	[RX->enabled]
1341683043.752651	[TX->enabled]
1341683044.063589	[RX->enabled]
1341683045.161051	[TX->enabled]
1341683045.488992	[RX->enabled]
1341683046.568906	[TX->enabled]
1341683046.977904	[RX->enabled]
1341683047.976438	[TX->enabled]
1341683048.370947	[RX->enabled]
1341683049.385034	[TX->enabled]
1341683049.696186	[RX->enabled]
1341683050.792799	[TX->enabled]
1341683051.104314	[RX->enabled]
1341683052.200305	[TX->enabled]
1341683052.572153	[RX->enabled]
1341683053.609031	[TX->enabled]
1341683053.957782	[RX->enabled]
1341683055.016687	[TX->enabled]
1341683055.384240	[RX->enabled]
1341683055.857483	[connectionclose->timeout]
1341683055.957601	[TX->enabled]
1341683056.464498	[RX->enabled]
1341685452.662748	[exit->]
